This file contains any messages produced by compilers while
running configure, to aid debugging if configure makes a mistake.

It was created by savanc-src configure 1.0, which was
generated by GNU Autoconf 2.68.  Invocation command line was

  $ ./configure --disable-option-checking --prefix=/usr/local --with-axis2=/usr/include/axis2-1.6.0 --with-apache2=/usr/include/apache2 --with-apr=/usr/include/apr-1.0 --enable-libxml2 --disable-wsclient --cache-file=/dev/null --srcdir=.

## --------- ##
## Platform. ##
## --------- ##

hostname = denisnovikov
uname -m = x86_64
uname -r = 3.2.0-25-generic
uname -s = Linux
uname -v = #40-Ubuntu SMP Wed May 23 20:30:51 UTC 2012

/usr/bin/uname -p = unknown
/bin/uname -X     = unknown

/bin/arch              = unknown
/usr/bin/arch -k       = unknown
/usr/convex/getsysinfo = unknown
/usr/bin/hostinfo      = unknown
/bin/machine           = unknown
/usr/bin/oslevel       = unknown
/bin/universe          = unknown

PATH: /home/denis/bin
PATH: /usr/local/sbin
PATH: /usr/local/bin
PATH: /usr/sbin
PATH: /usr/bin
PATH: /sbin
PATH: /bin
PATH: /usr/games


## ----------- ##
## Core tests. ##
## ----------- ##

configure:2396: checking build system type
configure:2410: result: x86_64-unknown-linux-gnu
configure:2430: checking host system type
configure:2443: result: x86_64-unknown-linux-gnu
configure:2463: checking target system type
configure:2476: result: x86_64-unknown-linux-gnu
configure:2521: checking for a BSD-compatible install
configure:2589: result: /usr/bin/install -c
configure:2600: checking whether build environment is sane
configure:2650: result: yes
configure:2791: checking for a thread-safe mkdir -p
configure:2830: result: /bin/mkdir -p
configure:2843: checking for gawk
configure:2859: found /usr/bin/gawk
configure:2870: result: gawk
configure:2881: checking whether make sets $(MAKE)
configure:2903: result: yes
configure:2978: checking how to create a ustar tar archive
configure:2991: tar --version
tar (GNU tar) 1.26
Copyright (C) 2011 Free Software Foundation, Inc.
License GPLv3+: GNU GPL version 3 or later <http://gnu.org/licenses/gpl.html>.
This is free software: you are free to change and redistribute it.
There is NO WARRANTY, to the extent permitted by law.

Written by John Gilmore and Jay Fenlason.
configure:2994: $? = 0
configure:3034: tardir=conftest.dir && eval tar --format=ustar -chf - "$tardir" >conftest.tar
configure:3037: $? = 0
configure:3041: tar -xf - <conftest.tar
configure:3044: $? = 0
configure:3057: result: gnutar
configure:3114: checking for gcc
configure:3130: found /usr/bin/gcc
configure:3141: result: gcc
configure:3370: checking for C compiler version
configure:3379: gcc --version >&5
gcc (Ubuntu/Linaro 4.6.3-1ubuntu5) 4.6.3
Copyright (C) 2011 Free Software Foundation, Inc.
This is free software; see the source for copying conditions.  There is NO
warranty; not even for MERCHANTABILITY or FITNESS FOR A PARTICULAR PURPOSE.

configure:3390: $? = 0
configure:3379: gcc -v >&5
Using built-in specs.
COLLECT_GCC=gcc
COLLECT_LTO_WRAPPER=/usr/lib/gcc/x86_64-linux-gnu/4.6/lto-wrapper
Target: x86_64-linux-gnu
Configured with: ../src/configure -v --with-pkgversion='Ubuntu/Linaro 4.6.3-1ubuntu5' --with-bugurl=file:///usr/share/doc/gcc-4.6/README.Bugs --enable-languages=c,c++,fortran,objc,obj-c++ --prefix=/usr --program-suffix=-4.6 --enable-shared --enable-linker-build-id --with-system-zlib --libexecdir=/usr/lib --without-included-gettext --enable-threads=posix --with-gxx-include-dir=/usr/include/c++/4.6 --libdir=/usr/lib --enable-nls --with-sysroot=/ --enable-clocale=gnu --enable-libstdcxx-debug --enable-libstdcxx-time=yes --enable-gnu-unique-object --enable-plugin --enable-objc-gc --disable-werror --with-arch-32=i686 --with-tune=generic --enable-checking=release --build=x86_64-linux-gnu --host=x86_64-linux-gnu --target=x86_64-linux-gnu
Thread model: posix
gcc version 4.6.3 (Ubuntu/Linaro 4.6.3-1ubuntu5) 
configure:3390: $? = 0
configure:3379: gcc -V >&5
gcc: error: unrecognized option '-V'
gcc: fatal error: no input files
compilation terminated.
configure:3390: $? = 4
configure:3379: gcc -qversion >&5
gcc: error: unrecognized option '-qversion'
gcc: fatal error: no input files
compilation terminated.
configure:3390: $? = 4
configure:3410: checking whether the C compiler works
configure:3432: gcc    conftest.c  >&5
configure:3436: $? = 0
configure:3484: result: yes
configure:3487: checking for C compiler default output file name
configure:3489: result: a.out
configure:3495: checking for suffix of executables
configure:3502: gcc -o conftest    conftest.c  >&5
configure:3506: $? = 0
configure:3528: result: 
configure:3550: checking whether we are cross compiling
configure:3558: gcc -o conftest    conftest.c  >&5
configure:3562: $? = 0
configure:3569: ./conftest
configure:3573: $? = 0
configure:3588: result: no
configure:3593: checking for suffix of object files
configure:3615: gcc -c   conftest.c >&5
configure:3619: $? = 0
configure:3640: result: o
configure:3644: checking whether we are using the GNU C compiler
configure:3663: gcc -c   conftest.c >&5
configure:3663: $? = 0
configure:3672: result: yes
configure:3681: checking whether gcc accepts -g
configure:3701: gcc -c -g  conftest.c >&5
configure:3701: $? = 0
configure:3742: result: yes
configure:3759: checking for gcc option to accept ISO C89
configure:3823: gcc  -c -g -O2  conftest.c >&5
configure:3823: $? = 0
configure:3836: result: none needed
configure:3867: checking for style of include used by make
configure:3895: result: GNU
configure:3921: checking dependency style of gcc
configure:4032: result: gcc3
configure:4105: checking for g++
configure:4121: found /usr/bin/g++
configure:4132: result: g++
configure:4159: checking for C++ compiler version
configure:4168: g++ --version >&5
g++ (Ubuntu/Linaro 4.6.3-1ubuntu5) 4.6.3
Copyright (C) 2011 Free Software Foundation, Inc.
This is free software; see the source for copying conditions.  There is NO
warranty; not even for MERCHANTABILITY or FITNESS FOR A PARTICULAR PURPOSE.

configure:4179: $? = 0
configure:4168: g++ -v >&5
Using built-in specs.
COLLECT_GCC=g++
COLLECT_LTO_WRAPPER=/usr/lib/gcc/x86_64-linux-gnu/4.6/lto-wrapper
Target: x86_64-linux-gnu
Configured with: ../src/configure -v --with-pkgversion='Ubuntu/Linaro 4.6.3-1ubuntu5' --with-bugurl=file:///usr/share/doc/gcc-4.6/README.Bugs --enable-languages=c,c++,fortran,objc,obj-c++ --prefix=/usr --program-suffix=-4.6 --enable-shared --enable-linker-build-id --with-system-zlib --libexecdir=/usr/lib --without-included-gettext --enable-threads=posix --with-gxx-include-dir=/usr/include/c++/4.6 --libdir=/usr/lib --enable-nls --with-sysroot=/ --enable-clocale=gnu --enable-libstdcxx-debug --enable-libstdcxx-time=yes --enable-gnu-unique-object --enable-plugin --enable-objc-gc --disable-werror --with-arch-32=i686 --with-tune=generic --enable-checking=release --build=x86_64-linux-gnu --host=x86_64-linux-gnu --target=x86_64-linux-gnu
Thread model: posix
gcc version 4.6.3 (Ubuntu/Linaro 4.6.3-1ubuntu5) 
configure:4179: $? = 0
configure:4168: g++ -V >&5
g++: error: unrecognized option '-V'
g++: fatal error: no input files
compilation terminated.
configure:4179: $? = 4
configure:4168: g++ -qversion >&5
g++: error: unrecognized option '-qversion'
g++: fatal error: no input files
compilation terminated.
configure:4179: $? = 4
configure:4183: checking whether we are using the GNU C++ compiler
configure:4202: g++ -c   conftest.cpp >&5
configure:4202: $? = 0
configure:4211: result: yes
configure:4220: checking whether g++ accepts -g
configure:4240: g++ -c -g  conftest.cpp >&5
configure:4240: $? = 0
configure:4281: result: yes
configure:4306: checking dependency style of g++
configure:4417: result: gcc3
configure:4437: checking how to run the C preprocessor
configure:4468: gcc -E  conftest.c
configure:4468: $? = 0
configure:4482: gcc -E  conftest.c
conftest.c:11:28: fatal error: ac_nonexistent.h: No such file or directory
compilation terminated.
configure:4482: $? = 1
configure: failed program was:
| /* confdefs.h */
| #define PACKAGE_NAME "savanc-src"
| #define PACKAGE_TARNAME "savanc-src"
| #define PACKAGE_VERSION "1.0"
| #define PACKAGE_STRING "savanc-src 1.0"
| #define PACKAGE_BUGREPORT ""
| #define PACKAGE_URL ""
| #define PACKAGE "savanc-src"
| #define VERSION "1.0"
| /* end confdefs.h.  */
| #include <ac_nonexistent.h>
configure:4507: result: gcc -E
configure:4527: gcc -E  conftest.c
configure:4527: $? = 0
configure:4541: gcc -E  conftest.c
conftest.c:11:28: fatal error: ac_nonexistent.h: No such file or directory
compilation terminated.
configure:4541: $? = 1
configure: failed program was:
| /* confdefs.h */
| #define PACKAGE_NAME "savanc-src"
| #define PACKAGE_TARNAME "savanc-src"
| #define PACKAGE_VERSION "1.0"
| #define PACKAGE_STRING "savanc-src 1.0"
| #define PACKAGE_BUGREPORT ""
| #define PACKAGE_URL ""
| #define PACKAGE "savanc-src"
| #define VERSION "1.0"
| /* end confdefs.h.  */
| #include <ac_nonexistent.h>
configure:4615: checking how to print strings
configure:4642: result: printf
configure:4663: checking for a sed that does not truncate output
configure:4727: result: /bin/sed
configure:4745: checking for grep that handles long lines and -e
configure:4803: result: /bin/grep
configure:4808: checking for egrep
configure:4870: result: /bin/grep -E
configure:4875: checking for fgrep
configure:4937: result: /bin/grep -F
configure:4972: checking for ld used by gcc
configure:5039: result: /usr/bin/ld
configure:5046: checking if the linker (/usr/bin/ld) is GNU ld
configure:5061: result: yes
configure:5073: checking for BSD- or MS-compatible name lister (nm)
configure:5122: result: /usr/bin/nm -B
configure:5252: checking the name lister (/usr/bin/nm -B) interface
configure:5259: gcc -c -g -O2  conftest.c >&5
configure:5262: /usr/bin/nm -B "conftest.o"
configure:5265: output
0000000000000000 B some_variable
configure:5272: result: BSD nm
configure:5275: checking whether ln -s works
configure:5279: result: yes
configure:5287: checking the maximum length of command line arguments
configure:5417: result: 1572864
configure:5434: checking whether the shell understands some XSI constructs
configure:5444: result: yes
configure:5448: checking whether the shell understands "+="
configure:5454: result: yes
configure:5489: checking how to convert x86_64-unknown-linux-gnu file names to x86_64-unknown-linux-gnu format
configure:5529: result: func_convert_file_noop
configure:5536: checking how to convert x86_64-unknown-linux-gnu file names to toolchain format
configure:5556: result: func_convert_file_noop
configure:5563: checking for /usr/bin/ld option to reload object files
configure:5570: result: -r
configure:5644: checking for objdump
configure:5660: found /usr/bin/objdump
configure:5671: result: objdump
configure:5703: checking how to recognize dependent libraries
configure:5905: result: pass_all
configure:5990: checking for dlltool
configure:6020: result: no
configure:6050: checking how to associate runtime and link libraries
configure:6077: result: printf %s\n
configure:6138: checking for ar
configure:6154: found /usr/bin/ar
configure:6165: result: ar
configure:6202: checking for archiver @FILE support
configure:6219: gcc -c -g -O2  conftest.c >&5
configure:6219: $? = 0
configure:6222: ar cru libconftest.a @conftest.lst >&5
configure:6225: $? = 0
configure:6230: ar cru libconftest.a @conftest.lst >&5
ar: conftest.o: No such file or directory
configure:6233: $? = 1
configure:6245: result: @
configure:6303: checking for strip
configure:6319: found /usr/bin/strip
configure:6330: result: strip
configure:6402: checking for ranlib
configure:6418: found /usr/bin/ranlib
configure:6429: result: ranlib
configure:6531: checking command to parse /usr/bin/nm -B output from gcc object
configure:6651: gcc -c -g -O2  conftest.c >&5
configure:6654: $? = 0
configure:6658: /usr/bin/nm -B conftest.o \| sed -n -e 's/^.*[ ]\([ABCDGIRSTW][ABCDGIRSTW]*\)[ ][ ]*\([_A-Za-z][_A-Za-z0-9]*\)$/\1 \2 \2/p' | sed '/ __gnu_lto/d' \> conftest.nm
configure:6661: $? = 0
configure:6727: gcc -o conftest -g -O2   conftest.c conftstm.o >&5
configure:6730: $? = 0
configure:6768: result: ok
configure:6805: checking for sysroot
configure:6835: result: no
configure:6912: gcc -c -g -O2  conftest.c >&5
configure:6915: $? = 0
configure:7091: checking for mt
configure:7107: found /bin/mt
configure:7118: result: mt
configure:7141: checking if mt is a manifest tool
configure:7147: mt '-?'
configure:7155: result: no
configure:7793: checking for ANSI C header files
configure:7813: gcc -c -g -O2  conftest.c >&5
configure:7813: $? = 0
configure:7886: gcc -o conftest -g -O2   conftest.c  >&5
configure:7886: $? = 0
configure:7886: ./conftest
configure:7886: $? = 0
configure:7897: result: yes
configure:7910: checking for sys/types.h
configure:7910: gcc -c -g -O2  conftest.c >&5
configure:7910: $? = 0
configure:7910: result: yes
configure:7910: checking for sys/stat.h
configure:7910: gcc -c -g -O2  conftest.c >&5
configure:7910: $? = 0
configure:7910: result: yes
configure:7910: checking for stdlib.h
configure:7910: gcc -c -g -O2  conftest.c >&5
configure:7910: $? = 0
configure:7910: result: yes
configure:7910: checking for string.h
configure:7910: gcc -c -g -O2  conftest.c >&5
configure:7910: $? = 0
configure:7910: result: yes
configure:7910: checking for memory.h
configure:7910: gcc -c -g -O2  conftest.c >&5
configure:7910: $? = 0
configure:7910: result: yes
configure:7910: checking for strings.h
configure:7910: gcc -c -g -O2  conftest.c >&5
configure:7910: $? = 0
configure:7910: result: yes
configure:7910: checking for inttypes.h
configure:7910: gcc -c -g -O2  conftest.c >&5
configure:7910: $? = 0
configure:7910: result: yes
configure:7910: checking for stdint.h
configure:7910: gcc -c -g -O2  conftest.c >&5
configure:7910: $? = 0
configure:7910: result: yes
configure:7910: checking for unistd.h
configure:7910: gcc -c -g -O2  conftest.c >&5
configure:7910: $? = 0
configure:7910: result: yes
configure:7924: checking for dlfcn.h
configure:7924: gcc -c -g -O2  conftest.c >&5
configure:7924: $? = 0
configure:7924: result: yes
configure:8141: checking for objdir
configure:8156: result: .libs
configure:8423: checking if gcc supports -fno-rtti -fno-exceptions
configure:8441: gcc -c -g -O2  -fno-rtti -fno-exceptions conftest.c >&5
cc1: warning: command line option '-fno-rtti' is valid for C++/ObjC++ but not for C [enabled by default]
configure:8445: $? = 0
configure:8458: result: no
configure:8785: checking for gcc option to produce PIC
configure:8792: result: -fPIC -DPIC
configure:8800: checking if gcc PIC flag -fPIC -DPIC works
configure:8818: gcc -c -g -O2  -fPIC -DPIC -DPIC conftest.c >&5
configure:8822: $? = 0
configure:8835: result: yes
configure:8864: checking if gcc static flag -static works
configure:8892: result: yes
configure:8907: checking if gcc supports -c -o file.o
configure:8928: gcc -c -g -O2  -o out/conftest2.o conftest.c >&5
configure:8932: $? = 0
configure:8954: result: yes
configure:8962: checking if gcc supports -c -o file.o
configure:9009: result: yes
configure:9042: checking whether the gcc linker (/usr/bin/ld -m elf_x86_64) supports shared libraries
configure:10199: result: yes
configure:10236: checking whether -lc should be explicitly linked in
configure:10244: gcc -c -g -O2  conftest.c >&5
configure:10247: $? = 0
configure:10262: gcc -shared  -fPIC -DPIC conftest.o  -v -Wl,-soname -Wl,conftest -o conftest 2\>\&1 \| /bin/grep  -lc  \>/dev/null 2\>\&1
configure:10265: $? = 0
configure:10279: result: no
configure:10439: checking dynamic linker characteristics
configure:10950: gcc -o conftest -g -O2   -Wl,-rpath -Wl,/foo conftest.c  >&5
configure:10950: $? = 0
configure:11184: result: GNU/Linux ld.so
configure:11291: checking how to hardcode library paths into programs
configure:11316: result: immediate
configure:11856: checking whether stripping libraries is possible
configure:11861: result: yes
configure:11896: checking if libtool supports shared libraries
configure:11898: result: yes
configure:11901: checking whether to build shared libraries
configure:11922: result: yes
configure:11925: checking whether to build static libraries
configure:11929: result: yes
configure:11952: checking how to run the C++ preprocessor
configure:11979: g++ -E  conftest.cpp
configure:11979: $? = 0
configure:11993: g++ -E  conftest.cpp
conftest.cpp:23:28: fatal error: ac_nonexistent.h: No such file or directory
compilation terminated.
configure:11993: $? = 1
configure: failed program was:
| /* confdefs.h */
| #define PACKAGE_NAME "savanc-src"
| #define PACKAGE_TARNAME "savanc-src"
| #define PACKAGE_VERSION "1.0"
| #define PACKAGE_STRING "savanc-src 1.0"
| #define PACKAGE_BUGREPORT ""
| #define PACKAGE_URL ""
| #define PACKAGE "savanc-src"
| #define VERSION "1.0"
| #define STDC_HEADERS 1
| #define HAVE_SYS_TYPES_H 1
| #define HAVE_SYS_STAT_H 1
| #define HAVE_STDLIB_H 1
| #define HAVE_STRING_H 1
| #define HAVE_MEMORY_H 1
| #define HAVE_STRINGS_H 1
| #define HAVE_INTTYPES_H 1
| #define HAVE_STDINT_H 1
| #define HAVE_UNISTD_H 1
| #define HAVE_DLFCN_H 1
| #define LT_OBJDIR ".libs/"
| /* end confdefs.h.  */
| #include <ac_nonexistent.h>
configure:12018: result: g++ -E
configure:12038: g++ -E  conftest.cpp
configure:12038: $? = 0
configure:12052: g++ -E  conftest.cpp
conftest.cpp:23:28: fatal error: ac_nonexistent.h: No such file or directory
compilation terminated.
configure:12052: $? = 1
configure: failed program was:
| /* confdefs.h */
| #define PACKAGE_NAME "savanc-src"
| #define PACKAGE_TARNAME "savanc-src"
| #define PACKAGE_VERSION "1.0"
| #define PACKAGE_STRING "savanc-src 1.0"
| #define PACKAGE_BUGREPORT ""
| #define PACKAGE_URL ""
| #define PACKAGE "savanc-src"
| #define VERSION "1.0"
| #define STDC_HEADERS 1
| #define HAVE_SYS_TYPES_H 1
| #define HAVE_SYS_STAT_H 1
| #define HAVE_STDLIB_H 1
| #define HAVE_STRING_H 1
| #define HAVE_MEMORY_H 1
| #define HAVE_STRINGS_H 1
| #define HAVE_INTTYPES_H 1
| #define HAVE_STDINT_H 1
| #define HAVE_UNISTD_H 1
| #define HAVE_DLFCN_H 1
| #define LT_OBJDIR ".libs/"
| /* end confdefs.h.  */
| #include <ac_nonexistent.h>
configure:12221: checking for ld used by g++
configure:12288: result: /usr/bin/ld -m elf_x86_64
configure:12295: checking if the linker (/usr/bin/ld -m elf_x86_64) is GNU ld
configure:12310: result: yes
configure:12365: checking whether the g++ linker (/usr/bin/ld -m elf_x86_64) supports shared libraries
configure:13370: result: yes
configure:13406: g++ -c -g -O2  conftest.cpp >&5
configure:13409: $? = 0
configure:13929: checking for g++ option to produce PIC
configure:13936: result: -fPIC -DPIC
configure:13944: checking if g++ PIC flag -fPIC -DPIC works
configure:13962: g++ -c -g -O2  -fPIC -DPIC -DPIC conftest.cpp >&5
configure:13966: $? = 0
configure:13979: result: yes
configure:14002: checking if g++ static flag -static works
configure:14030: result: yes
configure:14042: checking if g++ supports -c -o file.o
configure:14063: g++ -c -g -O2  -o out/conftest2.o conftest.cpp >&5
configure:14067: $? = 0
configure:14089: result: yes
configure:14094: checking if g++ supports -c -o file.o
configure:14141: result: yes
configure:14171: checking whether the g++ linker (/usr/bin/ld -m elf_x86_64) supports shared libraries
configure:14210: result: yes
configure:14351: checking dynamic linker characteristics
configure:15030: result: GNU/Linux ld.so
configure:15083: checking how to hardcode library paths into programs
configure:15108: result: immediate
configure:15170: checking whether ln -s works
configure:15174: result: yes
configure:15181: checking whether make sets $(MAKE)
configure:15203: result: yes
configure:15213: checking for dlopen in -ldl
configure:15238: gcc -o conftest -g -O2   conftest.c -ldl   >&5
configure:15238: $? = 0
configure:15247: result: yes
configure:15273: checking for ANSI C header files
configure:15377: result: yes
configure:15388: checking stdio.h usability
configure:15388: gcc -c -g -O2 -D_LARGEFILE64_SOURCE -ansi -Wall -Wno-implicit-function-declaration  conftest.c >&5
configure:15388: $? = 0
configure:15388: result: yes
configure:15388: checking stdio.h presence
configure:15388: gcc -E  conftest.c
configure:15388: $? = 0
configure:15388: result: yes
configure:15388: checking for stdio.h
configure:15388: result: yes
configure:15388: checking for stdlib.h
configure:15388: result: yes
configure:15388: checking for string.h
configure:15388: result: yes
configure:15404: checking path to use Axis2C . This is a compulsory to build Savan/C
configure:15415: result: /usr/include/axis2-1.6.0
configure:15434: checking whether to build sqlite based subscription manager
configure:15452: result: yes
configure:15461: checking whether to build service based subscription manager
configure:15480: result: no
configure:15486: checking To Use Registry based subscription manager. This is an optional module to build Savan C
configure:15513: result: no
configure:15519: checking To Use XPath based filter . This is an optional module to build Savan C
configure:15575: checking for pkg-config
configure:15593: found /usr/bin/pkg-config
configure:15605: result: /usr/bin/pkg-config
configure:15630: checking pkg-config is at least version 0.9.0
configure:15633: result: yes
configure:15756: result: no
configure:15766: checking To Use Xml Schema.
configure:15940: creating ./config.status

## ---------------------- ##
## Running config.status. ##
## ---------------------- ##

This file was extended by savanc-src config.status 1.0, which was
generated by GNU Autoconf 2.68.  Invocation command line was

  CONFIG_FILES    = 
  CONFIG_HEADERS  = 
  CONFIG_LINKS    = 
  CONFIG_COMMANDS = 
  $ ./config.status 

on denisnovikov

config.status:1202: creating Makefile
config.status:1202: creating src/Makefile
config.status:1202: creating src/client/Makefile
config.status:1202: creating src/core/Makefile
config.status:1202: creating src/handlers/Makefile
config.status:1202: creating src/msgreceivers/Makefile
config.status:1202: creating src/subscribers/Makefile
config.status:1202: creating src/subs_mgrs/Makefile
config.status:1202: creating src/subs_mgrs/common/Makefile
config.status:1202: creating src/subs_mgrs/sqlite/Makefile
config.status:1202: creating src/subs_mgrs/service/Makefile
config.status:1202: creating src/subs_mgrs/service/subs_mgr_svc/Makefile
config.status:1202: creating src/filters/Makefile
config.status:1202: creating src/filters/common/Makefile
config.status:1202: creating src/filters/xpath/Makefile
config.status:1202: creating src/publishers/Makefile
config.status:1202: creating src/publishers/common/Makefile
config.status:1202: creating src/publishers/default/Makefile
config.status:1202: creating src/data/Makefile
config.status:1202: creating src/util/Makefile
config.status:1202: creating config.h
config.status:1383: config.h is unchanged
config.status:1431: executing depfiles commands
config.status:1431: executing libtool commands
configure:18528: === configuring in samples (/home/denis/Downloads/wso2/src/cpp/wsf_c/savanc/samples)
configure:18591: running /bin/bash ./configure --disable-option-checking '--prefix=/usr/local'  '--with-axis2=/usr/include/axis2-1.6.0' '--with-apache2=/usr/include/apache2' '--with-apr=/usr/include/apr-1.0' '--enable-libxml2' '--disable-wsclient' --cache-file=/dev/null --srcdir=.

## ---------------- ##
## Cache variables. ##
## ---------------- ##

ac_cv_build=x86_64-unknown-linux-gnu
ac_cv_c_compiler_gnu=yes
ac_cv_cxx_compiler_gnu=yes
ac_cv_env_CCC_set=
ac_cv_env_CCC_value=
ac_cv_env_CC_set=
ac_cv_env_CC_value=
ac_cv_env_CFLAGS_set=
ac_cv_env_CFLAGS_value=
ac_cv_env_CPPFLAGS_set=
ac_cv_env_CPPFLAGS_value=
ac_cv_env_CPP_set=
ac_cv_env_CPP_value=
ac_cv_env_CXXCPP_set=
ac_cv_env_CXXCPP_value=
ac_cv_env_CXXFLAGS_set=
ac_cv_env_CXXFLAGS_value=
ac_cv_env_CXX_set=
ac_cv_env_CXX_value=
ac_cv_env_LDFLAGS_set=
ac_cv_env_LDFLAGS_value=
ac_cv_env_LIBS_set=
ac_cv_env_LIBS_value=
ac_cv_env_PKG_CONFIG_LIBDIR_set=
ac_cv_env_PKG_CONFIG_LIBDIR_value=
ac_cv_env_PKG_CONFIG_PATH_set=
ac_cv_env_PKG_CONFIG_PATH_value=
ac_cv_env_PKG_CONFIG_set=
ac_cv_env_PKG_CONFIG_value=
ac_cv_env_XSLT_CFLAGS_set=
ac_cv_env_XSLT_CFLAGS_value=
ac_cv_env_XSLT_LIBS_set=
ac_cv_env_XSLT_LIBS_value=
ac_cv_env_build_alias_set=
ac_cv_env_build_alias_value=
ac_cv_env_host_alias_set=
ac_cv_env_host_alias_value=
ac_cv_env_target_alias_set=
ac_cv_env_target_alias_value=
ac_cv_header_dlfcn_h=yes
ac_cv_header_inttypes_h=yes
ac_cv_header_memory_h=yes
ac_cv_header_stdc=yes
ac_cv_header_stdint_h=yes
ac_cv_header_stdio_h=yes
ac_cv_header_stdlib_h=yes
ac_cv_header_string_h=yes
ac_cv_header_strings_h=yes
ac_cv_header_sys_stat_h=yes
ac_cv_header_sys_types_h=yes
ac_cv_header_unistd_h=yes
ac_cv_host=x86_64-unknown-linux-gnu
ac_cv_lib_dl_dlopen=yes
ac_cv_objext=o
ac_cv_path_EGREP='/bin/grep -E'
ac_cv_path_FGREP='/bin/grep -F'
ac_cv_path_GREP=/bin/grep
ac_cv_path_SED=/bin/sed
ac_cv_path_ac_pt_PKG_CONFIG=/usr/bin/pkg-config
ac_cv_path_install='/usr/bin/install -c'
ac_cv_path_mkdir=/bin/mkdir
ac_cv_prog_AWK=gawk
ac_cv_prog_CPP='gcc -E'
ac_cv_prog_CXXCPP='g++ -E'
ac_cv_prog_ac_ct_AR=ar
ac_cv_prog_ac_ct_CC=gcc
ac_cv_prog_ac_ct_CXX=g++
ac_cv_prog_ac_ct_MANIFEST_TOOL=mt
ac_cv_prog_ac_ct_OBJDUMP=objdump
ac_cv_prog_ac_ct_RANLIB=ranlib
ac_cv_prog_ac_ct_STRIP=strip
ac_cv_prog_cc_c89=
ac_cv_prog_cc_g=yes
ac_cv_prog_cxx_g=yes
ac_cv_prog_make_make_set=yes
ac_cv_target=x86_64-unknown-linux-gnu
am_cv_CC_dependencies_compiler_type=gcc3
am_cv_CXX_dependencies_compiler_type=gcc3
am_cv_prog_tar_ustar=gnutar
lt_cv_ar_at_file=@
lt_cv_archive_cmds_need_lc=no
lt_cv_deplibs_check_method=pass_all
lt_cv_file_magic_cmd='$MAGIC_CMD'
lt_cv_file_magic_test_file=
lt_cv_ld_reload_flag=-r
lt_cv_nm_interface='BSD nm'
lt_cv_objdir=.libs
lt_cv_path_LD=/usr/bin/ld
lt_cv_path_LDCXX='/usr/bin/ld -m elf_x86_64'
lt_cv_path_NM='/usr/bin/nm -B'
lt_cv_path_mainfest_tool=no
lt_cv_prog_compiler_c_o=yes
lt_cv_prog_compiler_c_o_CXX=yes
lt_cv_prog_compiler_pic='-fPIC -DPIC'
lt_cv_prog_compiler_pic_CXX='-fPIC -DPIC'
lt_cv_prog_compiler_pic_works=yes
lt_cv_prog_compiler_pic_works_CXX=yes
lt_cv_prog_compiler_rtti_exceptions=no
lt_cv_prog_compiler_static_works=yes
lt_cv_prog_compiler_static_works_CXX=yes
lt_cv_prog_gnu_ld=yes
lt_cv_prog_gnu_ldcxx=yes
lt_cv_sharedlib_from_linklib_cmd='printf %s\n'
lt_cv_shlibpath_overrides_runpath=no
lt_cv_sys_global_symbol_pipe='sed -n -e '\''s/^.*[	 ]\([ABCDGIRSTW][ABCDGIRSTW]*\)[	 ][	 ]*\([_A-Za-z][_A-Za-z0-9]*\)$/\1 \2 \2/p'\'' | sed '\''/ __gnu_lto/d'\'''
lt_cv_sys_global_symbol_to_c_name_address='sed -n -e '\''s/^: \([^ ]*\)[ ]*$/  {\"\1\", (void *) 0},/p'\'' -e '\''s/^[ABCDGIRSTW]* \([^ ]*\) \([^ ]*\)$/  {"\2", (void *) \&\2},/p'\'''
lt_cv_sys_global_symbol_to_c_name_address_lib_prefix='sed -n -e '\''s/^: \([^ ]*\)[ ]*$/  {\"\1\", (void *) 0},/p'\'' -e '\''s/^[ABCDGIRSTW]* \([^ ]*\) \(lib[^ ]*\)$/  {"\2", (void *) \&\2},/p'\'' -e '\''s/^[ABCDGIRSTW]* \([^ ]*\) \([^ ]*\)$/  {"lib\2", (void *) \&\2},/p'\'''
lt_cv_sys_global_symbol_to_cdecl='sed -n -e '\''s/^T .* \(.*\)$/extern int \1();/p'\'' -e '\''s/^[ABCDGIRSTW]* .* \(.*\)$/extern char \1;/p'\'''
lt_cv_sys_max_cmd_len=1572864
lt_cv_to_host_file_cmd=func_convert_file_noop
lt_cv_to_tool_file_cmd=func_convert_file_noop

## ----------------- ##
## Output variables. ##
## ----------------- ##

ACLOCAL='${SHELL} /home/denis/Downloads/wso2/src/cpp/wsf_c/savanc/missing --run aclocal-1.11'
AMDEPBACKSLASH='\'
AMDEP_FALSE='#'
AMDEP_TRUE=''
AMTAR='$${TAR-tar}'
AR='ar'
AUTOCONF='${SHELL} /home/denis/Downloads/wso2/src/cpp/wsf_c/savanc/missing --run autoconf'
AUTOHEADER='${SHELL} /home/denis/Downloads/wso2/src/cpp/wsf_c/savanc/missing --run autoheader'
AUTOMAKE='${SHELL} /home/denis/Downloads/wso2/src/cpp/wsf_c/savanc/missing --run automake-1.11'
AWK='gawk'
AXIOMINC='-I/home/denis/Downloads/wso2/src/cpp/wsf_c/savanc/../axis2c/axiom/include'
AXIS2INC='-I/usr/include/axis2-1.6.0'
CC='gcc'
CCDEPMODE='depmode=gcc3'
CFLAGS='-g -O2 -D_LARGEFILE64_SOURCE -ansi -Wall -Wno-implicit-function-declaration '
CPP='gcc -E'
CPPFLAGS=''
CXX='g++'
CXXCPP='g++ -E'
CXXDEPMODE='depmode=gcc3'
CXXFLAGS='-g -O2'
CYGPATH_W='echo'
DEFS='-DHAVE_CONFIG_H'
DEPDIR='.deps'
DLLTOOL='false'
DSYMUTIL=''
DUMPBIN=''
ECHO_C=''
ECHO_N='-n'
ECHO_T=''
EGREP='/bin/grep -E'
EXEEXT=''
FGREP='/bin/grep -F'
GREP='/bin/grep'
INSTALL_DATA='${INSTALL} -m 644'
INSTALL_PROGRAM='${INSTALL}'
INSTALL_SCRIPT='${INSTALL}'
INSTALL_STRIP_PROGRAM='$(install_sh) -c -s'
LD='/usr/bin/ld -m elf_x86_64'
LDFLAGS='-lpthread'
LIBOBJS=''
LIBS='-ldl '
LIBTOOL='$(SHELL) $(top_builddir)/libtool'
LIPO=''
LN_S='ln -s'
LTLIBOBJS=''
MAKEINFO='${SHELL} /home/denis/Downloads/wso2/src/cpp/wsf_c/savanc/missing --run makeinfo'
MANIFEST_TOOL=':'
MKDIR_P='/bin/mkdir -p'
NEETHIINC='-I/home/denis/Downloads/wso2/src/cpp/wsf_c/savanc/../axis2c/neethi/include'
NM='/usr/bin/nm -B'
NMEDIT=''
OBJDUMP='objdump'
OBJEXT='o'
OTOOL64=''
OTOOL=''
PACKAGE='savanc-src'
PACKAGE_BUGREPORT=''
PACKAGE_NAME='savanc-src'
PACKAGE_STRING='savanc-src 1.0'
PACKAGE_TARNAME='savanc-src'
PACKAGE_URL=''
PACKAGE_VERSION='1.0'
PATH_SEPARATOR=':'
PKG_CONFIG='/usr/bin/pkg-config'
PKG_CONFIG_LIBDIR=''
PKG_CONFIG_PATH=''
RANLIB='ranlib'
REGISTRYINC=''
SAVAN_FILTER=''
SAVAN_FILTER_LIB=''
SAVAN_PUBLISHER_ESB=''
SAVAN_PUBLISHER_LIB='default/libsavan_publisher.la'
SAVAN_PUBLISHER_XPATH='default'
SAVAN_SUBS_MGR='sqlite'
SAVAN_SUBS_MGR_REGISTRY=''
SAVAN_SUBS_MGR_SERVICE=''
SAVAN_SUBS_MGR_SQLITE='sqlite'
SED='/bin/sed'
SET_MAKE=''
SHELL='/bin/bash'
STRIP='strip'
UTILINC='-I/home/denis/Downloads/wso2/src/cpp/wsf_c/savanc/../axis2c/util/include'
VERSION='1.0'
XMLSCHEMAINC=''
XPATHINC=''
XSLT_CFLAGS=''
XSLT_LIBS=''
abs_top_builddir='/home/denis/Downloads/wso2/src/cpp/wsf_c/savanc'
ac_ct_AR='ar'
ac_ct_CC='gcc'
ac_ct_CXX='g++'
ac_ct_DUMPBIN=''
am__EXEEXT_FALSE=''
am__EXEEXT_TRUE='#'
am__fastdepCC_FALSE='#'
am__fastdepCC_TRUE=''
am__fastdepCXX_FALSE='#'
am__fastdepCXX_TRUE=''
am__include='include'
am__isrc=''
am__leading_dot='.'
am__nodep='_no'
am__quote=''
am__tar='tar --format=ustar -chf - "$$tardir"'
am__untar='tar -xf -'
bindir='${exec_prefix}/bin'
build='x86_64-unknown-linux-gnu'
build_alias=''
build_cpu='x86_64'
build_os='linux-gnu'
build_vendor='unknown'
datadir='${datarootdir}'
datarootdir='${prefix}/share'
docdir='${datarootdir}/doc/${PACKAGE_TARNAME}'
dvidir='${docdir}'
exec_prefix='${prefix}'
host='x86_64-unknown-linux-gnu'
host_alias=''
host_cpu='x86_64'
host_os='linux-gnu'
host_vendor='unknown'
htmldir='${docdir}'
includedir='${prefix}/include'
infodir='${datarootdir}/info'
install_sh='${SHELL} /home/denis/Downloads/wso2/src/cpp/wsf_c/savanc/install-sh'
libdir='${exec_prefix}/lib'
libexecdir='${exec_prefix}/libexec'
localedir='${datarootdir}/locale'
localstatedir='${prefix}/var'
mandir='${datarootdir}/man'
mkdir_p='/bin/mkdir -p'
oldincludedir='/usr/include'
pdfdir='${docdir}'
prefix='/usr/local'
program_transform_name='s,x,x,'
psdir='${docdir}'
sbindir='${exec_prefix}/sbin'
sharedstatedir='${prefix}/com'
subdirs=' samples'
sysconfdir='${prefix}/etc'
target='x86_64-unknown-linux-gnu'
target_alias=''
target_cpu='x86_64'
target_os='linux-gnu'
target_vendor='unknown'

## ----------- ##
## confdefs.h. ##
## ----------- ##

/* confdefs.h */
#define PACKAGE_NAME "savanc-src"
#define PACKAGE_TARNAME "savanc-src"
#define PACKAGE_VERSION "1.0"
#define PACKAGE_STRING "savanc-src 1.0"
#define PACKAGE_BUGREPORT ""
#define PACKAGE_URL ""
#define PACKAGE "savanc-src"
#define VERSION "1.0"
#define STDC_HEADERS 1
#define HAVE_SYS_TYPES_H 1
#define HAVE_SYS_STAT_H 1
#define HAVE_STDLIB_H 1
#define HAVE_STRING_H 1
#define HAVE_MEMORY_H 1
#define HAVE_STRINGS_H 1
#define HAVE_INTTYPES_H 1
#define HAVE_STDINT_H 1
#define HAVE_UNISTD_H 1
#define HAVE_DLFCN_H 1
#define LT_OBJDIR ".libs/"
#define HAVE_LIBDL 1
#define STDC_HEADERS 1
#define HAVE_STDIO_H 1
#define HAVE_STDLIB_H 1
#define HAVE_STRING_H 1

configure: exit 0

## ---------------------- ##
## Running config.status. ##
## ---------------------- ##

This file was extended by savanc-src config.status 1.0, which was
generated by GNU Autoconf 2.68.  Invocation command line was

  CONFIG_FILES    = 
  CONFIG_HEADERS  = 
  CONFIG_LINKS    = 
  CONFIG_COMMANDS = 
  $ ./config.status config.h

on denisnovikov

config.status:1202: creating config.h
config.status:1383: config.h is unchanged
