This file contains any messages produced by compilers while
running configure, to aid debugging if configure makes a mistake.

It was created by axis2c-src configure 1.6.0, which was
generated by GNU Autoconf 2.68.  Invocation command line was

  $ ./configure --disable-option-checking --prefix=/usr/local --with-axis2=/usr/include/axis2-1.6.0 --with-apache2=/usr/include/apache2 --with-apr=/usr/include/apr-1.0 --enable-libxml2 --disable-wsclient --cache-file=/dev/null --srcdir=.

## --------- ##
## Platform. ##
## --------- ##

hostname = denisnovikov
uname -m = x86_64
uname -r = 3.2.0-25-generic
uname -s = Linux
uname -v = #40-Ubuntu SMP Wed May 23 20:30:51 UTC 2012

/usr/bin/uname -p = unknown
/bin/uname -X     = unknown

/bin/arch              = unknown
/usr/bin/arch -k       = unknown
/usr/convex/getsysinfo = unknown
/usr/bin/hostinfo      = unknown
/bin/machine           = unknown
/usr/bin/oslevel       = unknown
/bin/universe          = unknown

PATH: /home/denis/bin
PATH: /usr/local/sbin
PATH: /usr/local/bin
PATH: /usr/sbin
PATH: /usr/bin
PATH: /sbin
PATH: /bin
PATH: /usr/games


## ----------- ##
## Core tests. ##
## ----------- ##

configure:2455: checking build system type
configure:2469: result: x86_64-unknown-linux-gnu
configure:2489: checking host system type
configure:2502: result: x86_64-unknown-linux-gnu
configure:2522: checking target system type
configure:2535: result: x86_64-unknown-linux-gnu
configure:2580: checking for a BSD-compatible install
configure:2648: result: /usr/bin/install -c
configure:2659: checking whether build environment is sane
configure:2709: result: yes
configure:2850: checking for a thread-safe mkdir -p
configure:2889: result: /bin/mkdir -p
configure:2902: checking for gawk
configure:2918: found /usr/bin/gawk
configure:2929: result: gawk
configure:2940: checking whether make sets $(MAKE)
configure:2962: result: yes
configure:3037: checking how to create a ustar tar archive
configure:3050: tar --version
tar (GNU tar) 1.26
Copyright (C) 2011 Free Software Foundation, Inc.
License GPLv3+: GNU GPL version 3 or later <http://gnu.org/licenses/gpl.html>.
This is free software: you are free to change and redistribute it.
There is NO WARRANTY, to the extent permitted by law.

Written by John Gilmore and Jay Fenlason.
configure:3053: $? = 0
configure:3093: tardir=conftest.dir && eval tar --format=ustar -chf - "$tardir" >conftest.tar
configure:3096: $? = 0
configure:3100: tar -xf - <conftest.tar
configure:3103: $? = 0
configure:3116: result: gnutar
configure:3173: checking for gcc
configure:3189: found /usr/bin/gcc
configure:3200: result: gcc
configure:3429: checking for C compiler version
configure:3438: gcc --version >&5
gcc (Ubuntu/Linaro 4.6.3-1ubuntu5) 4.6.3
Copyright (C) 2011 Free Software Foundation, Inc.
This is free software; see the source for copying conditions.  There is NO
warranty; not even for MERCHANTABILITY or FITNESS FOR A PARTICULAR PURPOSE.

configure:3449: $? = 0
configure:3438: gcc -v >&5
Using built-in specs.
COLLECT_GCC=gcc
COLLECT_LTO_WRAPPER=/usr/lib/gcc/x86_64-linux-gnu/4.6/lto-wrapper
Target: x86_64-linux-gnu
Configured with: ../src/configure -v --with-pkgversion='Ubuntu/Linaro 4.6.3-1ubuntu5' --with-bugurl=file:///usr/share/doc/gcc-4.6/README.Bugs --enable-languages=c,c++,fortran,objc,obj-c++ --prefix=/usr --program-suffix=-4.6 --enable-shared --enable-linker-build-id --with-system-zlib --libexecdir=/usr/lib --without-included-gettext --enable-threads=posix --with-gxx-include-dir=/usr/include/c++/4.6 --libdir=/usr/lib --enable-nls --with-sysroot=/ --enable-clocale=gnu --enable-libstdcxx-debug --enable-libstdcxx-time=yes --enable-gnu-unique-object --enable-plugin --enable-objc-gc --disable-werror --with-arch-32=i686 --with-tune=generic --enable-checking=release --build=x86_64-linux-gnu --host=x86_64-linux-gnu --target=x86_64-linux-gnu
Thread model: posix
gcc version 4.6.3 (Ubuntu/Linaro 4.6.3-1ubuntu5) 
configure:3449: $? = 0
configure:3438: gcc -V >&5
gcc: error: unrecognized option '-V'
gcc: fatal error: no input files
compilation terminated.
configure:3449: $? = 4
configure:3438: gcc -qversion >&5
gcc: error: unrecognized option '-qversion'
gcc: fatal error: no input files
compilation terminated.
configure:3449: $? = 4
configure:3469: checking whether the C compiler works
configure:3491: gcc    conftest.c  >&5
configure:3495: $? = 0
configure:3543: result: yes
configure:3546: checking for C compiler default output file name
configure:3548: result: a.out
configure:3554: checking for suffix of executables
configure:3561: gcc -o conftest    conftest.c  >&5
configure:3565: $? = 0
configure:3587: result: 
configure:3609: checking whether we are cross compiling
configure:3617: gcc -o conftest    conftest.c  >&5
configure:3621: $? = 0
configure:3628: ./conftest
configure:3632: $? = 0
configure:3647: result: no
configure:3652: checking for suffix of object files
configure:3674: gcc -c   conftest.c >&5
configure:3678: $? = 0
configure:3699: result: o
configure:3703: checking whether we are using the GNU C compiler
configure:3722: gcc -c   conftest.c >&5
configure:3722: $? = 0
configure:3731: result: yes
configure:3740: checking whether gcc accepts -g
configure:3760: gcc -c -g  conftest.c >&5
configure:3760: $? = 0
configure:3801: result: yes
configure:3818: checking for gcc option to accept ISO C89
configure:3882: gcc  -c -g -O2  conftest.c >&5
configure:3882: $? = 0
configure:3895: result: none needed
configure:3926: checking for style of include used by make
configure:3954: result: GNU
configure:3980: checking dependency style of gcc
configure:4091: result: gcc3
configure:4164: checking for g++
configure:4180: found /usr/bin/g++
configure:4191: result: g++
configure:4218: checking for C++ compiler version
configure:4227: g++ --version >&5
g++ (Ubuntu/Linaro 4.6.3-1ubuntu5) 4.6.3
Copyright (C) 2011 Free Software Foundation, Inc.
This is free software; see the source for copying conditions.  There is NO
warranty; not even for MERCHANTABILITY or FITNESS FOR A PARTICULAR PURPOSE.

configure:4238: $? = 0
configure:4227: g++ -v >&5
Using built-in specs.
COLLECT_GCC=g++
COLLECT_LTO_WRAPPER=/usr/lib/gcc/x86_64-linux-gnu/4.6/lto-wrapper
Target: x86_64-linux-gnu
Configured with: ../src/configure -v --with-pkgversion='Ubuntu/Linaro 4.6.3-1ubuntu5' --with-bugurl=file:///usr/share/doc/gcc-4.6/README.Bugs --enable-languages=c,c++,fortran,objc,obj-c++ --prefix=/usr --program-suffix=-4.6 --enable-shared --enable-linker-build-id --with-system-zlib --libexecdir=/usr/lib --without-included-gettext --enable-threads=posix --with-gxx-include-dir=/usr/include/c++/4.6 --libdir=/usr/lib --enable-nls --with-sysroot=/ --enable-clocale=gnu --enable-libstdcxx-debug --enable-libstdcxx-time=yes --enable-gnu-unique-object --enable-plugin --enable-objc-gc --disable-werror --with-arch-32=i686 --with-tune=generic --enable-checking=release --build=x86_64-linux-gnu --host=x86_64-linux-gnu --target=x86_64-linux-gnu
Thread model: posix
gcc version 4.6.3 (Ubuntu/Linaro 4.6.3-1ubuntu5) 
configure:4238: $? = 0
configure:4227: g++ -V >&5
g++: error: unrecognized option '-V'
g++: fatal error: no input files
compilation terminated.
configure:4238: $? = 4
configure:4227: g++ -qversion >&5
g++: error: unrecognized option '-qversion'
g++: fatal error: no input files
compilation terminated.
configure:4238: $? = 4
configure:4242: checking whether we are using the GNU C++ compiler
configure:4261: g++ -c   conftest.cpp >&5
configure:4261: $? = 0
configure:4270: result: yes
configure:4279: checking whether g++ accepts -g
configure:4299: g++ -c -g  conftest.cpp >&5
configure:4299: $? = 0
configure:4340: result: yes
configure:4365: checking dependency style of g++
configure:4476: result: gcc3
configure:4496: checking how to run the C preprocessor
configure:4527: gcc -E  conftest.c
configure:4527: $? = 0
configure:4541: gcc -E  conftest.c
conftest.c:11:28: fatal error: ac_nonexistent.h: No such file or directory
compilation terminated.
configure:4541: $? = 1
configure: failed program was:
| /* confdefs.h */
| #define PACKAGE_NAME "axis2c-src"
| #define PACKAGE_TARNAME "axis2c-src"
| #define PACKAGE_VERSION "1.6.0"
| #define PACKAGE_STRING "axis2c-src 1.6.0"
| #define PACKAGE_BUGREPORT ""
| #define PACKAGE_URL ""
| #define PACKAGE "axis2c-src"
| #define VERSION "1.6.0"
| /* end confdefs.h.  */
| #include <ac_nonexistent.h>
configure:4566: result: gcc -E
configure:4586: gcc -E  conftest.c
configure:4586: $? = 0
configure:4600: gcc -E  conftest.c
conftest.c:11:28: fatal error: ac_nonexistent.h: No such file or directory
compilation terminated.
configure:4600: $? = 1
configure: failed program was:
| /* confdefs.h */
| #define PACKAGE_NAME "axis2c-src"
| #define PACKAGE_TARNAME "axis2c-src"
| #define PACKAGE_VERSION "1.6.0"
| #define PACKAGE_STRING "axis2c-src 1.6.0"
| #define PACKAGE_BUGREPORT ""
| #define PACKAGE_URL ""
| #define PACKAGE "axis2c-src"
| #define VERSION "1.6.0"
| /* end confdefs.h.  */
| #include <ac_nonexistent.h>
configure:4674: checking how to print strings
configure:4701: result: printf
configure:4722: checking for a sed that does not truncate output
configure:4786: result: /bin/sed
configure:4804: checking for grep that handles long lines and -e
configure:4862: result: /bin/grep
configure:4867: checking for egrep
configure:4929: result: /bin/grep -E
configure:4934: checking for fgrep
configure:4996: result: /bin/grep -F
configure:5031: checking for ld used by gcc
configure:5098: result: /usr/bin/ld
configure:5105: checking if the linker (/usr/bin/ld) is GNU ld
configure:5120: result: yes
configure:5132: checking for BSD- or MS-compatible name lister (nm)
configure:5181: result: /usr/bin/nm -B
configure:5311: checking the name lister (/usr/bin/nm -B) interface
configure:5318: gcc -c -g -O2  conftest.c >&5
configure:5321: /usr/bin/nm -B "conftest.o"
configure:5324: output
0000000000000000 B some_variable
configure:5331: result: BSD nm
configure:5334: checking whether ln -s works
configure:5338: result: yes
configure:5346: checking the maximum length of command line arguments
configure:5476: result: 1572864
configure:5493: checking whether the shell understands some XSI constructs
configure:5503: result: yes
configure:5507: checking whether the shell understands "+="
configure:5513: result: yes
configure:5548: checking how to convert x86_64-unknown-linux-gnu file names to x86_64-unknown-linux-gnu format
configure:5588: result: func_convert_file_noop
configure:5595: checking how to convert x86_64-unknown-linux-gnu file names to toolchain format
configure:5615: result: func_convert_file_noop
configure:5622: checking for /usr/bin/ld option to reload object files
configure:5629: result: -r
configure:5703: checking for objdump
configure:5719: found /usr/bin/objdump
configure:5730: result: objdump
configure:5762: checking how to recognize dependent libraries
configure:5964: result: pass_all
configure:6049: checking for dlltool
configure:6079: result: no
configure:6109: checking how to associate runtime and link libraries
configure:6136: result: printf %s\n
configure:6197: checking for ar
configure:6213: found /usr/bin/ar
configure:6224: result: ar
configure:6261: checking for archiver @FILE support
configure:6278: gcc -c -g -O2  conftest.c >&5
configure:6278: $? = 0
configure:6281: ar cru libconftest.a @conftest.lst >&5
configure:6284: $? = 0
configure:6289: ar cru libconftest.a @conftest.lst >&5
ar: conftest.o: No such file or directory
configure:6292: $? = 1
configure:6304: result: @
configure:6362: checking for strip
configure:6378: found /usr/bin/strip
configure:6389: result: strip
configure:6461: checking for ranlib
configure:6477: found /usr/bin/ranlib
configure:6488: result: ranlib
configure:6590: checking command to parse /usr/bin/nm -B output from gcc object
configure:6710: gcc -c -g -O2  conftest.c >&5
configure:6713: $? = 0
configure:6717: /usr/bin/nm -B conftest.o \| sed -n -e 's/^.*[ ]\([ABCDGIRSTW][ABCDGIRSTW]*\)[ ][ ]*\([_A-Za-z][_A-Za-z0-9]*\)$/\1 \2 \2/p' | sed '/ __gnu_lto/d' \> conftest.nm
configure:6720: $? = 0
configure:6786: gcc -o conftest -g -O2   conftest.c conftstm.o >&5
configure:6789: $? = 0
configure:6827: result: ok
configure:6864: checking for sysroot
configure:6894: result: no
configure:6971: gcc -c -g -O2  conftest.c >&5
configure:6974: $? = 0
configure:7150: checking for mt
configure:7166: found /bin/mt
configure:7177: result: mt
configure:7200: checking if mt is a manifest tool
configure:7206: mt '-?'
configure:7214: result: no
configure:7852: checking for ANSI C header files
configure:7872: gcc -c -g -O2  conftest.c >&5
configure:7872: $? = 0
configure:7945: gcc -o conftest -g -O2   conftest.c  >&5
configure:7945: $? = 0
configure:7945: ./conftest
configure:7945: $? = 0
configure:7956: result: yes
configure:7969: checking for sys/types.h
configure:7969: gcc -c -g -O2  conftest.c >&5
configure:7969: $? = 0
configure:7969: result: yes
configure:7969: checking for sys/stat.h
configure:7969: gcc -c -g -O2  conftest.c >&5
configure:7969: $? = 0
configure:7969: result: yes
configure:7969: checking for stdlib.h
configure:7969: gcc -c -g -O2  conftest.c >&5
configure:7969: $? = 0
configure:7969: result: yes
configure:7969: checking for string.h
configure:7969: gcc -c -g -O2  conftest.c >&5
configure:7969: $? = 0
configure:7969: result: yes
configure:7969: checking for memory.h
configure:7969: gcc -c -g -O2  conftest.c >&5
configure:7969: $? = 0
configure:7969: result: yes
configure:7969: checking for strings.h
configure:7969: gcc -c -g -O2  conftest.c >&5
configure:7969: $? = 0
configure:7969: result: yes
configure:7969: checking for inttypes.h
configure:7969: gcc -c -g -O2  conftest.c >&5
configure:7969: $? = 0
configure:7969: result: yes
configure:7969: checking for stdint.h
configure:7969: gcc -c -g -O2  conftest.c >&5
configure:7969: $? = 0
configure:7969: result: yes
configure:7969: checking for unistd.h
configure:7969: gcc -c -g -O2  conftest.c >&5
configure:7969: $? = 0
configure:7969: result: yes
configure:7983: checking for dlfcn.h
configure:7983: gcc -c -g -O2  conftest.c >&5
configure:7983: $? = 0
configure:7983: result: yes
configure:8200: checking for objdir
configure:8215: result: .libs
configure:8482: checking if gcc supports -fno-rtti -fno-exceptions
configure:8500: gcc -c -g -O2  -fno-rtti -fno-exceptions conftest.c >&5
cc1: warning: command line option '-fno-rtti' is valid for C++/ObjC++ but not for C [enabled by default]
configure:8504: $? = 0
configure:8517: result: no
configure:8844: checking for gcc option to produce PIC
configure:8851: result: -fPIC -DPIC
configure:8859: checking if gcc PIC flag -fPIC -DPIC works
configure:8877: gcc -c -g -O2  -fPIC -DPIC -DPIC conftest.c >&5
configure:8881: $? = 0
configure:8894: result: yes
configure:8923: checking if gcc static flag -static works
configure:8951: result: yes
configure:8966: checking if gcc supports -c -o file.o
configure:8987: gcc -c -g -O2  -o out/conftest2.o conftest.c >&5
configure:8991: $? = 0
configure:9013: result: yes
configure:9021: checking if gcc supports -c -o file.o
configure:9068: result: yes
configure:9101: checking whether the gcc linker (/usr/bin/ld -m elf_x86_64) supports shared libraries
configure:10258: result: yes
configure:10295: checking whether -lc should be explicitly linked in
configure:10303: gcc -c -g -O2  conftest.c >&5
configure:10306: $? = 0
configure:10321: gcc -shared  -fPIC -DPIC conftest.o  -v -Wl,-soname -Wl,conftest -o conftest 2\>\&1 \| /bin/grep  -lc  \>/dev/null 2\>\&1
configure:10324: $? = 0
configure:10338: result: no
configure:10498: checking dynamic linker characteristics
configure:11009: gcc -o conftest -g -O2   -Wl,-rpath -Wl,/foo conftest.c  >&5
configure:11009: $? = 0
configure:11243: result: GNU/Linux ld.so
configure:11350: checking how to hardcode library paths into programs
configure:11375: result: immediate
configure:11915: checking whether stripping libraries is possible
configure:11920: result: yes
configure:11955: checking if libtool supports shared libraries
configure:11957: result: yes
configure:11960: checking whether to build shared libraries
configure:11981: result: yes
configure:11984: checking whether to build static libraries
configure:11988: result: yes
configure:12011: checking how to run the C++ preprocessor
configure:12038: g++ -E  conftest.cpp
configure:12038: $? = 0
configure:12052: g++ -E  conftest.cpp
conftest.cpp:23:28: fatal error: ac_nonexistent.h: No such file or directory
compilation terminated.
configure:12052: $? = 1
configure: failed program was:
| /* confdefs.h */
| #define PACKAGE_NAME "axis2c-src"
| #define PACKAGE_TARNAME "axis2c-src"
| #define PACKAGE_VERSION "1.6.0"
| #define PACKAGE_STRING "axis2c-src 1.6.0"
| #define PACKAGE_BUGREPORT ""
| #define PACKAGE_URL ""
| #define PACKAGE "axis2c-src"
| #define VERSION "1.6.0"
| #define STDC_HEADERS 1
| #define HAVE_SYS_TYPES_H 1
| #define HAVE_SYS_STAT_H 1
| #define HAVE_STDLIB_H 1
| #define HAVE_STRING_H 1
| #define HAVE_MEMORY_H 1
| #define HAVE_STRINGS_H 1
| #define HAVE_INTTYPES_H 1
| #define HAVE_STDINT_H 1
| #define HAVE_UNISTD_H 1
| #define HAVE_DLFCN_H 1
| #define LT_OBJDIR ".libs/"
| /* end confdefs.h.  */
| #include <ac_nonexistent.h>
configure:12077: result: g++ -E
configure:12097: g++ -E  conftest.cpp
configure:12097: $? = 0
configure:12111: g++ -E  conftest.cpp
conftest.cpp:23:28: fatal error: ac_nonexistent.h: No such file or directory
compilation terminated.
configure:12111: $? = 1
configure: failed program was:
| /* confdefs.h */
| #define PACKAGE_NAME "axis2c-src"
| #define PACKAGE_TARNAME "axis2c-src"
| #define PACKAGE_VERSION "1.6.0"
| #define PACKAGE_STRING "axis2c-src 1.6.0"
| #define PACKAGE_BUGREPORT ""
| #define PACKAGE_URL ""
| #define PACKAGE "axis2c-src"
| #define VERSION "1.6.0"
| #define STDC_HEADERS 1
| #define HAVE_SYS_TYPES_H 1
| #define HAVE_SYS_STAT_H 1
| #define HAVE_STDLIB_H 1
| #define HAVE_STRING_H 1
| #define HAVE_MEMORY_H 1
| #define HAVE_STRINGS_H 1
| #define HAVE_INTTYPES_H 1
| #define HAVE_STDINT_H 1
| #define HAVE_UNISTD_H 1
| #define HAVE_DLFCN_H 1
| #define LT_OBJDIR ".libs/"
| /* end confdefs.h.  */
| #include <ac_nonexistent.h>
configure:12280: checking for ld used by g++
configure:12347: result: /usr/bin/ld -m elf_x86_64
configure:12354: checking if the linker (/usr/bin/ld -m elf_x86_64) is GNU ld
configure:12369: result: yes
configure:12424: checking whether the g++ linker (/usr/bin/ld -m elf_x86_64) supports shared libraries
configure:13429: result: yes
configure:13465: g++ -c -g -O2  conftest.cpp >&5
configure:13468: $? = 0
configure:13988: checking for g++ option to produce PIC
configure:13995: result: -fPIC -DPIC
configure:14003: checking if g++ PIC flag -fPIC -DPIC works
configure:14021: g++ -c -g -O2  -fPIC -DPIC -DPIC conftest.cpp >&5
configure:14025: $? = 0
configure:14038: result: yes
configure:14061: checking if g++ static flag -static works
configure:14089: result: yes
configure:14101: checking if g++ supports -c -o file.o
configure:14122: g++ -c -g -O2  -o out/conftest2.o conftest.cpp >&5
configure:14126: $? = 0
configure:14148: result: yes
configure:14153: checking if g++ supports -c -o file.o
configure:14200: result: yes
configure:14230: checking whether the g++ linker (/usr/bin/ld -m elf_x86_64) supports shared libraries
configure:14269: result: yes
configure:14410: checking dynamic linker characteristics
configure:15089: result: GNU/Linux ld.so
configure:15142: checking how to hardcode library paths into programs
configure:15167: result: immediate
configure:15229: checking whether ln -s works
configure:15233: result: yes
configure:15240: checking whether make sets $(MAKE)
configure:15262: result: yes
configure:15273: checking for ISO C99 varargs macros in C
configure:15290: gcc -c -g -O2  conftest.c >&5
configure:15290: $? = 0
configure:15296: result: yes
configure:15299: checking for GNUC varargs macros
configure:15316: gcc -c -g -O2  conftest.c >&5
configure:15316: $? = 0
configure:15322: result: yes
configure:15336: checking for dlopen in -ldl
configure:15361: gcc -o conftest -g -O2   conftest.c -ldl   >&5
configure:15361: $? = 0
configure:15370: result: yes
configure:15381: checking for inflate in -lz
configure:15406: gcc -o conftest -g -O2   conftest.c -lz  -ldl  >&5
configure:15406: $? = 0
configure:15415: result: yes
configure:15426: checking for socket in -lsocket
configure:15451: gcc -o conftest -g -O2   conftest.c -lsocket  -lz -ldl  >&5
/usr/bin/ld: cannot find -lsocket
collect2: ld returned 1 exit status
configure:15451: $? = 1
configure: failed program was:
| /* confdefs.h */
| #define PACKAGE_NAME "axis2c-src"
| #define PACKAGE_TARNAME "axis2c-src"
| #define PACKAGE_VERSION "1.6.0"
| #define PACKAGE_STRING "axis2c-src 1.6.0"
| #define PACKAGE_BUGREPORT ""
| #define PACKAGE_URL ""
| #define PACKAGE "axis2c-src"
| #define VERSION "1.6.0"
| #define STDC_HEADERS 1
| #define HAVE_SYS_TYPES_H 1
| #define HAVE_SYS_STAT_H 1
| #define HAVE_STDLIB_H 1
| #define HAVE_STRING_H 1
| #define HAVE_MEMORY_H 1
| #define HAVE_STRINGS_H 1
| #define HAVE_INTTYPES_H 1
| #define HAVE_STDINT_H 1
| #define HAVE_UNISTD_H 1
| #define HAVE_DLFCN_H 1
| #define LT_OBJDIR ".libs/"
| #define HAVE_ISO_VARARGS 1
| #define HAVE_GNUC_VARARGS 1
| #define HAVE_LIBDL 1
| #define HAVE_LIBZ 1
| /* end confdefs.h.  */
| 
| /* Override any GCC internal prototype to avoid an error.
|    Use char because int might match the return type of a GCC
|    builtin and then its argument prototype would still apply.  */
| #ifdef __cplusplus
| extern "C"
| #endif
| char socket ();
| int
| main ()
| {
| return socket ();
|   ;
|   return 0;
| }
configure:15460: result: no
configure:15492: checking for ANSI C header files
configure:15596: result: yes
configure:15607: checking stdio.h usability
configure:15607: gcc -c -g -O2 -D_LARGEFILE64_SOURCE -ansi -Wall  -Wno-implicit-function-declaration -g -D_GNU_SOURCE  conftest.c >&5
configure:15607: $? = 0
configure:15607: result: yes
configure:15607: checking stdio.h presence
configure:15607: gcc -E  conftest.c
configure:15607: $? = 0
configure:15607: result: yes
configure:15607: checking for stdio.h
configure:15607: result: yes
configure:15607: checking for stdlib.h
configure:15607: result: yes
configure:15607: checking for string.h
configure:15607: result: yes
configure:15619: checking sys/socket.h usability
configure:15619: gcc -c -g -O2 -D_LARGEFILE64_SOURCE -ansi -Wall  -Wno-implicit-function-declaration -g -D_GNU_SOURCE  conftest.c >&5
configure:15619: $? = 0
configure:15619: result: yes
configure:15619: checking sys/socket.h presence
configure:15619: gcc -E  conftest.c
configure:15619: $? = 0
configure:15619: result: yes
configure:15619: checking for sys/socket.h
configure:15619: result: yes
configure:15631: checking for net/if.h
configure:15631: gcc -c -g -O2 -D_LARGEFILE64_SOURCE -ansi -Wall  -Wno-implicit-function-declaration -g -D_GNU_SOURCE  conftest.c >&5
configure:15631: $? = 0
configure:15631: result: yes
configure:15656: checking for linux/if.h
configure:15656: gcc -c -g -O2 -D_LARGEFILE64_SOURCE -ansi -Wall  -Wno-implicit-function-declaration -g -D_GNU_SOURCE  conftest.c >&5
configure:15656: $? = 0
configure:15656: result: yes
configure:15673: checking net/if_types.h usability
configure:15673: gcc -c -g -O2 -D_LARGEFILE64_SOURCE -ansi -Wall  -Wno-implicit-function-declaration -g -D_GNU_SOURCE  conftest.c >&5
conftest.c:67:26: fatal error: net/if_types.h: No such file or directory
compilation terminated.
configure:15673: $? = 1
configure: failed program was:
| /* confdefs.h */
| #define PACKAGE_NAME "axis2c-src"
| #define PACKAGE_TARNAME "axis2c-src"
| #define PACKAGE_VERSION "1.6.0"
| #define PACKAGE_STRING "axis2c-src 1.6.0"
| #define PACKAGE_BUGREPORT ""
| #define PACKAGE_URL ""
| #define PACKAGE "axis2c-src"
| #define VERSION "1.6.0"
| #define STDC_HEADERS 1
| #define HAVE_SYS_TYPES_H 1
| #define HAVE_SYS_STAT_H 1
| #define HAVE_STDLIB_H 1
| #define HAVE_STRING_H 1
| #define HAVE_MEMORY_H 1
| #define HAVE_STRINGS_H 1
| #define HAVE_INTTYPES_H 1
| #define HAVE_STDINT_H 1
| #define HAVE_UNISTD_H 1
| #define HAVE_DLFCN_H 1
| #define LT_OBJDIR ".libs/"
| #define HAVE_ISO_VARARGS 1
| #define HAVE_GNUC_VARARGS 1
| #define HAVE_LIBDL 1
| #define HAVE_LIBZ 1
| #define STDC_HEADERS 1
| #define HAVE_STDIO_H 1
| #define HAVE_STDLIB_H 1
| #define HAVE_STRING_H 1
| #define HAVE_SYS_SOCKET_H 1
| #define HAVE_NET_IF_H 1
| #define HAVE_LINUX_IF_H 1
| /* end confdefs.h.  */
| #include <stdio.h>
| #ifdef HAVE_SYS_TYPES_H
| # include <sys/types.h>
| #endif
| #ifdef HAVE_SYS_STAT_H
| # include <sys/stat.h>
| #endif
| #ifdef STDC_HEADERS
| # include <stdlib.h>
| # include <stddef.h>
| #else
| # ifdef HAVE_STDLIB_H
| #  include <stdlib.h>
| # endif
| #endif
| #ifdef HAVE_STRING_H
| # if !defined STDC_HEADERS && defined HAVE_MEMORY_H
| #  include <memory.h>
| # endif
| # include <string.h>
| #endif
| #ifdef HAVE_STRINGS_H
| # include <strings.h>
| #endif
| #ifdef HAVE_INTTYPES_H
| # include <inttypes.h>
| #endif
| #ifdef HAVE_STDINT_H
| # include <stdint.h>
| #endif
| #ifdef HAVE_UNISTD_H
| # include <unistd.h>
| #endif
| #include <net/if_types.h>
configure:15673: result: no
configure:15673: checking net/if_types.h presence
configure:15673: gcc -E  conftest.c
conftest.c:34:26: fatal error: net/if_types.h: No such file or directory
compilation terminated.
configure:15673: $? = 1
configure: failed program was:
| /* confdefs.h */
| #define PACKAGE_NAME "axis2c-src"
| #define PACKAGE_TARNAME "axis2c-src"
| #define PACKAGE_VERSION "1.6.0"
| #define PACKAGE_STRING "axis2c-src 1.6.0"
| #define PACKAGE_BUGREPORT ""
| #define PACKAGE_URL ""
| #define PACKAGE "axis2c-src"
| #define VERSION "1.6.0"
| #define STDC_HEADERS 1
| #define HAVE_SYS_TYPES_H 1
| #define HAVE_SYS_STAT_H 1
| #define HAVE_STDLIB_H 1
| #define HAVE_STRING_H 1
| #define HAVE_MEMORY_H 1
| #define HAVE_STRINGS_H 1
| #define HAVE_INTTYPES_H 1
| #define HAVE_STDINT_H 1
| #define HAVE_UNISTD_H 1
| #define HAVE_DLFCN_H 1
| #define LT_OBJDIR ".libs/"
| #define HAVE_ISO_VARARGS 1
| #define HAVE_GNUC_VARARGS 1
| #define HAVE_LIBDL 1
| #define HAVE_LIBZ 1
| #define STDC_HEADERS 1
| #define HAVE_STDIO_H 1
| #define HAVE_STDLIB_H 1
| #define HAVE_STRING_H 1
| #define HAVE_SYS_SOCKET_H 1
| #define HAVE_NET_IF_H 1
| #define HAVE_LINUX_IF_H 1
| /* end confdefs.h.  */
| #include <net/if_types.h>
configure:15673: result: no
configure:15673: checking for net/if_types.h
configure:15673: result: no
configure:15685: checking net/if_dl.h usability
configure:15685: gcc -c -g -O2 -D_LARGEFILE64_SOURCE -ansi -Wall  -Wno-implicit-function-declaration -g -D_GNU_SOURCE  conftest.c >&5
conftest.c:67:23: fatal error: net/if_dl.h: No such file or directory
compilation terminated.
configure:15685: $? = 1
configure: failed program was:
| /* confdefs.h */
| #define PACKAGE_NAME "axis2c-src"
| #define PACKAGE_TARNAME "axis2c-src"
| #define PACKAGE_VERSION "1.6.0"
| #define PACKAGE_STRING "axis2c-src 1.6.0"
| #define PACKAGE_BUGREPORT ""
| #define PACKAGE_URL ""
| #define PACKAGE "axis2c-src"
| #define VERSION "1.6.0"
| #define STDC_HEADERS 1
| #define HAVE_SYS_TYPES_H 1
| #define HAVE_SYS_STAT_H 1
| #define HAVE_STDLIB_H 1
| #define HAVE_STRING_H 1
| #define HAVE_MEMORY_H 1
| #define HAVE_STRINGS_H 1
| #define HAVE_INTTYPES_H 1
| #define HAVE_STDINT_H 1
| #define HAVE_UNISTD_H 1
| #define HAVE_DLFCN_H 1
| #define LT_OBJDIR ".libs/"
| #define HAVE_ISO_VARARGS 1
| #define HAVE_GNUC_VARARGS 1
| #define HAVE_LIBDL 1
| #define HAVE_LIBZ 1
| #define STDC_HEADERS 1
| #define HAVE_STDIO_H 1
| #define HAVE_STDLIB_H 1
| #define HAVE_STRING_H 1
| #define HAVE_SYS_SOCKET_H 1
| #define HAVE_NET_IF_H 1
| #define HAVE_LINUX_IF_H 1
| /* end confdefs.h.  */
| #include <stdio.h>
| #ifdef HAVE_SYS_TYPES_H
| # include <sys/types.h>
| #endif
| #ifdef HAVE_SYS_STAT_H
| # include <sys/stat.h>
| #endif
| #ifdef STDC_HEADERS
| # include <stdlib.h>
| # include <stddef.h>
| #else
| # ifdef HAVE_STDLIB_H
| #  include <stdlib.h>
| # endif
| #endif
| #ifdef HAVE_STRING_H
| # if !defined STDC_HEADERS && defined HAVE_MEMORY_H
| #  include <memory.h>
| # endif
| # include <string.h>
| #endif
| #ifdef HAVE_STRINGS_H
| # include <strings.h>
| #endif
| #ifdef HAVE_INTTYPES_H
| # include <inttypes.h>
| #endif
| #ifdef HAVE_STDINT_H
| # include <stdint.h>
| #endif
| #ifdef HAVE_UNISTD_H
| # include <unistd.h>
| #endif
| #include <net/if_dl.h>
configure:15685: result: no
configure:15685: checking net/if_dl.h presence
configure:15685: gcc -E  conftest.c
conftest.c:34:23: fatal error: net/if_dl.h: No such file or directory
compilation terminated.
configure:15685: $? = 1
configure: failed program was:
| /* confdefs.h */
| #define PACKAGE_NAME "axis2c-src"
| #define PACKAGE_TARNAME "axis2c-src"
| #define PACKAGE_VERSION "1.6.0"
| #define PACKAGE_STRING "axis2c-src 1.6.0"
| #define PACKAGE_BUGREPORT ""
| #define PACKAGE_URL ""
| #define PACKAGE "axis2c-src"
| #define VERSION "1.6.0"
| #define STDC_HEADERS 1
| #define HAVE_SYS_TYPES_H 1
| #define HAVE_SYS_STAT_H 1
| #define HAVE_STDLIB_H 1
| #define HAVE_STRING_H 1
| #define HAVE_MEMORY_H 1
| #define HAVE_STRINGS_H 1
| #define HAVE_INTTYPES_H 1
| #define HAVE_STDINT_H 1
| #define HAVE_UNISTD_H 1
| #define HAVE_DLFCN_H 1
| #define LT_OBJDIR ".libs/"
| #define HAVE_ISO_VARARGS 1
| #define HAVE_GNUC_VARARGS 1
| #define HAVE_LIBDL 1
| #define HAVE_LIBZ 1
| #define STDC_HEADERS 1
| #define HAVE_STDIO_H 1
| #define HAVE_STDLIB_H 1
| #define HAVE_STRING_H 1
| #define HAVE_SYS_SOCKET_H 1
| #define HAVE_NET_IF_H 1
| #define HAVE_LINUX_IF_H 1
| /* end confdefs.h.  */
| #include <net/if_dl.h>
configure:15685: result: no
configure:15685: checking for net/if_dl.h
configure:15685: result: no
configure:15698: checking sys/appleapiopts.h usability
configure:15698: gcc -c -g -O2 -D_LARGEFILE64_SOURCE -ansi -Wall  -Wno-implicit-function-declaration -g -D_GNU_SOURCE  conftest.c >&5
conftest.c:67:30: fatal error: sys/appleapiopts.h: No such file or directory
compilation terminated.
configure:15698: $? = 1
configure: failed program was:
| /* confdefs.h */
| #define PACKAGE_NAME "axis2c-src"
| #define PACKAGE_TARNAME "axis2c-src"
| #define PACKAGE_VERSION "1.6.0"
| #define PACKAGE_STRING "axis2c-src 1.6.0"
| #define PACKAGE_BUGREPORT ""
| #define PACKAGE_URL ""
| #define PACKAGE "axis2c-src"
| #define VERSION "1.6.0"
| #define STDC_HEADERS 1
| #define HAVE_SYS_TYPES_H 1
| #define HAVE_SYS_STAT_H 1
| #define HAVE_STDLIB_H 1
| #define HAVE_STRING_H 1
| #define HAVE_MEMORY_H 1
| #define HAVE_STRINGS_H 1
| #define HAVE_INTTYPES_H 1
| #define HAVE_STDINT_H 1
| #define HAVE_UNISTD_H 1
| #define HAVE_DLFCN_H 1
| #define LT_OBJDIR ".libs/"
| #define HAVE_ISO_VARARGS 1
| #define HAVE_GNUC_VARARGS 1
| #define HAVE_LIBDL 1
| #define HAVE_LIBZ 1
| #define STDC_HEADERS 1
| #define HAVE_STDIO_H 1
| #define HAVE_STDLIB_H 1
| #define HAVE_STRING_H 1
| #define HAVE_SYS_SOCKET_H 1
| #define HAVE_NET_IF_H 1
| #define HAVE_LINUX_IF_H 1
| /* end confdefs.h.  */
| #include <stdio.h>
| #ifdef HAVE_SYS_TYPES_H
| # include <sys/types.h>
| #endif
| #ifdef HAVE_SYS_STAT_H
| # include <sys/stat.h>
| #endif
| #ifdef STDC_HEADERS
| # include <stdlib.h>
| # include <stddef.h>
| #else
| # ifdef HAVE_STDLIB_H
| #  include <stdlib.h>
| # endif
| #endif
| #ifdef HAVE_STRING_H
| # if !defined STDC_HEADERS && defined HAVE_MEMORY_H
| #  include <memory.h>
| # endif
| # include <string.h>
| #endif
| #ifdef HAVE_STRINGS_H
| # include <strings.h>
| #endif
| #ifdef HAVE_INTTYPES_H
| # include <inttypes.h>
| #endif
| #ifdef HAVE_STDINT_H
| # include <stdint.h>
| #endif
| #ifdef HAVE_UNISTD_H
| # include <unistd.h>
| #endif
| #include <sys/appleapiopts.h>
configure:15698: result: no
configure:15698: checking sys/appleapiopts.h presence
configure:15698: gcc -E  conftest.c
conftest.c:34:30: fatal error: sys/appleapiopts.h: No such file or directory
compilation terminated.
configure:15698: $? = 1
configure: failed program was:
| /* confdefs.h */
| #define PACKAGE_NAME "axis2c-src"
| #define PACKAGE_TARNAME "axis2c-src"
| #define PACKAGE_VERSION "1.6.0"
| #define PACKAGE_STRING "axis2c-src 1.6.0"
| #define PACKAGE_BUGREPORT ""
| #define PACKAGE_URL ""
| #define PACKAGE "axis2c-src"
| #define VERSION "1.6.0"
| #define STDC_HEADERS 1
| #define HAVE_SYS_TYPES_H 1
| #define HAVE_SYS_STAT_H 1
| #define HAVE_STDLIB_H 1
| #define HAVE_STRING_H 1
| #define HAVE_MEMORY_H 1
| #define HAVE_STRINGS_H 1
| #define HAVE_INTTYPES_H 1
| #define HAVE_STDINT_H 1
| #define HAVE_UNISTD_H 1
| #define HAVE_DLFCN_H 1
| #define LT_OBJDIR ".libs/"
| #define HAVE_ISO_VARARGS 1
| #define HAVE_GNUC_VARARGS 1
| #define HAVE_LIBDL 1
| #define HAVE_LIBZ 1
| #define STDC_HEADERS 1
| #define HAVE_STDIO_H 1
| #define HAVE_STDLIB_H 1
| #define HAVE_STRING_H 1
| #define HAVE_SYS_SOCKET_H 1
| #define HAVE_NET_IF_H 1
| #define HAVE_LINUX_IF_H 1
| /* end confdefs.h.  */
| #include <sys/appleapiopts.h>
configure:15698: result: no
configure:15698: checking for sys/appleapiopts.h
configure:15698: result: no
configure:15711: checking whether to use archive
configure:15739: result: no
configure:15747: checking whether to build guththila xml parser library
configure:15764: result: yes
configure:15776: checking whether to build libxml2 xml parser library
configure:15832: checking for pkg-config
configure:15850: found /usr/bin/pkg-config
configure:15862: result: /usr/bin/pkg-config
configure:15887: checking pkg-config is at least version 0.9.0
configure:15890: result: yes
configure:15907: result: yes
configure:15912: checking for PARSER
configure:15919: $PKG_CONFIG --exists --print-errors "libxml-2.0"
configure:15922: $? = 0
configure:15936: $PKG_CONFIG --exists --print-errors "libxml-2.0"
configure:15939: $? = 0
configure:15997: result: yes
configure:16013: checking whether to build heimdal ntlm wrapper library
configure:16038: result: no
configure:16044: checking whether to build libntlm ntlm wrapper library
configure:16068: result: no
configure:16075: checking whether to build tcp transport
configure:16092: result: no
configure:16098: checking whether to build udp transport
configure:16115: result: no
configure:16121: checking whether to use apache2 as server transport
configure:16133: result: yes
configure:16152: checking whether to use apr. Note that if you build with apache2 you might need to do this.
configure:16163: result: yes
configure:16181: checking whether to build tests
configure:16199: result: no
configure:16207: checking whether to enable trace
configure:16224: result: no
configure:16231: checking whether to enable multi threading
configure:16249: result: yes
configure:16256: checking whether to use openssl
configure:16275: result: yes
configure:16286: checking whether to use libcurl
configure:16305: result: no
configure:16312: checking whether to use XMPP as a transport
configure:16341: result: no
configure:16347: checking whether to use gssapi
configure:16366: result: no
configure:16621: creating ./config.status

## ---------------------- ##
## Running config.status. ##
## ---------------------- ##

This file was extended by axis2c-src config.status 1.6.0, which was
generated by GNU Autoconf 2.68.  Invocation command line was

  CONFIG_FILES    = 
  CONFIG_HEADERS  = 
  CONFIG_LINKS    = 
  CONFIG_COMMANDS = 
  $ ./config.status 

on denisnovikov

config.status:1260: creating Makefile
config.status:1260: creating src/Makefile
config.status:1260: creating src/core/Makefile
config.status:1260: creating src/core/description/Makefile
config.status:1260: creating src/core/context/Makefile
config.status:1260: creating src/core/engine/Makefile
config.status:1260: creating src/core/addr/Makefile
config.status:1260: creating src/core/phaseresolver/Makefile
config.status:1260: creating src/core/transport/Makefile
config.status:1260: creating src/core/transport/http/Makefile
config.status:1260: creating src/core/transport/http/common/Makefile
config.status:1260: creating src/core/transport/http/util/Makefile
config.status:1260: creating src/core/transport/http/sender/Makefile
config.status:1260: creating src/core/transport/http/sender/ssl/Makefile
config.status:1260: creating src/core/transport/http/sender/libcurl/Makefile
config.status:1260: creating src/core/transport/http/sender/ntlm/Makefile
config.status:1260: creating src/core/transport/http/sender/ntlm/heimdal/Makefile
config.status:1260: creating src/core/transport/http/sender/ntlm/libntlm/Makefile
config.status:1260: creating src/core/transport/http/receiver/Makefile
config.status:1260: creating src/core/transport/http/server/simple_axis2_server/Makefile
config.status:1260: creating src/core/transport/http/server/Makefile
config.status:1260: creating src/core/transport/http/server/apache2/Makefile
config.status:1260: creating src/core/transport/tcp/Makefile
config.status:1260: creating src/core/transport/tcp/sender/Makefile
config.status:1260: creating src/core/transport/tcp/receiver/Makefile
config.status:1260: creating src/core/transport/tcp/server/Makefile
config.status:1260: creating src/core/transport/tcp/server/simple_tcp_server/Makefile
config.status:1260: creating src/core/transport/xmpp/Makefile
config.status:1260: creating src/core/transport/xmpp/sender/Makefile
config.status:1260: creating src/core/transport/xmpp/receiver/Makefile
config.status:1260: creating src/core/transport/xmpp/server/Makefile
config.status:1260: creating src/core/transport/xmpp/server/simple_xmpp_server/Makefile
config.status:1260: creating src/core/transport/udp/Makefile
config.status:1260: creating src/core/transport/udp/sender/Makefile
config.status:1260: creating src/core/transport/udp/receiver/Makefile
config.status:1260: creating src/core/transport/udp/server/Makefile
config.status:1260: creating src/core/deployment/Makefile
config.status:1260: creating src/core/clientapi/Makefile
config.status:1260: creating src/core/receivers/Makefile
config.status:1260: creating src/core/util/Makefile
config.status:1260: creating src/modules/Makefile
config.status:1260: creating src/modules/mod_addr/Makefile
config.status:1260: creating src/modules/mod_log/Makefile
config.status:1260: creating test/Makefile
config.status:1260: creating test/core/Makefile
config.status:1260: creating test/core/description/Makefile
config.status:1260: creating test/core/clientapi/Makefile
config.status:1260: creating test/core/deployment/Makefile
config.status:1260: creating test/core/context/Makefile
config.status:1260: creating test/core/engine/Makefile
config.status:1260: creating test/core/addr/Makefile
config.status:1260: creating test/core/transport/Makefile
config.status:1260: creating test/core/transport/http/Makefile
config.status:1260: creating ides/Makefile
config.status:1260: creating include/Makefile
config.status:1260: creating axis2c.pc
config.status:1260: creating config.h
config.status:1441: config.h is unchanged
config.status:1489: executing depfiles commands
config.status:1489: executing libtool commands
configure:19245: === configuring in util (/home/denis/Downloads/wso2/src/cpp/wsf_c/axis2c/util)
configure:19308: running /bin/bash ./configure --disable-option-checking '--prefix=/usr/local'  '--with-axis2=/usr/include/axis2-1.6.0' '--with-apache2=/usr/include/apache2' '--with-apr=/usr/include/apr-1.0' '--enable-libxml2' '--disable-wsclient' --cache-file=/dev/null --srcdir=.
configure:19245: === configuring in axiom (/home/denis/Downloads/wso2/src/cpp/wsf_c/axis2c/axiom)
configure:19308: running /bin/bash ./configure --disable-option-checking '--prefix=/usr/local'  '--with-axis2=/usr/include/axis2-1.6.0' '--with-apache2=/usr/include/apache2' '--with-apr=/usr/include/apr-1.0' '--enable-libxml2' '--disable-wsclient' --cache-file=/dev/null --srcdir=.
configure:19245: === configuring in neethi (/home/denis/Downloads/wso2/src/cpp/wsf_c/axis2c/neethi)
configure:19308: running /bin/bash ./configure --disable-option-checking '--prefix=/usr/local'  '--with-axis2=/usr/include/axis2-1.6.0' '--with-apache2=/usr/include/apache2' '--with-apr=/usr/include/apr-1.0' '--enable-libxml2' '--disable-wsclient' --cache-file=/dev/null --srcdir=.
configure:19245: === configuring in guththila (/home/denis/Downloads/wso2/src/cpp/wsf_c/axis2c/guththila)
configure:19308: running /bin/bash ./configure --disable-option-checking '--prefix=/usr/local'  '--with-axis2=/usr/include/axis2-1.6.0' '--with-apache2=/usr/include/apache2' '--with-apr=/usr/include/apr-1.0' '--enable-libxml2' '--disable-wsclient' --cache-file=/dev/null --srcdir=.

## ---------------- ##
## Cache variables. ##
## ---------------- ##

ac_cv_build=x86_64-unknown-linux-gnu
ac_cv_c_compiler_gnu=yes
ac_cv_cxx_compiler_gnu=yes
ac_cv_env_CCC_set=
ac_cv_env_CCC_value=
ac_cv_env_CC_set=
ac_cv_env_CC_value=
ac_cv_env_CFLAGS_set=
ac_cv_env_CFLAGS_value=
ac_cv_env_CPPFLAGS_set=
ac_cv_env_CPPFLAGS_value=
ac_cv_env_CPP_set=
ac_cv_env_CPP_value=
ac_cv_env_CXXCPP_set=
ac_cv_env_CXXCPP_value=
ac_cv_env_CXXFLAGS_set=
ac_cv_env_CXXFLAGS_value=
ac_cv_env_CXX_set=
ac_cv_env_CXX_value=
ac_cv_env_LDFLAGS_set=
ac_cv_env_LDFLAGS_value=
ac_cv_env_LIBS_set=
ac_cv_env_LIBS_value=
ac_cv_env_PARSER_CFLAGS_set=
ac_cv_env_PARSER_CFLAGS_value=
ac_cv_env_PARSER_LIBS_set=
ac_cv_env_PARSER_LIBS_value=
ac_cv_env_PKG_CONFIG_LIBDIR_set=
ac_cv_env_PKG_CONFIG_LIBDIR_value=
ac_cv_env_PKG_CONFIG_PATH_set=
ac_cv_env_PKG_CONFIG_PATH_value=
ac_cv_env_PKG_CONFIG_set=
ac_cv_env_PKG_CONFIG_value=
ac_cv_env_build_alias_set=
ac_cv_env_build_alias_value=
ac_cv_env_host_alias_set=
ac_cv_env_host_alias_value=
ac_cv_env_target_alias_set=
ac_cv_env_target_alias_value=
ac_cv_header_dlfcn_h=yes
ac_cv_header_inttypes_h=yes
ac_cv_header_linux_if_h=yes
ac_cv_header_memory_h=yes
ac_cv_header_net_if_dl_h=no
ac_cv_header_net_if_h=yes
ac_cv_header_net_if_types_h=no
ac_cv_header_stdc=yes
ac_cv_header_stdint_h=yes
ac_cv_header_stdio_h=yes
ac_cv_header_stdlib_h=yes
ac_cv_header_string_h=yes
ac_cv_header_strings_h=yes
ac_cv_header_sys_appleapiopts_h=no
ac_cv_header_sys_socket_h=yes
ac_cv_header_sys_stat_h=yes
ac_cv_header_sys_types_h=yes
ac_cv_header_unistd_h=yes
ac_cv_host=x86_64-unknown-linux-gnu
ac_cv_lib_dl_dlopen=yes
ac_cv_lib_socket_socket=no
ac_cv_lib_z_inflate=yes
ac_cv_objext=o
ac_cv_path_EGREP='/bin/grep -E'
ac_cv_path_FGREP='/bin/grep -F'
ac_cv_path_GREP=/bin/grep
ac_cv_path_SED=/bin/sed
ac_cv_path_ac_pt_PKG_CONFIG=/usr/bin/pkg-config
ac_cv_path_install='/usr/bin/install -c'
ac_cv_path_mkdir=/bin/mkdir
ac_cv_prog_AWK=gawk
ac_cv_prog_CPP='gcc -E'
ac_cv_prog_CXXCPP='g++ -E'
ac_cv_prog_ac_ct_AR=ar
ac_cv_prog_ac_ct_CC=gcc
ac_cv_prog_ac_ct_CXX=g++
ac_cv_prog_ac_ct_MANIFEST_TOOL=mt
ac_cv_prog_ac_ct_OBJDUMP=objdump
ac_cv_prog_ac_ct_RANLIB=ranlib
ac_cv_prog_ac_ct_STRIP=strip
ac_cv_prog_cc_c89=
ac_cv_prog_cc_g=yes
ac_cv_prog_cxx_g=yes
ac_cv_prog_make_make_set=yes
ac_cv_target=x86_64-unknown-linux-gnu
am_cv_CC_dependencies_compiler_type=gcc3
am_cv_CXX_dependencies_compiler_type=gcc3
am_cv_prog_tar_ustar=gnutar
lt_cv_ar_at_file=@
lt_cv_archive_cmds_need_lc=no
lt_cv_deplibs_check_method=pass_all
lt_cv_file_magic_cmd='$MAGIC_CMD'
lt_cv_file_magic_test_file=
lt_cv_ld_reload_flag=-r
lt_cv_nm_interface='BSD nm'
lt_cv_objdir=.libs
lt_cv_path_LD=/usr/bin/ld
lt_cv_path_LDCXX='/usr/bin/ld -m elf_x86_64'
lt_cv_path_NM='/usr/bin/nm -B'
lt_cv_path_mainfest_tool=no
lt_cv_prog_compiler_c_o=yes
lt_cv_prog_compiler_c_o_CXX=yes
lt_cv_prog_compiler_pic='-fPIC -DPIC'
lt_cv_prog_compiler_pic_CXX='-fPIC -DPIC'
lt_cv_prog_compiler_pic_works=yes
lt_cv_prog_compiler_pic_works_CXX=yes
lt_cv_prog_compiler_rtti_exceptions=no
lt_cv_prog_compiler_static_works=yes
lt_cv_prog_compiler_static_works_CXX=yes
lt_cv_prog_gnu_ld=yes
lt_cv_prog_gnu_ldcxx=yes
lt_cv_sharedlib_from_linklib_cmd='printf %s\n'
lt_cv_shlibpath_overrides_runpath=no
lt_cv_sys_global_symbol_pipe='sed -n -e '\''s/^.*[	 ]\([ABCDGIRSTW][ABCDGIRSTW]*\)[	 ][	 ]*\([_A-Za-z][_A-Za-z0-9]*\)$/\1 \2 \2/p'\'' | sed '\''/ __gnu_lto/d'\'''
lt_cv_sys_global_symbol_to_c_name_address='sed -n -e '\''s/^: \([^ ]*\)[ ]*$/  {\"\1\", (void *) 0},/p'\'' -e '\''s/^[ABCDGIRSTW]* \([^ ]*\) \([^ ]*\)$/  {"\2", (void *) \&\2},/p'\'''
lt_cv_sys_global_symbol_to_c_name_address_lib_prefix='sed -n -e '\''s/^: \([^ ]*\)[ ]*$/  {\"\1\", (void *) 0},/p'\'' -e '\''s/^[ABCDGIRSTW]* \([^ ]*\) \(lib[^ ]*\)$/  {"\2", (void *) \&\2},/p'\'' -e '\''s/^[ABCDGIRSTW]* \([^ ]*\) \([^ ]*\)$/  {"lib\2", (void *) \&\2},/p'\'''
lt_cv_sys_global_symbol_to_cdecl='sed -n -e '\''s/^T .* \(.*\)$/extern int \1();/p'\'' -e '\''s/^[ABCDGIRSTW]* .* \(.*\)$/extern char \1;/p'\'''
lt_cv_sys_max_cmd_len=1572864
lt_cv_to_host_file_cmd=func_convert_file_noop
lt_cv_to_tool_file_cmd=func_convert_file_noop
pkg_cv_PARSER_CFLAGS='-I/usr/include/libxml2  '
pkg_cv_PARSER_LIBS='-lxml2  '

## ----------------- ##
## Output variables. ##
## ----------------- ##

ACLOCAL='${SHELL} /home/denis/Downloads/wso2/src/cpp/wsf_c/axis2c/missing --run aclocal-1.11'
AMDEPBACKSLASH='\'
AMDEP_FALSE='#'
AMDEP_TRUE=''
AMTAR='$${TAR-tar}'
APACHE2BUILD='apache2'
APACHE2INC='-I/usr/include/apache2'
APRINC='-I/usr/include/apr-1.0'
AR='ar'
AUTOCONF='${SHELL} /home/denis/Downloads/wso2/src/cpp/wsf_c/axis2c/missing --run autoconf'
AUTOHEADER='${SHELL} /home/denis/Downloads/wso2/src/cpp/wsf_c/axis2c/missing --run autoheader'
AUTOMAKE='${SHELL} /home/denis/Downloads/wso2/src/cpp/wsf_c/axis2c/missing --run automake-1.11'
AWK='gawk'
AXIS2_LIBCURL_ENABLED_FALSE=''
AXIS2_LIBCURL_ENABLED_TRUE='#'
AXIS2_SSL_ENABLED_FALSE='#'
AXIS2_SSL_ENABLED_TRUE=''
AXIS2_XMPP_ENABLED_FALSE=''
AXIS2_XMPP_ENABLED_TRUE='#'
AXIS2_XMPP_GSSAPI_FALSE=''
AXIS2_XMPP_GSSAPI_TRUE='#'
CC='gcc'
CCDEPMODE='depmode=gcc3'
CFLAGS='-g -O2 -D_LARGEFILE64_SOURCE -ansi -Wall  -Wno-implicit-function-declaration -g -D_GNU_SOURCE -I/usr/include/libxml2   -DAXIS2_SVR_MULTI_THREADED -DAXIS2_SSL_ENABLED'
CPP='gcc -E'
CPPFLAGS=''
CXX='g++'
CXXCPP='g++ -E'
CXXDEPMODE='depmode=gcc3'
CXXFLAGS='-g -O2'
CYGPATH_W='echo'
DEFS='-DHAVE_CONFIG_H'
DEPDIR='.deps'
DICLIENT_DIR=''
DLLTOOL='false'
DSYMUTIL=''
DUMPBIN=''
ECHO_C=''
ECHO_N='-n'
ECHO_T=''
EGREP='/bin/grep -E'
EXEEXT=''
FGREP='/bin/grep -F'
GREP='/bin/grep'
GUTHTHILA_DIR='guththila'
GUTHTHILA_LIBS='/guththila/src/'
IKSEMELINC=''
IKSEMELLIB=''
INSTALL_DATA='${INSTALL} -m 644'
INSTALL_PROGRAM='${INSTALL}'
INSTALL_SCRIPT='${INSTALL}'
INSTALL_STRIP_PROGRAM='$(install_sh) -c -s'
LD='/usr/bin/ld -m elf_x86_64'
LDFLAGS=' -lpthread -lxml2  '
LIBOBJS=''
LIBS='-lz -ldl '
LIBTOOL='$(SHELL) $(top_builddir)/libtool'
LIPO=''
LN_S='ln -s'
LTLIBOBJS=''
MAKEINFO='${SHELL} /home/denis/Downloads/wso2/src/cpp/wsf_c/axis2c/missing --run makeinfo'
MANIFEST_TOOL=':'
MKDIR_P='/bin/mkdir -p'
NM='/usr/bin/nm -B'
NMEDIT=''
NTLM_CFLAGS=''
NTLM_DIR=''
NTLM_LDFLAGS=''
NTLM_LIB=''
NTLM_WRAPPER_DIR=''
OBJDUMP='objdump'
OBJEXT='o'
OPENSSLINC='-I/usr/include/openssl'
OPENSSLLIB=''
OTOOL64=''
OTOOL=''
PACKAGE='axis2c-src'
PACKAGE_BUGREPORT=''
PACKAGE_NAME='axis2c-src'
PACKAGE_STRING='axis2c-src 1.6.0'
PACKAGE_TARNAME='axis2c-src'
PACKAGE_URL=''
PACKAGE_VERSION='1.6.0'
PARSER_CFLAGS='-I/usr/include/libxml2  '
PARSER_DIR=''
PARSER_LIBS='-lxml2  '
PATH_SEPARATOR=':'
PKG_CONFIG='/usr/bin/pkg-config'
PKG_CONFIG_LIBDIR=''
PKG_CONFIG_PATH=''
RANLIB='ranlib'
SAMPLES=''
SED='/bin/sed'
SET_MAKE=''
SHELL='/bin/bash'
STRIP='strip'
TCP_DIR=''
TESTDIR=''
UDP_DIR=''
VERSION='1.6.0'
VERSION_NO='6:0:6'
WRAPPER_DIR='libxml2'
XMPP_DIR=''
ZLIBBUILD=''
ac_ct_AR='ar'
ac_ct_CC='gcc'
ac_ct_CXX='g++'
ac_ct_DUMPBIN=''
am__EXEEXT_FALSE=''
am__EXEEXT_TRUE='#'
am__fastdepCC_FALSE='#'
am__fastdepCC_TRUE=''
am__fastdepCXX_FALSE='#'
am__fastdepCXX_TRUE=''
am__include='include'
am__isrc=''
am__leading_dot='.'
am__nodep='_no'
am__quote=''
am__tar='tar --format=ustar -chf - "$$tardir"'
am__untar='tar -xf -'
bindir='${exec_prefix}/bin'
build='x86_64-unknown-linux-gnu'
build_alias=''
build_cpu='x86_64'
build_os='linux-gnu'
build_vendor='unknown'
datadir='${datarootdir}'
datarootdir='${prefix}/share'
docdir='${datarootdir}/doc/${PACKAGE_TARNAME}'
dvidir='${docdir}'
exec_prefix='${prefix}'
host='x86_64-unknown-linux-gnu'
host_alias=''
host_cpu='x86_64'
host_os='linux-gnu'
host_vendor='unknown'
htmldir='${docdir}'
includedir='${prefix}/include'
infodir='${datarootdir}/info'
install_sh='${SHELL} /home/denis/Downloads/wso2/src/cpp/wsf_c/axis2c/install-sh'
libdir='${exec_prefix}/lib'
libexecdir='${exec_prefix}/libexec'
localedir='${datarootdir}/locale'
localstatedir='${prefix}/var'
mandir='${datarootdir}/man'
mkdir_p='/bin/mkdir -p'
oldincludedir='/usr/include'
pdfdir='${docdir}'
prefix='/usr/local'
program_transform_name='s,x,x,'
psdir='${docdir}'
sbindir='${exec_prefix}/sbin'
sharedstatedir='${prefix}/com'
subdirs=' util axiom neethi guththila'
sysconfdir='${prefix}/etc'
target='x86_64-unknown-linux-gnu'
target_alias=''
target_cpu='x86_64'
target_os='linux-gnu'
target_vendor='unknown'

## ----------- ##
## confdefs.h. ##
## ----------- ##

/* confdefs.h */
#define PACKAGE_NAME "axis2c-src"
#define PACKAGE_TARNAME "axis2c-src"
#define PACKAGE_VERSION "1.6.0"
#define PACKAGE_STRING "axis2c-src 1.6.0"
#define PACKAGE_BUGREPORT ""
#define PACKAGE_URL ""
#define PACKAGE "axis2c-src"
#define VERSION "1.6.0"
#define STDC_HEADERS 1
#define HAVE_SYS_TYPES_H 1
#define HAVE_SYS_STAT_H 1
#define HAVE_STDLIB_H 1
#define HAVE_STRING_H 1
#define HAVE_MEMORY_H 1
#define HAVE_STRINGS_H 1
#define HAVE_INTTYPES_H 1
#define HAVE_STDINT_H 1
#define HAVE_UNISTD_H 1
#define HAVE_DLFCN_H 1
#define LT_OBJDIR ".libs/"
#define HAVE_ISO_VARARGS 1
#define HAVE_GNUC_VARARGS 1
#define HAVE_LIBDL 1
#define HAVE_LIBZ 1
#define STDC_HEADERS 1
#define HAVE_STDIO_H 1
#define HAVE_STDLIB_H 1
#define HAVE_STRING_H 1
#define HAVE_SYS_SOCKET_H 1
#define HAVE_NET_IF_H 1
#define HAVE_LINUX_IF_H 1

configure: exit 0

## ---------------------- ##
## Running config.status. ##
## ---------------------- ##

This file was extended by axis2c-src config.status 1.6.0, which was
generated by GNU Autoconf 2.68.  Invocation command line was

  CONFIG_FILES    = 
  CONFIG_HEADERS  = 
  CONFIG_LINKS    = 
  CONFIG_COMMANDS = 
  $ ./config.status config.h

on denisnovikov

config.status:1260: creating config.h
config.status:1441: config.h is unchanged
