This file contains any messages produced by compilers while
running configure, to aid debugging if configure makes a mistake.

It was created by wsclient-src configure 0.93, which was
generated by GNU Autoconf 2.68.  Invocation command line was

  $ ./configure --disable-option-checking --prefix=/usr/local --with-axis2=/usr/include/axis2-1.6.0 --with-apache2=/usr/include/apache2 --with-apr=/usr/include/apr-1.0 --enable-libxml2 --cache-file=/dev/null --srcdir=.

## --------- ##
## Platform. ##
## --------- ##

hostname = denisnovikov
uname -m = x86_64
uname -r = 3.2.0-25-generic
uname -s = Linux
uname -v = #40-Ubuntu SMP Wed May 23 20:30:51 UTC 2012

/usr/bin/uname -p = unknown
/bin/uname -X     = unknown

/bin/arch              = unknown
/usr/bin/arch -k       = unknown
/usr/convex/getsysinfo = unknown
/usr/bin/hostinfo      = unknown
/bin/machine           = unknown
/usr/bin/oslevel       = unknown
/bin/universe          = unknown

PATH: /home/denis/bin
PATH: /usr/local/sbin
PATH: /usr/local/bin
PATH: /usr/sbin
PATH: /usr/bin
PATH: /sbin
PATH: /bin
PATH: /usr/games


## ----------- ##
## Core tests. ##
## ----------- ##

configure:2365: checking build system type
configure:2379: result: x86_64-unknown-linux-gnu
configure:2399: checking host system type
configure:2412: result: x86_64-unknown-linux-gnu
configure:2432: checking target system type
configure:2445: result: x86_64-unknown-linux-gnu
configure:2490: checking for a BSD-compatible install
configure:2558: result: /usr/bin/install -c
configure:2569: checking whether build environment is sane
configure:2619: result: yes
configure:2760: checking for a thread-safe mkdir -p
configure:2799: result: /bin/mkdir -p
configure:2812: checking for gawk
configure:2828: found /usr/bin/gawk
configure:2839: result: gawk
configure:2850: checking whether make sets $(MAKE)
configure:2872: result: yes
configure:2947: checking how to create a ustar tar archive
configure:2960: tar --version
tar (GNU tar) 1.26
Copyright (C) 2011 Free Software Foundation, Inc.
License GPLv3+: GNU GPL version 3 or later <http://gnu.org/licenses/gpl.html>.
This is free software: you are free to change and redistribute it.
There is NO WARRANTY, to the extent permitted by law.

Written by John Gilmore and Jay Fenlason.
configure:2963: $? = 0
configure:3003: tardir=conftest.dir && eval tar --format=ustar -chf - "$tardir" >conftest.tar
configure:3006: $? = 0
configure:3010: tar -xf - <conftest.tar
configure:3013: $? = 0
configure:3026: result: gnutar
configure:3083: checking for gcc
configure:3099: found /usr/bin/gcc
configure:3110: result: gcc
configure:3339: checking for C compiler version
configure:3348: gcc --version >&5
gcc (Ubuntu/Linaro 4.6.3-1ubuntu5) 4.6.3
Copyright (C) 2011 Free Software Foundation, Inc.
This is free software; see the source for copying conditions.  There is NO
warranty; not even for MERCHANTABILITY or FITNESS FOR A PARTICULAR PURPOSE.

configure:3359: $? = 0
configure:3348: gcc -v >&5
Using built-in specs.
COLLECT_GCC=gcc
COLLECT_LTO_WRAPPER=/usr/lib/gcc/x86_64-linux-gnu/4.6/lto-wrapper
Target: x86_64-linux-gnu
Configured with: ../src/configure -v --with-pkgversion='Ubuntu/Linaro 4.6.3-1ubuntu5' --with-bugurl=file:///usr/share/doc/gcc-4.6/README.Bugs --enable-languages=c,c++,fortran,objc,obj-c++ --prefix=/usr --program-suffix=-4.6 --enable-shared --enable-linker-build-id --with-system-zlib --libexecdir=/usr/lib --without-included-gettext --enable-threads=posix --with-gxx-include-dir=/usr/include/c++/4.6 --libdir=/usr/lib --enable-nls --with-sysroot=/ --enable-clocale=gnu --enable-libstdcxx-debug --enable-libstdcxx-time=yes --enable-gnu-unique-object --enable-plugin --enable-objc-gc --disable-werror --with-arch-32=i686 --with-tune=generic --enable-checking=release --build=x86_64-linux-gnu --host=x86_64-linux-gnu --target=x86_64-linux-gnu
Thread model: posix
gcc version 4.6.3 (Ubuntu/Linaro 4.6.3-1ubuntu5) 
configure:3359: $? = 0
configure:3348: gcc -V >&5
gcc: error: unrecognized option '-V'
gcc: fatal error: no input files
compilation terminated.
configure:3359: $? = 4
configure:3348: gcc -qversion >&5
gcc: error: unrecognized option '-qversion'
gcc: fatal error: no input files
compilation terminated.
configure:3359: $? = 4
configure:3379: checking whether the C compiler works
configure:3401: gcc    conftest.c  >&5
configure:3405: $? = 0
configure:3453: result: yes
configure:3456: checking for C compiler default output file name
configure:3458: result: a.out
configure:3464: checking for suffix of executables
configure:3471: gcc -o conftest    conftest.c  >&5
configure:3475: $? = 0
configure:3497: result: 
configure:3519: checking whether we are cross compiling
configure:3527: gcc -o conftest    conftest.c  >&5
configure:3531: $? = 0
configure:3538: ./conftest
configure:3542: $? = 0
configure:3557: result: no
configure:3562: checking for suffix of object files
configure:3584: gcc -c   conftest.c >&5
configure:3588: $? = 0
configure:3609: result: o
configure:3613: checking whether we are using the GNU C compiler
configure:3632: gcc -c   conftest.c >&5
configure:3632: $? = 0
configure:3641: result: yes
configure:3650: checking whether gcc accepts -g
configure:3670: gcc -c -g  conftest.c >&5
configure:3670: $? = 0
configure:3711: result: yes
configure:3728: checking for gcc option to accept ISO C89
configure:3792: gcc  -c -g -O2  conftest.c >&5
configure:3792: $? = 0
configure:3805: result: none needed
configure:3836: checking for style of include used by make
configure:3864: result: GNU
configure:3890: checking dependency style of gcc
configure:4001: result: gcc3
configure:4074: checking for g++
configure:4090: found /usr/bin/g++
configure:4101: result: g++
configure:4128: checking for C++ compiler version
configure:4137: g++ --version >&5
g++ (Ubuntu/Linaro 4.6.3-1ubuntu5) 4.6.3
Copyright (C) 2011 Free Software Foundation, Inc.
This is free software; see the source for copying conditions.  There is NO
warranty; not even for MERCHANTABILITY or FITNESS FOR A PARTICULAR PURPOSE.

configure:4148: $? = 0
configure:4137: g++ -v >&5
Using built-in specs.
COLLECT_GCC=g++
COLLECT_LTO_WRAPPER=/usr/lib/gcc/x86_64-linux-gnu/4.6/lto-wrapper
Target: x86_64-linux-gnu
Configured with: ../src/configure -v --with-pkgversion='Ubuntu/Linaro 4.6.3-1ubuntu5' --with-bugurl=file:///usr/share/doc/gcc-4.6/README.Bugs --enable-languages=c,c++,fortran,objc,obj-c++ --prefix=/usr --program-suffix=-4.6 --enable-shared --enable-linker-build-id --with-system-zlib --libexecdir=/usr/lib --without-included-gettext --enable-threads=posix --with-gxx-include-dir=/usr/include/c++/4.6 --libdir=/usr/lib --enable-nls --with-sysroot=/ --enable-clocale=gnu --enable-libstdcxx-debug --enable-libstdcxx-time=yes --enable-gnu-unique-object --enable-plugin --enable-objc-gc --disable-werror --with-arch-32=i686 --with-tune=generic --enable-checking=release --build=x86_64-linux-gnu --host=x86_64-linux-gnu --target=x86_64-linux-gnu
Thread model: posix
gcc version 4.6.3 (Ubuntu/Linaro 4.6.3-1ubuntu5) 
configure:4148: $? = 0
configure:4137: g++ -V >&5
g++: error: unrecognized option '-V'
g++: fatal error: no input files
compilation terminated.
configure:4148: $? = 4
configure:4137: g++ -qversion >&5
g++: error: unrecognized option '-qversion'
g++: fatal error: no input files
compilation terminated.
configure:4148: $? = 4
configure:4152: checking whether we are using the GNU C++ compiler
configure:4171: g++ -c   conftest.cpp >&5
configure:4171: $? = 0
configure:4180: result: yes
configure:4189: checking whether g++ accepts -g
configure:4209: g++ -c -g  conftest.cpp >&5
configure:4209: $? = 0
configure:4250: result: yes
configure:4275: checking dependency style of g++
configure:4386: result: gcc3
configure:4406: checking how to run the C preprocessor
configure:4437: gcc -E  conftest.c
configure:4437: $? = 0
configure:4451: gcc -E  conftest.c
conftest.c:11:28: fatal error: ac_nonexistent.h: No such file or directory
compilation terminated.
configure:4451: $? = 1
configure: failed program was:
| /* confdefs.h */
| #define PACKAGE_NAME "wsclient-src"
| #define PACKAGE_TARNAME "wsclient-src"
| #define PACKAGE_VERSION "0.93"
| #define PACKAGE_STRING "wsclient-src 0.93"
| #define PACKAGE_BUGREPORT ""
| #define PACKAGE_URL ""
| #define PACKAGE "wsclient-src"
| #define VERSION "0.93"
| /* end confdefs.h.  */
| #include <ac_nonexistent.h>
configure:4476: result: gcc -E
configure:4496: gcc -E  conftest.c
configure:4496: $? = 0
configure:4510: gcc -E  conftest.c
conftest.c:11:28: fatal error: ac_nonexistent.h: No such file or directory
compilation terminated.
configure:4510: $? = 1
configure: failed program was:
| /* confdefs.h */
| #define PACKAGE_NAME "wsclient-src"
| #define PACKAGE_TARNAME "wsclient-src"
| #define PACKAGE_VERSION "0.93"
| #define PACKAGE_STRING "wsclient-src 0.93"
| #define PACKAGE_BUGREPORT ""
| #define PACKAGE_URL ""
| #define PACKAGE "wsclient-src"
| #define VERSION "0.93"
| /* end confdefs.h.  */
| #include <ac_nonexistent.h>
configure:4584: checking how to print strings
configure:4611: result: printf
configure:4632: checking for a sed that does not truncate output
configure:4696: result: /bin/sed
configure:4714: checking for grep that handles long lines and -e
configure:4772: result: /bin/grep
configure:4777: checking for egrep
configure:4839: result: /bin/grep -E
configure:4844: checking for fgrep
configure:4906: result: /bin/grep -F
configure:4941: checking for ld used by gcc
configure:5008: result: /usr/bin/ld
configure:5015: checking if the linker (/usr/bin/ld) is GNU ld
configure:5030: result: yes
configure:5042: checking for BSD- or MS-compatible name lister (nm)
configure:5091: result: /usr/bin/nm -B
configure:5221: checking the name lister (/usr/bin/nm -B) interface
configure:5228: gcc -c -g -O2  conftest.c >&5
configure:5231: /usr/bin/nm -B "conftest.o"
configure:5234: output
0000000000000000 B some_variable
configure:5241: result: BSD nm
configure:5244: checking whether ln -s works
configure:5248: result: yes
configure:5256: checking the maximum length of command line arguments
configure:5386: result: 1572864
configure:5403: checking whether the shell understands some XSI constructs
configure:5413: result: yes
configure:5417: checking whether the shell understands "+="
configure:5423: result: yes
configure:5458: checking how to convert x86_64-unknown-linux-gnu file names to x86_64-unknown-linux-gnu format
configure:5498: result: func_convert_file_noop
configure:5505: checking how to convert x86_64-unknown-linux-gnu file names to toolchain format
configure:5525: result: func_convert_file_noop
configure:5532: checking for /usr/bin/ld option to reload object files
configure:5539: result: -r
configure:5613: checking for objdump
configure:5629: found /usr/bin/objdump
configure:5640: result: objdump
configure:5672: checking how to recognize dependent libraries
configure:5874: result: pass_all
configure:5959: checking for dlltool
configure:5989: result: no
configure:6019: checking how to associate runtime and link libraries
configure:6046: result: printf %s\n
configure:6107: checking for ar
configure:6123: found /usr/bin/ar
configure:6134: result: ar
configure:6171: checking for archiver @FILE support
configure:6188: gcc -c -g -O2  conftest.c >&5
configure:6188: $? = 0
configure:6191: ar cru libconftest.a @conftest.lst >&5
configure:6194: $? = 0
configure:6199: ar cru libconftest.a @conftest.lst >&5
ar: conftest.o: No such file or directory
configure:6202: $? = 1
configure:6214: result: @
configure:6272: checking for strip
configure:6288: found /usr/bin/strip
configure:6299: result: strip
configure:6371: checking for ranlib
configure:6387: found /usr/bin/ranlib
configure:6398: result: ranlib
configure:6500: checking command to parse /usr/bin/nm -B output from gcc object
configure:6620: gcc -c -g -O2  conftest.c >&5
configure:6623: $? = 0
configure:6627: /usr/bin/nm -B conftest.o \| sed -n -e 's/^.*[ ]\([ABCDGIRSTW][ABCDGIRSTW]*\)[ ][ ]*\([_A-Za-z][_A-Za-z0-9]*\)$/\1 \2 \2/p' | sed '/ __gnu_lto/d' \> conftest.nm
configure:6630: $? = 0
configure:6696: gcc -o conftest -g -O2   conftest.c conftstm.o >&5
configure:6699: $? = 0
configure:6737: result: ok
configure:6774: checking for sysroot
configure:6804: result: no
configure:6881: gcc -c -g -O2  conftest.c >&5
configure:6884: $? = 0
configure:7060: checking for mt
configure:7076: found /bin/mt
configure:7087: result: mt
configure:7110: checking if mt is a manifest tool
configure:7116: mt '-?'
configure:7124: result: no
configure:7762: checking for ANSI C header files
configure:7782: gcc -c -g -O2  conftest.c >&5
configure:7782: $? = 0
configure:7855: gcc -o conftest -g -O2   conftest.c  >&5
configure:7855: $? = 0
configure:7855: ./conftest
configure:7855: $? = 0
configure:7866: result: yes
configure:7879: checking for sys/types.h
configure:7879: gcc -c -g -O2  conftest.c >&5
configure:7879: $? = 0
configure:7879: result: yes
configure:7879: checking for sys/stat.h
configure:7879: gcc -c -g -O2  conftest.c >&5
configure:7879: $? = 0
configure:7879: result: yes
configure:7879: checking for stdlib.h
configure:7879: gcc -c -g -O2  conftest.c >&5
configure:7879: $? = 0
configure:7879: result: yes
configure:7879: checking for string.h
configure:7879: gcc -c -g -O2  conftest.c >&5
configure:7879: $? = 0
configure:7879: result: yes
configure:7879: checking for memory.h
configure:7879: gcc -c -g -O2  conftest.c >&5
configure:7879: $? = 0
configure:7879: result: yes
configure:7879: checking for strings.h
configure:7879: gcc -c -g -O2  conftest.c >&5
configure:7879: $? = 0
configure:7879: result: yes
configure:7879: checking for inttypes.h
configure:7879: gcc -c -g -O2  conftest.c >&5
configure:7879: $? = 0
configure:7879: result: yes
configure:7879: checking for stdint.h
configure:7879: gcc -c -g -O2  conftest.c >&5
configure:7879: $? = 0
configure:7879: result: yes
configure:7879: checking for unistd.h
configure:7879: gcc -c -g -O2  conftest.c >&5
configure:7879: $? = 0
configure:7879: result: yes
configure:7893: checking for dlfcn.h
configure:7893: gcc -c -g -O2  conftest.c >&5
configure:7893: $? = 0
configure:7893: result: yes
configure:8110: checking for objdir
configure:8125: result: .libs
configure:8392: checking if gcc supports -fno-rtti -fno-exceptions
configure:8410: gcc -c -g -O2  -fno-rtti -fno-exceptions conftest.c >&5
cc1: warning: command line option '-fno-rtti' is valid for C++/ObjC++ but not for C [enabled by default]
configure:8414: $? = 0
configure:8427: result: no
configure:8754: checking for gcc option to produce PIC
configure:8761: result: -fPIC -DPIC
configure:8769: checking if gcc PIC flag -fPIC -DPIC works
configure:8787: gcc -c -g -O2  -fPIC -DPIC -DPIC conftest.c >&5
configure:8791: $? = 0
configure:8804: result: yes
configure:8833: checking if gcc static flag -static works
configure:8861: result: yes
configure:8876: checking if gcc supports -c -o file.o
configure:8897: gcc -c -g -O2  -o out/conftest2.o conftest.c >&5
configure:8901: $? = 0
configure:8923: result: yes
configure:8931: checking if gcc supports -c -o file.o
configure:8978: result: yes
configure:9011: checking whether the gcc linker (/usr/bin/ld -m elf_x86_64) supports shared libraries
configure:10168: result: yes
configure:10205: checking whether -lc should be explicitly linked in
configure:10213: gcc -c -g -O2  conftest.c >&5
configure:10216: $? = 0
configure:10231: gcc -shared  -fPIC -DPIC conftest.o  -v -Wl,-soname -Wl,conftest -o conftest 2\>\&1 \| /bin/grep  -lc  \>/dev/null 2\>\&1
configure:10234: $? = 0
configure:10248: result: no
configure:10408: checking dynamic linker characteristics
configure:10919: gcc -o conftest -g -O2   -Wl,-rpath -Wl,/foo conftest.c  >&5
configure:10919: $? = 0
configure:11153: result: GNU/Linux ld.so
configure:11260: checking how to hardcode library paths into programs
configure:11285: result: immediate
configure:11825: checking whether stripping libraries is possible
configure:11830: result: yes
configure:11865: checking if libtool supports shared libraries
configure:11867: result: yes
configure:11870: checking whether to build shared libraries
configure:11891: result: yes
configure:11894: checking whether to build static libraries
configure:11898: result: yes
configure:11921: checking how to run the C++ preprocessor
configure:11948: g++ -E  conftest.cpp
configure:11948: $? = 0
configure:11962: g++ -E  conftest.cpp
conftest.cpp:23:28: fatal error: ac_nonexistent.h: No such file or directory
compilation terminated.
configure:11962: $? = 1
configure: failed program was:
| /* confdefs.h */
| #define PACKAGE_NAME "wsclient-src"
| #define PACKAGE_TARNAME "wsclient-src"
| #define PACKAGE_VERSION "0.93"
| #define PACKAGE_STRING "wsclient-src 0.93"
| #define PACKAGE_BUGREPORT ""
| #define PACKAGE_URL ""
| #define PACKAGE "wsclient-src"
| #define VERSION "0.93"
| #define STDC_HEADERS 1
| #define HAVE_SYS_TYPES_H 1
| #define HAVE_SYS_STAT_H 1
| #define HAVE_STDLIB_H 1
| #define HAVE_STRING_H 1
| #define HAVE_MEMORY_H 1
| #define HAVE_STRINGS_H 1
| #define HAVE_INTTYPES_H 1
| #define HAVE_STDINT_H 1
| #define HAVE_UNISTD_H 1
| #define HAVE_DLFCN_H 1
| #define LT_OBJDIR ".libs/"
| /* end confdefs.h.  */
| #include <ac_nonexistent.h>
configure:11987: result: g++ -E
configure:12007: g++ -E  conftest.cpp
configure:12007: $? = 0
configure:12021: g++ -E  conftest.cpp
conftest.cpp:23:28: fatal error: ac_nonexistent.h: No such file or directory
compilation terminated.
configure:12021: $? = 1
configure: failed program was:
| /* confdefs.h */
| #define PACKAGE_NAME "wsclient-src"
| #define PACKAGE_TARNAME "wsclient-src"
| #define PACKAGE_VERSION "0.93"
| #define PACKAGE_STRING "wsclient-src 0.93"
| #define PACKAGE_BUGREPORT ""
| #define PACKAGE_URL ""
| #define PACKAGE "wsclient-src"
| #define VERSION "0.93"
| #define STDC_HEADERS 1
| #define HAVE_SYS_TYPES_H 1
| #define HAVE_SYS_STAT_H 1
| #define HAVE_STDLIB_H 1
| #define HAVE_STRING_H 1
| #define HAVE_MEMORY_H 1
| #define HAVE_STRINGS_H 1
| #define HAVE_INTTYPES_H 1
| #define HAVE_STDINT_H 1
| #define HAVE_UNISTD_H 1
| #define HAVE_DLFCN_H 1
| #define LT_OBJDIR ".libs/"
| /* end confdefs.h.  */
| #include <ac_nonexistent.h>
configure:12190: checking for ld used by g++
configure:12257: result: /usr/bin/ld -m elf_x86_64
configure:12264: checking if the linker (/usr/bin/ld -m elf_x86_64) is GNU ld
configure:12279: result: yes
configure:12334: checking whether the g++ linker (/usr/bin/ld -m elf_x86_64) supports shared libraries
configure:13339: result: yes
configure:13375: g++ -c -g -O2  conftest.cpp >&5
configure:13378: $? = 0
configure:13898: checking for g++ option to produce PIC
configure:13905: result: -fPIC -DPIC
configure:13913: checking if g++ PIC flag -fPIC -DPIC works
configure:13931: g++ -c -g -O2  -fPIC -DPIC -DPIC conftest.cpp >&5
configure:13935: $? = 0
configure:13948: result: yes
configure:13971: checking if g++ static flag -static works
configure:13999: result: yes
configure:14011: checking if g++ supports -c -o file.o
configure:14032: g++ -c -g -O2  -o out/conftest2.o conftest.cpp >&5
configure:14036: $? = 0
configure:14058: result: yes
configure:14063: checking if g++ supports -c -o file.o
configure:14110: result: yes
configure:14140: checking whether the g++ linker (/usr/bin/ld -m elf_x86_64) supports shared libraries
configure:14179: result: yes
configure:14320: checking dynamic linker characteristics
configure:14999: result: GNU/Linux ld.so
configure:15052: checking how to hardcode library paths into programs
configure:15077: result: immediate
configure:15139: checking whether ln -s works
configure:15143: result: yes
configure:15150: checking whether make sets $(MAKE)
configure:15172: result: yes
configure:15182: checking for dlopen in -ldl
configure:15207: gcc -o conftest -g -O2   conftest.c -ldl   >&5
configure:15207: $? = 0
configure:15216: result: yes
configure:15227: checking for inflate in -lz
configure:15252: gcc -o conftest -g -O2   conftest.c -lz  -ldl  >&5
configure:15252: $? = 0
configure:15261: result: yes
configure:15281: checking for ANSI C header files
configure:15385: result: yes
configure:15396: checking stdio.h usability
configure:15396: gcc -c -g -O2 -D_LARGEFILE64_SOURCE -ansi -Wall -Wno-implicit-function-declaration   conftest.c >&5
configure:15396: $? = 0
configure:15396: result: yes
configure:15396: checking stdio.h presence
configure:15396: gcc -E  conftest.c
configure:15396: $? = 0
configure:15396: result: yes
configure:15396: checking for stdio.h
configure:15396: result: yes
configure:15396: checking for stdlib.h
configure:15396: result: yes
configure:15396: checking for string.h
configure:15396: result: yes
configure:15408: checking for linux/if.h
configure:15408: gcc -c -g -O2 -D_LARGEFILE64_SOURCE -ansi -Wall -Wno-implicit-function-declaration   conftest.c >&5
configure:15408: $? = 0
configure:15408: result: yes
configure:15422: checking for an ANSI C-conforming const
configure:15487: gcc -c -g -O2 -D_LARGEFILE64_SOURCE -ansi -Wall -Wno-implicit-function-declaration   conftest.c >&5
conftest.c: In function 'main':
conftest.c:59:10: warning: 't' is used uninitialized in this function [-Wuninitialized]
configure:15487: $? = 0
configure:15494: result: yes
configure:15505: checking for stdlib.h
configure:15505: result: yes
configure:15515: checking for GNU libc compatible malloc
configure:15539: gcc -o conftest -g -O2 -D_LARGEFILE64_SOURCE -ansi -Wall -Wno-implicit-function-declaration   -lpthread conftest.c -lz -ldl  >&5
configure:15539: $? = 0
configure:15539: ./conftest
configure:15539: $? = 0
configure:15549: result: yes
configure:15572: checking for stdlib.h
configure:15572: result: yes
configure:15582: checking for GNU libc compatible realloc
configure:15606: gcc -o conftest -g -O2 -D_LARGEFILE64_SOURCE -ansi -Wall -Wno-implicit-function-declaration   -lpthread conftest.c -lz -ldl  >&5
configure:15606: $? = 0
configure:15606: ./conftest
configure:15606: $? = 0
configure:15616: result: yes
configure:15639: checking whether to build tests
configure:15657: result: no
configure:15664: checking whether to enable trace
configure:15681: result: no
configure:15688: checking whether to build rampart
configure:15708: result: yes
configure:15718: checking whether to use openssl
configure:15737: result: no
configure:15744: checking path to use Axis2C . This is a compulsory to build Sandesha2C
configure:15755: result: /usr/include/axis2-1.6.0
configure:15945: creating ./config.status

## ---------------------- ##
## Running config.status. ##
## ---------------------- ##

This file was extended by wsclient-src config.status 0.93, which was
generated by GNU Autoconf 2.68.  Invocation command line was

  CONFIG_FILES    = 
  CONFIG_HEADERS  = 
  CONFIG_LINKS    = 
  CONFIG_COMMANDS = 
  $ ./config.status 

on denisnovikov

config.status:1181: creating Makefile
config.status:1181: creating src/Makefile
config.status:1181: creating samples/Makefile
config.status:1181: creating samples/data/Makefile
config.status:1181: creating config.h
config.status:1362: config.h is unchanged
config.status:1410: executing depfiles commands
config.status:1410: executing libtool commands

## ---------------- ##
## Cache variables. ##
## ---------------- ##

ac_cv_build=x86_64-unknown-linux-gnu
ac_cv_c_compiler_gnu=yes
ac_cv_c_const=yes
ac_cv_cxx_compiler_gnu=yes
ac_cv_env_CCC_set=
ac_cv_env_CCC_value=
ac_cv_env_CC_set=
ac_cv_env_CC_value=
ac_cv_env_CFLAGS_set=
ac_cv_env_CFLAGS_value=
ac_cv_env_CPPFLAGS_set=
ac_cv_env_CPPFLAGS_value=
ac_cv_env_CPP_set=
ac_cv_env_CPP_value=
ac_cv_env_CXXCPP_set=
ac_cv_env_CXXCPP_value=
ac_cv_env_CXXFLAGS_set=
ac_cv_env_CXXFLAGS_value=
ac_cv_env_CXX_set=
ac_cv_env_CXX_value=
ac_cv_env_LDFLAGS_set=
ac_cv_env_LDFLAGS_value=
ac_cv_env_LIBS_set=
ac_cv_env_LIBS_value=
ac_cv_env_build_alias_set=
ac_cv_env_build_alias_value=
ac_cv_env_host_alias_set=
ac_cv_env_host_alias_value=
ac_cv_env_target_alias_set=
ac_cv_env_target_alias_value=
ac_cv_func_malloc_0_nonnull=yes
ac_cv_func_realloc_0_nonnull=yes
ac_cv_header_dlfcn_h=yes
ac_cv_header_inttypes_h=yes
ac_cv_header_linux_if_h=yes
ac_cv_header_memory_h=yes
ac_cv_header_stdc=yes
ac_cv_header_stdint_h=yes
ac_cv_header_stdio_h=yes
ac_cv_header_stdlib_h=yes
ac_cv_header_string_h=yes
ac_cv_header_strings_h=yes
ac_cv_header_sys_stat_h=yes
ac_cv_header_sys_types_h=yes
ac_cv_header_unistd_h=yes
ac_cv_host=x86_64-unknown-linux-gnu
ac_cv_lib_dl_dlopen=yes
ac_cv_lib_z_inflate=yes
ac_cv_objext=o
ac_cv_path_EGREP='/bin/grep -E'
ac_cv_path_FGREP='/bin/grep -F'
ac_cv_path_GREP=/bin/grep
ac_cv_path_SED=/bin/sed
ac_cv_path_install='/usr/bin/install -c'
ac_cv_path_mkdir=/bin/mkdir
ac_cv_prog_AWK=gawk
ac_cv_prog_CPP='gcc -E'
ac_cv_prog_CXXCPP='g++ -E'
ac_cv_prog_ac_ct_AR=ar
ac_cv_prog_ac_ct_CC=gcc
ac_cv_prog_ac_ct_CXX=g++
ac_cv_prog_ac_ct_MANIFEST_TOOL=mt
ac_cv_prog_ac_ct_OBJDUMP=objdump
ac_cv_prog_ac_ct_RANLIB=ranlib
ac_cv_prog_ac_ct_STRIP=strip
ac_cv_prog_cc_c89=
ac_cv_prog_cc_g=yes
ac_cv_prog_cxx_g=yes
ac_cv_prog_make_make_set=yes
ac_cv_target=x86_64-unknown-linux-gnu
am_cv_CC_dependencies_compiler_type=gcc3
am_cv_CXX_dependencies_compiler_type=gcc3
am_cv_prog_tar_ustar=gnutar
lt_cv_ar_at_file=@
lt_cv_archive_cmds_need_lc=no
lt_cv_deplibs_check_method=pass_all
lt_cv_file_magic_cmd='$MAGIC_CMD'
lt_cv_file_magic_test_file=
lt_cv_ld_reload_flag=-r
lt_cv_nm_interface='BSD nm'
lt_cv_objdir=.libs
lt_cv_path_LD=/usr/bin/ld
lt_cv_path_LDCXX='/usr/bin/ld -m elf_x86_64'
lt_cv_path_NM='/usr/bin/nm -B'
lt_cv_path_mainfest_tool=no
lt_cv_prog_compiler_c_o=yes
lt_cv_prog_compiler_c_o_CXX=yes
lt_cv_prog_compiler_pic='-fPIC -DPIC'
lt_cv_prog_compiler_pic_CXX='-fPIC -DPIC'
lt_cv_prog_compiler_pic_works=yes
lt_cv_prog_compiler_pic_works_CXX=yes
lt_cv_prog_compiler_rtti_exceptions=no
lt_cv_prog_compiler_static_works=yes
lt_cv_prog_compiler_static_works_CXX=yes
lt_cv_prog_gnu_ld=yes
lt_cv_prog_gnu_ldcxx=yes
lt_cv_sharedlib_from_linklib_cmd='printf %s\n'
lt_cv_shlibpath_overrides_runpath=no
lt_cv_sys_global_symbol_pipe='sed -n -e '\''s/^.*[	 ]\([ABCDGIRSTW][ABCDGIRSTW]*\)[	 ][	 ]*\([_A-Za-z][_A-Za-z0-9]*\)$/\1 \2 \2/p'\'' | sed '\''/ __gnu_lto/d'\'''
lt_cv_sys_global_symbol_to_c_name_address='sed -n -e '\''s/^: \([^ ]*\)[ ]*$/  {\"\1\", (void *) 0},/p'\'' -e '\''s/^[ABCDGIRSTW]* \([^ ]*\) \([^ ]*\)$/  {"\2", (void *) \&\2},/p'\'''
lt_cv_sys_global_symbol_to_c_name_address_lib_prefix='sed -n -e '\''s/^: \([^ ]*\)[ ]*$/  {\"\1\", (void *) 0},/p'\'' -e '\''s/^[ABCDGIRSTW]* \([^ ]*\) \(lib[^ ]*\)$/  {"\2", (void *) \&\2},/p'\'' -e '\''s/^[ABCDGIRSTW]* \([^ ]*\) \([^ ]*\)$/  {"lib\2", (void *) \&\2},/p'\'''
lt_cv_sys_global_symbol_to_cdecl='sed -n -e '\''s/^T .* \(.*\)$/extern int \1();/p'\'' -e '\''s/^[ABCDGIRSTW]* .* \(.*\)$/extern char \1;/p'\'''
lt_cv_sys_max_cmd_len=1572864
lt_cv_to_host_file_cmd=func_convert_file_noop
lt_cv_to_tool_file_cmd=func_convert_file_noop

## ----------------- ##
## Output variables. ##
## ----------------- ##

ACLOCAL='${SHELL} /home/denis/Downloads/wso2/src/cpp/wsf_c/wsclient/missing --run aclocal-1.11'
AMDEPBACKSLASH='\'
AMDEP_FALSE='#'
AMDEP_TRUE=''
AMTAR='$${TAR-tar}'
AR='ar'
AUTOCONF='${SHELL} /home/denis/Downloads/wso2/src/cpp/wsf_c/wsclient/missing --run autoconf'
AUTOHEADER='${SHELL} /home/denis/Downloads/wso2/src/cpp/wsf_c/wsclient/missing --run autoheader'
AUTOMAKE='${SHELL} /home/denis/Downloads/wso2/src/cpp/wsf_c/wsclient/missing --run automake-1.11'
AWK='gawk'
AXIOMINC='-I/usr/include/axis2-1.6.0/../axiom/include'
AXIS2INC='-I/usr/include/axis2-1.6.0'
AXIS2_SSL_ENABLED_FALSE=''
AXIS2_SSL_ENABLED_TRUE='#'
CC='gcc'
CCDEPMODE='depmode=gcc3'
CFLAGS='-g -O2 -D_LARGEFILE64_SOURCE -ansi -Wall -Wno-implicit-function-declaration  -DWSF_RAMPART_ENABLED'
CPP='gcc -E'
CPPFLAGS=''
CXX='g++'
CXXCPP='g++ -E'
CXXDEPMODE='depmode=gcc3'
CXXFLAGS='-g -O2'
CYGPATH_W='echo'
DEFS='-DHAVE_CONFIG_H'
DEPDIR='.deps'
DLLTOOL='false'
DSYMUTIL=''
DUMPBIN=''
ECHO_C=''
ECHO_N='-n'
ECHO_T=''
EGREP='/bin/grep -E'
EXEEXT=''
FGREP='/bin/grep -F'
GREP='/bin/grep'
INSTALL_DATA='${INSTALL} -m 644'
INSTALL_PROGRAM='${INSTALL}'
INSTALL_SCRIPT='${INSTALL}'
INSTALL_STRIP_PROGRAM='$(install_sh) -c -s'
LD='/usr/bin/ld -m elf_x86_64'
LDFLAGS='-lpthread'
LIBOBJS=''
LIBS='-lz -ldl '
LIBTOOL='$(SHELL) $(top_builddir)/libtool'
LIPO=''
LN_S='ln -s'
LTLIBOBJS=''
MAKEINFO='${SHELL} /home/denis/Downloads/wso2/src/cpp/wsf_c/wsclient/missing --run makeinfo'
MANIFEST_TOOL=':'
MKDIR_P='/bin/mkdir -p'
NEETHIINC='-I/usr/include/axis2-1.6.0/../neethi/include'
NM='/usr/bin/nm -B'
NMEDIT=''
OBJDUMP='objdump'
OBJEXT='o'
OMXMLSEC_LIBS='../../rampartc/src/omxmlsec/libomxmlsec.la'
OTOOL64=''
OTOOL=''
PACKAGE='wsclient-src'
PACKAGE_BUGREPORT=''
PACKAGE_NAME='wsclient-src'
PACKAGE_STRING='wsclient-src 0.93'
PACKAGE_TARNAME='wsclient-src'
PACKAGE_URL=''
PACKAGE_VERSION='0.93'
PATH_SEPARATOR=':'
RAMPART_LIBS='../../rampartc/src/core/libmod_rampart.la'
RANLIB='ranlib'
SAMPLES=''
SECCONV_LIBS='../../rampartc/src/secconv/libsecconv.la'
SED='/bin/sed'
SET_MAKE=''
SHELL='/bin/bash'
STRIP='strip'
TESTDIR=''
UTILINC='-I/usr/include/axis2-1.6.0/../util/include'
VERSION='0.93'
ac_ct_AR='ar'
ac_ct_CC='gcc'
ac_ct_CXX='g++'
ac_ct_DUMPBIN=''
am__EXEEXT_FALSE=''
am__EXEEXT_TRUE='#'
am__fastdepCC_FALSE='#'
am__fastdepCC_TRUE=''
am__fastdepCXX_FALSE='#'
am__fastdepCXX_TRUE=''
am__include='include'
am__isrc=''
am__leading_dot='.'
am__nodep='_no'
am__quote=''
am__tar='tar --format=ustar -chf - "$$tardir"'
am__untar='tar -xf -'
bindir='${exec_prefix}/bin'
build='x86_64-unknown-linux-gnu'
build_alias=''
build_cpu='x86_64'
build_os='linux-gnu'
build_vendor='unknown'
datadir='${datarootdir}'
datarootdir='${prefix}/share'
docdir='${datarootdir}/doc/${PACKAGE_TARNAME}'
dvidir='${docdir}'
exec_prefix='${prefix}'
host='x86_64-unknown-linux-gnu'
host_alias=''
host_cpu='x86_64'
host_os='linux-gnu'
host_vendor='unknown'
htmldir='${docdir}'
includedir='${prefix}/include'
infodir='${datarootdir}/info'
install_sh='${SHELL} /home/denis/Downloads/wso2/src/cpp/wsf_c/wsclient/install-sh'
libdir='${exec_prefix}/lib'
libexecdir='${exec_prefix}/libexec'
localedir='${datarootdir}/locale'
localstatedir='${prefix}/var'
mandir='${datarootdir}/man'
mkdir_p='/bin/mkdir -p'
oldincludedir='/usr/include'
pdfdir='${docdir}'
prefix='/usr/local'
program_transform_name='s,x,x,'
psdir='${docdir}'
sbindir='${exec_prefix}/sbin'
sharedstatedir='${prefix}/com'
sysconfdir='${prefix}/etc'
target='x86_64-unknown-linux-gnu'
target_alias=''
target_cpu='x86_64'
target_os='linux-gnu'
target_vendor='unknown'

## ----------- ##
## confdefs.h. ##
## ----------- ##

/* confdefs.h */
#define PACKAGE_NAME "wsclient-src"
#define PACKAGE_TARNAME "wsclient-src"
#define PACKAGE_VERSION "0.93"
#define PACKAGE_STRING "wsclient-src 0.93"
#define PACKAGE_BUGREPORT ""
#define PACKAGE_URL ""
#define PACKAGE "wsclient-src"
#define VERSION "0.93"
#define STDC_HEADERS 1
#define HAVE_SYS_TYPES_H 1
#define HAVE_SYS_STAT_H 1
#define HAVE_STDLIB_H 1
#define HAVE_STRING_H 1
#define HAVE_MEMORY_H 1
#define HAVE_STRINGS_H 1
#define HAVE_INTTYPES_H 1
#define HAVE_STDINT_H 1
#define HAVE_UNISTD_H 1
#define HAVE_DLFCN_H 1
#define LT_OBJDIR ".libs/"
#define HAVE_LIBDL 1
#define HAVE_LIBZ 1
#define STDC_HEADERS 1
#define HAVE_STDIO_H 1
#define HAVE_STDLIB_H 1
#define HAVE_STRING_H 1
#define HAVE_LINUX_IF_H 1
#define HAVE_STDLIB_H 1
#define HAVE_MALLOC 1
#define HAVE_STDLIB_H 1
#define HAVE_REALLOC 1
#define WSFC_PREFIX "/usr/local"

configure: exit 0
