This file contains any messages produced by compilers while
running configure, to aid debugging if configure makes a mistake.

It was created by axis2_axiom-src configure 1.6.0, which was
generated by GNU Autoconf 2.68.  Invocation command line was

  $ ./configure --disable-option-checking --prefix=/usr/local --with-axis2=/usr/include/axis2-1.6.0 --with-apache2=/usr/include/apache2 --with-apr=/usr/include/apr-1.0 --enable-libxml2 --disable-wsclient --cache-file=/dev/null --srcdir=.

## --------- ##
## Platform. ##
## --------- ##

hostname = denisnovikov
uname -m = x86_64
uname -r = 3.2.0-25-generic
uname -s = Linux
uname -v = #40-Ubuntu SMP Wed May 23 20:30:51 UTC 2012

/usr/bin/uname -p = unknown
/bin/uname -X     = unknown

/bin/arch              = unknown
/usr/bin/arch -k       = unknown
/usr/convex/getsysinfo = unknown
/usr/bin/hostinfo      = unknown
/bin/machine           = unknown
/usr/bin/oslevel       = unknown
/bin/universe          = unknown

PATH: /home/denis/bin
PATH: /usr/local/sbin
PATH: /usr/local/bin
PATH: /usr/sbin
PATH: /usr/bin
PATH: /sbin
PATH: /bin
PATH: /usr/games


## ----------- ##
## Core tests. ##
## ----------- ##

configure:2376: checking build system type
configure:2390: result: x86_64-unknown-linux-gnu
configure:2410: checking host system type
configure:2423: result: x86_64-unknown-linux-gnu
configure:2443: checking target system type
configure:2456: result: x86_64-unknown-linux-gnu
configure:2501: checking for a BSD-compatible install
configure:2569: result: /usr/bin/install -c
configure:2580: checking whether build environment is sane
configure:2630: result: yes
configure:2771: checking for a thread-safe mkdir -p
configure:2810: result: /bin/mkdir -p
configure:2823: checking for gawk
configure:2839: found /usr/bin/gawk
configure:2850: result: gawk
configure:2861: checking whether make sets $(MAKE)
configure:2883: result: yes
configure:3013: checking for gcc
configure:3029: found /usr/bin/gcc
configure:3040: result: gcc
configure:3269: checking for C compiler version
configure:3278: gcc --version >&5
gcc (Ubuntu/Linaro 4.6.3-1ubuntu5) 4.6.3
Copyright (C) 2011 Free Software Foundation, Inc.
This is free software; see the source for copying conditions.  There is NO
warranty; not even for MERCHANTABILITY or FITNESS FOR A PARTICULAR PURPOSE.

configure:3289: $? = 0
configure:3278: gcc -v >&5
Using built-in specs.
COLLECT_GCC=gcc
COLLECT_LTO_WRAPPER=/usr/lib/gcc/x86_64-linux-gnu/4.6/lto-wrapper
Target: x86_64-linux-gnu
Configured with: ../src/configure -v --with-pkgversion='Ubuntu/Linaro 4.6.3-1ubuntu5' --with-bugurl=file:///usr/share/doc/gcc-4.6/README.Bugs --enable-languages=c,c++,fortran,objc,obj-c++ --prefix=/usr --program-suffix=-4.6 --enable-shared --enable-linker-build-id --with-system-zlib --libexecdir=/usr/lib --without-included-gettext --enable-threads=posix --with-gxx-include-dir=/usr/include/c++/4.6 --libdir=/usr/lib --enable-nls --with-sysroot=/ --enable-clocale=gnu --enable-libstdcxx-debug --enable-libstdcxx-time=yes --enable-gnu-unique-object --enable-plugin --enable-objc-gc --disable-werror --with-arch-32=i686 --with-tune=generic --enable-checking=release --build=x86_64-linux-gnu --host=x86_64-linux-gnu --target=x86_64-linux-gnu
Thread model: posix
gcc version 4.6.3 (Ubuntu/Linaro 4.6.3-1ubuntu5) 
configure:3289: $? = 0
configure:3278: gcc -V >&5
gcc: error: unrecognized option '-V'
gcc: fatal error: no input files
compilation terminated.
configure:3289: $? = 4
configure:3278: gcc -qversion >&5
gcc: error: unrecognized option '-qversion'
gcc: fatal error: no input files
compilation terminated.
configure:3289: $? = 4
configure:3309: checking whether the C compiler works
configure:3331: gcc    conftest.c  >&5
configure:3335: $? = 0
configure:3383: result: yes
configure:3386: checking for C compiler default output file name
configure:3388: result: a.out
configure:3394: checking for suffix of executables
configure:3401: gcc -o conftest    conftest.c  >&5
configure:3405: $? = 0
configure:3427: result: 
configure:3449: checking whether we are cross compiling
configure:3457: gcc -o conftest    conftest.c  >&5
configure:3461: $? = 0
configure:3468: ./conftest
configure:3472: $? = 0
configure:3487: result: no
configure:3492: checking for suffix of object files
configure:3514: gcc -c   conftest.c >&5
configure:3518: $? = 0
configure:3539: result: o
configure:3543: checking whether we are using the GNU C compiler
configure:3562: gcc -c   conftest.c >&5
configure:3562: $? = 0
configure:3571: result: yes
configure:3580: checking whether gcc accepts -g
configure:3600: gcc -c -g  conftest.c >&5
configure:3600: $? = 0
configure:3641: result: yes
configure:3658: checking for gcc option to accept ISO C89
configure:3722: gcc  -c -g -O2  conftest.c >&5
configure:3722: $? = 0
configure:3735: result: none needed
configure:3766: checking for style of include used by make
configure:3794: result: GNU
configure:3820: checking dependency style of gcc
configure:3931: result: gcc3
configure:4004: checking for g++
configure:4020: found /usr/bin/g++
configure:4031: result: g++
configure:4058: checking for C++ compiler version
configure:4067: g++ --version >&5
g++ (Ubuntu/Linaro 4.6.3-1ubuntu5) 4.6.3
Copyright (C) 2011 Free Software Foundation, Inc.
This is free software; see the source for copying conditions.  There is NO
warranty; not even for MERCHANTABILITY or FITNESS FOR A PARTICULAR PURPOSE.

configure:4078: $? = 0
configure:4067: g++ -v >&5
Using built-in specs.
COLLECT_GCC=g++
COLLECT_LTO_WRAPPER=/usr/lib/gcc/x86_64-linux-gnu/4.6/lto-wrapper
Target: x86_64-linux-gnu
Configured with: ../src/configure -v --with-pkgversion='Ubuntu/Linaro 4.6.3-1ubuntu5' --with-bugurl=file:///usr/share/doc/gcc-4.6/README.Bugs --enable-languages=c,c++,fortran,objc,obj-c++ --prefix=/usr --program-suffix=-4.6 --enable-shared --enable-linker-build-id --with-system-zlib --libexecdir=/usr/lib --without-included-gettext --enable-threads=posix --with-gxx-include-dir=/usr/include/c++/4.6 --libdir=/usr/lib --enable-nls --with-sysroot=/ --enable-clocale=gnu --enable-libstdcxx-debug --enable-libstdcxx-time=yes --enable-gnu-unique-object --enable-plugin --enable-objc-gc --disable-werror --with-arch-32=i686 --with-tune=generic --enable-checking=release --build=x86_64-linux-gnu --host=x86_64-linux-gnu --target=x86_64-linux-gnu
Thread model: posix
gcc version 4.6.3 (Ubuntu/Linaro 4.6.3-1ubuntu5) 
configure:4078: $? = 0
configure:4067: g++ -V >&5
g++: error: unrecognized option '-V'
g++: fatal error: no input files
compilation terminated.
configure:4078: $? = 4
configure:4067: g++ -qversion >&5
g++: error: unrecognized option '-qversion'
g++: fatal error: no input files
compilation terminated.
configure:4078: $? = 4
configure:4082: checking whether we are using the GNU C++ compiler
configure:4101: g++ -c   conftest.cpp >&5
configure:4101: $? = 0
configure:4110: result: yes
configure:4119: checking whether g++ accepts -g
configure:4139: g++ -c -g  conftest.cpp >&5
configure:4139: $? = 0
configure:4180: result: yes
configure:4205: checking dependency style of g++
configure:4316: result: gcc3
configure:4336: checking how to run the C preprocessor
configure:4367: gcc -E  conftest.c
configure:4367: $? = 0
configure:4381: gcc -E  conftest.c
conftest.c:11:28: fatal error: ac_nonexistent.h: No such file or directory
compilation terminated.
configure:4381: $? = 1
configure: failed program was:
| /* confdefs.h */
| #define PACKAGE_NAME "axis2_axiom-src"
| #define PACKAGE_TARNAME "axis2_axiom-src"
| #define PACKAGE_VERSION "1.6.0"
| #define PACKAGE_STRING "axis2_axiom-src 1.6.0"
| #define PACKAGE_BUGREPORT ""
| #define PACKAGE_URL ""
| #define PACKAGE "axis2_axiom-src"
| #define VERSION "1.6.0"
| /* end confdefs.h.  */
| #include <ac_nonexistent.h>
configure:4406: result: gcc -E
configure:4426: gcc -E  conftest.c
configure:4426: $? = 0
configure:4440: gcc -E  conftest.c
conftest.c:11:28: fatal error: ac_nonexistent.h: No such file or directory
compilation terminated.
configure:4440: $? = 1
configure: failed program was:
| /* confdefs.h */
| #define PACKAGE_NAME "axis2_axiom-src"
| #define PACKAGE_TARNAME "axis2_axiom-src"
| #define PACKAGE_VERSION "1.6.0"
| #define PACKAGE_STRING "axis2_axiom-src 1.6.0"
| #define PACKAGE_BUGREPORT ""
| #define PACKAGE_URL ""
| #define PACKAGE "axis2_axiom-src"
| #define VERSION "1.6.0"
| /* end confdefs.h.  */
| #include <ac_nonexistent.h>
configure:4514: checking how to print strings
configure:4541: result: printf
configure:4562: checking for a sed that does not truncate output
configure:4626: result: /bin/sed
configure:4644: checking for grep that handles long lines and -e
configure:4702: result: /bin/grep
configure:4707: checking for egrep
configure:4769: result: /bin/grep -E
configure:4774: checking for fgrep
configure:4836: result: /bin/grep -F
configure:4871: checking for ld used by gcc
configure:4938: result: /usr/bin/ld
configure:4945: checking if the linker (/usr/bin/ld) is GNU ld
configure:4960: result: yes
configure:4972: checking for BSD- or MS-compatible name lister (nm)
configure:5021: result: /usr/bin/nm -B
configure:5151: checking the name lister (/usr/bin/nm -B) interface
configure:5158: gcc -c -g -O2  conftest.c >&5
configure:5161: /usr/bin/nm -B "conftest.o"
configure:5164: output
0000000000000000 B some_variable
configure:5171: result: BSD nm
configure:5174: checking whether ln -s works
configure:5178: result: yes
configure:5186: checking the maximum length of command line arguments
configure:5316: result: 1572864
configure:5333: checking whether the shell understands some XSI constructs
configure:5343: result: yes
configure:5347: checking whether the shell understands "+="
configure:5353: result: yes
configure:5388: checking how to convert x86_64-unknown-linux-gnu file names to x86_64-unknown-linux-gnu format
configure:5428: result: func_convert_file_noop
configure:5435: checking how to convert x86_64-unknown-linux-gnu file names to toolchain format
configure:5455: result: func_convert_file_noop
configure:5462: checking for /usr/bin/ld option to reload object files
configure:5469: result: -r
configure:5543: checking for objdump
configure:5559: found /usr/bin/objdump
configure:5570: result: objdump
configure:5602: checking how to recognize dependent libraries
configure:5804: result: pass_all
configure:5889: checking for dlltool
configure:5919: result: no
configure:5949: checking how to associate runtime and link libraries
configure:5976: result: printf %s\n
configure:6037: checking for ar
configure:6053: found /usr/bin/ar
configure:6064: result: ar
configure:6101: checking for archiver @FILE support
configure:6118: gcc -c -g -O2  conftest.c >&5
configure:6118: $? = 0
configure:6121: ar cru libconftest.a @conftest.lst >&5
configure:6124: $? = 0
configure:6129: ar cru libconftest.a @conftest.lst >&5
ar: conftest.o: No such file or directory
configure:6132: $? = 1
configure:6144: result: @
configure:6202: checking for strip
configure:6218: found /usr/bin/strip
configure:6229: result: strip
configure:6301: checking for ranlib
configure:6317: found /usr/bin/ranlib
configure:6328: result: ranlib
configure:6430: checking command to parse /usr/bin/nm -B output from gcc object
configure:6550: gcc -c -g -O2  conftest.c >&5
configure:6553: $? = 0
configure:6557: /usr/bin/nm -B conftest.o \| sed -n -e 's/^.*[ ]\([ABCDGIRSTW][ABCDGIRSTW]*\)[ ][ ]*\([_A-Za-z][_A-Za-z0-9]*\)$/\1 \2 \2/p' | sed '/ __gnu_lto/d' \> conftest.nm
configure:6560: $? = 0
configure:6626: gcc -o conftest -g -O2   conftest.c conftstm.o >&5
configure:6629: $? = 0
configure:6667: result: ok
configure:6704: checking for sysroot
configure:6734: result: no
configure:6811: gcc -c -g -O2  conftest.c >&5
configure:6814: $? = 0
configure:6990: checking for mt
configure:7006: found /bin/mt
configure:7017: result: mt
configure:7040: checking if mt is a manifest tool
configure:7046: mt '-?'
configure:7054: result: no
configure:7692: checking for ANSI C header files
configure:7712: gcc -c -g -O2  conftest.c >&5
configure:7712: $? = 0
configure:7785: gcc -o conftest -g -O2   conftest.c  >&5
configure:7785: $? = 0
configure:7785: ./conftest
configure:7785: $? = 0
configure:7796: result: yes
configure:7809: checking for sys/types.h
configure:7809: gcc -c -g -O2  conftest.c >&5
configure:7809: $? = 0
configure:7809: result: yes
configure:7809: checking for sys/stat.h
configure:7809: gcc -c -g -O2  conftest.c >&5
configure:7809: $? = 0
configure:7809: result: yes
configure:7809: checking for stdlib.h
configure:7809: gcc -c -g -O2  conftest.c >&5
configure:7809: $? = 0
configure:7809: result: yes
configure:7809: checking for string.h
configure:7809: gcc -c -g -O2  conftest.c >&5
configure:7809: $? = 0
configure:7809: result: yes
configure:7809: checking for memory.h
configure:7809: gcc -c -g -O2  conftest.c >&5
configure:7809: $? = 0
configure:7809: result: yes
configure:7809: checking for strings.h
configure:7809: gcc -c -g -O2  conftest.c >&5
configure:7809: $? = 0
configure:7809: result: yes
configure:7809: checking for inttypes.h
configure:7809: gcc -c -g -O2  conftest.c >&5
configure:7809: $? = 0
configure:7809: result: yes
configure:7809: checking for stdint.h
configure:7809: gcc -c -g -O2  conftest.c >&5
configure:7809: $? = 0
configure:7809: result: yes
configure:7809: checking for unistd.h
configure:7809: gcc -c -g -O2  conftest.c >&5
configure:7809: $? = 0
configure:7809: result: yes
configure:7823: checking for dlfcn.h
configure:7823: gcc -c -g -O2  conftest.c >&5
configure:7823: $? = 0
configure:7823: result: yes
configure:8040: checking for objdir
configure:8055: result: .libs
configure:8322: checking if gcc supports -fno-rtti -fno-exceptions
configure:8340: gcc -c -g -O2  -fno-rtti -fno-exceptions conftest.c >&5
cc1: warning: command line option '-fno-rtti' is valid for C++/ObjC++ but not for C [enabled by default]
configure:8344: $? = 0
configure:8357: result: no
configure:8684: checking for gcc option to produce PIC
configure:8691: result: -fPIC -DPIC
configure:8699: checking if gcc PIC flag -fPIC -DPIC works
configure:8717: gcc -c -g -O2  -fPIC -DPIC -DPIC conftest.c >&5
configure:8721: $? = 0
configure:8734: result: yes
configure:8763: checking if gcc static flag -static works
configure:8791: result: yes
configure:8806: checking if gcc supports -c -o file.o
configure:8827: gcc -c -g -O2  -o out/conftest2.o conftest.c >&5
configure:8831: $? = 0
configure:8853: result: yes
configure:8861: checking if gcc supports -c -o file.o
configure:8908: result: yes
configure:8941: checking whether the gcc linker (/usr/bin/ld -m elf_x86_64) supports shared libraries
configure:10098: result: yes
configure:10135: checking whether -lc should be explicitly linked in
configure:10143: gcc -c -g -O2  conftest.c >&5
configure:10146: $? = 0
configure:10161: gcc -shared  -fPIC -DPIC conftest.o  -v -Wl,-soname -Wl,conftest -o conftest 2\>\&1 \| /bin/grep  -lc  \>/dev/null 2\>\&1
configure:10164: $? = 0
configure:10178: result: no
configure:10338: checking dynamic linker characteristics
configure:10849: gcc -o conftest -g -O2   -Wl,-rpath -Wl,/foo conftest.c  >&5
configure:10849: $? = 0
configure:11083: result: GNU/Linux ld.so
configure:11190: checking how to hardcode library paths into programs
configure:11215: result: immediate
configure:11755: checking whether stripping libraries is possible
configure:11760: result: yes
configure:11795: checking if libtool supports shared libraries
configure:11797: result: yes
configure:11800: checking whether to build shared libraries
configure:11821: result: yes
configure:11824: checking whether to build static libraries
configure:11828: result: yes
configure:11851: checking how to run the C++ preprocessor
configure:11878: g++ -E  conftest.cpp
configure:11878: $? = 0
configure:11892: g++ -E  conftest.cpp
conftest.cpp:23:28: fatal error: ac_nonexistent.h: No such file or directory
compilation terminated.
configure:11892: $? = 1
configure: failed program was:
| /* confdefs.h */
| #define PACKAGE_NAME "axis2_axiom-src"
| #define PACKAGE_TARNAME "axis2_axiom-src"
| #define PACKAGE_VERSION "1.6.0"
| #define PACKAGE_STRING "axis2_axiom-src 1.6.0"
| #define PACKAGE_BUGREPORT ""
| #define PACKAGE_URL ""
| #define PACKAGE "axis2_axiom-src"
| #define VERSION "1.6.0"
| #define STDC_HEADERS 1
| #define HAVE_SYS_TYPES_H 1
| #define HAVE_SYS_STAT_H 1
| #define HAVE_STDLIB_H 1
| #define HAVE_STRING_H 1
| #define HAVE_MEMORY_H 1
| #define HAVE_STRINGS_H 1
| #define HAVE_INTTYPES_H 1
| #define HAVE_STDINT_H 1
| #define HAVE_UNISTD_H 1
| #define HAVE_DLFCN_H 1
| #define LT_OBJDIR ".libs/"
| /* end confdefs.h.  */
| #include <ac_nonexistent.h>
configure:11917: result: g++ -E
configure:11937: g++ -E  conftest.cpp
configure:11937: $? = 0
configure:11951: g++ -E  conftest.cpp
conftest.cpp:23:28: fatal error: ac_nonexistent.h: No such file or directory
compilation terminated.
configure:11951: $? = 1
configure: failed program was:
| /* confdefs.h */
| #define PACKAGE_NAME "axis2_axiom-src"
| #define PACKAGE_TARNAME "axis2_axiom-src"
| #define PACKAGE_VERSION "1.6.0"
| #define PACKAGE_STRING "axis2_axiom-src 1.6.0"
| #define PACKAGE_BUGREPORT ""
| #define PACKAGE_URL ""
| #define PACKAGE "axis2_axiom-src"
| #define VERSION "1.6.0"
| #define STDC_HEADERS 1
| #define HAVE_SYS_TYPES_H 1
| #define HAVE_SYS_STAT_H 1
| #define HAVE_STDLIB_H 1
| #define HAVE_STRING_H 1
| #define HAVE_MEMORY_H 1
| #define HAVE_STRINGS_H 1
| #define HAVE_INTTYPES_H 1
| #define HAVE_STDINT_H 1
| #define HAVE_UNISTD_H 1
| #define HAVE_DLFCN_H 1
| #define LT_OBJDIR ".libs/"
| /* end confdefs.h.  */
| #include <ac_nonexistent.h>
configure:12120: checking for ld used by g++
configure:12187: result: /usr/bin/ld -m elf_x86_64
configure:12194: checking if the linker (/usr/bin/ld -m elf_x86_64) is GNU ld
configure:12209: result: yes
configure:12264: checking whether the g++ linker (/usr/bin/ld -m elf_x86_64) supports shared libraries
configure:13269: result: yes
configure:13305: g++ -c -g -O2  conftest.cpp >&5
configure:13308: $? = 0
configure:13828: checking for g++ option to produce PIC
configure:13835: result: -fPIC -DPIC
configure:13843: checking if g++ PIC flag -fPIC -DPIC works
configure:13861: g++ -c -g -O2  -fPIC -DPIC -DPIC conftest.cpp >&5
configure:13865: $? = 0
configure:13878: result: yes
configure:13901: checking if g++ static flag -static works
configure:13929: result: yes
configure:13941: checking if g++ supports -c -o file.o
configure:13962: g++ -c -g -O2  -o out/conftest2.o conftest.cpp >&5
configure:13966: $? = 0
configure:13988: result: yes
configure:13993: checking if g++ supports -c -o file.o
configure:14040: result: yes
configure:14070: checking whether the g++ linker (/usr/bin/ld -m elf_x86_64) supports shared libraries
configure:14109: result: yes
configure:14250: checking dynamic linker characteristics
configure:14929: result: GNU/Linux ld.so
configure:14982: checking how to hardcode library paths into programs
configure:15007: result: immediate
configure:15069: checking whether ln -s works
configure:15073: result: yes
configure:15080: checking whether make sets $(MAKE)
configure:15102: result: yes
configure:15112: checking for ISO C99 varargs macros in C
configure:15129: gcc -c -g -O2  conftest.c >&5
configure:15129: $? = 0
configure:15135: result: yes
configure:15138: checking for GNUC varargs macros
configure:15155: gcc -c -g -O2  conftest.c >&5
configure:15155: $? = 0
configure:15161: result: yes
configure:15175: checking for dlopen in -ldl
configure:15200: gcc -o conftest -g -O2   conftest.c -ldl   >&5
configure:15200: $? = 0
configure:15209: result: yes
configure:15220: checking for inflate in -lz
configure:15245: gcc -o conftest -g -O2   conftest.c -lz  -ldl  >&5
configure:15245: $? = 0
configure:15254: result: yes
configure:15274: checking for ANSI C header files
configure:15378: result: yes
configure:15389: checking stdio.h usability
configure:15389: gcc -c -g -O2 -D_LARGEFILE64_SOURCE -ansi  -Wall -Wno-implicit-function-declaration -D_GNU_SOURCE  conftest.c >&5
configure:15389: $? = 0
configure:15389: result: yes
configure:15389: checking stdio.h presence
configure:15389: gcc -E  conftest.c
configure:15389: $? = 0
configure:15389: result: yes
configure:15389: checking for stdio.h
configure:15389: result: yes
configure:15389: checking for stdlib.h
configure:15389: result: yes
configure:15389: checking for string.h
configure:15389: result: yes
configure:15401: checking sys/socket.h usability
configure:15401: gcc -c -g -O2 -D_LARGEFILE64_SOURCE -ansi  -Wall -Wno-implicit-function-declaration -D_GNU_SOURCE  conftest.c >&5
configure:15401: $? = 0
configure:15401: result: yes
configure:15401: checking sys/socket.h presence
configure:15401: gcc -E  conftest.c
configure:15401: $? = 0
configure:15401: result: yes
configure:15401: checking for sys/socket.h
configure:15401: result: yes
configure:15413: checking for linux/if.h
configure:15413: gcc -c -g -O2 -D_LARGEFILE64_SOURCE -ansi  -Wall -Wno-implicit-function-declaration -D_GNU_SOURCE  conftest.c >&5
configure:15413: $? = 0
configure:15413: result: yes
configure:15429: checking sys/appleapiopts.h usability
configure:15429: gcc -c -g -O2 -D_LARGEFILE64_SOURCE -ansi  -Wall -Wno-implicit-function-declaration -D_GNU_SOURCE  conftest.c >&5
conftest.c:66:30: fatal error: sys/appleapiopts.h: No such file or directory
compilation terminated.
configure:15429: $? = 1
configure: failed program was:
| /* confdefs.h */
| #define PACKAGE_NAME "axis2_axiom-src"
| #define PACKAGE_TARNAME "axis2_axiom-src"
| #define PACKAGE_VERSION "1.6.0"
| #define PACKAGE_STRING "axis2_axiom-src 1.6.0"
| #define PACKAGE_BUGREPORT ""
| #define PACKAGE_URL ""
| #define PACKAGE "axis2_axiom-src"
| #define VERSION "1.6.0"
| #define STDC_HEADERS 1
| #define HAVE_SYS_TYPES_H 1
| #define HAVE_SYS_STAT_H 1
| #define HAVE_STDLIB_H 1
| #define HAVE_STRING_H 1
| #define HAVE_MEMORY_H 1
| #define HAVE_STRINGS_H 1
| #define HAVE_INTTYPES_H 1
| #define HAVE_STDINT_H 1
| #define HAVE_UNISTD_H 1
| #define HAVE_DLFCN_H 1
| #define LT_OBJDIR ".libs/"
| #define HAVE_ISO_VARARGS 1
| #define HAVE_GNUC_VARARGS 1
| #define HAVE_LIBDL 1
| #define HAVE_LIBZ 1
| #define STDC_HEADERS 1
| #define HAVE_STDIO_H 1
| #define HAVE_STDLIB_H 1
| #define HAVE_STRING_H 1
| #define HAVE_SYS_SOCKET_H 1
| #define HAVE_LINUX_IF_H 1
| /* end confdefs.h.  */
| #include <stdio.h>
| #ifdef HAVE_SYS_TYPES_H
| # include <sys/types.h>
| #endif
| #ifdef HAVE_SYS_STAT_H
| # include <sys/stat.h>
| #endif
| #ifdef STDC_HEADERS
| # include <stdlib.h>
| # include <stddef.h>
| #else
| # ifdef HAVE_STDLIB_H
| #  include <stdlib.h>
| # endif
| #endif
| #ifdef HAVE_STRING_H
| # if !defined STDC_HEADERS && defined HAVE_MEMORY_H
| #  include <memory.h>
| # endif
| # include <string.h>
| #endif
| #ifdef HAVE_STRINGS_H
| # include <strings.h>
| #endif
| #ifdef HAVE_INTTYPES_H
| # include <inttypes.h>
| #endif
| #ifdef HAVE_STDINT_H
| # include <stdint.h>
| #endif
| #ifdef HAVE_UNISTD_H
| # include <unistd.h>
| #endif
| #include <sys/appleapiopts.h>
configure:15429: result: no
configure:15429: checking sys/appleapiopts.h presence
configure:15429: gcc -E  conftest.c
conftest.c:33:30: fatal error: sys/appleapiopts.h: No such file or directory
compilation terminated.
configure:15429: $? = 1
configure: failed program was:
| /* confdefs.h */
| #define PACKAGE_NAME "axis2_axiom-src"
| #define PACKAGE_TARNAME "axis2_axiom-src"
| #define PACKAGE_VERSION "1.6.0"
| #define PACKAGE_STRING "axis2_axiom-src 1.6.0"
| #define PACKAGE_BUGREPORT ""
| #define PACKAGE_URL ""
| #define PACKAGE "axis2_axiom-src"
| #define VERSION "1.6.0"
| #define STDC_HEADERS 1
| #define HAVE_SYS_TYPES_H 1
| #define HAVE_SYS_STAT_H 1
| #define HAVE_STDLIB_H 1
| #define HAVE_STRING_H 1
| #define HAVE_MEMORY_H 1
| #define HAVE_STRINGS_H 1
| #define HAVE_INTTYPES_H 1
| #define HAVE_STDINT_H 1
| #define HAVE_UNISTD_H 1
| #define HAVE_DLFCN_H 1
| #define LT_OBJDIR ".libs/"
| #define HAVE_ISO_VARARGS 1
| #define HAVE_GNUC_VARARGS 1
| #define HAVE_LIBDL 1
| #define HAVE_LIBZ 1
| #define STDC_HEADERS 1
| #define HAVE_STDIO_H 1
| #define HAVE_STDLIB_H 1
| #define HAVE_STRING_H 1
| #define HAVE_SYS_SOCKET_H 1
| #define HAVE_LINUX_IF_H 1
| /* end confdefs.h.  */
| #include <sys/appleapiopts.h>
configure:15429: result: no
configure:15429: checking for sys/appleapiopts.h
configure:15429: result: no
configure:15441: checking whether to build guththila xml parser library
configure:15458: result: yes
configure:15465: checking whether to build libxml2 xml parser library
configure:15521: checking for pkg-config
configure:15539: found /usr/bin/pkg-config
configure:15551: result: /usr/bin/pkg-config
configure:15576: checking pkg-config is at least version 0.9.0
configure:15579: result: yes
configure:15595: result: yes
configure:15601: checking for LIBXML2
configure:15608: $PKG_CONFIG --exists --print-errors "libxml-2.0"
configure:15611: $? = 0
configure:15625: $PKG_CONFIG --exists --print-errors "libxml-2.0"
configure:15628: $? = 0
configure:15686: result: yes
configure:15700: checking whether to build xpath
configure:15717: result: yes
configure:15725: checking whether to build tests
configure:15743: result: no
configure:15804: checking for pkg-config
configure:15834: result: /usr/bin/pkg-config
configure:15859: checking pkg-config is at least version 0.15
configure:15862: result: yes
configure:16018: creating ./config.status

## ---------------------- ##
## Running config.status. ##
## ---------------------- ##

This file was extended by axis2_axiom-src config.status 1.6.0, which was
generated by GNU Autoconf 2.68.  Invocation command line was

  CONFIG_FILES    = 
  CONFIG_HEADERS  = 
  CONFIG_LINKS    = 
  CONFIG_COMMANDS = 
  $ ./config.status 

on denisnovikov

config.status:1190: creating Makefile
config.status:1190: creating src/Makefile
config.status:1190: creating src/parser/Makefile
config.status:1190: creating src/parser/libxml2/Makefile
config.status:1190: creating src/parser/guththila/Makefile
config.status:1190: creating src/soap/Makefile
config.status:1190: creating src/om/Makefile
config.status:1190: creating src/util/Makefile
config.status:1190: creating src/attachments/Makefile
config.status:1190: creating src/xpath/Makefile
config.status:1190: creating test/Makefile
config.status:1190: creating test/om/Makefile
config.status:1190: creating test/soap/Makefile
config.status:1190: creating test/util/Makefile
config.status:1190: creating test/xpath/Makefile
config.status:1190: creating include/Makefile
config.status:1190: creating config.h
config.status:1371: config.h is unchanged
config.status:1419: executing depfiles commands
config.status:1419: executing libtool commands

## ---------------- ##
## Cache variables. ##
## ---------------- ##

ac_cv_build=x86_64-unknown-linux-gnu
ac_cv_c_compiler_gnu=yes
ac_cv_cxx_compiler_gnu=yes
ac_cv_env_CCC_set=
ac_cv_env_CCC_value=
ac_cv_env_CC_set=
ac_cv_env_CC_value=
ac_cv_env_CFLAGS_set=
ac_cv_env_CFLAGS_value=
ac_cv_env_CPPFLAGS_set=
ac_cv_env_CPPFLAGS_value=
ac_cv_env_CPP_set=
ac_cv_env_CPP_value=
ac_cv_env_CXXCPP_set=
ac_cv_env_CXXCPP_value=
ac_cv_env_CXXFLAGS_set=
ac_cv_env_CXXFLAGS_value=
ac_cv_env_CXX_set=
ac_cv_env_CXX_value=
ac_cv_env_LDFLAGS_set=
ac_cv_env_LDFLAGS_value=
ac_cv_env_LIBS_set=
ac_cv_env_LIBS_value=
ac_cv_env_LIBXML2_CFLAGS_set=
ac_cv_env_LIBXML2_CFLAGS_value=
ac_cv_env_LIBXML2_LIBS_set=
ac_cv_env_LIBXML2_LIBS_value=
ac_cv_env_PKG_CONFIG_LIBDIR_set=
ac_cv_env_PKG_CONFIG_LIBDIR_value=
ac_cv_env_PKG_CONFIG_PATH_set=
ac_cv_env_PKG_CONFIG_PATH_value=
ac_cv_env_PKG_CONFIG_set=
ac_cv_env_PKG_CONFIG_value=
ac_cv_env_build_alias_set=
ac_cv_env_build_alias_value=
ac_cv_env_host_alias_set=
ac_cv_env_host_alias_value=
ac_cv_env_target_alias_set=
ac_cv_env_target_alias_value=
ac_cv_header_dlfcn_h=yes
ac_cv_header_inttypes_h=yes
ac_cv_header_linux_if_h=yes
ac_cv_header_memory_h=yes
ac_cv_header_stdc=yes
ac_cv_header_stdint_h=yes
ac_cv_header_stdio_h=yes
ac_cv_header_stdlib_h=yes
ac_cv_header_string_h=yes
ac_cv_header_strings_h=yes
ac_cv_header_sys_appleapiopts_h=no
ac_cv_header_sys_socket_h=yes
ac_cv_header_sys_stat_h=yes
ac_cv_header_sys_types_h=yes
ac_cv_header_unistd_h=yes
ac_cv_host=x86_64-unknown-linux-gnu
ac_cv_lib_dl_dlopen=yes
ac_cv_lib_z_inflate=yes
ac_cv_objext=o
ac_cv_path_EGREP='/bin/grep -E'
ac_cv_path_FGREP='/bin/grep -F'
ac_cv_path_GREP=/bin/grep
ac_cv_path_SED=/bin/sed
ac_cv_path_ac_pt_PKG_CONFIG=/usr/bin/pkg-config
ac_cv_path_install='/usr/bin/install -c'
ac_cv_path_mkdir=/bin/mkdir
ac_cv_prog_AWK=gawk
ac_cv_prog_CPP='gcc -E'
ac_cv_prog_CXXCPP='g++ -E'
ac_cv_prog_ac_ct_AR=ar
ac_cv_prog_ac_ct_CC=gcc
ac_cv_prog_ac_ct_CXX=g++
ac_cv_prog_ac_ct_MANIFEST_TOOL=mt
ac_cv_prog_ac_ct_OBJDUMP=objdump
ac_cv_prog_ac_ct_RANLIB=ranlib
ac_cv_prog_ac_ct_STRIP=strip
ac_cv_prog_cc_c89=
ac_cv_prog_cc_g=yes
ac_cv_prog_cxx_g=yes
ac_cv_prog_make_make_set=yes
ac_cv_target=x86_64-unknown-linux-gnu
am_cv_CC_dependencies_compiler_type=gcc3
am_cv_CXX_dependencies_compiler_type=gcc3
lt_cv_ar_at_file=@
lt_cv_archive_cmds_need_lc=no
lt_cv_deplibs_check_method=pass_all
lt_cv_file_magic_cmd='$MAGIC_CMD'
lt_cv_file_magic_test_file=
lt_cv_ld_reload_flag=-r
lt_cv_nm_interface='BSD nm'
lt_cv_objdir=.libs
lt_cv_path_LD=/usr/bin/ld
lt_cv_path_LDCXX='/usr/bin/ld -m elf_x86_64'
lt_cv_path_NM='/usr/bin/nm -B'
lt_cv_path_mainfest_tool=no
lt_cv_prog_compiler_c_o=yes
lt_cv_prog_compiler_c_o_CXX=yes
lt_cv_prog_compiler_pic='-fPIC -DPIC'
lt_cv_prog_compiler_pic_CXX='-fPIC -DPIC'
lt_cv_prog_compiler_pic_works=yes
lt_cv_prog_compiler_pic_works_CXX=yes
lt_cv_prog_compiler_rtti_exceptions=no
lt_cv_prog_compiler_static_works=yes
lt_cv_prog_compiler_static_works_CXX=yes
lt_cv_prog_gnu_ld=yes
lt_cv_prog_gnu_ldcxx=yes
lt_cv_sharedlib_from_linklib_cmd='printf %s\n'
lt_cv_shlibpath_overrides_runpath=no
lt_cv_sys_global_symbol_pipe='sed -n -e '\''s/^.*[	 ]\([ABCDGIRSTW][ABCDGIRSTW]*\)[	 ][	 ]*\([_A-Za-z][_A-Za-z0-9]*\)$/\1 \2 \2/p'\'' | sed '\''/ __gnu_lto/d'\'''
lt_cv_sys_global_symbol_to_c_name_address='sed -n -e '\''s/^: \([^ ]*\)[ ]*$/  {\"\1\", (void *) 0},/p'\'' -e '\''s/^[ABCDGIRSTW]* \([^ ]*\) \([^ ]*\)$/  {"\2", (void *) \&\2},/p'\'''
lt_cv_sys_global_symbol_to_c_name_address_lib_prefix='sed -n -e '\''s/^: \([^ ]*\)[ ]*$/  {\"\1\", (void *) 0},/p'\'' -e '\''s/^[ABCDGIRSTW]* \([^ ]*\) \(lib[^ ]*\)$/  {"\2", (void *) \&\2},/p'\'' -e '\''s/^[ABCDGIRSTW]* \([^ ]*\) \([^ ]*\)$/  {"lib\2", (void *) \&\2},/p'\'''
lt_cv_sys_global_symbol_to_cdecl='sed -n -e '\''s/^T .* \(.*\)$/extern int \1();/p'\'' -e '\''s/^[ABCDGIRSTW]* .* \(.*\)$/extern char \1;/p'\'''
lt_cv_sys_max_cmd_len=1572864
lt_cv_to_host_file_cmd=func_convert_file_noop
lt_cv_to_tool_file_cmd=func_convert_file_noop
pkg_cv_LIBXML2_CFLAGS='-I/usr/include/libxml2  '
pkg_cv_LIBXML2_LIBS='-lxml2  '

## ----------------- ##
## Output variables. ##
## ----------------- ##

ACLOCAL='${SHELL} /home/denis/Downloads/wso2/src/cpp/wsf_c/axis2c/axiom/missing --run aclocal-1.11'
AMDEPBACKSLASH='\'
AMDEP_FALSE='#'
AMDEP_TRUE=''
AMTAR='$${TAR-tar}'
AR='ar'
AUTOCONF='${SHELL} /home/denis/Downloads/wso2/src/cpp/wsf_c/axis2c/axiom/missing --run autoconf'
AUTOHEADER='${SHELL} /home/denis/Downloads/wso2/src/cpp/wsf_c/axis2c/axiom/missing --run autoheader'
AUTOMAKE='${SHELL} /home/denis/Downloads/wso2/src/cpp/wsf_c/axis2c/axiom/missing --run automake-1.11'
AWK='gawk'
CC='gcc'
CCDEPMODE='depmode=gcc3'
CFLAGS='-g -O2 -D_LARGEFILE64_SOURCE -ansi  -Wall -Wno-implicit-function-declaration -D_GNU_SOURCE -DAXIS2_LIBXML2_ENABLED -I/usr/include/libxml2   '
CPP='gcc -E'
CPPFLAGS=''
CXX='g++'
CXXCPP='g++ -E'
CXXDEPMODE='depmode=gcc3'
CXXFLAGS='-g -O2'
CYGPATH_W='echo'
DEFS='-DHAVE_CONFIG_H'
DEPDIR='.deps'
DLLTOOL='false'
DSYMUTIL=''
DUMPBIN=''
ECHO_C=''
ECHO_N='-n'
ECHO_T=''
EGREP='/bin/grep -E'
EXEEXT=''
FGREP='/bin/grep -F'
GREP='/bin/grep'
GUTHTHILA_LIBS=''
INSTALL_DATA='${INSTALL} -m 644'
INSTALL_PROGRAM='${INSTALL}'
INSTALL_SCRIPT='${INSTALL}'
INSTALL_STRIP_PROGRAM='$(install_sh) -c -s'
LD='/usr/bin/ld -m elf_x86_64'
LDFLAGS=' -lpthread'
LIBOBJS=''
LIBS='-lz -ldl '
LIBTOOL='$(SHELL) $(top_builddir)/libtool'
LIBXML2_CFLAGS='-I/usr/include/libxml2  '
LIBXML2_LIBS='-lxml2  '
LIPO=''
LN_S='ln -s'
LTLIBOBJS=''
MAKEINFO='${SHELL} /home/denis/Downloads/wso2/src/cpp/wsf_c/axis2c/axiom/missing --run makeinfo'
MANIFEST_TOOL=':'
MKDIR_P='/bin/mkdir -p'
NM='/usr/bin/nm -B'
NMEDIT=''
OBJDUMP='objdump'
OBJEXT='o'
OTOOL64=''
OTOOL=''
PACKAGE='axis2_axiom-src'
PACKAGE_BUGREPORT=''
PACKAGE_NAME='axis2_axiom-src'
PACKAGE_STRING='axis2_axiom-src 1.6.0'
PACKAGE_TARNAME='axis2_axiom-src'
PACKAGE_URL=''
PACKAGE_VERSION='1.6.0'
PATH_SEPARATOR=':'
PKG_CONFIG='/usr/bin/pkg-config'
PKG_CONFIG_LIBDIR=''
PKG_CONFIG_PATH=''
RANLIB='ranlib'
SED='/bin/sed'
SET_MAKE=''
SHELL='/bin/bash'
STRIP='strip'
TESTDIR=''
VERSION='1.6.0'
VERSION_NO='4:0:4'
WRAPPER_DIR='libxml2'
XPATH_DIR='xpath'
ac_ct_AR='ar'
ac_ct_CC='gcc'
ac_ct_CXX='g++'
ac_ct_DUMPBIN=''
am__EXEEXT_FALSE=''
am__EXEEXT_TRUE='#'
am__fastdepCC_FALSE='#'
am__fastdepCC_TRUE=''
am__fastdepCXX_FALSE='#'
am__fastdepCXX_TRUE=''
am__include='include'
am__isrc=''
am__leading_dot='.'
am__nodep='_no'
am__quote=''
am__tar='$${TAR-tar} chof - "$$tardir"'
am__untar='$${TAR-tar} xf -'
bindir='${exec_prefix}/bin'
build='x86_64-unknown-linux-gnu'
build_alias=''
build_cpu='x86_64'
build_os='linux-gnu'
build_vendor='unknown'
datadir='${datarootdir}'
datarootdir='${prefix}/share'
docdir='${datarootdir}/doc/${PACKAGE_TARNAME}'
dvidir='${docdir}'
exec_prefix='${prefix}'
host='x86_64-unknown-linux-gnu'
host_alias=''
host_cpu='x86_64'
host_os='linux-gnu'
host_vendor='unknown'
htmldir='${docdir}'
includedir='${prefix}/include'
infodir='${datarootdir}/info'
install_sh='${SHELL} /home/denis/Downloads/wso2/src/cpp/wsf_c/axis2c/axiom/install-sh'
libdir='${exec_prefix}/lib'
libexecdir='${exec_prefix}/libexec'
localedir='${datarootdir}/locale'
localstatedir='${prefix}/var'
mandir='${datarootdir}/man'
mkdir_p='/bin/mkdir -p'
oldincludedir='/usr/include'
pdfdir='${docdir}'
prefix='/usr/local'
program_transform_name='s,x,x,'
psdir='${docdir}'
sbindir='${exec_prefix}/sbin'
sharedstatedir='${prefix}/com'
sysconfdir='${prefix}/etc'
target='x86_64-unknown-linux-gnu'
target_alias=''
target_cpu='x86_64'
target_os='linux-gnu'
target_vendor='unknown'

## ----------- ##
## confdefs.h. ##
## ----------- ##

/* confdefs.h */
#define PACKAGE_NAME "axis2_axiom-src"
#define PACKAGE_TARNAME "axis2_axiom-src"
#define PACKAGE_VERSION "1.6.0"
#define PACKAGE_STRING "axis2_axiom-src 1.6.0"
#define PACKAGE_BUGREPORT ""
#define PACKAGE_URL ""
#define PACKAGE "axis2_axiom-src"
#define VERSION "1.6.0"
#define STDC_HEADERS 1
#define HAVE_SYS_TYPES_H 1
#define HAVE_SYS_STAT_H 1
#define HAVE_STDLIB_H 1
#define HAVE_STRING_H 1
#define HAVE_MEMORY_H 1
#define HAVE_STRINGS_H 1
#define HAVE_INTTYPES_H 1
#define HAVE_STDINT_H 1
#define HAVE_UNISTD_H 1
#define HAVE_DLFCN_H 1
#define LT_OBJDIR ".libs/"
#define HAVE_ISO_VARARGS 1
#define HAVE_GNUC_VARARGS 1
#define HAVE_LIBDL 1
#define HAVE_LIBZ 1
#define STDC_HEADERS 1
#define HAVE_STDIO_H 1
#define HAVE_STDLIB_H 1
#define HAVE_STRING_H 1
#define HAVE_SYS_SOCKET_H 1
#define HAVE_LINUX_IF_H 1

configure: exit 0

## ---------------------- ##
## Running config.status. ##
## ---------------------- ##

This file was extended by axis2_axiom-src config.status 1.6.0, which was
generated by GNU Autoconf 2.68.  Invocation command line was

  CONFIG_FILES    = 
  CONFIG_HEADERS  = 
  CONFIG_LINKS    = 
  CONFIG_COMMANDS = 
  $ ./config.status config.h

on denisnovikov

config.status:1190: creating config.h
config.status:1371: config.h is unchanged
