This file contains any messages produced by compilers while
running configure, to aid debugging if configure makes a mistake.

It was created by tcpmon-src configure 0.95_pre, which was
generated by GNU Autoconf 2.68.  Invocation command line was

  $ ./configure --disable-option-checking --prefix=/usr/local --with-axis2=/usr/include/axis2-1.6.0 --with-apache2=/usr/include/apache2 --with-apr=/usr/include/apr-1.0 --enable-libxml2 --disable-wsclient --cache-file=/dev/null --srcdir=.

## --------- ##
## Platform. ##
## --------- ##

hostname = denisnovikov
uname -m = x86_64
uname -r = 3.2.0-25-generic
uname -s = Linux
uname -v = #40-Ubuntu SMP Wed May 23 20:30:51 UTC 2012

/usr/bin/uname -p = unknown
/bin/uname -X     = unknown

/bin/arch              = unknown
/usr/bin/arch -k       = unknown
/usr/convex/getsysinfo = unknown
/usr/bin/hostinfo      = unknown
/bin/machine           = unknown
/usr/bin/oslevel       = unknown
/bin/universe          = unknown

PATH: /home/denis/bin
PATH: /usr/local/sbin
PATH: /usr/local/bin
PATH: /usr/sbin
PATH: /usr/bin
PATH: /sbin
PATH: /bin
PATH: /usr/games


## ----------- ##
## Core tests. ##
## ----------- ##

configure:2353: checking build system type
configure:2367: result: x86_64-unknown-linux-gnu
configure:2387: checking host system type
configure:2400: result: x86_64-unknown-linux-gnu
configure:2420: checking target system type
configure:2433: result: x86_64-unknown-linux-gnu
configure:2478: checking for a BSD-compatible install
configure:2546: result: /usr/bin/install -c
configure:2557: checking whether build environment is sane
configure:2607: result: yes
configure:2748: checking for a thread-safe mkdir -p
configure:2787: result: /bin/mkdir -p
configure:2800: checking for gawk
configure:2816: found /usr/bin/gawk
configure:2827: result: gawk
configure:2838: checking whether make sets $(MAKE)
configure:2860: result: yes
configure:2990: checking for gcc
configure:3006: found /usr/bin/gcc
configure:3017: result: gcc
configure:3246: checking for C compiler version
configure:3255: gcc --version >&5
gcc (Ubuntu/Linaro 4.6.3-1ubuntu5) 4.6.3
Copyright (C) 2011 Free Software Foundation, Inc.
This is free software; see the source for copying conditions.  There is NO
warranty; not even for MERCHANTABILITY or FITNESS FOR A PARTICULAR PURPOSE.

configure:3266: $? = 0
configure:3255: gcc -v >&5
Using built-in specs.
COLLECT_GCC=gcc
COLLECT_LTO_WRAPPER=/usr/lib/gcc/x86_64-linux-gnu/4.6/lto-wrapper
Target: x86_64-linux-gnu
Configured with: ../src/configure -v --with-pkgversion='Ubuntu/Linaro 4.6.3-1ubuntu5' --with-bugurl=file:///usr/share/doc/gcc-4.6/README.Bugs --enable-languages=c,c++,fortran,objc,obj-c++ --prefix=/usr --program-suffix=-4.6 --enable-shared --enable-linker-build-id --with-system-zlib --libexecdir=/usr/lib --without-included-gettext --enable-threads=posix --with-gxx-include-dir=/usr/include/c++/4.6 --libdir=/usr/lib --enable-nls --with-sysroot=/ --enable-clocale=gnu --enable-libstdcxx-debug --enable-libstdcxx-time=yes --enable-gnu-unique-object --enable-plugin --enable-objc-gc --disable-werror --with-arch-32=i686 --with-tune=generic --enable-checking=release --build=x86_64-linux-gnu --host=x86_64-linux-gnu --target=x86_64-linux-gnu
Thread model: posix
gcc version 4.6.3 (Ubuntu/Linaro 4.6.3-1ubuntu5) 
configure:3266: $? = 0
configure:3255: gcc -V >&5
gcc: error: unrecognized option '-V'
gcc: fatal error: no input files
compilation terminated.
configure:3266: $? = 4
configure:3255: gcc -qversion >&5
gcc: error: unrecognized option '-qversion'
gcc: fatal error: no input files
compilation terminated.
configure:3266: $? = 4
configure:3286: checking whether the C compiler works
configure:3308: gcc    conftest.c  >&5
configure:3312: $? = 0
configure:3360: result: yes
configure:3363: checking for C compiler default output file name
configure:3365: result: a.out
configure:3371: checking for suffix of executables
configure:3378: gcc -o conftest    conftest.c  >&5
configure:3382: $? = 0
configure:3404: result: 
configure:3426: checking whether we are cross compiling
configure:3434: gcc -o conftest    conftest.c  >&5
configure:3438: $? = 0
configure:3445: ./conftest
configure:3449: $? = 0
configure:3464: result: no
configure:3469: checking for suffix of object files
configure:3491: gcc -c   conftest.c >&5
configure:3495: $? = 0
configure:3516: result: o
configure:3520: checking whether we are using the GNU C compiler
configure:3539: gcc -c   conftest.c >&5
configure:3539: $? = 0
configure:3548: result: yes
configure:3557: checking whether gcc accepts -g
configure:3577: gcc -c -g  conftest.c >&5
configure:3577: $? = 0
configure:3618: result: yes
configure:3635: checking for gcc option to accept ISO C89
configure:3699: gcc  -c -g -O2  conftest.c >&5
configure:3699: $? = 0
configure:3712: result: none needed
configure:3743: checking for style of include used by make
configure:3771: result: GNU
configure:3797: checking dependency style of gcc
configure:3908: result: gcc3
configure:3981: checking for g++
configure:3997: found /usr/bin/g++
configure:4008: result: g++
configure:4035: checking for C++ compiler version
configure:4044: g++ --version >&5
g++ (Ubuntu/Linaro 4.6.3-1ubuntu5) 4.6.3
Copyright (C) 2011 Free Software Foundation, Inc.
This is free software; see the source for copying conditions.  There is NO
warranty; not even for MERCHANTABILITY or FITNESS FOR A PARTICULAR PURPOSE.

configure:4055: $? = 0
configure:4044: g++ -v >&5
Using built-in specs.
COLLECT_GCC=g++
COLLECT_LTO_WRAPPER=/usr/lib/gcc/x86_64-linux-gnu/4.6/lto-wrapper
Target: x86_64-linux-gnu
Configured with: ../src/configure -v --with-pkgversion='Ubuntu/Linaro 4.6.3-1ubuntu5' --with-bugurl=file:///usr/share/doc/gcc-4.6/README.Bugs --enable-languages=c,c++,fortran,objc,obj-c++ --prefix=/usr --program-suffix=-4.6 --enable-shared --enable-linker-build-id --with-system-zlib --libexecdir=/usr/lib --without-included-gettext --enable-threads=posix --with-gxx-include-dir=/usr/include/c++/4.6 --libdir=/usr/lib --enable-nls --with-sysroot=/ --enable-clocale=gnu --enable-libstdcxx-debug --enable-libstdcxx-time=yes --enable-gnu-unique-object --enable-plugin --enable-objc-gc --disable-werror --with-arch-32=i686 --with-tune=generic --enable-checking=release --build=x86_64-linux-gnu --host=x86_64-linux-gnu --target=x86_64-linux-gnu
Thread model: posix
gcc version 4.6.3 (Ubuntu/Linaro 4.6.3-1ubuntu5) 
configure:4055: $? = 0
configure:4044: g++ -V >&5
g++: error: unrecognized option '-V'
g++: fatal error: no input files
compilation terminated.
configure:4055: $? = 4
configure:4044: g++ -qversion >&5
g++: error: unrecognized option '-qversion'
g++: fatal error: no input files
compilation terminated.
configure:4055: $? = 4
configure:4059: checking whether we are using the GNU C++ compiler
configure:4078: g++ -c   conftest.cpp >&5
configure:4078: $? = 0
configure:4087: result: yes
configure:4096: checking whether g++ accepts -g
configure:4116: g++ -c -g  conftest.cpp >&5
configure:4116: $? = 0
configure:4157: result: yes
configure:4182: checking dependency style of g++
configure:4293: result: gcc3
configure:4313: checking how to run the C preprocessor
configure:4344: gcc -E  conftest.c
configure:4344: $? = 0
configure:4358: gcc -E  conftest.c
conftest.c:11:28: fatal error: ac_nonexistent.h: No such file or directory
compilation terminated.
configure:4358: $? = 1
configure: failed program was:
| /* confdefs.h */
| #define PACKAGE_NAME "tcpmon-src"
| #define PACKAGE_TARNAME "tcpmon-src"
| #define PACKAGE_VERSION "0.95_pre"
| #define PACKAGE_STRING "tcpmon-src 0.95_pre"
| #define PACKAGE_BUGREPORT ""
| #define PACKAGE_URL ""
| #define PACKAGE "tcpmon-src"
| #define VERSION "0.95_pre"
| /* end confdefs.h.  */
| #include <ac_nonexistent.h>
configure:4383: result: gcc -E
configure:4403: gcc -E  conftest.c
configure:4403: $? = 0
configure:4417: gcc -E  conftest.c
conftest.c:11:28: fatal error: ac_nonexistent.h: No such file or directory
compilation terminated.
configure:4417: $? = 1
configure: failed program was:
| /* confdefs.h */
| #define PACKAGE_NAME "tcpmon-src"
| #define PACKAGE_TARNAME "tcpmon-src"
| #define PACKAGE_VERSION "0.95_pre"
| #define PACKAGE_STRING "tcpmon-src 0.95_pre"
| #define PACKAGE_BUGREPORT ""
| #define PACKAGE_URL ""
| #define PACKAGE "tcpmon-src"
| #define VERSION "0.95_pre"
| /* end confdefs.h.  */
| #include <ac_nonexistent.h>
configure:4491: checking how to print strings
configure:4518: result: printf
configure:4539: checking for a sed that does not truncate output
configure:4603: result: /bin/sed
configure:4621: checking for grep that handles long lines and -e
configure:4679: result: /bin/grep
configure:4684: checking for egrep
configure:4746: result: /bin/grep -E
configure:4751: checking for fgrep
configure:4813: result: /bin/grep -F
configure:4848: checking for ld used by gcc
configure:4915: result: /usr/bin/ld
configure:4922: checking if the linker (/usr/bin/ld) is GNU ld
configure:4937: result: yes
configure:4949: checking for BSD- or MS-compatible name lister (nm)
configure:4998: result: /usr/bin/nm -B
configure:5128: checking the name lister (/usr/bin/nm -B) interface
configure:5135: gcc -c -g -O2  conftest.c >&5
configure:5138: /usr/bin/nm -B "conftest.o"
configure:5141: output
0000000000000000 B some_variable
configure:5148: result: BSD nm
configure:5151: checking whether ln -s works
configure:5155: result: yes
configure:5163: checking the maximum length of command line arguments
configure:5293: result: 1572864
configure:5310: checking whether the shell understands some XSI constructs
configure:5320: result: yes
configure:5324: checking whether the shell understands "+="
configure:5330: result: yes
configure:5365: checking how to convert x86_64-unknown-linux-gnu file names to x86_64-unknown-linux-gnu format
configure:5405: result: func_convert_file_noop
configure:5412: checking how to convert x86_64-unknown-linux-gnu file names to toolchain format
configure:5432: result: func_convert_file_noop
configure:5439: checking for /usr/bin/ld option to reload object files
configure:5446: result: -r
configure:5520: checking for objdump
configure:5536: found /usr/bin/objdump
configure:5547: result: objdump
configure:5579: checking how to recognize dependent libraries
configure:5781: result: pass_all
configure:5866: checking for dlltool
configure:5896: result: no
configure:5926: checking how to associate runtime and link libraries
configure:5953: result: printf %s\n
configure:6014: checking for ar
configure:6030: found /usr/bin/ar
configure:6041: result: ar
configure:6078: checking for archiver @FILE support
configure:6095: gcc -c -g -O2  conftest.c >&5
configure:6095: $? = 0
configure:6098: ar cru libconftest.a @conftest.lst >&5
configure:6101: $? = 0
configure:6106: ar cru libconftest.a @conftest.lst >&5
ar: conftest.o: No such file or directory
configure:6109: $? = 1
configure:6121: result: @
configure:6179: checking for strip
configure:6195: found /usr/bin/strip
configure:6206: result: strip
configure:6278: checking for ranlib
configure:6294: found /usr/bin/ranlib
configure:6305: result: ranlib
configure:6407: checking command to parse /usr/bin/nm -B output from gcc object
configure:6527: gcc -c -g -O2  conftest.c >&5
configure:6530: $? = 0
configure:6534: /usr/bin/nm -B conftest.o \| sed -n -e 's/^.*[ ]\([ABCDGIRSTW][ABCDGIRSTW]*\)[ ][ ]*\([_A-Za-z][_A-Za-z0-9]*\)$/\1 \2 \2/p' | sed '/ __gnu_lto/d' \> conftest.nm
configure:6537: $? = 0
configure:6603: gcc -o conftest -g -O2   conftest.c conftstm.o >&5
configure:6606: $? = 0
configure:6644: result: ok
configure:6681: checking for sysroot
configure:6711: result: no
configure:6788: gcc -c -g -O2  conftest.c >&5
configure:6791: $? = 0
configure:6967: checking for mt
configure:6983: found /bin/mt
configure:6994: result: mt
configure:7017: checking if mt is a manifest tool
configure:7023: mt '-?'
configure:7031: result: no
configure:7669: checking for ANSI C header files
configure:7689: gcc -c -g -O2  conftest.c >&5
configure:7689: $? = 0
configure:7762: gcc -o conftest -g -O2   conftest.c  >&5
configure:7762: $? = 0
configure:7762: ./conftest
configure:7762: $? = 0
configure:7773: result: yes
configure:7786: checking for sys/types.h
configure:7786: gcc -c -g -O2  conftest.c >&5
configure:7786: $? = 0
configure:7786: result: yes
configure:7786: checking for sys/stat.h
configure:7786: gcc -c -g -O2  conftest.c >&5
configure:7786: $? = 0
configure:7786: result: yes
configure:7786: checking for stdlib.h
configure:7786: gcc -c -g -O2  conftest.c >&5
configure:7786: $? = 0
configure:7786: result: yes
configure:7786: checking for string.h
configure:7786: gcc -c -g -O2  conftest.c >&5
configure:7786: $? = 0
configure:7786: result: yes
configure:7786: checking for memory.h
configure:7786: gcc -c -g -O2  conftest.c >&5
configure:7786: $? = 0
configure:7786: result: yes
configure:7786: checking for strings.h
configure:7786: gcc -c -g -O2  conftest.c >&5
configure:7786: $? = 0
configure:7786: result: yes
configure:7786: checking for inttypes.h
configure:7786: gcc -c -g -O2  conftest.c >&5
configure:7786: $? = 0
configure:7786: result: yes
configure:7786: checking for stdint.h
configure:7786: gcc -c -g -O2  conftest.c >&5
configure:7786: $? = 0
configure:7786: result: yes
configure:7786: checking for unistd.h
configure:7786: gcc -c -g -O2  conftest.c >&5
configure:7786: $? = 0
configure:7786: result: yes
configure:7800: checking for dlfcn.h
configure:7800: gcc -c -g -O2  conftest.c >&5
configure:7800: $? = 0
configure:7800: result: yes
configure:8017: checking for objdir
configure:8032: result: .libs
configure:8299: checking if gcc supports -fno-rtti -fno-exceptions
configure:8317: gcc -c -g -O2  -fno-rtti -fno-exceptions conftest.c >&5
cc1: warning: command line option '-fno-rtti' is valid for C++/ObjC++ but not for C [enabled by default]
configure:8321: $? = 0
configure:8334: result: no
configure:8661: checking for gcc option to produce PIC
configure:8668: result: -fPIC -DPIC
configure:8676: checking if gcc PIC flag -fPIC -DPIC works
configure:8694: gcc -c -g -O2  -fPIC -DPIC -DPIC conftest.c >&5
configure:8698: $? = 0
configure:8711: result: yes
configure:8740: checking if gcc static flag -static works
configure:8768: result: yes
configure:8783: checking if gcc supports -c -o file.o
configure:8804: gcc -c -g -O2  -o out/conftest2.o conftest.c >&5
configure:8808: $? = 0
configure:8830: result: yes
configure:8838: checking if gcc supports -c -o file.o
configure:8885: result: yes
configure:8918: checking whether the gcc linker (/usr/bin/ld -m elf_x86_64) supports shared libraries
configure:10075: result: yes
configure:10112: checking whether -lc should be explicitly linked in
configure:10120: gcc -c -g -O2  conftest.c >&5
configure:10123: $? = 0
configure:10138: gcc -shared  -fPIC -DPIC conftest.o  -v -Wl,-soname -Wl,conftest -o conftest 2\>\&1 \| /bin/grep  -lc  \>/dev/null 2\>\&1
configure:10141: $? = 0
configure:10155: result: no
configure:10315: checking dynamic linker characteristics
configure:10826: gcc -o conftest -g -O2   -Wl,-rpath -Wl,/foo conftest.c  >&5
configure:10826: $? = 0
configure:11060: result: GNU/Linux ld.so
configure:11167: checking how to hardcode library paths into programs
configure:11192: result: immediate
configure:11732: checking whether stripping libraries is possible
configure:11737: result: yes
configure:11772: checking if libtool supports shared libraries
configure:11774: result: yes
configure:11777: checking whether to build shared libraries
configure:11798: result: yes
configure:11801: checking whether to build static libraries
configure:11805: result: yes
configure:11828: checking how to run the C++ preprocessor
configure:11855: g++ -E  conftest.cpp
configure:11855: $? = 0
configure:11869: g++ -E  conftest.cpp
conftest.cpp:23:28: fatal error: ac_nonexistent.h: No such file or directory
compilation terminated.
configure:11869: $? = 1
configure: failed program was:
| /* confdefs.h */
| #define PACKAGE_NAME "tcpmon-src"
| #define PACKAGE_TARNAME "tcpmon-src"
| #define PACKAGE_VERSION "0.95_pre"
| #define PACKAGE_STRING "tcpmon-src 0.95_pre"
| #define PACKAGE_BUGREPORT ""
| #define PACKAGE_URL ""
| #define PACKAGE "tcpmon-src"
| #define VERSION "0.95_pre"
| #define STDC_HEADERS 1
| #define HAVE_SYS_TYPES_H 1
| #define HAVE_SYS_STAT_H 1
| #define HAVE_STDLIB_H 1
| #define HAVE_STRING_H 1
| #define HAVE_MEMORY_H 1
| #define HAVE_STRINGS_H 1
| #define HAVE_INTTYPES_H 1
| #define HAVE_STDINT_H 1
| #define HAVE_UNISTD_H 1
| #define HAVE_DLFCN_H 1
| #define LT_OBJDIR ".libs/"
| /* end confdefs.h.  */
| #include <ac_nonexistent.h>
configure:11894: result: g++ -E
configure:11914: g++ -E  conftest.cpp
configure:11914: $? = 0
configure:11928: g++ -E  conftest.cpp
conftest.cpp:23:28: fatal error: ac_nonexistent.h: No such file or directory
compilation terminated.
configure:11928: $? = 1
configure: failed program was:
| /* confdefs.h */
| #define PACKAGE_NAME "tcpmon-src"
| #define PACKAGE_TARNAME "tcpmon-src"
| #define PACKAGE_VERSION "0.95_pre"
| #define PACKAGE_STRING "tcpmon-src 0.95_pre"
| #define PACKAGE_BUGREPORT ""
| #define PACKAGE_URL ""
| #define PACKAGE "tcpmon-src"
| #define VERSION "0.95_pre"
| #define STDC_HEADERS 1
| #define HAVE_SYS_TYPES_H 1
| #define HAVE_SYS_STAT_H 1
| #define HAVE_STDLIB_H 1
| #define HAVE_STRING_H 1
| #define HAVE_MEMORY_H 1
| #define HAVE_STRINGS_H 1
| #define HAVE_INTTYPES_H 1
| #define HAVE_STDINT_H 1
| #define HAVE_UNISTD_H 1
| #define HAVE_DLFCN_H 1
| #define LT_OBJDIR ".libs/"
| /* end confdefs.h.  */
| #include <ac_nonexistent.h>
configure:12097: checking for ld used by g++
configure:12164: result: /usr/bin/ld -m elf_x86_64
configure:12171: checking if the linker (/usr/bin/ld -m elf_x86_64) is GNU ld
configure:12186: result: yes
configure:12241: checking whether the g++ linker (/usr/bin/ld -m elf_x86_64) supports shared libraries
configure:13246: result: yes
configure:13282: g++ -c -g -O2  conftest.cpp >&5
configure:13285: $? = 0
configure:13805: checking for g++ option to produce PIC
configure:13812: result: -fPIC -DPIC
configure:13820: checking if g++ PIC flag -fPIC -DPIC works
configure:13838: g++ -c -g -O2  -fPIC -DPIC -DPIC conftest.cpp >&5
configure:13842: $? = 0
configure:13855: result: yes
configure:13878: checking if g++ static flag -static works
configure:13906: result: yes
configure:13918: checking if g++ supports -c -o file.o
configure:13939: g++ -c -g -O2  -o out/conftest2.o conftest.cpp >&5
configure:13943: $? = 0
configure:13965: result: yes
configure:13970: checking if g++ supports -c -o file.o
configure:14017: result: yes
configure:14047: checking whether the g++ linker (/usr/bin/ld -m elf_x86_64) supports shared libraries
configure:14086: result: yes
configure:14227: checking dynamic linker characteristics
configure:14906: result: GNU/Linux ld.so
configure:14959: checking how to hardcode library paths into programs
configure:14984: result: immediate
configure:15046: checking whether ln -s works
configure:15050: result: yes
configure:15057: checking whether make sets $(MAKE)
configure:15079: result: yes
configure:15097: checking for ANSI C header files
configure:15201: result: yes
configure:15212: checking stdio.h usability
configure:15212: gcc -c -g -O2 -D_LARGEFILE64_SOURCE -g -ansi -Wall -Wno-implicit-function-declaration  conftest.c >&5
configure:15212: $? = 0
configure:15212: result: yes
configure:15212: checking stdio.h presence
configure:15212: gcc -E  conftest.c
configure:15212: $? = 0
configure:15212: result: yes
configure:15212: checking for stdio.h
configure:15212: result: yes
configure:15212: checking for stdlib.h
configure:15212: result: yes
configure:15212: checking for string.h
configure:15212: result: yes
configure:15223: checking for an ANSI C-conforming const
configure:15288: gcc -c -g -O2 -D_LARGEFILE64_SOURCE -g -ansi -Wall -Wno-implicit-function-declaration  conftest.c >&5
conftest.c: In function 'main':
conftest.c:56:10: warning: 't' is used uninitialized in this function [-Wuninitialized]
configure:15288: $? = 0
configure:15295: result: yes
configure:15306: checking for stdlib.h
configure:15306: result: yes
configure:15316: checking for GNU libc compatible malloc
configure:15340: gcc -o conftest -g -O2 -D_LARGEFILE64_SOURCE -g -ansi -Wall -Wno-implicit-function-declaration   -lpthread conftest.c  >&5
configure:15340: $? = 0
configure:15340: ./conftest
configure:15340: $? = 0
configure:15350: result: yes
configure:15373: checking for stdlib.h
configure:15373: result: yes
configure:15383: checking for GNU libc compatible realloc
configure:15407: gcc -o conftest -g -O2 -D_LARGEFILE64_SOURCE -g -ansi -Wall -Wno-implicit-function-declaration   -lpthread conftest.c  >&5
configure:15407: $? = 0
configure:15407: ./conftest
configure:15407: $? = 0
configure:15417: result: yes
configure:15440: checking for memmove
configure:15440: gcc -o conftest -g -O2 -D_LARGEFILE64_SOURCE -g -ansi -Wall -Wno-implicit-function-declaration   -lpthread conftest.c  >&5
conftest.c:54:6: warning: conflicting types for built-in function 'memmove' [enabled by default]
configure:15440: $? = 0
configure:15440: result: yes
configure:15450: checking for inflate in -lz
configure:15475: gcc -o conftest -g -O2 -D_LARGEFILE64_SOURCE -g -ansi -Wall -Wno-implicit-function-declaration   -lpthread conftest.c -lz   >&5
configure:15475: $? = 0
configure:15484: result: yes
configure:15495: checking for socket in -lsocket
configure:15520: gcc -o conftest -g -O2 -D_LARGEFILE64_SOURCE -g -ansi -Wall -Wno-implicit-function-declaration   -lpthread conftest.c -lsocket  -lz  >&5
/usr/bin/ld: cannot find -lsocket
collect2: ld returned 1 exit status
configure:15520: $? = 1
configure: failed program was:
| /* confdefs.h */
| #define PACKAGE_NAME "tcpmon-src"
| #define PACKAGE_TARNAME "tcpmon-src"
| #define PACKAGE_VERSION "0.95_pre"
| #define PACKAGE_STRING "tcpmon-src 0.95_pre"
| #define PACKAGE_BUGREPORT ""
| #define PACKAGE_URL ""
| #define PACKAGE "tcpmon-src"
| #define VERSION "0.95_pre"
| #define STDC_HEADERS 1
| #define HAVE_SYS_TYPES_H 1
| #define HAVE_SYS_STAT_H 1
| #define HAVE_STDLIB_H 1
| #define HAVE_STRING_H 1
| #define HAVE_MEMORY_H 1
| #define HAVE_STRINGS_H 1
| #define HAVE_INTTYPES_H 1
| #define HAVE_STDINT_H 1
| #define HAVE_UNISTD_H 1
| #define HAVE_DLFCN_H 1
| #define LT_OBJDIR ".libs/"
| #define STDC_HEADERS 1
| #define HAVE_STDIO_H 1
| #define HAVE_STDLIB_H 1
| #define HAVE_STRING_H 1
| #define HAVE_STDLIB_H 1
| #define HAVE_MALLOC 1
| #define HAVE_STDLIB_H 1
| #define HAVE_REALLOC 1
| #define HAVE_MEMMOVE 1
| #define HAVE_LIBZ 1
| /* end confdefs.h.  */
| 
| /* Override any GCC internal prototype to avoid an error.
|    Use char because int might match the return type of a GCC
|    builtin and then its argument prototype would still apply.  */
| #ifdef __cplusplus
| extern "C"
| #endif
| char socket ();
| int
| main ()
| {
| return socket ();
|   ;
|   return 0;
| }
configure:15529: result: no
configure:15536: checking whether to build guththila xml parser library
configure:15553: result: yes
configure:15561: checking whether to build libxml2 xml parser library
configure:15572: result: yes
configure:15586: checking whether to build tests
configure:15604: result: no
configure:15757: creating ./config.status

## ---------------------- ##
## Running config.status. ##
## ---------------------- ##

This file was extended by tcpmon-src config.status 0.95_pre, which was
generated by GNU Autoconf 2.68.  Invocation command line was

  CONFIG_FILES    = 
  CONFIG_HEADERS  = 
  CONFIG_LINKS    = 
  CONFIG_COMMANDS = 
  $ ./config.status 

on denisnovikov

config.status:1169: creating Makefile
config.status:1169: creating src/Makefile
config.status:1169: creating config.h
config.status:1350: config.h is unchanged
config.status:1398: executing depfiles commands
config.status:1398: executing libtool commands

## ---------------- ##
## Cache variables. ##
## ---------------- ##

ac_cv_build=x86_64-unknown-linux-gnu
ac_cv_c_compiler_gnu=yes
ac_cv_c_const=yes
ac_cv_cxx_compiler_gnu=yes
ac_cv_env_CCC_set=
ac_cv_env_CCC_value=
ac_cv_env_CC_set=
ac_cv_env_CC_value=
ac_cv_env_CFLAGS_set=
ac_cv_env_CFLAGS_value=
ac_cv_env_CPPFLAGS_set=
ac_cv_env_CPPFLAGS_value=
ac_cv_env_CPP_set=
ac_cv_env_CPP_value=
ac_cv_env_CXXCPP_set=
ac_cv_env_CXXCPP_value=
ac_cv_env_CXXFLAGS_set=
ac_cv_env_CXXFLAGS_value=
ac_cv_env_CXX_set=
ac_cv_env_CXX_value=
ac_cv_env_LDFLAGS_set=
ac_cv_env_LDFLAGS_value=
ac_cv_env_LIBS_set=
ac_cv_env_LIBS_value=
ac_cv_env_build_alias_set=
ac_cv_env_build_alias_value=
ac_cv_env_host_alias_set=
ac_cv_env_host_alias_value=
ac_cv_env_target_alias_set=
ac_cv_env_target_alias_value=
ac_cv_func_malloc_0_nonnull=yes
ac_cv_func_memmove=yes
ac_cv_func_realloc_0_nonnull=yes
ac_cv_header_dlfcn_h=yes
ac_cv_header_inttypes_h=yes
ac_cv_header_memory_h=yes
ac_cv_header_stdc=yes
ac_cv_header_stdint_h=yes
ac_cv_header_stdio_h=yes
ac_cv_header_stdlib_h=yes
ac_cv_header_string_h=yes
ac_cv_header_strings_h=yes
ac_cv_header_sys_stat_h=yes
ac_cv_header_sys_types_h=yes
ac_cv_header_unistd_h=yes
ac_cv_host=x86_64-unknown-linux-gnu
ac_cv_lib_socket_socket=no
ac_cv_lib_z_inflate=yes
ac_cv_objext=o
ac_cv_path_EGREP='/bin/grep -E'
ac_cv_path_FGREP='/bin/grep -F'
ac_cv_path_GREP=/bin/grep
ac_cv_path_SED=/bin/sed
ac_cv_path_install='/usr/bin/install -c'
ac_cv_path_mkdir=/bin/mkdir
ac_cv_prog_AWK=gawk
ac_cv_prog_CPP='gcc -E'
ac_cv_prog_CXXCPP='g++ -E'
ac_cv_prog_ac_ct_AR=ar
ac_cv_prog_ac_ct_CC=gcc
ac_cv_prog_ac_ct_CXX=g++
ac_cv_prog_ac_ct_MANIFEST_TOOL=mt
ac_cv_prog_ac_ct_OBJDUMP=objdump
ac_cv_prog_ac_ct_RANLIB=ranlib
ac_cv_prog_ac_ct_STRIP=strip
ac_cv_prog_cc_c89=
ac_cv_prog_cc_g=yes
ac_cv_prog_cxx_g=yes
ac_cv_prog_make_make_set=yes
ac_cv_target=x86_64-unknown-linux-gnu
am_cv_CC_dependencies_compiler_type=gcc3
am_cv_CXX_dependencies_compiler_type=gcc3
lt_cv_ar_at_file=@
lt_cv_archive_cmds_need_lc=no
lt_cv_deplibs_check_method=pass_all
lt_cv_file_magic_cmd='$MAGIC_CMD'
lt_cv_file_magic_test_file=
lt_cv_ld_reload_flag=-r
lt_cv_nm_interface='BSD nm'
lt_cv_objdir=.libs
lt_cv_path_LD=/usr/bin/ld
lt_cv_path_LDCXX='/usr/bin/ld -m elf_x86_64'
lt_cv_path_NM='/usr/bin/nm -B'
lt_cv_path_mainfest_tool=no
lt_cv_prog_compiler_c_o=yes
lt_cv_prog_compiler_c_o_CXX=yes
lt_cv_prog_compiler_pic='-fPIC -DPIC'
lt_cv_prog_compiler_pic_CXX='-fPIC -DPIC'
lt_cv_prog_compiler_pic_works=yes
lt_cv_prog_compiler_pic_works_CXX=yes
lt_cv_prog_compiler_rtti_exceptions=no
lt_cv_prog_compiler_static_works=yes
lt_cv_prog_compiler_static_works_CXX=yes
lt_cv_prog_gnu_ld=yes
lt_cv_prog_gnu_ldcxx=yes
lt_cv_sharedlib_from_linklib_cmd='printf %s\n'
lt_cv_shlibpath_overrides_runpath=no
lt_cv_sys_global_symbol_pipe='sed -n -e '\''s/^.*[	 ]\([ABCDGIRSTW][ABCDGIRSTW]*\)[	 ][	 ]*\([_A-Za-z][_A-Za-z0-9]*\)$/\1 \2 \2/p'\'' | sed '\''/ __gnu_lto/d'\'''
lt_cv_sys_global_symbol_to_c_name_address='sed -n -e '\''s/^: \([^ ]*\)[ ]*$/  {\"\1\", (void *) 0},/p'\'' -e '\''s/^[ABCDGIRSTW]* \([^ ]*\) \([^ ]*\)$/  {"\2", (void *) \&\2},/p'\'''
lt_cv_sys_global_symbol_to_c_name_address_lib_prefix='sed -n -e '\''s/^: \([^ ]*\)[ ]*$/  {\"\1\", (void *) 0},/p'\'' -e '\''s/^[ABCDGIRSTW]* \([^ ]*\) \(lib[^ ]*\)$/  {"\2", (void *) \&\2},/p'\'' -e '\''s/^[ABCDGIRSTW]* \([^ ]*\) \([^ ]*\)$/  {"lib\2", (void *) \&\2},/p'\'''
lt_cv_sys_global_symbol_to_cdecl='sed -n -e '\''s/^T .* \(.*\)$/extern int \1();/p'\'' -e '\''s/^[ABCDGIRSTW]* .* \(.*\)$/extern char \1;/p'\'''
lt_cv_sys_max_cmd_len=1572864
lt_cv_to_host_file_cmd=func_convert_file_noop
lt_cv_to_tool_file_cmd=func_convert_file_noop

## ----------------- ##
## Output variables. ##
## ----------------- ##

ACLOCAL='${SHELL} /home/denis/Downloads/wso2/src/cpp/wsf_c/axis2c/missing --run aclocal-1.11'
AMDEPBACKSLASH='\'
AMDEP_FALSE='#'
AMDEP_TRUE=''
AMTAR='$${TAR-tar}'
AR='ar'
AUTOCONF='${SHELL} /home/denis/Downloads/wso2/src/cpp/wsf_c/axis2c/missing --run autoconf'
AUTOHEADER='${SHELL} /home/denis/Downloads/wso2/src/cpp/wsf_c/axis2c/missing --run autoheader'
AUTOMAKE='${SHELL} /home/denis/Downloads/wso2/src/cpp/wsf_c/axis2c/missing --run automake-1.11'
AWK='gawk'
CC='gcc'
CCDEPMODE='depmode=gcc3'
CFLAGS='-g -O2 -D_LARGEFILE64_SOURCE -g -ansi -Wall -Wno-implicit-function-declaration'
CPP='gcc -E'
CPPFLAGS=''
CXX='g++'
CXXCPP='g++ -E'
CXXDEPMODE='depmode=gcc3'
CXXFLAGS='-g -O2'
CYGPATH_W='echo'
DEFS='-DHAVE_CONFIG_H'
DEPDIR='.deps'
DLLTOOL='false'
DSYMUTIL=''
DUMPBIN=''
ECHO_C=''
ECHO_N='-n'
ECHO_T=''
EGREP='/bin/grep -E'
EXEEXT=''
FGREP='/bin/grep -F'
GREP='/bin/grep'
INSTALL_DATA='${INSTALL} -m 644'
INSTALL_PROGRAM='${INSTALL}'
INSTALL_SCRIPT='${INSTALL}'
INSTALL_STRIP_PROGRAM='$(install_sh) -c -s'
LD='/usr/bin/ld -m elf_x86_64'
LDFLAGS=' -lpthread'
LIBOBJS=''
LIBS='-lz '
LIBTOOL='$(SHELL) $(top_builddir)/libtool'
LIPO=''
LN_S='ln -s'
LTLIBOBJS=''
MAKEINFO='${SHELL} /home/denis/Downloads/wso2/src/cpp/wsf_c/axis2c/missing --run makeinfo'
MANIFEST_TOOL=':'
MKDIR_P='/bin/mkdir -p'
NM='/usr/bin/nm -B'
NMEDIT=''
OBJDUMP='objdump'
OBJEXT='o'
OTOOL64=''
OTOOL=''
PACKAGE='tcpmon-src'
PACKAGE_BUGREPORT=''
PACKAGE_NAME='tcpmon-src'
PACKAGE_STRING='tcpmon-src 0.95_pre'
PACKAGE_TARNAME='tcpmon-src'
PACKAGE_URL=''
PACKAGE_VERSION='0.95_pre'
PATH_SEPARATOR=':'
RANLIB='ranlib'
SED='/bin/sed'
SET_MAKE=''
SHELL='/bin/bash'
STRIP='strip'
TESTDIR=''
UTILINC=''
VERSION='0.95_pre'
WRAPPER_DIR='libxml2'
ac_ct_AR='ar'
ac_ct_CC='gcc'
ac_ct_CXX='g++'
ac_ct_DUMPBIN=''
am__EXEEXT_FALSE=''
am__EXEEXT_TRUE='#'
am__fastdepCC_FALSE='#'
am__fastdepCC_TRUE=''
am__fastdepCXX_FALSE='#'
am__fastdepCXX_TRUE=''
am__include='include'
am__isrc=''
am__leading_dot='.'
am__nodep='_no'
am__quote=''
am__tar='$${TAR-tar} chof - "$$tardir"'
am__untar='$${TAR-tar} xf -'
bindir='${exec_prefix}/bin'
build='x86_64-unknown-linux-gnu'
build_alias=''
build_cpu='x86_64'
build_os='linux-gnu'
build_vendor='unknown'
datadir='${datarootdir}'
datarootdir='${prefix}/share'
docdir='${datarootdir}/doc/${PACKAGE_TARNAME}'
dvidir='${docdir}'
exec_prefix='${prefix}'
host='x86_64-unknown-linux-gnu'
host_alias=''
host_cpu='x86_64'
host_os='linux-gnu'
host_vendor='unknown'
htmldir='${docdir}'
includedir='${prefix}/include'
infodir='${datarootdir}/info'
install_sh='${SHELL} /home/denis/Downloads/wso2/src/cpp/wsf_c/axis2c/install-sh'
libdir='${exec_prefix}/lib'
libexecdir='${exec_prefix}/libexec'
localedir='${datarootdir}/locale'
localstatedir='${prefix}/var'
mandir='${datarootdir}/man'
mkdir_p='/bin/mkdir -p'
oldincludedir='/usr/include'
pdfdir='${docdir}'
prefix='/usr/local'
program_transform_name='s,x,x,'
psdir='${docdir}'
sbindir='${exec_prefix}/sbin'
sharedstatedir='${prefix}/com'
sysconfdir='${prefix}/etc'
target='x86_64-unknown-linux-gnu'
target_alias=''
target_cpu='x86_64'
target_os='linux-gnu'
target_vendor='unknown'

## ----------- ##
## confdefs.h. ##
## ----------- ##

/* confdefs.h */
#define PACKAGE_NAME "tcpmon-src"
#define PACKAGE_TARNAME "tcpmon-src"
#define PACKAGE_VERSION "0.95_pre"
#define PACKAGE_STRING "tcpmon-src 0.95_pre"
#define PACKAGE_BUGREPORT ""
#define PACKAGE_URL ""
#define PACKAGE "tcpmon-src"
#define VERSION "0.95_pre"
#define STDC_HEADERS 1
#define HAVE_SYS_TYPES_H 1
#define HAVE_SYS_STAT_H 1
#define HAVE_STDLIB_H 1
#define HAVE_STRING_H 1
#define HAVE_MEMORY_H 1
#define HAVE_STRINGS_H 1
#define HAVE_INTTYPES_H 1
#define HAVE_STDINT_H 1
#define HAVE_UNISTD_H 1
#define HAVE_DLFCN_H 1
#define LT_OBJDIR ".libs/"
#define STDC_HEADERS 1
#define HAVE_STDIO_H 1
#define HAVE_STDLIB_H 1
#define HAVE_STRING_H 1
#define HAVE_STDLIB_H 1
#define HAVE_MALLOC 1
#define HAVE_STDLIB_H 1
#define HAVE_REALLOC 1
#define HAVE_MEMMOVE 1
#define HAVE_LIBZ 1

configure: exit 0

## ---------------------- ##
## Running config.status. ##
## ---------------------- ##

This file was extended by tcpmon-src config.status 0.95_pre, which was
generated by GNU Autoconf 2.68.  Invocation command line was

  CONFIG_FILES    = 
  CONFIG_HEADERS  = 
  CONFIG_LINKS    = 
  CONFIG_COMMANDS = 
  $ ./config.status config.h

on denisnovikov

config.status:1169: creating config.h
config.status:1350: config.h is unchanged
