This file contains any messages produced by compilers while
running configure, to aid debugging if configure makes a mistake.

It was created by savanc-sample-src configure 1.1.0, which was
generated by GNU Autoconf 2.68.  Invocation command line was

  $ ./configure --disable-option-checking --prefix=/usr/local --with-axis2=/usr/include/axis2-1.6.0 --with-apache2=/usr/include/apache2 --with-apr=/usr/include/apr-1.0 --enable-libxml2 --disable-wsclient --cache-file=/dev/null --srcdir=.

## --------- ##
## Platform. ##
## --------- ##

hostname = denisnovikov
uname -m = x86_64
uname -r = 3.2.0-25-generic
uname -s = Linux
uname -v = #40-Ubuntu SMP Wed May 23 20:30:51 UTC 2012

/usr/bin/uname -p = unknown
/bin/uname -X     = unknown

/bin/arch              = unknown
/usr/bin/arch -k       = unknown
/usr/convex/getsysinfo = unknown
/usr/bin/hostinfo      = unknown
/bin/machine           = unknown
/usr/bin/oslevel       = unknown
/bin/universe          = unknown

PATH: /home/denis/bin
PATH: /usr/local/sbin
PATH: /usr/local/bin
PATH: /usr/sbin
PATH: /usr/bin
PATH: /sbin
PATH: /bin
PATH: /usr/games


## ----------- ##
## Core tests. ##
## ----------- ##

configure:2362: checking build system type
configure:2376: result: x86_64-unknown-linux-gnu
configure:2396: checking host system type
configure:2409: result: x86_64-unknown-linux-gnu
configure:2429: checking target system type
configure:2442: result: x86_64-unknown-linux-gnu
configure:2487: checking for a BSD-compatible install
configure:2555: result: /usr/bin/install -c
configure:2566: checking whether build environment is sane
configure:2616: result: yes
configure:2757: checking for a thread-safe mkdir -p
configure:2796: result: /bin/mkdir -p
configure:2809: checking for gawk
configure:2825: found /usr/bin/gawk
configure:2836: result: gawk
configure:2847: checking whether make sets $(MAKE)
configure:2869: result: yes
configure:3000: checking for gcc
configure:3016: found /usr/bin/gcc
configure:3027: result: gcc
configure:3256: checking for C compiler version
configure:3265: gcc --version >&5
gcc (Ubuntu/Linaro 4.6.3-1ubuntu5) 4.6.3
Copyright (C) 2011 Free Software Foundation, Inc.
This is free software; see the source for copying conditions.  There is NO
warranty; not even for MERCHANTABILITY or FITNESS FOR A PARTICULAR PURPOSE.

configure:3276: $? = 0
configure:3265: gcc -v >&5
Using built-in specs.
COLLECT_GCC=gcc
COLLECT_LTO_WRAPPER=/usr/lib/gcc/x86_64-linux-gnu/4.6/lto-wrapper
Target: x86_64-linux-gnu
Configured with: ../src/configure -v --with-pkgversion='Ubuntu/Linaro 4.6.3-1ubuntu5' --with-bugurl=file:///usr/share/doc/gcc-4.6/README.Bugs --enable-languages=c,c++,fortran,objc,obj-c++ --prefix=/usr --program-suffix=-4.6 --enable-shared --enable-linker-build-id --with-system-zlib --libexecdir=/usr/lib --without-included-gettext --enable-threads=posix --with-gxx-include-dir=/usr/include/c++/4.6 --libdir=/usr/lib --enable-nls --with-sysroot=/ --enable-clocale=gnu --enable-libstdcxx-debug --enable-libstdcxx-time=yes --enable-gnu-unique-object --enable-plugin --enable-objc-gc --disable-werror --with-arch-32=i686 --with-tune=generic --enable-checking=release --build=x86_64-linux-gnu --host=x86_64-linux-gnu --target=x86_64-linux-gnu
Thread model: posix
gcc version 4.6.3 (Ubuntu/Linaro 4.6.3-1ubuntu5) 
configure:3276: $? = 0
configure:3265: gcc -V >&5
gcc: error: unrecognized option '-V'
gcc: fatal error: no input files
compilation terminated.
configure:3276: $? = 4
configure:3265: gcc -qversion >&5
gcc: error: unrecognized option '-qversion'
gcc: fatal error: no input files
compilation terminated.
configure:3276: $? = 4
configure:3296: checking whether the C compiler works
configure:3318: gcc    conftest.c  >&5
configure:3322: $? = 0
configure:3370: result: yes
configure:3373: checking for C compiler default output file name
configure:3375: result: a.out
configure:3381: checking for suffix of executables
configure:3388: gcc -o conftest    conftest.c  >&5
configure:3392: $? = 0
configure:3414: result: 
configure:3436: checking whether we are cross compiling
configure:3444: gcc -o conftest    conftest.c  >&5
configure:3448: $? = 0
configure:3455: ./conftest
configure:3459: $? = 0
configure:3474: result: no
configure:3479: checking for suffix of object files
configure:3501: gcc -c   conftest.c >&5
configure:3505: $? = 0
configure:3526: result: o
configure:3530: checking whether we are using the GNU C compiler
configure:3549: gcc -c   conftest.c >&5
configure:3549: $? = 0
configure:3558: result: yes
configure:3567: checking whether gcc accepts -g
configure:3587: gcc -c -g  conftest.c >&5
configure:3587: $? = 0
configure:3628: result: yes
configure:3645: checking for gcc option to accept ISO C89
configure:3709: gcc  -c -g -O2  conftest.c >&5
configure:3709: $? = 0
configure:3722: result: none needed
configure:3753: checking for style of include used by make
configure:3781: result: GNU
configure:3807: checking dependency style of gcc
configure:3918: result: gcc3
configure:3991: checking for g++
configure:4007: found /usr/bin/g++
configure:4018: result: g++
configure:4045: checking for C++ compiler version
configure:4054: g++ --version >&5
g++ (Ubuntu/Linaro 4.6.3-1ubuntu5) 4.6.3
Copyright (C) 2011 Free Software Foundation, Inc.
This is free software; see the source for copying conditions.  There is NO
warranty; not even for MERCHANTABILITY or FITNESS FOR A PARTICULAR PURPOSE.

configure:4065: $? = 0
configure:4054: g++ -v >&5
Using built-in specs.
COLLECT_GCC=g++
COLLECT_LTO_WRAPPER=/usr/lib/gcc/x86_64-linux-gnu/4.6/lto-wrapper
Target: x86_64-linux-gnu
Configured with: ../src/configure -v --with-pkgversion='Ubuntu/Linaro 4.6.3-1ubuntu5' --with-bugurl=file:///usr/share/doc/gcc-4.6/README.Bugs --enable-languages=c,c++,fortran,objc,obj-c++ --prefix=/usr --program-suffix=-4.6 --enable-shared --enable-linker-build-id --with-system-zlib --libexecdir=/usr/lib --without-included-gettext --enable-threads=posix --with-gxx-include-dir=/usr/include/c++/4.6 --libdir=/usr/lib --enable-nls --with-sysroot=/ --enable-clocale=gnu --enable-libstdcxx-debug --enable-libstdcxx-time=yes --enable-gnu-unique-object --enable-plugin --enable-objc-gc --disable-werror --with-arch-32=i686 --with-tune=generic --enable-checking=release --build=x86_64-linux-gnu --host=x86_64-linux-gnu --target=x86_64-linux-gnu
Thread model: posix
gcc version 4.6.3 (Ubuntu/Linaro 4.6.3-1ubuntu5) 
configure:4065: $? = 0
configure:4054: g++ -V >&5
g++: error: unrecognized option '-V'
g++: fatal error: no input files
compilation terminated.
configure:4065: $? = 4
configure:4054: g++ -qversion >&5
g++: error: unrecognized option '-qversion'
g++: fatal error: no input files
compilation terminated.
configure:4065: $? = 4
configure:4069: checking whether we are using the GNU C++ compiler
configure:4088: g++ -c   conftest.cpp >&5
configure:4088: $? = 0
configure:4097: result: yes
configure:4106: checking whether g++ accepts -g
configure:4126: g++ -c -g  conftest.cpp >&5
configure:4126: $? = 0
configure:4167: result: yes
configure:4192: checking dependency style of g++
configure:4303: result: gcc3
configure:4323: checking how to run the C preprocessor
configure:4354: gcc -E  conftest.c
configure:4354: $? = 0
configure:4368: gcc -E  conftest.c
conftest.c:11:28: fatal error: ac_nonexistent.h: No such file or directory
compilation terminated.
configure:4368: $? = 1
configure: failed program was:
| /* confdefs.h */
| #define PACKAGE_NAME "savanc-sample-src"
| #define PACKAGE_TARNAME "savanc-sample-src"
| #define PACKAGE_VERSION "1.1.0"
| #define PACKAGE_STRING "savanc-sample-src 1.1.0"
| #define PACKAGE_BUGREPORT ""
| #define PACKAGE_URL ""
| #define PACKAGE "savanc-sample-src"
| #define VERSION "1.1.0"
| /* end confdefs.h.  */
| #include <ac_nonexistent.h>
configure:4393: result: gcc -E
configure:4413: gcc -E  conftest.c
configure:4413: $? = 0
configure:4427: gcc -E  conftest.c
conftest.c:11:28: fatal error: ac_nonexistent.h: No such file or directory
compilation terminated.
configure:4427: $? = 1
configure: failed program was:
| /* confdefs.h */
| #define PACKAGE_NAME "savanc-sample-src"
| #define PACKAGE_TARNAME "savanc-sample-src"
| #define PACKAGE_VERSION "1.1.0"
| #define PACKAGE_STRING "savanc-sample-src 1.1.0"
| #define PACKAGE_BUGREPORT ""
| #define PACKAGE_URL ""
| #define PACKAGE "savanc-sample-src"
| #define VERSION "1.1.0"
| /* end confdefs.h.  */
| #include <ac_nonexistent.h>
configure:4501: checking how to print strings
configure:4528: result: printf
configure:4549: checking for a sed that does not truncate output
configure:4613: result: /bin/sed
configure:4631: checking for grep that handles long lines and -e
configure:4689: result: /bin/grep
configure:4694: checking for egrep
configure:4756: result: /bin/grep -E
configure:4761: checking for fgrep
configure:4823: result: /bin/grep -F
configure:4858: checking for ld used by gcc
configure:4925: result: /usr/bin/ld
configure:4932: checking if the linker (/usr/bin/ld) is GNU ld
configure:4947: result: yes
configure:4959: checking for BSD- or MS-compatible name lister (nm)
configure:5008: result: /usr/bin/nm -B
configure:5138: checking the name lister (/usr/bin/nm -B) interface
configure:5145: gcc -c -g -O2  conftest.c >&5
configure:5148: /usr/bin/nm -B "conftest.o"
configure:5151: output
0000000000000000 B some_variable
configure:5158: result: BSD nm
configure:5161: checking whether ln -s works
configure:5165: result: yes
configure:5173: checking the maximum length of command line arguments
configure:5303: result: 1572864
configure:5320: checking whether the shell understands some XSI constructs
configure:5330: result: yes
configure:5334: checking whether the shell understands "+="
configure:5340: result: yes
configure:5375: checking how to convert x86_64-unknown-linux-gnu file names to x86_64-unknown-linux-gnu format
configure:5415: result: func_convert_file_noop
configure:5422: checking how to convert x86_64-unknown-linux-gnu file names to toolchain format
configure:5442: result: func_convert_file_noop
configure:5449: checking for /usr/bin/ld option to reload object files
configure:5456: result: -r
configure:5530: checking for objdump
configure:5546: found /usr/bin/objdump
configure:5557: result: objdump
configure:5589: checking how to recognize dependent libraries
configure:5791: result: pass_all
configure:5876: checking for dlltool
configure:5906: result: no
configure:5936: checking how to associate runtime and link libraries
configure:5963: result: printf %s\n
configure:6024: checking for ar
configure:6040: found /usr/bin/ar
configure:6051: result: ar
configure:6088: checking for archiver @FILE support
configure:6105: gcc -c -g -O2  conftest.c >&5
configure:6105: $? = 0
configure:6108: ar cru libconftest.a @conftest.lst >&5
configure:6111: $? = 0
configure:6116: ar cru libconftest.a @conftest.lst >&5
ar: conftest.o: No such file or directory
configure:6119: $? = 1
configure:6131: result: @
configure:6189: checking for strip
configure:6205: found /usr/bin/strip
configure:6216: result: strip
configure:6288: checking for ranlib
configure:6304: found /usr/bin/ranlib
configure:6315: result: ranlib
configure:6417: checking command to parse /usr/bin/nm -B output from gcc object
configure:6537: gcc -c -g -O2  conftest.c >&5
configure:6540: $? = 0
configure:6544: /usr/bin/nm -B conftest.o \| sed -n -e 's/^.*[ ]\([ABCDGIRSTW][ABCDGIRSTW]*\)[ ][ ]*\([_A-Za-z][_A-Za-z0-9]*\)$/\1 \2 \2/p' | sed '/ __gnu_lto/d' \> conftest.nm
configure:6547: $? = 0
configure:6613: gcc -o conftest -g -O2   conftest.c conftstm.o >&5
configure:6616: $? = 0
configure:6654: result: ok
configure:6691: checking for sysroot
configure:6721: result: no
configure:6798: gcc -c -g -O2  conftest.c >&5
configure:6801: $? = 0
configure:6977: checking for mt
configure:6993: found /bin/mt
configure:7004: result: mt
configure:7027: checking if mt is a manifest tool
configure:7033: mt '-?'
configure:7041: result: no
configure:7679: checking for ANSI C header files
configure:7699: gcc -c -g -O2  conftest.c >&5
configure:7699: $? = 0
configure:7772: gcc -o conftest -g -O2   conftest.c  >&5
configure:7772: $? = 0
configure:7772: ./conftest
configure:7772: $? = 0
configure:7783: result: yes
configure:7796: checking for sys/types.h
configure:7796: gcc -c -g -O2  conftest.c >&5
configure:7796: $? = 0
configure:7796: result: yes
configure:7796: checking for sys/stat.h
configure:7796: gcc -c -g -O2  conftest.c >&5
configure:7796: $? = 0
configure:7796: result: yes
configure:7796: checking for stdlib.h
configure:7796: gcc -c -g -O2  conftest.c >&5
configure:7796: $? = 0
configure:7796: result: yes
configure:7796: checking for string.h
configure:7796: gcc -c -g -O2  conftest.c >&5
configure:7796: $? = 0
configure:7796: result: yes
configure:7796: checking for memory.h
configure:7796: gcc -c -g -O2  conftest.c >&5
configure:7796: $? = 0
configure:7796: result: yes
configure:7796: checking for strings.h
configure:7796: gcc -c -g -O2  conftest.c >&5
configure:7796: $? = 0
configure:7796: result: yes
configure:7796: checking for inttypes.h
configure:7796: gcc -c -g -O2  conftest.c >&5
configure:7796: $? = 0
configure:7796: result: yes
configure:7796: checking for stdint.h
configure:7796: gcc -c -g -O2  conftest.c >&5
configure:7796: $? = 0
configure:7796: result: yes
configure:7796: checking for unistd.h
configure:7796: gcc -c -g -O2  conftest.c >&5
configure:7796: $? = 0
configure:7796: result: yes
configure:7810: checking for dlfcn.h
configure:7810: gcc -c -g -O2  conftest.c >&5
configure:7810: $? = 0
configure:7810: result: yes
configure:8027: checking for objdir
configure:8042: result: .libs
configure:8309: checking if gcc supports -fno-rtti -fno-exceptions
configure:8327: gcc -c -g -O2  -fno-rtti -fno-exceptions conftest.c >&5
cc1: warning: command line option '-fno-rtti' is valid for C++/ObjC++ but not for C [enabled by default]
configure:8331: $? = 0
configure:8344: result: no
configure:8671: checking for gcc option to produce PIC
configure:8678: result: -fPIC -DPIC
configure:8686: checking if gcc PIC flag -fPIC -DPIC works
configure:8704: gcc -c -g -O2  -fPIC -DPIC -DPIC conftest.c >&5
configure:8708: $? = 0
configure:8721: result: yes
configure:8750: checking if gcc static flag -static works
configure:8778: result: yes
configure:8793: checking if gcc supports -c -o file.o
configure:8814: gcc -c -g -O2  -o out/conftest2.o conftest.c >&5
configure:8818: $? = 0
configure:8840: result: yes
configure:8848: checking if gcc supports -c -o file.o
configure:8895: result: yes
configure:8928: checking whether the gcc linker (/usr/bin/ld -m elf_x86_64) supports shared libraries
configure:10085: result: yes
configure:10122: checking whether -lc should be explicitly linked in
configure:10130: gcc -c -g -O2  conftest.c >&5
configure:10133: $? = 0
configure:10148: gcc -shared  -fPIC -DPIC conftest.o  -v -Wl,-soname -Wl,conftest -o conftest 2\>\&1 \| /bin/grep  -lc  \>/dev/null 2\>\&1
configure:10151: $? = 0
configure:10165: result: no
configure:10325: checking dynamic linker characteristics
configure:10836: gcc -o conftest -g -O2   -Wl,-rpath -Wl,/foo conftest.c  >&5
configure:10836: $? = 0
configure:11070: result: GNU/Linux ld.so
configure:11177: checking how to hardcode library paths into programs
configure:11202: result: immediate
configure:11742: checking whether stripping libraries is possible
configure:11747: result: yes
configure:11782: checking if libtool supports shared libraries
configure:11784: result: yes
configure:11787: checking whether to build shared libraries
configure:11808: result: yes
configure:11811: checking whether to build static libraries
configure:11815: result: yes
configure:11838: checking how to run the C++ preprocessor
configure:11865: g++ -E  conftest.cpp
configure:11865: $? = 0
configure:11879: g++ -E  conftest.cpp
conftest.cpp:23:28: fatal error: ac_nonexistent.h: No such file or directory
compilation terminated.
configure:11879: $? = 1
configure: failed program was:
| /* confdefs.h */
| #define PACKAGE_NAME "savanc-sample-src"
| #define PACKAGE_TARNAME "savanc-sample-src"
| #define PACKAGE_VERSION "1.1.0"
| #define PACKAGE_STRING "savanc-sample-src 1.1.0"
| #define PACKAGE_BUGREPORT ""
| #define PACKAGE_URL ""
| #define PACKAGE "savanc-sample-src"
| #define VERSION "1.1.0"
| #define STDC_HEADERS 1
| #define HAVE_SYS_TYPES_H 1
| #define HAVE_SYS_STAT_H 1
| #define HAVE_STDLIB_H 1
| #define HAVE_STRING_H 1
| #define HAVE_MEMORY_H 1
| #define HAVE_STRINGS_H 1
| #define HAVE_INTTYPES_H 1
| #define HAVE_STDINT_H 1
| #define HAVE_UNISTD_H 1
| #define HAVE_DLFCN_H 1
| #define LT_OBJDIR ".libs/"
| /* end confdefs.h.  */
| #include <ac_nonexistent.h>
configure:11904: result: g++ -E
configure:11924: g++ -E  conftest.cpp
configure:11924: $? = 0
configure:11938: g++ -E  conftest.cpp
conftest.cpp:23:28: fatal error: ac_nonexistent.h: No such file or directory
compilation terminated.
configure:11938: $? = 1
configure: failed program was:
| /* confdefs.h */
| #define PACKAGE_NAME "savanc-sample-src"
| #define PACKAGE_TARNAME "savanc-sample-src"
| #define PACKAGE_VERSION "1.1.0"
| #define PACKAGE_STRING "savanc-sample-src 1.1.0"
| #define PACKAGE_BUGREPORT ""
| #define PACKAGE_URL ""
| #define PACKAGE "savanc-sample-src"
| #define VERSION "1.1.0"
| #define STDC_HEADERS 1
| #define HAVE_SYS_TYPES_H 1
| #define HAVE_SYS_STAT_H 1
| #define HAVE_STDLIB_H 1
| #define HAVE_STRING_H 1
| #define HAVE_MEMORY_H 1
| #define HAVE_STRINGS_H 1
| #define HAVE_INTTYPES_H 1
| #define HAVE_STDINT_H 1
| #define HAVE_UNISTD_H 1
| #define HAVE_DLFCN_H 1
| #define LT_OBJDIR ".libs/"
| /* end confdefs.h.  */
| #include <ac_nonexistent.h>
configure:12107: checking for ld used by g++
configure:12174: result: /usr/bin/ld -m elf_x86_64
configure:12181: checking if the linker (/usr/bin/ld -m elf_x86_64) is GNU ld
configure:12196: result: yes
configure:12251: checking whether the g++ linker (/usr/bin/ld -m elf_x86_64) supports shared libraries
configure:13256: result: yes
configure:13292: g++ -c -g -O2  conftest.cpp >&5
configure:13295: $? = 0
configure:13815: checking for g++ option to produce PIC
configure:13822: result: -fPIC -DPIC
configure:13830: checking if g++ PIC flag -fPIC -DPIC works
configure:13848: g++ -c -g -O2  -fPIC -DPIC -DPIC conftest.cpp >&5
configure:13852: $? = 0
configure:13865: result: yes
configure:13888: checking if g++ static flag -static works
configure:13916: result: yes
configure:13928: checking if g++ supports -c -o file.o
configure:13949: g++ -c -g -O2  -o out/conftest2.o conftest.cpp >&5
configure:13953: $? = 0
configure:13975: result: yes
configure:13980: checking if g++ supports -c -o file.o
configure:14027: result: yes
configure:14057: checking whether the g++ linker (/usr/bin/ld -m elf_x86_64) supports shared libraries
configure:14096: result: yes
configure:14237: checking dynamic linker characteristics
configure:14916: result: GNU/Linux ld.so
configure:14969: checking how to hardcode library paths into programs
configure:14994: result: immediate
configure:15056: checking whether ln -s works
configure:15060: result: yes
configure:15067: checking whether make sets $(MAKE)
configure:15089: result: yes
configure:15099: checking for ISO C99 varargs macros in C
configure:15116: gcc -c -g -O2  conftest.c >&5
configure:15116: $? = 0
configure:15122: result: yes
configure:15125: checking for GNUC varargs macros
configure:15142: gcc -c -g -O2  conftest.c >&5
configure:15142: $? = 0
configure:15148: result: yes
configure:15162: checking for dlopen in -ldl
configure:15187: gcc -o conftest -g -O2   conftest.c -ldl   >&5
configure:15187: $? = 0
configure:15196: result: yes
configure:15211: checking for ANSI C header files
configure:15315: result: yes
configure:15326: checking stdio.h usability
configure:15326: gcc -c -g -O2 -ansi -Wall -D_LARGEFILE64_SOURCE -Werror  conftest.c >&5
configure:15326: $? = 0
configure:15326: result: yes
configure:15326: checking stdio.h presence
configure:15326: gcc -E  conftest.c
configure:15326: $? = 0
configure:15326: result: yes
configure:15326: checking for stdio.h
configure:15326: result: yes
configure:15326: checking for stdlib.h
configure:15326: result: yes
configure:15326: checking for string.h
configure:15326: result: yes
configure:15337: checking for an ANSI C-conforming const
configure:15402: gcc -c -g -O2 -ansi -Wall -D_LARGEFILE64_SOURCE -Werror  conftest.c >&5
conftest.c: In function 'main':
conftest.c:59:10: error: 't' is used uninitialized in this function [-Werror=uninitialized]
cc1: all warnings being treated as errors
configure:15402: $? = 1
configure: failed program was:
| /* confdefs.h */
| #define PACKAGE_NAME "savanc-sample-src"
| #define PACKAGE_TARNAME "savanc-sample-src"
| #define PACKAGE_VERSION "1.1.0"
| #define PACKAGE_STRING "savanc-sample-src 1.1.0"
| #define PACKAGE_BUGREPORT ""
| #define PACKAGE_URL ""
| #define PACKAGE "savanc-sample-src"
| #define VERSION "1.1.0"
| #define STDC_HEADERS 1
| #define HAVE_SYS_TYPES_H 1
| #define HAVE_SYS_STAT_H 1
| #define HAVE_STDLIB_H 1
| #define HAVE_STRING_H 1
| #define HAVE_MEMORY_H 1
| #define HAVE_STRINGS_H 1
| #define HAVE_INTTYPES_H 1
| #define HAVE_STDINT_H 1
| #define HAVE_UNISTD_H 1
| #define HAVE_DLFCN_H 1
| #define LT_OBJDIR ".libs/"
| #define HAVE_ISO_VARARGS 1
| #define HAVE_GNUC_VARARGS 1
| #define HAVE_LIBDL 1
| #define STDC_HEADERS 1
| #define HAVE_STDIO_H 1
| #define HAVE_STDLIB_H 1
| #define HAVE_STRING_H 1
| /* end confdefs.h.  */
| 
| int
| main ()
| {
| /* FIXME: Include the comments suggested by Paul. */
| #ifndef __cplusplus
|   /* Ultrix mips cc rejects this.  */
|   typedef int charset[2];
|   const charset cs;
|   /* SunOS 4.1.1 cc rejects this.  */
|   char const *const *pcpcc;
|   char **ppc;
|   /* NEC SVR4.0.2 mips cc rejects this.  */
|   struct point {int x, y;};
|   static struct point const zero = {0,0};
|   /* AIX XL C 1.02.0.0 rejects this.
|      It does not let you subtract one const X* pointer from another in
|      an arm of an if-expression whose if-part is not a constant
|      expression */
|   const char *g = "string";
|   pcpcc = &g + (g ? g-g : 0);
|   /* HPUX 7.0 cc rejects these. */
|   ++pcpcc;
|   ppc = (char**) pcpcc;
|   pcpcc = (char const *const *) ppc;
|   { /* SCO 3.2v4 cc rejects this.  */
|     char *t;
|     char const *s = 0 ? (char *) 0 : (char const *) 0;
| 
|     *t++ = 0;
|     if (s) return 0;
|   }
|   { /* Someone thinks the Sun supposedly-ANSI compiler will reject this.  */
|     int x[] = {25, 17};
|     const int *foo = &x[0];
|     ++foo;
|   }
|   { /* Sun SC1.0 ANSI compiler rejects this -- but not the above. */
|     typedef const int *iptr;
|     iptr p = 0;
|     ++p;
|   }
|   { /* AIX XL C 1.02.0.0 rejects this saying
|        "k.c", line 2.27: 1506-025 (S) Operand must be a modifiable lvalue. */
|     struct s { int j; const int *ap[3]; };
|     struct s *b; b->j = 5;
|   }
|   { /* ULTRIX-32 V3.1 (Rev 9) vcc rejects this */
|     const int foo = 10;
|     if (!foo) return 0;
|   }
|   return !cs[0] && !zero.x;
| #endif
| 
|   ;
|   return 0;
| }
configure:15409: result: no
configure:15421: checking To Use Axis2 C . This is a compulsory module to build Axis2 C samples
configure:15432: result: yes
configure:15450: checking To Use Savan C . This is a compulsory module to build Savan C samples
configure:15473: result: no
configure:15627: creating ./config.status

## ---------------------- ##
## Running config.status. ##
## ---------------------- ##

This file was extended by savanc-sample-src config.status 1.1.0, which was
generated by GNU Autoconf 2.68.  Invocation command line was

  CONFIG_FILES    = 
  CONFIG_HEADERS  = 
  CONFIG_LINKS    = 
  CONFIG_COMMANDS = 
  $ ./config.status 

on denisnovikov

config.status:1175: creating Makefile
config.status:1175: creating server/Makefile
config.status:1175: creating server/weather/Makefile
config.status:1175: creating server/listener/Makefile
config.status:1175: creating client/Makefile
config.status:1175: creating client/subscriber/Makefile
config.status:1175: creating config.h
config.status:1356: config.h is unchanged
config.status:1404: executing depfiles commands
config.status:1404: executing libtool commands

## ---------------- ##
## Cache variables. ##
## ---------------- ##

ac_cv_build=x86_64-unknown-linux-gnu
ac_cv_c_compiler_gnu=yes
ac_cv_c_const=no
ac_cv_cxx_compiler_gnu=yes
ac_cv_env_CCC_set=
ac_cv_env_CCC_value=
ac_cv_env_CC_set=
ac_cv_env_CC_value=
ac_cv_env_CFLAGS_set=
ac_cv_env_CFLAGS_value=
ac_cv_env_CPPFLAGS_set=
ac_cv_env_CPPFLAGS_value=
ac_cv_env_CPP_set=
ac_cv_env_CPP_value=
ac_cv_env_CXXCPP_set=
ac_cv_env_CXXCPP_value=
ac_cv_env_CXXFLAGS_set=
ac_cv_env_CXXFLAGS_value=
ac_cv_env_CXX_set=
ac_cv_env_CXX_value=
ac_cv_env_LDFLAGS_set=
ac_cv_env_LDFLAGS_value=
ac_cv_env_LIBS_set=
ac_cv_env_LIBS_value=
ac_cv_env_build_alias_set=
ac_cv_env_build_alias_value=
ac_cv_env_host_alias_set=
ac_cv_env_host_alias_value=
ac_cv_env_target_alias_set=
ac_cv_env_target_alias_value=
ac_cv_header_dlfcn_h=yes
ac_cv_header_inttypes_h=yes
ac_cv_header_memory_h=yes
ac_cv_header_stdc=yes
ac_cv_header_stdint_h=yes
ac_cv_header_stdio_h=yes
ac_cv_header_stdlib_h=yes
ac_cv_header_string_h=yes
ac_cv_header_strings_h=yes
ac_cv_header_sys_stat_h=yes
ac_cv_header_sys_types_h=yes
ac_cv_header_unistd_h=yes
ac_cv_host=x86_64-unknown-linux-gnu
ac_cv_lib_dl_dlopen=yes
ac_cv_objext=o
ac_cv_path_EGREP='/bin/grep -E'
ac_cv_path_FGREP='/bin/grep -F'
ac_cv_path_GREP=/bin/grep
ac_cv_path_SED=/bin/sed
ac_cv_path_install='/usr/bin/install -c'
ac_cv_path_mkdir=/bin/mkdir
ac_cv_prog_AWK=gawk
ac_cv_prog_CPP='gcc -E'
ac_cv_prog_CXXCPP='g++ -E'
ac_cv_prog_ac_ct_AR=ar
ac_cv_prog_ac_ct_CC=gcc
ac_cv_prog_ac_ct_CXX=g++
ac_cv_prog_ac_ct_MANIFEST_TOOL=mt
ac_cv_prog_ac_ct_OBJDUMP=objdump
ac_cv_prog_ac_ct_RANLIB=ranlib
ac_cv_prog_ac_ct_STRIP=strip
ac_cv_prog_cc_c89=
ac_cv_prog_cc_g=yes
ac_cv_prog_cxx_g=yes
ac_cv_prog_make_make_set=yes
ac_cv_target=x86_64-unknown-linux-gnu
am_cv_CC_dependencies_compiler_type=gcc3
am_cv_CXX_dependencies_compiler_type=gcc3
lt_cv_ar_at_file=@
lt_cv_archive_cmds_need_lc=no
lt_cv_deplibs_check_method=pass_all
lt_cv_file_magic_cmd='$MAGIC_CMD'
lt_cv_file_magic_test_file=
lt_cv_ld_reload_flag=-r
lt_cv_nm_interface='BSD nm'
lt_cv_objdir=.libs
lt_cv_path_LD=/usr/bin/ld
lt_cv_path_LDCXX='/usr/bin/ld -m elf_x86_64'
lt_cv_path_NM='/usr/bin/nm -B'
lt_cv_path_mainfest_tool=no
lt_cv_prog_compiler_c_o=yes
lt_cv_prog_compiler_c_o_CXX=yes
lt_cv_prog_compiler_pic='-fPIC -DPIC'
lt_cv_prog_compiler_pic_CXX='-fPIC -DPIC'
lt_cv_prog_compiler_pic_works=yes
lt_cv_prog_compiler_pic_works_CXX=yes
lt_cv_prog_compiler_rtti_exceptions=no
lt_cv_prog_compiler_static_works=yes
lt_cv_prog_compiler_static_works_CXX=yes
lt_cv_prog_gnu_ld=yes
lt_cv_prog_gnu_ldcxx=yes
lt_cv_sharedlib_from_linklib_cmd='printf %s\n'
lt_cv_shlibpath_overrides_runpath=no
lt_cv_sys_global_symbol_pipe='sed -n -e '\''s/^.*[	 ]\([ABCDGIRSTW][ABCDGIRSTW]*\)[	 ][	 ]*\([_A-Za-z][_A-Za-z0-9]*\)$/\1 \2 \2/p'\'' | sed '\''/ __gnu_lto/d'\'''
lt_cv_sys_global_symbol_to_c_name_address='sed -n -e '\''s/^: \([^ ]*\)[ ]*$/  {\"\1\", (void *) 0},/p'\'' -e '\''s/^[ABCDGIRSTW]* \([^ ]*\) \([^ ]*\)$/  {"\2", (void *) \&\2},/p'\'''
lt_cv_sys_global_symbol_to_c_name_address_lib_prefix='sed -n -e '\''s/^: \([^ ]*\)[ ]*$/  {\"\1\", (void *) 0},/p'\'' -e '\''s/^[ABCDGIRSTW]* \([^ ]*\) \(lib[^ ]*\)$/  {"\2", (void *) \&\2},/p'\'' -e '\''s/^[ABCDGIRSTW]* \([^ ]*\) \([^ ]*\)$/  {"lib\2", (void *) \&\2},/p'\'''
lt_cv_sys_global_symbol_to_cdecl='sed -n -e '\''s/^T .* \(.*\)$/extern int \1();/p'\'' -e '\''s/^[ABCDGIRSTW]* .* \(.*\)$/extern char \1;/p'\'''
lt_cv_sys_max_cmd_len=1572864
lt_cv_to_host_file_cmd=func_convert_file_noop
lt_cv_to_tool_file_cmd=func_convert_file_noop

## ----------------- ##
## Output variables. ##
## ----------------- ##

ACLOCAL='${SHELL} /home/denis/Downloads/wso2/src/cpp/wsf_c/savanc/missing --run aclocal-1.11'
AMDEPBACKSLASH='\'
AMDEP_FALSE='#'
AMDEP_TRUE=''
AMTAR='$${TAR-tar}'
AR='ar'
AUTOCONF='${SHELL} /home/denis/Downloads/wso2/src/cpp/wsf_c/savanc/missing --run autoconf'
AUTOHEADER='${SHELL} /home/denis/Downloads/wso2/src/cpp/wsf_c/savanc/missing --run autoheader'
AUTOMAKE='${SHELL} /home/denis/Downloads/wso2/src/cpp/wsf_c/savanc/missing --run automake-1.11'
AWK='gawk'
AXIS2INC='-I/usr/include/axis2-1.6.0'
CC='gcc'
CCDEPMODE='depmode=gcc3'
CFLAGS='-g -O2 -ansi -Wall -D_LARGEFILE64_SOURCE -Werror  '
CPP='gcc -E'
CPPFLAGS=''
CXX='g++'
CXXCPP='g++ -E'
CXXDEPMODE='depmode=gcc3'
CXXFLAGS='-g -O2'
CYGPATH_W='echo'
DEFS='-DHAVE_CONFIG_H'
DEPDIR='.deps'
DLLTOOL='false'
DSYMUTIL=''
DUMPBIN=''
ECHO_C=''
ECHO_N='-n'
ECHO_T=''
EGREP='/bin/grep -E'
EXEEXT=''
FGREP='/bin/grep -F'
GREP='/bin/grep'
GUTHTHILA_DIR=''
GUTHTHILA_LIBS=''
INSTALL_DATA='${INSTALL} -m 644'
INSTALL_PROGRAM='${INSTALL}'
INSTALL_SCRIPT='${INSTALL}'
INSTALL_STRIP_PROGRAM='$(install_sh) -c -s'
LD='/usr/bin/ld -m elf_x86_64'
LDFLAGS=' -lpthread'
LIBOBJS=''
LIBS='-ldl '
LIBTOOL='$(SHELL) $(top_builddir)/libtool'
LIBXML2_CFLAGS=''
LIBXML2_DIR=''
LIBXML2_LIBS=''
LIPO=''
LN_S='ln -s'
LTLIBOBJS=''
MAKEINFO='${SHELL} /home/denis/Downloads/wso2/src/cpp/wsf_c/savanc/missing --run makeinfo'
MANIFEST_TOOL=':'
MKDIR_P='/bin/mkdir -p'
NM='/usr/bin/nm -B'
NMEDIT=''
OBJDUMP='objdump'
OBJEXT='o'
OTOOL64=''
OTOOL=''
PACKAGE='savanc-sample-src'
PACKAGE_BUGREPORT=''
PACKAGE_NAME='savanc-sample-src'
PACKAGE_STRING='savanc-sample-src 1.1.0'
PACKAGE_TARNAME='savanc-sample-src'
PACKAGE_URL=''
PACKAGE_VERSION='1.1.0'
PATH_SEPARATOR=':'
RANLIB='ranlib'
SAVANINC=''
SED='/bin/sed'
SET_MAKE=''
SHELL='/bin/bash'
STRIP='strip'
VERSION='1.1.0'
ac_ct_AR='ar'
ac_ct_CC='gcc'
ac_ct_CXX='g++'
ac_ct_DUMPBIN=''
am__EXEEXT_FALSE=''
am__EXEEXT_TRUE='#'
am__fastdepCC_FALSE='#'
am__fastdepCC_TRUE=''
am__fastdepCXX_FALSE='#'
am__fastdepCXX_TRUE=''
am__include='include'
am__isrc=''
am__leading_dot='.'
am__nodep='_no'
am__quote=''
am__tar='$${TAR-tar} chof - "$$tardir"'
am__untar='$${TAR-tar} xf -'
bindir='${exec_prefix}/bin'
build='x86_64-unknown-linux-gnu'
build_alias=''
build_cpu='x86_64'
build_os='linux-gnu'
build_vendor='unknown'
datadir='${datarootdir}'
datarootdir='${prefix}/share'
docdir='${datarootdir}/doc/${PACKAGE_TARNAME}'
dvidir='${docdir}'
exec_prefix='${prefix}'
host='x86_64-unknown-linux-gnu'
host_alias=''
host_cpu='x86_64'
host_os='linux-gnu'
host_vendor='unknown'
htmldir='${docdir}'
includedir='${prefix}/include'
infodir='${datarootdir}/info'
install_sh='${SHELL} /home/denis/Downloads/wso2/src/cpp/wsf_c/savanc/install-sh'
libdir='${exec_prefix}/lib'
libexecdir='${exec_prefix}/libexec'
localedir='${datarootdir}/locale'
localstatedir='${prefix}/var'
mandir='${datarootdir}/man'
mkdir_p='/bin/mkdir -p'
oldincludedir='/usr/include'
pdfdir='${docdir}'
prefix='/usr/local'
program_transform_name='s,x,x,'
psdir='${docdir}'
sbindir='${exec_prefix}/sbin'
sharedstatedir='${prefix}/com'
sysconfdir='${prefix}/etc'
target='x86_64-unknown-linux-gnu'
target_alias=''
target_cpu='x86_64'
target_os='linux-gnu'
target_vendor='unknown'

## ----------- ##
## confdefs.h. ##
## ----------- ##

/* confdefs.h */
#define PACKAGE_NAME "savanc-sample-src"
#define PACKAGE_TARNAME "savanc-sample-src"
#define PACKAGE_VERSION "1.1.0"
#define PACKAGE_STRING "savanc-sample-src 1.1.0"
#define PACKAGE_BUGREPORT ""
#define PACKAGE_URL ""
#define PACKAGE "savanc-sample-src"
#define VERSION "1.1.0"
#define STDC_HEADERS 1
#define HAVE_SYS_TYPES_H 1
#define HAVE_SYS_STAT_H 1
#define HAVE_STDLIB_H 1
#define HAVE_STRING_H 1
#define HAVE_MEMORY_H 1
#define HAVE_STRINGS_H 1
#define HAVE_INTTYPES_H 1
#define HAVE_STDINT_H 1
#define HAVE_UNISTD_H 1
#define HAVE_DLFCN_H 1
#define LT_OBJDIR ".libs/"
#define HAVE_ISO_VARARGS 1
#define HAVE_GNUC_VARARGS 1
#define HAVE_LIBDL 1
#define STDC_HEADERS 1
#define HAVE_STDIO_H 1
#define HAVE_STDLIB_H 1
#define HAVE_STRING_H 1
#define const /**/

configure: exit 0
