This file contains any messages produced by compilers while
running configure, to aid debugging if configure makes a mistake.

It was created by sandesha2c-src configure 0.91, which was
generated by GNU Autoconf 2.68.  Invocation command line was

  $ ./configure --disable-option-checking --prefix=/usr/local --with-axis2=/usr/include/axis2-1.6.0 --with-apache2=/usr/include/apache2 --with-apr=/usr/include/apr-1.0 --enable-libxml2 --disable-wsclient --cache-file=/dev/null --srcdir=.

## --------- ##
## Platform. ##
## --------- ##

hostname = denisnovikov
uname -m = x86_64
uname -r = 3.2.0-25-generic
uname -s = Linux
uname -v = #40-Ubuntu SMP Wed May 23 20:30:51 UTC 2012

/usr/bin/uname -p = unknown
/bin/uname -X     = unknown

/bin/arch              = unknown
/usr/bin/arch -k       = unknown
/usr/convex/getsysinfo = unknown
/usr/bin/hostinfo      = unknown
/bin/machine           = unknown
/usr/bin/oslevel       = unknown
/bin/universe          = unknown

PATH: /home/denis/bin
PATH: /usr/local/sbin
PATH: /usr/local/bin
PATH: /usr/sbin
PATH: /usr/bin
PATH: /sbin
PATH: /bin
PATH: /usr/games


## ----------- ##
## Core tests. ##
## ----------- ##

configure:2352: checking build system type
configure:2366: result: x86_64-unknown-linux-gnu
configure:2386: checking host system type
configure:2399: result: x86_64-unknown-linux-gnu
configure:2419: checking target system type
configure:2432: result: x86_64-unknown-linux-gnu
configure:2477: checking for a BSD-compatible install
configure:2545: result: /usr/bin/install -c
configure:2556: checking whether build environment is sane
configure:2606: result: yes
configure:2747: checking for a thread-safe mkdir -p
configure:2786: result: /bin/mkdir -p
configure:2799: checking for gawk
configure:2815: found /usr/bin/gawk
configure:2826: result: gawk
configure:2837: checking whether make sets $(MAKE)
configure:2859: result: yes
configure:2989: checking for gcc
configure:3005: found /usr/bin/gcc
configure:3016: result: gcc
configure:3245: checking for C compiler version
configure:3254: gcc --version >&5
gcc (Ubuntu/Linaro 4.6.3-1ubuntu5) 4.6.3
Copyright (C) 2011 Free Software Foundation, Inc.
This is free software; see the source for copying conditions.  There is NO
warranty; not even for MERCHANTABILITY or FITNESS FOR A PARTICULAR PURPOSE.

configure:3265: $? = 0
configure:3254: gcc -v >&5
Using built-in specs.
COLLECT_GCC=gcc
COLLECT_LTO_WRAPPER=/usr/lib/gcc/x86_64-linux-gnu/4.6/lto-wrapper
Target: x86_64-linux-gnu
Configured with: ../src/configure -v --with-pkgversion='Ubuntu/Linaro 4.6.3-1ubuntu5' --with-bugurl=file:///usr/share/doc/gcc-4.6/README.Bugs --enable-languages=c,c++,fortran,objc,obj-c++ --prefix=/usr --program-suffix=-4.6 --enable-shared --enable-linker-build-id --with-system-zlib --libexecdir=/usr/lib --without-included-gettext --enable-threads=posix --with-gxx-include-dir=/usr/include/c++/4.6 --libdir=/usr/lib --enable-nls --with-sysroot=/ --enable-clocale=gnu --enable-libstdcxx-debug --enable-libstdcxx-time=yes --enable-gnu-unique-object --enable-plugin --enable-objc-gc --disable-werror --with-arch-32=i686 --with-tune=generic --enable-checking=release --build=x86_64-linux-gnu --host=x86_64-linux-gnu --target=x86_64-linux-gnu
Thread model: posix
gcc version 4.6.3 (Ubuntu/Linaro 4.6.3-1ubuntu5) 
configure:3265: $? = 0
configure:3254: gcc -V >&5
gcc: error: unrecognized option '-V'
gcc: fatal error: no input files
compilation terminated.
configure:3265: $? = 4
configure:3254: gcc -qversion >&5
gcc: error: unrecognized option '-qversion'
gcc: fatal error: no input files
compilation terminated.
configure:3265: $? = 4
configure:3285: checking whether the C compiler works
configure:3307: gcc    conftest.c  >&5
configure:3311: $? = 0
configure:3359: result: yes
configure:3362: checking for C compiler default output file name
configure:3364: result: a.out
configure:3370: checking for suffix of executables
configure:3377: gcc -o conftest    conftest.c  >&5
configure:3381: $? = 0
configure:3403: result: 
configure:3425: checking whether we are cross compiling
configure:3433: gcc -o conftest    conftest.c  >&5
configure:3437: $? = 0
configure:3444: ./conftest
configure:3448: $? = 0
configure:3463: result: no
configure:3468: checking for suffix of object files
configure:3490: gcc -c   conftest.c >&5
configure:3494: $? = 0
configure:3515: result: o
configure:3519: checking whether we are using the GNU C compiler
configure:3538: gcc -c   conftest.c >&5
configure:3538: $? = 0
configure:3547: result: yes
configure:3556: checking whether gcc accepts -g
configure:3576: gcc -c -g  conftest.c >&5
configure:3576: $? = 0
configure:3617: result: yes
configure:3634: checking for gcc option to accept ISO C89
configure:3698: gcc  -c -g -O2  conftest.c >&5
configure:3698: $? = 0
configure:3711: result: none needed
configure:3742: checking for style of include used by make
configure:3770: result: GNU
configure:3796: checking dependency style of gcc
configure:3907: result: gcc3
configure:3980: checking for g++
configure:3996: found /usr/bin/g++
configure:4007: result: g++
configure:4034: checking for C++ compiler version
configure:4043: g++ --version >&5
g++ (Ubuntu/Linaro 4.6.3-1ubuntu5) 4.6.3
Copyright (C) 2011 Free Software Foundation, Inc.
This is free software; see the source for copying conditions.  There is NO
warranty; not even for MERCHANTABILITY or FITNESS FOR A PARTICULAR PURPOSE.

configure:4054: $? = 0
configure:4043: g++ -v >&5
Using built-in specs.
COLLECT_GCC=g++
COLLECT_LTO_WRAPPER=/usr/lib/gcc/x86_64-linux-gnu/4.6/lto-wrapper
Target: x86_64-linux-gnu
Configured with: ../src/configure -v --with-pkgversion='Ubuntu/Linaro 4.6.3-1ubuntu5' --with-bugurl=file:///usr/share/doc/gcc-4.6/README.Bugs --enable-languages=c,c++,fortran,objc,obj-c++ --prefix=/usr --program-suffix=-4.6 --enable-shared --enable-linker-build-id --with-system-zlib --libexecdir=/usr/lib --without-included-gettext --enable-threads=posix --with-gxx-include-dir=/usr/include/c++/4.6 --libdir=/usr/lib --enable-nls --with-sysroot=/ --enable-clocale=gnu --enable-libstdcxx-debug --enable-libstdcxx-time=yes --enable-gnu-unique-object --enable-plugin --enable-objc-gc --disable-werror --with-arch-32=i686 --with-tune=generic --enable-checking=release --build=x86_64-linux-gnu --host=x86_64-linux-gnu --target=x86_64-linux-gnu
Thread model: posix
gcc version 4.6.3 (Ubuntu/Linaro 4.6.3-1ubuntu5) 
configure:4054: $? = 0
configure:4043: g++ -V >&5
g++: error: unrecognized option '-V'
g++: fatal error: no input files
compilation terminated.
configure:4054: $? = 4
configure:4043: g++ -qversion >&5
g++: error: unrecognized option '-qversion'
g++: fatal error: no input files
compilation terminated.
configure:4054: $? = 4
configure:4058: checking whether we are using the GNU C++ compiler
configure:4077: g++ -c   conftest.cpp >&5
configure:4077: $? = 0
configure:4086: result: yes
configure:4095: checking whether g++ accepts -g
configure:4115: g++ -c -g  conftest.cpp >&5
configure:4115: $? = 0
configure:4156: result: yes
configure:4181: checking dependency style of g++
configure:4292: result: gcc3
configure:4312: checking how to run the C preprocessor
configure:4343: gcc -E  conftest.c
configure:4343: $? = 0
configure:4357: gcc -E  conftest.c
conftest.c:11:28: fatal error: ac_nonexistent.h: No such file or directory
compilation terminated.
configure:4357: $? = 1
configure: failed program was:
| /* confdefs.h */
| #define PACKAGE_NAME "sandesha2c-src"
| #define PACKAGE_TARNAME "sandesha2c-src"
| #define PACKAGE_VERSION "0.91"
| #define PACKAGE_STRING "sandesha2c-src 0.91"
| #define PACKAGE_BUGREPORT ""
| #define PACKAGE_URL ""
| #define PACKAGE "sandesha2c-src"
| #define VERSION "0.91"
| /* end confdefs.h.  */
| #include <ac_nonexistent.h>
configure:4382: result: gcc -E
configure:4402: gcc -E  conftest.c
configure:4402: $? = 0
configure:4416: gcc -E  conftest.c
conftest.c:11:28: fatal error: ac_nonexistent.h: No such file or directory
compilation terminated.
configure:4416: $? = 1
configure: failed program was:
| /* confdefs.h */
| #define PACKAGE_NAME "sandesha2c-src"
| #define PACKAGE_TARNAME "sandesha2c-src"
| #define PACKAGE_VERSION "0.91"
| #define PACKAGE_STRING "sandesha2c-src 0.91"
| #define PACKAGE_BUGREPORT ""
| #define PACKAGE_URL ""
| #define PACKAGE "sandesha2c-src"
| #define VERSION "0.91"
| /* end confdefs.h.  */
| #include <ac_nonexistent.h>
configure:4490: checking how to print strings
configure:4517: result: printf
configure:4538: checking for a sed that does not truncate output
configure:4602: result: /bin/sed
configure:4620: checking for grep that handles long lines and -e
configure:4678: result: /bin/grep
configure:4683: checking for egrep
configure:4745: result: /bin/grep -E
configure:4750: checking for fgrep
configure:4812: result: /bin/grep -F
configure:4847: checking for ld used by gcc
configure:4914: result: /usr/bin/ld
configure:4921: checking if the linker (/usr/bin/ld) is GNU ld
configure:4936: result: yes
configure:4948: checking for BSD- or MS-compatible name lister (nm)
configure:4997: result: /usr/bin/nm -B
configure:5127: checking the name lister (/usr/bin/nm -B) interface
configure:5134: gcc -c -g -O2  conftest.c >&5
configure:5137: /usr/bin/nm -B "conftest.o"
configure:5140: output
0000000000000000 B some_variable
configure:5147: result: BSD nm
configure:5150: checking whether ln -s works
configure:5154: result: yes
configure:5162: checking the maximum length of command line arguments
configure:5292: result: 1572864
configure:5309: checking whether the shell understands some XSI constructs
configure:5319: result: yes
configure:5323: checking whether the shell understands "+="
configure:5329: result: yes
configure:5364: checking how to convert x86_64-unknown-linux-gnu file names to x86_64-unknown-linux-gnu format
configure:5404: result: func_convert_file_noop
configure:5411: checking how to convert x86_64-unknown-linux-gnu file names to toolchain format
configure:5431: result: func_convert_file_noop
configure:5438: checking for /usr/bin/ld option to reload object files
configure:5445: result: -r
configure:5519: checking for objdump
configure:5535: found /usr/bin/objdump
configure:5546: result: objdump
configure:5578: checking how to recognize dependent libraries
configure:5780: result: pass_all
configure:5865: checking for dlltool
configure:5895: result: no
configure:5925: checking how to associate runtime and link libraries
configure:5952: result: printf %s\n
configure:6013: checking for ar
configure:6029: found /usr/bin/ar
configure:6040: result: ar
configure:6077: checking for archiver @FILE support
configure:6094: gcc -c -g -O2  conftest.c >&5
configure:6094: $? = 0
configure:6097: ar cru libconftest.a @conftest.lst >&5
configure:6100: $? = 0
configure:6105: ar cru libconftest.a @conftest.lst >&5
ar: conftest.o: No such file or directory
configure:6108: $? = 1
configure:6120: result: @
configure:6178: checking for strip
configure:6194: found /usr/bin/strip
configure:6205: result: strip
configure:6277: checking for ranlib
configure:6293: found /usr/bin/ranlib
configure:6304: result: ranlib
configure:6406: checking command to parse /usr/bin/nm -B output from gcc object
configure:6526: gcc -c -g -O2  conftest.c >&5
configure:6529: $? = 0
configure:6533: /usr/bin/nm -B conftest.o \| sed -n -e 's/^.*[ ]\([ABCDGIRSTW][ABCDGIRSTW]*\)[ ][ ]*\([_A-Za-z][_A-Za-z0-9]*\)$/\1 \2 \2/p' | sed '/ __gnu_lto/d' \> conftest.nm
configure:6536: $? = 0
configure:6602: gcc -o conftest -g -O2   conftest.c conftstm.o >&5
configure:6605: $? = 0
configure:6643: result: ok
configure:6680: checking for sysroot
configure:6710: result: no
configure:6787: gcc -c -g -O2  conftest.c >&5
configure:6790: $? = 0
configure:6966: checking for mt
configure:6982: found /bin/mt
configure:6993: result: mt
configure:7016: checking if mt is a manifest tool
configure:7022: mt '-?'
configure:7030: result: no
configure:7668: checking for ANSI C header files
configure:7688: gcc -c -g -O2  conftest.c >&5
configure:7688: $? = 0
configure:7761: gcc -o conftest -g -O2   conftest.c  >&5
configure:7761: $? = 0
configure:7761: ./conftest
configure:7761: $? = 0
configure:7772: result: yes
configure:7785: checking for sys/types.h
configure:7785: gcc -c -g -O2  conftest.c >&5
configure:7785: $? = 0
configure:7785: result: yes
configure:7785: checking for sys/stat.h
configure:7785: gcc -c -g -O2  conftest.c >&5
configure:7785: $? = 0
configure:7785: result: yes
configure:7785: checking for stdlib.h
configure:7785: gcc -c -g -O2  conftest.c >&5
configure:7785: $? = 0
configure:7785: result: yes
configure:7785: checking for string.h
configure:7785: gcc -c -g -O2  conftest.c >&5
configure:7785: $? = 0
configure:7785: result: yes
configure:7785: checking for memory.h
configure:7785: gcc -c -g -O2  conftest.c >&5
configure:7785: $? = 0
configure:7785: result: yes
configure:7785: checking for strings.h
configure:7785: gcc -c -g -O2  conftest.c >&5
configure:7785: $? = 0
configure:7785: result: yes
configure:7785: checking for inttypes.h
configure:7785: gcc -c -g -O2  conftest.c >&5
configure:7785: $? = 0
configure:7785: result: yes
configure:7785: checking for stdint.h
configure:7785: gcc -c -g -O2  conftest.c >&5
configure:7785: $? = 0
configure:7785: result: yes
configure:7785: checking for unistd.h
configure:7785: gcc -c -g -O2  conftest.c >&5
configure:7785: $? = 0
configure:7785: result: yes
configure:7799: checking for dlfcn.h
configure:7799: gcc -c -g -O2  conftest.c >&5
configure:7799: $? = 0
configure:7799: result: yes
configure:8016: checking for objdir
configure:8031: result: .libs
configure:8298: checking if gcc supports -fno-rtti -fno-exceptions
configure:8316: gcc -c -g -O2  -fno-rtti -fno-exceptions conftest.c >&5
cc1: warning: command line option '-fno-rtti' is valid for C++/ObjC++ but not for C [enabled by default]
configure:8320: $? = 0
configure:8333: result: no
configure:8660: checking for gcc option to produce PIC
configure:8667: result: -fPIC -DPIC
configure:8675: checking if gcc PIC flag -fPIC -DPIC works
configure:8693: gcc -c -g -O2  -fPIC -DPIC -DPIC conftest.c >&5
configure:8697: $? = 0
configure:8710: result: yes
configure:8739: checking if gcc static flag -static works
configure:8767: result: yes
configure:8782: checking if gcc supports -c -o file.o
configure:8803: gcc -c -g -O2  -o out/conftest2.o conftest.c >&5
configure:8807: $? = 0
configure:8829: result: yes
configure:8837: checking if gcc supports -c -o file.o
configure:8884: result: yes
configure:8917: checking whether the gcc linker (/usr/bin/ld -m elf_x86_64) supports shared libraries
configure:10074: result: yes
configure:10111: checking whether -lc should be explicitly linked in
configure:10119: gcc -c -g -O2  conftest.c >&5
configure:10122: $? = 0
configure:10137: gcc -shared  -fPIC -DPIC conftest.o  -v -Wl,-soname -Wl,conftest -o conftest 2\>\&1 \| /bin/grep  -lc  \>/dev/null 2\>\&1
configure:10140: $? = 0
configure:10154: result: no
configure:10314: checking dynamic linker characteristics
configure:10825: gcc -o conftest -g -O2   -Wl,-rpath -Wl,/foo conftest.c  >&5
configure:10825: $? = 0
configure:11059: result: GNU/Linux ld.so
configure:11166: checking how to hardcode library paths into programs
configure:11191: result: immediate
configure:11731: checking whether stripping libraries is possible
configure:11736: result: yes
configure:11771: checking if libtool supports shared libraries
configure:11773: result: yes
configure:11776: checking whether to build shared libraries
configure:11797: result: yes
configure:11800: checking whether to build static libraries
configure:11804: result: yes
configure:11827: checking how to run the C++ preprocessor
configure:11854: g++ -E  conftest.cpp
configure:11854: $? = 0
configure:11868: g++ -E  conftest.cpp
conftest.cpp:23:28: fatal error: ac_nonexistent.h: No such file or directory
compilation terminated.
configure:11868: $? = 1
configure: failed program was:
| /* confdefs.h */
| #define PACKAGE_NAME "sandesha2c-src"
| #define PACKAGE_TARNAME "sandesha2c-src"
| #define PACKAGE_VERSION "0.91"
| #define PACKAGE_STRING "sandesha2c-src 0.91"
| #define PACKAGE_BUGREPORT ""
| #define PACKAGE_URL ""
| #define PACKAGE "sandesha2c-src"
| #define VERSION "0.91"
| #define STDC_HEADERS 1
| #define HAVE_SYS_TYPES_H 1
| #define HAVE_SYS_STAT_H 1
| #define HAVE_STDLIB_H 1
| #define HAVE_STRING_H 1
| #define HAVE_MEMORY_H 1
| #define HAVE_STRINGS_H 1
| #define HAVE_INTTYPES_H 1
| #define HAVE_STDINT_H 1
| #define HAVE_UNISTD_H 1
| #define HAVE_DLFCN_H 1
| #define LT_OBJDIR ".libs/"
| /* end confdefs.h.  */
| #include <ac_nonexistent.h>
configure:11893: result: g++ -E
configure:11913: g++ -E  conftest.cpp
configure:11913: $? = 0
configure:11927: g++ -E  conftest.cpp
conftest.cpp:23:28: fatal error: ac_nonexistent.h: No such file or directory
compilation terminated.
configure:11927: $? = 1
configure: failed program was:
| /* confdefs.h */
| #define PACKAGE_NAME "sandesha2c-src"
| #define PACKAGE_TARNAME "sandesha2c-src"
| #define PACKAGE_VERSION "0.91"
| #define PACKAGE_STRING "sandesha2c-src 0.91"
| #define PACKAGE_BUGREPORT ""
| #define PACKAGE_URL ""
| #define PACKAGE "sandesha2c-src"
| #define VERSION "0.91"
| #define STDC_HEADERS 1
| #define HAVE_SYS_TYPES_H 1
| #define HAVE_SYS_STAT_H 1
| #define HAVE_STDLIB_H 1
| #define HAVE_STRING_H 1
| #define HAVE_MEMORY_H 1
| #define HAVE_STRINGS_H 1
| #define HAVE_INTTYPES_H 1
| #define HAVE_STDINT_H 1
| #define HAVE_UNISTD_H 1
| #define HAVE_DLFCN_H 1
| #define LT_OBJDIR ".libs/"
| /* end confdefs.h.  */
| #include <ac_nonexistent.h>
configure:12096: checking for ld used by g++
configure:12163: result: /usr/bin/ld -m elf_x86_64
configure:12170: checking if the linker (/usr/bin/ld -m elf_x86_64) is GNU ld
configure:12185: result: yes
configure:12240: checking whether the g++ linker (/usr/bin/ld -m elf_x86_64) supports shared libraries
configure:13245: result: yes
configure:13281: g++ -c -g -O2  conftest.cpp >&5
configure:13284: $? = 0
configure:13804: checking for g++ option to produce PIC
configure:13811: result: -fPIC -DPIC
configure:13819: checking if g++ PIC flag -fPIC -DPIC works
configure:13837: g++ -c -g -O2  -fPIC -DPIC -DPIC conftest.cpp >&5
configure:13841: $? = 0
configure:13854: result: yes
configure:13877: checking if g++ static flag -static works
configure:13905: result: yes
configure:13917: checking if g++ supports -c -o file.o
configure:13938: g++ -c -g -O2  -o out/conftest2.o conftest.cpp >&5
configure:13942: $? = 0
configure:13964: result: yes
configure:13969: checking if g++ supports -c -o file.o
configure:14016: result: yes
configure:14046: checking whether the g++ linker (/usr/bin/ld -m elf_x86_64) supports shared libraries
configure:14085: result: yes
configure:14226: checking dynamic linker characteristics
configure:14905: result: GNU/Linux ld.so
configure:14958: checking how to hardcode library paths into programs
configure:14983: result: immediate
configure:15045: checking whether ln -s works
configure:15049: result: yes
configure:15056: checking whether make sets $(MAKE)
configure:15078: result: yes
configure:15088: checking for dlopen in -ldl
configure:15113: gcc -o conftest -g -O2   conftest.c -ldl   >&5
configure:15113: $? = 0
configure:15122: result: yes
configure:15140: checking for ANSI C header files
configure:15244: result: yes
configure:15255: checking stdio.h usability
configure:15255: gcc -c -g -O2 -D_LARGEFILE64_SOURCE -ansi -Wall  -Wno-implicit-function-declaration -g  conftest.c >&5
configure:15255: $? = 0
configure:15255: result: yes
configure:15255: checking stdio.h presence
configure:15255: gcc -E  conftest.c
configure:15255: $? = 0
configure:15255: result: yes
configure:15255: checking for stdio.h
configure:15255: result: yes
configure:15255: checking for stdlib.h
configure:15255: result: yes
configure:15255: checking for string.h
configure:15255: result: yes
configure:15273: checking path to use Axis2C . This is a compulsory to build Sandesha2C
configure:15284: result: /usr/include/axis2-1.6.0
configure:15451: creating ./config.status

## ---------------------- ##
## Running config.status. ##
## ---------------------- ##

This file was extended by sandesha2c-src config.status 0.91, which was
generated by GNU Autoconf 2.68.  Invocation command line was

  CONFIG_FILES    = 
  CONFIG_HEADERS  = 
  CONFIG_LINKS    = 
  CONFIG_COMMANDS = 
  $ ./config.status 

on denisnovikov

config.status:1179: creating Makefile
config.status:1179: creating src/Makefile
config.status:1179: creating src/util/Makefile
config.status:1179: creating src/wsrm/Makefile
config.status:1179: creating src/transport/Makefile
config.status:1179: creating src/handlers/Makefile
config.status:1179: creating src/msgprocessors/Makefile
config.status:1179: creating src/storage/Makefile
config.status:1179: creating src/storage/beans/Makefile
config.status:1179: creating src/storage/common/Makefile
config.status:1179: creating src/storage/sqlite/Makefile
config.status:1179: creating src/client/Makefile
config.status:1179: creating src/core/Makefile
config.status:1179: creating src/polling/Makefile
config.status:1179: creating config.h
config.status:1360: config.h is unchanged
config.status:1408: executing depfiles commands
config.status:1408: executing libtool commands

## ---------------- ##
## Cache variables. ##
## ---------------- ##

ac_cv_build=x86_64-unknown-linux-gnu
ac_cv_c_compiler_gnu=yes
ac_cv_cxx_compiler_gnu=yes
ac_cv_env_CCC_set=
ac_cv_env_CCC_value=
ac_cv_env_CC_set=
ac_cv_env_CC_value=
ac_cv_env_CFLAGS_set=
ac_cv_env_CFLAGS_value=
ac_cv_env_CPPFLAGS_set=
ac_cv_env_CPPFLAGS_value=
ac_cv_env_CPP_set=
ac_cv_env_CPP_value=
ac_cv_env_CXXCPP_set=
ac_cv_env_CXXCPP_value=
ac_cv_env_CXXFLAGS_set=
ac_cv_env_CXXFLAGS_value=
ac_cv_env_CXX_set=
ac_cv_env_CXX_value=
ac_cv_env_LDFLAGS_set=
ac_cv_env_LDFLAGS_value=
ac_cv_env_LIBS_set=
ac_cv_env_LIBS_value=
ac_cv_env_build_alias_set=
ac_cv_env_build_alias_value=
ac_cv_env_host_alias_set=
ac_cv_env_host_alias_value=
ac_cv_env_target_alias_set=
ac_cv_env_target_alias_value=
ac_cv_header_dlfcn_h=yes
ac_cv_header_inttypes_h=yes
ac_cv_header_memory_h=yes
ac_cv_header_stdc=yes
ac_cv_header_stdint_h=yes
ac_cv_header_stdio_h=yes
ac_cv_header_stdlib_h=yes
ac_cv_header_string_h=yes
ac_cv_header_strings_h=yes
ac_cv_header_sys_stat_h=yes
ac_cv_header_sys_types_h=yes
ac_cv_header_unistd_h=yes
ac_cv_host=x86_64-unknown-linux-gnu
ac_cv_lib_dl_dlopen=yes
ac_cv_objext=o
ac_cv_path_EGREP='/bin/grep -E'
ac_cv_path_FGREP='/bin/grep -F'
ac_cv_path_GREP=/bin/grep
ac_cv_path_SED=/bin/sed
ac_cv_path_install='/usr/bin/install -c'
ac_cv_path_mkdir=/bin/mkdir
ac_cv_prog_AWK=gawk
ac_cv_prog_CPP='gcc -E'
ac_cv_prog_CXXCPP='g++ -E'
ac_cv_prog_ac_ct_AR=ar
ac_cv_prog_ac_ct_CC=gcc
ac_cv_prog_ac_ct_CXX=g++
ac_cv_prog_ac_ct_MANIFEST_TOOL=mt
ac_cv_prog_ac_ct_OBJDUMP=objdump
ac_cv_prog_ac_ct_RANLIB=ranlib
ac_cv_prog_ac_ct_STRIP=strip
ac_cv_prog_cc_c89=
ac_cv_prog_cc_g=yes
ac_cv_prog_cxx_g=yes
ac_cv_prog_make_make_set=yes
ac_cv_target=x86_64-unknown-linux-gnu
am_cv_CC_dependencies_compiler_type=gcc3
am_cv_CXX_dependencies_compiler_type=gcc3
lt_cv_ar_at_file=@
lt_cv_archive_cmds_need_lc=no
lt_cv_deplibs_check_method=pass_all
lt_cv_file_magic_cmd='$MAGIC_CMD'
lt_cv_file_magic_test_file=
lt_cv_ld_reload_flag=-r
lt_cv_nm_interface='BSD nm'
lt_cv_objdir=.libs
lt_cv_path_LD=/usr/bin/ld
lt_cv_path_LDCXX='/usr/bin/ld -m elf_x86_64'
lt_cv_path_NM='/usr/bin/nm -B'
lt_cv_path_mainfest_tool=no
lt_cv_prog_compiler_c_o=yes
lt_cv_prog_compiler_c_o_CXX=yes
lt_cv_prog_compiler_pic='-fPIC -DPIC'
lt_cv_prog_compiler_pic_CXX='-fPIC -DPIC'
lt_cv_prog_compiler_pic_works=yes
lt_cv_prog_compiler_pic_works_CXX=yes
lt_cv_prog_compiler_rtti_exceptions=no
lt_cv_prog_compiler_static_works=yes
lt_cv_prog_compiler_static_works_CXX=yes
lt_cv_prog_gnu_ld=yes
lt_cv_prog_gnu_ldcxx=yes
lt_cv_sharedlib_from_linklib_cmd='printf %s\n'
lt_cv_shlibpath_overrides_runpath=no
lt_cv_sys_global_symbol_pipe='sed -n -e '\''s/^.*[	 ]\([ABCDGIRSTW][ABCDGIRSTW]*\)[	 ][	 ]*\([_A-Za-z][_A-Za-z0-9]*\)$/\1 \2 \2/p'\'' | sed '\''/ __gnu_lto/d'\'''
lt_cv_sys_global_symbol_to_c_name_address='sed -n -e '\''s/^: \([^ ]*\)[ ]*$/  {\"\1\", (void *) 0},/p'\'' -e '\''s/^[ABCDGIRSTW]* \([^ ]*\) \([^ ]*\)$/  {"\2", (void *) \&\2},/p'\'''
lt_cv_sys_global_symbol_to_c_name_address_lib_prefix='sed -n -e '\''s/^: \([^ ]*\)[ ]*$/  {\"\1\", (void *) 0},/p'\'' -e '\''s/^[ABCDGIRSTW]* \([^ ]*\) \(lib[^ ]*\)$/  {"\2", (void *) \&\2},/p'\'' -e '\''s/^[ABCDGIRSTW]* \([^ ]*\) \([^ ]*\)$/  {"lib\2", (void *) \&\2},/p'\'''
lt_cv_sys_global_symbol_to_cdecl='sed -n -e '\''s/^T .* \(.*\)$/extern int \1();/p'\'' -e '\''s/^[ABCDGIRSTW]* .* \(.*\)$/extern char \1;/p'\'''
lt_cv_sys_max_cmd_len=1572864
lt_cv_to_host_file_cmd=func_convert_file_noop
lt_cv_to_tool_file_cmd=func_convert_file_noop

## ----------------- ##
## Output variables. ##
## ----------------- ##

ACLOCAL='${SHELL} /home/denis/Downloads/wso2/src/cpp/wsf_c/sandesha2c/missing --run aclocal-1.11'
AMDEPBACKSLASH='\'
AMDEP_FALSE='#'
AMDEP_TRUE=''
AMTAR='$${TAR-tar}'
AR='ar'
AUTOCONF='${SHELL} /home/denis/Downloads/wso2/src/cpp/wsf_c/sandesha2c/missing --run autoconf'
AUTOHEADER='${SHELL} /home/denis/Downloads/wso2/src/cpp/wsf_c/sandesha2c/missing --run autoheader'
AUTOMAKE='${SHELL} /home/denis/Downloads/wso2/src/cpp/wsf_c/sandesha2c/missing --run automake-1.11'
AWK='gawk'
AXIOMINC='-I/home/denis/Downloads/wso2/src/cpp/wsf_c/sandesha2c/../axis2c/axiom/include'
AXIS2INC='-I/usr/include/axis2-1.6.0'
CC='gcc'
CCDEPMODE='depmode=gcc3'
CFLAGS='-g -O2 -D_LARGEFILE64_SOURCE -ansi -Wall  -Wno-implicit-function-declaration -g'
CPP='gcc -E'
CPPFLAGS=''
CXX='g++'
CXXCPP='g++ -E'
CXXDEPMODE='depmode=gcc3'
CXXFLAGS='-g -O2'
CYGPATH_W='echo'
DEFS='-DHAVE_CONFIG_H'
DEPDIR='.deps'
DLLTOOL='false'
DSYMUTIL=''
DUMPBIN=''
ECHO_C=''
ECHO_N='-n'
ECHO_T=''
EGREP='/bin/grep -E'
EXEEXT=''
FGREP='/bin/grep -F'
GREP='/bin/grep'
INSTALL_DATA='${INSTALL} -m 644'
INSTALL_PROGRAM='${INSTALL}'
INSTALL_SCRIPT='${INSTALL}'
INSTALL_STRIP_PROGRAM='$(install_sh) -c -s'
LD='/usr/bin/ld -m elf_x86_64'
LDFLAGS='-lpthread'
LIBOBJS=''
LIBS='-ldl '
LIBTOOL='$(SHELL) $(top_builddir)/libtool'
LIPO=''
LN_S='ln -s'
LTLIBOBJS=''
MAKEINFO='${SHELL} /home/denis/Downloads/wso2/src/cpp/wsf_c/sandesha2c/missing --run makeinfo'
MANIFEST_TOOL=':'
MKDIR_P='/bin/mkdir -p'
NEETHIINC='-I/home/denis/Downloads/wso2/src/cpp/wsf_c/sandesha2c/../axis2c/neethi/include'
NM='/usr/bin/nm -B'
NMEDIT=''
OBJDUMP='objdump'
OBJEXT='o'
OTOOL64=''
OTOOL=''
PACKAGE='sandesha2c-src'
PACKAGE_BUGREPORT=''
PACKAGE_NAME='sandesha2c-src'
PACKAGE_STRING='sandesha2c-src 0.91'
PACKAGE_TARNAME='sandesha2c-src'
PACKAGE_URL=''
PACKAGE_VERSION='0.91'
PATH_SEPARATOR=':'
RANLIB='ranlib'
SED='/bin/sed'
SET_MAKE=''
SHELL='/bin/bash'
STRIP='strip'
UTILINC='-I/home/denis/Downloads/wso2/src/cpp/wsf_c/sandesha2c/../axis2c/util/include'
VERSION='0.91'
WRAPPER_DIR=''
abs_top_builddir='/home/denis/Downloads/wso2/src/cpp/wsf_c/sandesha2c'
ac_ct_AR='ar'
ac_ct_CC='gcc'
ac_ct_CXX='g++'
ac_ct_DUMPBIN=''
am__EXEEXT_FALSE=''
am__EXEEXT_TRUE='#'
am__fastdepCC_FALSE='#'
am__fastdepCC_TRUE=''
am__fastdepCXX_FALSE='#'
am__fastdepCXX_TRUE=''
am__include='include'
am__isrc=''
am__leading_dot='.'
am__nodep='_no'
am__quote=''
am__tar='$${TAR-tar} chof - "$$tardir"'
am__untar='$${TAR-tar} xf -'
bindir='${exec_prefix}/bin'
build='x86_64-unknown-linux-gnu'
build_alias=''
build_cpu='x86_64'
build_os='linux-gnu'
build_vendor='unknown'
datadir='${datarootdir}'
datarootdir='${prefix}/share'
docdir='${datarootdir}/doc/${PACKAGE_TARNAME}'
dvidir='${docdir}'
exec_prefix='${prefix}'
host='x86_64-unknown-linux-gnu'
host_alias=''
host_cpu='x86_64'
host_os='linux-gnu'
host_vendor='unknown'
htmldir='${docdir}'
includedir='${prefix}/include'
infodir='${datarootdir}/info'
install_sh='${SHELL} /home/denis/Downloads/wso2/src/cpp/wsf_c/sandesha2c/install-sh'
libdir='${exec_prefix}/lib'
libexecdir='${exec_prefix}/libexec'
localedir='${datarootdir}/locale'
localstatedir='${prefix}/var'
mandir='${datarootdir}/man'
mkdir_p='/bin/mkdir -p'
oldincludedir='/usr/include'
pdfdir='${docdir}'
prefix='/usr/local'
program_transform_name='s,x,x,'
psdir='${docdir}'
sbindir='${exec_prefix}/sbin'
sharedstatedir='${prefix}/com'
sysconfdir='${prefix}/etc'
target='x86_64-unknown-linux-gnu'
target_alias=''
target_cpu='x86_64'
target_os='linux-gnu'
target_vendor='unknown'

## ----------- ##
## confdefs.h. ##
## ----------- ##

/* confdefs.h */
#define PACKAGE_NAME "sandesha2c-src"
#define PACKAGE_TARNAME "sandesha2c-src"
#define PACKAGE_VERSION "0.91"
#define PACKAGE_STRING "sandesha2c-src 0.91"
#define PACKAGE_BUGREPORT ""
#define PACKAGE_URL ""
#define PACKAGE "sandesha2c-src"
#define VERSION "0.91"
#define STDC_HEADERS 1
#define HAVE_SYS_TYPES_H 1
#define HAVE_SYS_STAT_H 1
#define HAVE_STDLIB_H 1
#define HAVE_STRING_H 1
#define HAVE_MEMORY_H 1
#define HAVE_STRINGS_H 1
#define HAVE_INTTYPES_H 1
#define HAVE_STDINT_H 1
#define HAVE_UNISTD_H 1
#define HAVE_DLFCN_H 1
#define LT_OBJDIR ".libs/"
#define HAVE_LIBDL 1
#define STDC_HEADERS 1
#define HAVE_STDIO_H 1
#define HAVE_STDLIB_H 1
#define HAVE_STRING_H 1

configure: exit 0

## ---------------------- ##
## Running config.status. ##
## ---------------------- ##

This file was extended by sandesha2c-src config.status 0.91, which was
generated by GNU Autoconf 2.68.  Invocation command line was

  CONFIG_FILES    = 
  CONFIG_HEADERS  = 
  CONFIG_LINKS    = 
  CONFIG_COMMANDS = 
  $ ./config.status config.h

on denisnovikov

config.status:1179: creating config.h
config.status:1360: config.h is unchanged
