This file contains any messages produced by compilers while
running configure, to aid debugging if configure makes a mistake.

It was created by axis2_util-src configure 1.6.0, which was
generated by GNU Autoconf 2.68.  Invocation command line was

  $ ./configure --disable-option-checking --prefix=/usr/local --with-axis2=/usr/include/axis2-1.6.0 --with-apache2=/usr/include/apache2 --with-apr=/usr/include/apr-1.0 --enable-libxml2 --disable-wsclient --cache-file=/dev/null --srcdir=.

## --------- ##
## Platform. ##
## --------- ##

hostname = denisnovikov
uname -m = x86_64
uname -r = 3.2.0-25-generic
uname -s = Linux
uname -v = #40-Ubuntu SMP Wed May 23 20:30:51 UTC 2012

/usr/bin/uname -p = unknown
/bin/uname -X     = unknown

/bin/arch              = unknown
/usr/bin/arch -k       = unknown
/usr/convex/getsysinfo = unknown
/usr/bin/hostinfo      = unknown
/bin/machine           = unknown
/usr/bin/oslevel       = unknown
/bin/universe          = unknown

PATH: /home/denis/bin
PATH: /usr/local/sbin
PATH: /usr/local/bin
PATH: /usr/sbin
PATH: /usr/bin
PATH: /sbin
PATH: /bin
PATH: /usr/games


## ----------- ##
## Core tests. ##
## ----------- ##

configure:2422: checking build system type
configure:2436: result: x86_64-unknown-linux-gnu
configure:2456: checking host system type
configure:2469: result: x86_64-unknown-linux-gnu
configure:2489: checking target system type
configure:2502: result: x86_64-unknown-linux-gnu
configure:2547: checking for a BSD-compatible install
configure:2615: result: /usr/bin/install -c
configure:2626: checking whether build environment is sane
configure:2676: result: yes
configure:2817: checking for a thread-safe mkdir -p
configure:2856: result: /bin/mkdir -p
configure:2869: checking for gawk
configure:2885: found /usr/bin/gawk
configure:2896: result: gawk
configure:2907: checking whether make sets $(MAKE)
configure:2929: result: yes
configure:3059: checking for gcc
configure:3075: found /usr/bin/gcc
configure:3086: result: gcc
configure:3315: checking for C compiler version
configure:3324: gcc --version >&5
gcc (Ubuntu/Linaro 4.6.3-1ubuntu5) 4.6.3
Copyright (C) 2011 Free Software Foundation, Inc.
This is free software; see the source for copying conditions.  There is NO
warranty; not even for MERCHANTABILITY or FITNESS FOR A PARTICULAR PURPOSE.

configure:3335: $? = 0
configure:3324: gcc -v >&5
Using built-in specs.
COLLECT_GCC=gcc
COLLECT_LTO_WRAPPER=/usr/lib/gcc/x86_64-linux-gnu/4.6/lto-wrapper
Target: x86_64-linux-gnu
Configured with: ../src/configure -v --with-pkgversion='Ubuntu/Linaro 4.6.3-1ubuntu5' --with-bugurl=file:///usr/share/doc/gcc-4.6/README.Bugs --enable-languages=c,c++,fortran,objc,obj-c++ --prefix=/usr --program-suffix=-4.6 --enable-shared --enable-linker-build-id --with-system-zlib --libexecdir=/usr/lib --without-included-gettext --enable-threads=posix --with-gxx-include-dir=/usr/include/c++/4.6 --libdir=/usr/lib --enable-nls --with-sysroot=/ --enable-clocale=gnu --enable-libstdcxx-debug --enable-libstdcxx-time=yes --enable-gnu-unique-object --enable-plugin --enable-objc-gc --disable-werror --with-arch-32=i686 --with-tune=generic --enable-checking=release --build=x86_64-linux-gnu --host=x86_64-linux-gnu --target=x86_64-linux-gnu
Thread model: posix
gcc version 4.6.3 (Ubuntu/Linaro 4.6.3-1ubuntu5) 
configure:3335: $? = 0
configure:3324: gcc -V >&5
gcc: error: unrecognized option '-V'
gcc: fatal error: no input files
compilation terminated.
configure:3335: $? = 4
configure:3324: gcc -qversion >&5
gcc: error: unrecognized option '-qversion'
gcc: fatal error: no input files
compilation terminated.
configure:3335: $? = 4
configure:3355: checking whether the C compiler works
configure:3377: gcc    conftest.c  >&5
configure:3381: $? = 0
configure:3429: result: yes
configure:3432: checking for C compiler default output file name
configure:3434: result: a.out
configure:3440: checking for suffix of executables
configure:3447: gcc -o conftest    conftest.c  >&5
configure:3451: $? = 0
configure:3473: result: 
configure:3495: checking whether we are cross compiling
configure:3503: gcc -o conftest    conftest.c  >&5
configure:3507: $? = 0
configure:3514: ./conftest
configure:3518: $? = 0
configure:3533: result: no
configure:3538: checking for suffix of object files
configure:3560: gcc -c   conftest.c >&5
configure:3564: $? = 0
configure:3585: result: o
configure:3589: checking whether we are using the GNU C compiler
configure:3608: gcc -c   conftest.c >&5
configure:3608: $? = 0
configure:3617: result: yes
configure:3626: checking whether gcc accepts -g
configure:3646: gcc -c -g  conftest.c >&5
configure:3646: $? = 0
configure:3687: result: yes
configure:3704: checking for gcc option to accept ISO C89
configure:3768: gcc  -c -g -O2  conftest.c >&5
configure:3768: $? = 0
configure:3781: result: none needed
configure:3812: checking for style of include used by make
configure:3840: result: GNU
configure:3866: checking dependency style of gcc
configure:3977: result: gcc3
configure:4050: checking for g++
configure:4066: found /usr/bin/g++
configure:4077: result: g++
configure:4104: checking for C++ compiler version
configure:4113: g++ --version >&5
g++ (Ubuntu/Linaro 4.6.3-1ubuntu5) 4.6.3
Copyright (C) 2011 Free Software Foundation, Inc.
This is free software; see the source for copying conditions.  There is NO
warranty; not even for MERCHANTABILITY or FITNESS FOR A PARTICULAR PURPOSE.

configure:4124: $? = 0
configure:4113: g++ -v >&5
Using built-in specs.
COLLECT_GCC=g++
COLLECT_LTO_WRAPPER=/usr/lib/gcc/x86_64-linux-gnu/4.6/lto-wrapper
Target: x86_64-linux-gnu
Configured with: ../src/configure -v --with-pkgversion='Ubuntu/Linaro 4.6.3-1ubuntu5' --with-bugurl=file:///usr/share/doc/gcc-4.6/README.Bugs --enable-languages=c,c++,fortran,objc,obj-c++ --prefix=/usr --program-suffix=-4.6 --enable-shared --enable-linker-build-id --with-system-zlib --libexecdir=/usr/lib --without-included-gettext --enable-threads=posix --with-gxx-include-dir=/usr/include/c++/4.6 --libdir=/usr/lib --enable-nls --with-sysroot=/ --enable-clocale=gnu --enable-libstdcxx-debug --enable-libstdcxx-time=yes --enable-gnu-unique-object --enable-plugin --enable-objc-gc --disable-werror --with-arch-32=i686 --with-tune=generic --enable-checking=release --build=x86_64-linux-gnu --host=x86_64-linux-gnu --target=x86_64-linux-gnu
Thread model: posix
gcc version 4.6.3 (Ubuntu/Linaro 4.6.3-1ubuntu5) 
configure:4124: $? = 0
configure:4113: g++ -V >&5
g++: error: unrecognized option '-V'
g++: fatal error: no input files
compilation terminated.
configure:4124: $? = 4
configure:4113: g++ -qversion >&5
g++: error: unrecognized option '-qversion'
g++: fatal error: no input files
compilation terminated.
configure:4124: $? = 4
configure:4128: checking whether we are using the GNU C++ compiler
configure:4147: g++ -c   conftest.cpp >&5
configure:4147: $? = 0
configure:4156: result: yes
configure:4165: checking whether g++ accepts -g
configure:4185: g++ -c -g  conftest.cpp >&5
configure:4185: $? = 0
configure:4226: result: yes
configure:4251: checking dependency style of g++
configure:4362: result: gcc3
configure:4382: checking how to run the C preprocessor
configure:4413: gcc -E  conftest.c
configure:4413: $? = 0
configure:4427: gcc -E  conftest.c
conftest.c:11:28: fatal error: ac_nonexistent.h: No such file or directory
compilation terminated.
configure:4427: $? = 1
configure: failed program was:
| /* confdefs.h */
| #define PACKAGE_NAME "axis2_util-src"
| #define PACKAGE_TARNAME "axis2_util-src"
| #define PACKAGE_VERSION "1.6.0"
| #define PACKAGE_STRING "axis2_util-src 1.6.0"
| #define PACKAGE_BUGREPORT ""
| #define PACKAGE_URL ""
| #define PACKAGE "axis2_util-src"
| #define VERSION "1.6.0"
| /* end confdefs.h.  */
| #include <ac_nonexistent.h>
configure:4452: result: gcc -E
configure:4472: gcc -E  conftest.c
configure:4472: $? = 0
configure:4486: gcc -E  conftest.c
conftest.c:11:28: fatal error: ac_nonexistent.h: No such file or directory
compilation terminated.
configure:4486: $? = 1
configure: failed program was:
| /* confdefs.h */
| #define PACKAGE_NAME "axis2_util-src"
| #define PACKAGE_TARNAME "axis2_util-src"
| #define PACKAGE_VERSION "1.6.0"
| #define PACKAGE_STRING "axis2_util-src 1.6.0"
| #define PACKAGE_BUGREPORT ""
| #define PACKAGE_URL ""
| #define PACKAGE "axis2_util-src"
| #define VERSION "1.6.0"
| /* end confdefs.h.  */
| #include <ac_nonexistent.h>
configure:4560: checking how to print strings
configure:4587: result: printf
configure:4608: checking for a sed that does not truncate output
configure:4672: result: /bin/sed
configure:4690: checking for grep that handles long lines and -e
configure:4748: result: /bin/grep
configure:4753: checking for egrep
configure:4815: result: /bin/grep -E
configure:4820: checking for fgrep
configure:4882: result: /bin/grep -F
configure:4917: checking for ld used by gcc
configure:4984: result: /usr/bin/ld
configure:4991: checking if the linker (/usr/bin/ld) is GNU ld
configure:5006: result: yes
configure:5018: checking for BSD- or MS-compatible name lister (nm)
configure:5067: result: /usr/bin/nm -B
configure:5197: checking the name lister (/usr/bin/nm -B) interface
configure:5204: gcc -c -g -O2  conftest.c >&5
configure:5207: /usr/bin/nm -B "conftest.o"
configure:5210: output
0000000000000000 B some_variable
configure:5217: result: BSD nm
configure:5220: checking whether ln -s works
configure:5224: result: yes
configure:5232: checking the maximum length of command line arguments
configure:5362: result: 1572864
configure:5379: checking whether the shell understands some XSI constructs
configure:5389: result: yes
configure:5393: checking whether the shell understands "+="
configure:5399: result: yes
configure:5434: checking how to convert x86_64-unknown-linux-gnu file names to x86_64-unknown-linux-gnu format
configure:5474: result: func_convert_file_noop
configure:5481: checking how to convert x86_64-unknown-linux-gnu file names to toolchain format
configure:5501: result: func_convert_file_noop
configure:5508: checking for /usr/bin/ld option to reload object files
configure:5515: result: -r
configure:5589: checking for objdump
configure:5605: found /usr/bin/objdump
configure:5616: result: objdump
configure:5648: checking how to recognize dependent libraries
configure:5850: result: pass_all
configure:5935: checking for dlltool
configure:5965: result: no
configure:5995: checking how to associate runtime and link libraries
configure:6022: result: printf %s\n
configure:6083: checking for ar
configure:6099: found /usr/bin/ar
configure:6110: result: ar
configure:6147: checking for archiver @FILE support
configure:6164: gcc -c -g -O2  conftest.c >&5
configure:6164: $? = 0
configure:6167: ar cru libconftest.a @conftest.lst >&5
configure:6170: $? = 0
configure:6175: ar cru libconftest.a @conftest.lst >&5
ar: conftest.o: No such file or directory
configure:6178: $? = 1
configure:6190: result: @
configure:6248: checking for strip
configure:6264: found /usr/bin/strip
configure:6275: result: strip
configure:6347: checking for ranlib
configure:6363: found /usr/bin/ranlib
configure:6374: result: ranlib
configure:6476: checking command to parse /usr/bin/nm -B output from gcc object
configure:6596: gcc -c -g -O2  conftest.c >&5
configure:6599: $? = 0
configure:6603: /usr/bin/nm -B conftest.o \| sed -n -e 's/^.*[ ]\([ABCDGIRSTW][ABCDGIRSTW]*\)[ ][ ]*\([_A-Za-z][_A-Za-z0-9]*\)$/\1 \2 \2/p' | sed '/ __gnu_lto/d' \> conftest.nm
configure:6606: $? = 0
configure:6672: gcc -o conftest -g -O2   conftest.c conftstm.o >&5
configure:6675: $? = 0
configure:6713: result: ok
configure:6750: checking for sysroot
configure:6780: result: no
configure:6857: gcc -c -g -O2  conftest.c >&5
configure:6860: $? = 0
configure:7036: checking for mt
configure:7052: found /bin/mt
configure:7063: result: mt
configure:7086: checking if mt is a manifest tool
configure:7092: mt '-?'
configure:7100: result: no
configure:7738: checking for ANSI C header files
configure:7758: gcc -c -g -O2  conftest.c >&5
configure:7758: $? = 0
configure:7831: gcc -o conftest -g -O2   conftest.c  >&5
configure:7831: $? = 0
configure:7831: ./conftest
configure:7831: $? = 0
configure:7842: result: yes
configure:7855: checking for sys/types.h
configure:7855: gcc -c -g -O2  conftest.c >&5
configure:7855: $? = 0
configure:7855: result: yes
configure:7855: checking for sys/stat.h
configure:7855: gcc -c -g -O2  conftest.c >&5
configure:7855: $? = 0
configure:7855: result: yes
configure:7855: checking for stdlib.h
configure:7855: gcc -c -g -O2  conftest.c >&5
configure:7855: $? = 0
configure:7855: result: yes
configure:7855: checking for string.h
configure:7855: gcc -c -g -O2  conftest.c >&5
configure:7855: $? = 0
configure:7855: result: yes
configure:7855: checking for memory.h
configure:7855: gcc -c -g -O2  conftest.c >&5
configure:7855: $? = 0
configure:7855: result: yes
configure:7855: checking for strings.h
configure:7855: gcc -c -g -O2  conftest.c >&5
configure:7855: $? = 0
configure:7855: result: yes
configure:7855: checking for inttypes.h
configure:7855: gcc -c -g -O2  conftest.c >&5
configure:7855: $? = 0
configure:7855: result: yes
configure:7855: checking for stdint.h
configure:7855: gcc -c -g -O2  conftest.c >&5
configure:7855: $? = 0
configure:7855: result: yes
configure:7855: checking for unistd.h
configure:7855: gcc -c -g -O2  conftest.c >&5
configure:7855: $? = 0
configure:7855: result: yes
configure:7869: checking for dlfcn.h
configure:7869: gcc -c -g -O2  conftest.c >&5
configure:7869: $? = 0
configure:7869: result: yes
configure:8086: checking for objdir
configure:8101: result: .libs
configure:8368: checking if gcc supports -fno-rtti -fno-exceptions
configure:8386: gcc -c -g -O2  -fno-rtti -fno-exceptions conftest.c >&5
cc1: warning: command line option '-fno-rtti' is valid for C++/ObjC++ but not for C [enabled by default]
configure:8390: $? = 0
configure:8403: result: no
configure:8730: checking for gcc option to produce PIC
configure:8737: result: -fPIC -DPIC
configure:8745: checking if gcc PIC flag -fPIC -DPIC works
configure:8763: gcc -c -g -O2  -fPIC -DPIC -DPIC conftest.c >&5
configure:8767: $? = 0
configure:8780: result: yes
configure:8809: checking if gcc static flag -static works
configure:8837: result: yes
configure:8852: checking if gcc supports -c -o file.o
configure:8873: gcc -c -g -O2  -o out/conftest2.o conftest.c >&5
configure:8877: $? = 0
configure:8899: result: yes
configure:8907: checking if gcc supports -c -o file.o
configure:8954: result: yes
configure:8987: checking whether the gcc linker (/usr/bin/ld -m elf_x86_64) supports shared libraries
configure:10144: result: yes
configure:10181: checking whether -lc should be explicitly linked in
configure:10189: gcc -c -g -O2  conftest.c >&5
configure:10192: $? = 0
configure:10207: gcc -shared  -fPIC -DPIC conftest.o  -v -Wl,-soname -Wl,conftest -o conftest 2\>\&1 \| /bin/grep  -lc  \>/dev/null 2\>\&1
configure:10210: $? = 0
configure:10224: result: no
configure:10384: checking dynamic linker characteristics
configure:10895: gcc -o conftest -g -O2   -Wl,-rpath -Wl,/foo conftest.c  >&5
configure:10895: $? = 0
configure:11129: result: GNU/Linux ld.so
configure:11236: checking how to hardcode library paths into programs
configure:11261: result: immediate
configure:11801: checking whether stripping libraries is possible
configure:11806: result: yes
configure:11841: checking if libtool supports shared libraries
configure:11843: result: yes
configure:11846: checking whether to build shared libraries
configure:11867: result: yes
configure:11870: checking whether to build static libraries
configure:11874: result: yes
configure:11897: checking how to run the C++ preprocessor
configure:11924: g++ -E  conftest.cpp
configure:11924: $? = 0
configure:11938: g++ -E  conftest.cpp
conftest.cpp:23:28: fatal error: ac_nonexistent.h: No such file or directory
compilation terminated.
configure:11938: $? = 1
configure: failed program was:
| /* confdefs.h */
| #define PACKAGE_NAME "axis2_util-src"
| #define PACKAGE_TARNAME "axis2_util-src"
| #define PACKAGE_VERSION "1.6.0"
| #define PACKAGE_STRING "axis2_util-src 1.6.0"
| #define PACKAGE_BUGREPORT ""
| #define PACKAGE_URL ""
| #define PACKAGE "axis2_util-src"
| #define VERSION "1.6.0"
| #define STDC_HEADERS 1
| #define HAVE_SYS_TYPES_H 1
| #define HAVE_SYS_STAT_H 1
| #define HAVE_STDLIB_H 1
| #define HAVE_STRING_H 1
| #define HAVE_MEMORY_H 1
| #define HAVE_STRINGS_H 1
| #define HAVE_INTTYPES_H 1
| #define HAVE_STDINT_H 1
| #define HAVE_UNISTD_H 1
| #define HAVE_DLFCN_H 1
| #define LT_OBJDIR ".libs/"
| /* end confdefs.h.  */
| #include <ac_nonexistent.h>
configure:11963: result: g++ -E
configure:11983: g++ -E  conftest.cpp
configure:11983: $? = 0
configure:11997: g++ -E  conftest.cpp
conftest.cpp:23:28: fatal error: ac_nonexistent.h: No such file or directory
compilation terminated.
configure:11997: $? = 1
configure: failed program was:
| /* confdefs.h */
| #define PACKAGE_NAME "axis2_util-src"
| #define PACKAGE_TARNAME "axis2_util-src"
| #define PACKAGE_VERSION "1.6.0"
| #define PACKAGE_STRING "axis2_util-src 1.6.0"
| #define PACKAGE_BUGREPORT ""
| #define PACKAGE_URL ""
| #define PACKAGE "axis2_util-src"
| #define VERSION "1.6.0"
| #define STDC_HEADERS 1
| #define HAVE_SYS_TYPES_H 1
| #define HAVE_SYS_STAT_H 1
| #define HAVE_STDLIB_H 1
| #define HAVE_STRING_H 1
| #define HAVE_MEMORY_H 1
| #define HAVE_STRINGS_H 1
| #define HAVE_INTTYPES_H 1
| #define HAVE_STDINT_H 1
| #define HAVE_UNISTD_H 1
| #define HAVE_DLFCN_H 1
| #define LT_OBJDIR ".libs/"
| /* end confdefs.h.  */
| #include <ac_nonexistent.h>
configure:12166: checking for ld used by g++
configure:12233: result: /usr/bin/ld -m elf_x86_64
configure:12240: checking if the linker (/usr/bin/ld -m elf_x86_64) is GNU ld
configure:12255: result: yes
configure:12310: checking whether the g++ linker (/usr/bin/ld -m elf_x86_64) supports shared libraries
configure:13315: result: yes
configure:13351: g++ -c -g -O2  conftest.cpp >&5
configure:13354: $? = 0
configure:13874: checking for g++ option to produce PIC
configure:13881: result: -fPIC -DPIC
configure:13889: checking if g++ PIC flag -fPIC -DPIC works
configure:13907: g++ -c -g -O2  -fPIC -DPIC -DPIC conftest.cpp >&5
configure:13911: $? = 0
configure:13924: result: yes
configure:13947: checking if g++ static flag -static works
configure:13975: result: yes
configure:13987: checking if g++ supports -c -o file.o
configure:14008: g++ -c -g -O2  -o out/conftest2.o conftest.cpp >&5
configure:14012: $? = 0
configure:14034: result: yes
configure:14039: checking if g++ supports -c -o file.o
configure:14086: result: yes
configure:14116: checking whether the g++ linker (/usr/bin/ld -m elf_x86_64) supports shared libraries
configure:14155: result: yes
configure:14296: checking dynamic linker characteristics
configure:14975: result: GNU/Linux ld.so
configure:15028: checking how to hardcode library paths into programs
configure:15053: result: immediate
configure:15115: checking whether ln -s works
configure:15119: result: yes
configure:15126: checking whether make sets $(MAKE)
configure:15148: result: yes
configure:15158: checking for ISO C99 varargs macros in C
configure:15175: gcc -c -g -O2  conftest.c >&5
configure:15175: $? = 0
configure:15181: result: yes
configure:15184: checking for GNUC varargs macros
configure:15201: gcc -c -g -O2  conftest.c >&5
configure:15201: $? = 0
configure:15207: result: yes
configure:15221: checking for dlopen in -ldl
configure:15246: gcc -o conftest -g -O2   conftest.c -ldl   >&5
configure:15246: $? = 0
configure:15255: result: yes
configure:15266: checking for inflate in -lz
configure:15291: gcc -o conftest -g -O2   conftest.c -lz  -ldl  >&5
configure:15291: $? = 0
configure:15300: result: yes
configure:15319: checking for ANSI C header files
configure:15423: result: yes
configure:15434: checking stdio.h usability
configure:15434: gcc -c -g -O2 -D_LARGEFILE64_SOURCE -ansi -Wall -Wno-implicit-function-declaration -D_GNU_SOURCE  conftest.c >&5
configure:15434: $? = 0
configure:15434: result: yes
configure:15434: checking stdio.h presence
configure:15434: gcc -E  conftest.c
configure:15434: $? = 0
configure:15434: result: yes
configure:15434: checking for stdio.h
configure:15434: result: yes
configure:15434: checking for stdlib.h
configure:15434: result: yes
configure:15434: checking for string.h
configure:15434: result: yes
configure:15446: checking sys/socket.h usability
configure:15446: gcc -c -g -O2 -D_LARGEFILE64_SOURCE -ansi -Wall -Wno-implicit-function-declaration -D_GNU_SOURCE  conftest.c >&5
configure:15446: $? = 0
configure:15446: result: yes
configure:15446: checking sys/socket.h presence
configure:15446: gcc -E  conftest.c
configure:15446: $? = 0
configure:15446: result: yes
configure:15446: checking for sys/socket.h
configure:15446: result: yes
configure:15458: checking for net/if.h
configure:15458: gcc -c -g -O2 -D_LARGEFILE64_SOURCE -ansi -Wall -Wno-implicit-function-declaration -D_GNU_SOURCE  conftest.c >&5
configure:15458: $? = 0
configure:15458: result: yes
configure:15483: checking for linux/if.h
configure:15483: gcc -c -g -O2 -D_LARGEFILE64_SOURCE -ansi -Wall -Wno-implicit-function-declaration -D_GNU_SOURCE  conftest.c >&5
configure:15483: $? = 0
configure:15483: result: yes
configure:15501: checking net/if_types.h usability
configure:15501: gcc -c -g -O2 -D_LARGEFILE64_SOURCE -ansi -Wall -Wno-implicit-function-declaration -D_GNU_SOURCE  conftest.c >&5
conftest.c:67:26: fatal error: net/if_types.h: No such file or directory
compilation terminated.
configure:15501: $? = 1
configure: failed program was:
| /* confdefs.h */
| #define PACKAGE_NAME "axis2_util-src"
| #define PACKAGE_TARNAME "axis2_util-src"
| #define PACKAGE_VERSION "1.6.0"
| #define PACKAGE_STRING "axis2_util-src 1.6.0"
| #define PACKAGE_BUGREPORT ""
| #define PACKAGE_URL ""
| #define PACKAGE "axis2_util-src"
| #define VERSION "1.6.0"
| #define STDC_HEADERS 1
| #define HAVE_SYS_TYPES_H 1
| #define HAVE_SYS_STAT_H 1
| #define HAVE_STDLIB_H 1
| #define HAVE_STRING_H 1
| #define HAVE_MEMORY_H 1
| #define HAVE_STRINGS_H 1
| #define HAVE_INTTYPES_H 1
| #define HAVE_STDINT_H 1
| #define HAVE_UNISTD_H 1
| #define HAVE_DLFCN_H 1
| #define LT_OBJDIR ".libs/"
| #define HAVE_ISO_VARARGS 1
| #define HAVE_GNUC_VARARGS 1
| #define HAVE_LIBDL 1
| #define HAVE_LIBZ 1
| #define STDC_HEADERS 1
| #define HAVE_STDIO_H 1
| #define HAVE_STDLIB_H 1
| #define HAVE_STRING_H 1
| #define HAVE_SYS_SOCKET_H 1
| #define HAVE_NET_IF_H 1
| #define HAVE_LINUX_IF_H 1
| /* end confdefs.h.  */
| #include <stdio.h>
| #ifdef HAVE_SYS_TYPES_H
| # include <sys/types.h>
| #endif
| #ifdef HAVE_SYS_STAT_H
| # include <sys/stat.h>
| #endif
| #ifdef STDC_HEADERS
| # include <stdlib.h>
| # include <stddef.h>
| #else
| # ifdef HAVE_STDLIB_H
| #  include <stdlib.h>
| # endif
| #endif
| #ifdef HAVE_STRING_H
| # if !defined STDC_HEADERS && defined HAVE_MEMORY_H
| #  include <memory.h>
| # endif
| # include <string.h>
| #endif
| #ifdef HAVE_STRINGS_H
| # include <strings.h>
| #endif
| #ifdef HAVE_INTTYPES_H
| # include <inttypes.h>
| #endif
| #ifdef HAVE_STDINT_H
| # include <stdint.h>
| #endif
| #ifdef HAVE_UNISTD_H
| # include <unistd.h>
| #endif
| #include <net/if_types.h>
configure:15501: result: no
configure:15501: checking net/if_types.h presence
configure:15501: gcc -E  conftest.c
conftest.c:34:26: fatal error: net/if_types.h: No such file or directory
compilation terminated.
configure:15501: $? = 1
configure: failed program was:
| /* confdefs.h */
| #define PACKAGE_NAME "axis2_util-src"
| #define PACKAGE_TARNAME "axis2_util-src"
| #define PACKAGE_VERSION "1.6.0"
| #define PACKAGE_STRING "axis2_util-src 1.6.0"
| #define PACKAGE_BUGREPORT ""
| #define PACKAGE_URL ""
| #define PACKAGE "axis2_util-src"
| #define VERSION "1.6.0"
| #define STDC_HEADERS 1
| #define HAVE_SYS_TYPES_H 1
| #define HAVE_SYS_STAT_H 1
| #define HAVE_STDLIB_H 1
| #define HAVE_STRING_H 1
| #define HAVE_MEMORY_H 1
| #define HAVE_STRINGS_H 1
| #define HAVE_INTTYPES_H 1
| #define HAVE_STDINT_H 1
| #define HAVE_UNISTD_H 1
| #define HAVE_DLFCN_H 1
| #define LT_OBJDIR ".libs/"
| #define HAVE_ISO_VARARGS 1
| #define HAVE_GNUC_VARARGS 1
| #define HAVE_LIBDL 1
| #define HAVE_LIBZ 1
| #define STDC_HEADERS 1
| #define HAVE_STDIO_H 1
| #define HAVE_STDLIB_H 1
| #define HAVE_STRING_H 1
| #define HAVE_SYS_SOCKET_H 1
| #define HAVE_NET_IF_H 1
| #define HAVE_LINUX_IF_H 1
| /* end confdefs.h.  */
| #include <net/if_types.h>
configure:15501: result: no
configure:15501: checking for net/if_types.h
configure:15501: result: no
configure:15501: checking net/if_dl.h usability
configure:15501: gcc -c -g -O2 -D_LARGEFILE64_SOURCE -ansi -Wall -Wno-implicit-function-declaration -D_GNU_SOURCE  conftest.c >&5
conftest.c:67:23: fatal error: net/if_dl.h: No such file or directory
compilation terminated.
configure:15501: $? = 1
configure: failed program was:
| /* confdefs.h */
| #define PACKAGE_NAME "axis2_util-src"
| #define PACKAGE_TARNAME "axis2_util-src"
| #define PACKAGE_VERSION "1.6.0"
| #define PACKAGE_STRING "axis2_util-src 1.6.0"
| #define PACKAGE_BUGREPORT ""
| #define PACKAGE_URL ""
| #define PACKAGE "axis2_util-src"
| #define VERSION "1.6.0"
| #define STDC_HEADERS 1
| #define HAVE_SYS_TYPES_H 1
| #define HAVE_SYS_STAT_H 1
| #define HAVE_STDLIB_H 1
| #define HAVE_STRING_H 1
| #define HAVE_MEMORY_H 1
| #define HAVE_STRINGS_H 1
| #define HAVE_INTTYPES_H 1
| #define HAVE_STDINT_H 1
| #define HAVE_UNISTD_H 1
| #define HAVE_DLFCN_H 1
| #define LT_OBJDIR ".libs/"
| #define HAVE_ISO_VARARGS 1
| #define HAVE_GNUC_VARARGS 1
| #define HAVE_LIBDL 1
| #define HAVE_LIBZ 1
| #define STDC_HEADERS 1
| #define HAVE_STDIO_H 1
| #define HAVE_STDLIB_H 1
| #define HAVE_STRING_H 1
| #define HAVE_SYS_SOCKET_H 1
| #define HAVE_NET_IF_H 1
| #define HAVE_LINUX_IF_H 1
| /* end confdefs.h.  */
| #include <stdio.h>
| #ifdef HAVE_SYS_TYPES_H
| # include <sys/types.h>
| #endif
| #ifdef HAVE_SYS_STAT_H
| # include <sys/stat.h>
| #endif
| #ifdef STDC_HEADERS
| # include <stdlib.h>
| # include <stddef.h>
| #else
| # ifdef HAVE_STDLIB_H
| #  include <stdlib.h>
| # endif
| #endif
| #ifdef HAVE_STRING_H
| # if !defined STDC_HEADERS && defined HAVE_MEMORY_H
| #  include <memory.h>
| # endif
| # include <string.h>
| #endif
| #ifdef HAVE_STRINGS_H
| # include <strings.h>
| #endif
| #ifdef HAVE_INTTYPES_H
| # include <inttypes.h>
| #endif
| #ifdef HAVE_STDINT_H
| # include <stdint.h>
| #endif
| #ifdef HAVE_UNISTD_H
| # include <unistd.h>
| #endif
| #include <net/if_dl.h>
configure:15501: result: no
configure:15501: checking net/if_dl.h presence
configure:15501: gcc -E  conftest.c
conftest.c:34:23: fatal error: net/if_dl.h: No such file or directory
compilation terminated.
configure:15501: $? = 1
configure: failed program was:
| /* confdefs.h */
| #define PACKAGE_NAME "axis2_util-src"
| #define PACKAGE_TARNAME "axis2_util-src"
| #define PACKAGE_VERSION "1.6.0"
| #define PACKAGE_STRING "axis2_util-src 1.6.0"
| #define PACKAGE_BUGREPORT ""
| #define PACKAGE_URL ""
| #define PACKAGE "axis2_util-src"
| #define VERSION "1.6.0"
| #define STDC_HEADERS 1
| #define HAVE_SYS_TYPES_H 1
| #define HAVE_SYS_STAT_H 1
| #define HAVE_STDLIB_H 1
| #define HAVE_STRING_H 1
| #define HAVE_MEMORY_H 1
| #define HAVE_STRINGS_H 1
| #define HAVE_INTTYPES_H 1
| #define HAVE_STDINT_H 1
| #define HAVE_UNISTD_H 1
| #define HAVE_DLFCN_H 1
| #define LT_OBJDIR ".libs/"
| #define HAVE_ISO_VARARGS 1
| #define HAVE_GNUC_VARARGS 1
| #define HAVE_LIBDL 1
| #define HAVE_LIBZ 1
| #define STDC_HEADERS 1
| #define HAVE_STDIO_H 1
| #define HAVE_STDLIB_H 1
| #define HAVE_STRING_H 1
| #define HAVE_SYS_SOCKET_H 1
| #define HAVE_NET_IF_H 1
| #define HAVE_LINUX_IF_H 1
| /* end confdefs.h.  */
| #include <net/if_dl.h>
configure:15501: result: no
configure:15501: checking for net/if_dl.h
configure:15501: result: no
configure:15512: checking sys/appleapiopts.h usability
configure:15512: gcc -c -g -O2 -D_LARGEFILE64_SOURCE -ansi -Wall -Wno-implicit-function-declaration -D_GNU_SOURCE  conftest.c >&5
conftest.c:67:30: fatal error: sys/appleapiopts.h: No such file or directory
compilation terminated.
configure:15512: $? = 1
configure: failed program was:
| /* confdefs.h */
| #define PACKAGE_NAME "axis2_util-src"
| #define PACKAGE_TARNAME "axis2_util-src"
| #define PACKAGE_VERSION "1.6.0"
| #define PACKAGE_STRING "axis2_util-src 1.6.0"
| #define PACKAGE_BUGREPORT ""
| #define PACKAGE_URL ""
| #define PACKAGE "axis2_util-src"
| #define VERSION "1.6.0"
| #define STDC_HEADERS 1
| #define HAVE_SYS_TYPES_H 1
| #define HAVE_SYS_STAT_H 1
| #define HAVE_STDLIB_H 1
| #define HAVE_STRING_H 1
| #define HAVE_MEMORY_H 1
| #define HAVE_STRINGS_H 1
| #define HAVE_INTTYPES_H 1
| #define HAVE_STDINT_H 1
| #define HAVE_UNISTD_H 1
| #define HAVE_DLFCN_H 1
| #define LT_OBJDIR ".libs/"
| #define HAVE_ISO_VARARGS 1
| #define HAVE_GNUC_VARARGS 1
| #define HAVE_LIBDL 1
| #define HAVE_LIBZ 1
| #define STDC_HEADERS 1
| #define HAVE_STDIO_H 1
| #define HAVE_STDLIB_H 1
| #define HAVE_STRING_H 1
| #define HAVE_SYS_SOCKET_H 1
| #define HAVE_NET_IF_H 1
| #define HAVE_LINUX_IF_H 1
| /* end confdefs.h.  */
| #include <stdio.h>
| #ifdef HAVE_SYS_TYPES_H
| # include <sys/types.h>
| #endif
| #ifdef HAVE_SYS_STAT_H
| # include <sys/stat.h>
| #endif
| #ifdef STDC_HEADERS
| # include <stdlib.h>
| # include <stddef.h>
| #else
| # ifdef HAVE_STDLIB_H
| #  include <stdlib.h>
| # endif
| #endif
| #ifdef HAVE_STRING_H
| # if !defined STDC_HEADERS && defined HAVE_MEMORY_H
| #  include <memory.h>
| # endif
| # include <string.h>
| #endif
| #ifdef HAVE_STRINGS_H
| # include <strings.h>
| #endif
| #ifdef HAVE_INTTYPES_H
| # include <inttypes.h>
| #endif
| #ifdef HAVE_STDINT_H
| # include <stdint.h>
| #endif
| #ifdef HAVE_UNISTD_H
| # include <unistd.h>
| #endif
| #include <sys/appleapiopts.h>
configure:15512: result: no
configure:15512: checking sys/appleapiopts.h presence
configure:15512: gcc -E  conftest.c
conftest.c:34:30: fatal error: sys/appleapiopts.h: No such file or directory
compilation terminated.
configure:15512: $? = 1
configure: failed program was:
| /* confdefs.h */
| #define PACKAGE_NAME "axis2_util-src"
| #define PACKAGE_TARNAME "axis2_util-src"
| #define PACKAGE_VERSION "1.6.0"
| #define PACKAGE_STRING "axis2_util-src 1.6.0"
| #define PACKAGE_BUGREPORT ""
| #define PACKAGE_URL ""
| #define PACKAGE "axis2_util-src"
| #define VERSION "1.6.0"
| #define STDC_HEADERS 1
| #define HAVE_SYS_TYPES_H 1
| #define HAVE_SYS_STAT_H 1
| #define HAVE_STDLIB_H 1
| #define HAVE_STRING_H 1
| #define HAVE_MEMORY_H 1
| #define HAVE_STRINGS_H 1
| #define HAVE_INTTYPES_H 1
| #define HAVE_STDINT_H 1
| #define HAVE_UNISTD_H 1
| #define HAVE_DLFCN_H 1
| #define LT_OBJDIR ".libs/"
| #define HAVE_ISO_VARARGS 1
| #define HAVE_GNUC_VARARGS 1
| #define HAVE_LIBDL 1
| #define HAVE_LIBZ 1
| #define STDC_HEADERS 1
| #define HAVE_STDIO_H 1
| #define HAVE_STDLIB_H 1
| #define HAVE_STRING_H 1
| #define HAVE_SYS_SOCKET_H 1
| #define HAVE_NET_IF_H 1
| #define HAVE_LINUX_IF_H 1
| /* end confdefs.h.  */
| #include <sys/appleapiopts.h>
configure:15512: result: no
configure:15512: checking for sys/appleapiopts.h
configure:15512: result: no
configure:15521: checking for struct lifreq
configure:15521: gcc -c -g -O2 -D_LARGEFILE64_SOURCE -ansi -Wall -Wno-implicit-function-declaration -D_GNU_SOURCE  conftest.c >&5
conftest.c: In function 'main':
conftest.c:70:13: error: invalid application of 'sizeof' to incomplete type 'struct lifreq' 
configure:15521: $? = 1
configure: failed program was:
| /* confdefs.h */
| #define PACKAGE_NAME "axis2_util-src"
| #define PACKAGE_TARNAME "axis2_util-src"
| #define PACKAGE_VERSION "1.6.0"
| #define PACKAGE_STRING "axis2_util-src 1.6.0"
| #define PACKAGE_BUGREPORT ""
| #define PACKAGE_URL ""
| #define PACKAGE "axis2_util-src"
| #define VERSION "1.6.0"
| #define STDC_HEADERS 1
| #define HAVE_SYS_TYPES_H 1
| #define HAVE_SYS_STAT_H 1
| #define HAVE_STDLIB_H 1
| #define HAVE_STRING_H 1
| #define HAVE_MEMORY_H 1
| #define HAVE_STRINGS_H 1
| #define HAVE_INTTYPES_H 1
| #define HAVE_STDINT_H 1
| #define HAVE_UNISTD_H 1
| #define HAVE_DLFCN_H 1
| #define LT_OBJDIR ".libs/"
| #define HAVE_ISO_VARARGS 1
| #define HAVE_GNUC_VARARGS 1
| #define HAVE_LIBDL 1
| #define HAVE_LIBZ 1
| #define STDC_HEADERS 1
| #define HAVE_STDIO_H 1
| #define HAVE_STDLIB_H 1
| #define HAVE_STRING_H 1
| #define HAVE_SYS_SOCKET_H 1
| #define HAVE_NET_IF_H 1
| #define HAVE_LINUX_IF_H 1
| /* end confdefs.h.  */
| #include <stdio.h>
| #ifdef HAVE_SYS_TYPES_H
| # include <sys/types.h>
| #endif
| #ifdef HAVE_SYS_STAT_H
| # include <sys/stat.h>
| #endif
| #ifdef STDC_HEADERS
| # include <stdlib.h>
| # include <stddef.h>
| #else
| # ifdef HAVE_STDLIB_H
| #  include <stdlib.h>
| # endif
| #endif
| #ifdef HAVE_STRING_H
| # if !defined STDC_HEADERS && defined HAVE_MEMORY_H
| #  include <memory.h>
| # endif
| # include <string.h>
| #endif
| #ifdef HAVE_STRINGS_H
| # include <strings.h>
| #endif
| #ifdef HAVE_INTTYPES_H
| # include <inttypes.h>
| #endif
| #ifdef HAVE_STDINT_H
| # include <stdint.h>
| #endif
| #ifdef HAVE_UNISTD_H
| # include <unistd.h>
| #endif
| int
| main ()
| {
| if (sizeof (struct lifreq))
| 	 return 0;
|   ;
|   return 0;
| }
configure:15521: result: no
configure:15531: checking for struct sockaddr_dl
configure:15531: gcc -c -g -O2 -D_LARGEFILE64_SOURCE -ansi -Wall -Wno-implicit-function-declaration -D_GNU_SOURCE  conftest.c >&5
conftest.c: In function 'main':
conftest.c:43:13: error: invalid application of 'sizeof' to incomplete type 'struct sockaddr_dl' 
configure:15531: $? = 1
configure: failed program was:
| /* confdefs.h */
| #define PACKAGE_NAME "axis2_util-src"
| #define PACKAGE_TARNAME "axis2_util-src"
| #define PACKAGE_VERSION "1.6.0"
| #define PACKAGE_STRING "axis2_util-src 1.6.0"
| #define PACKAGE_BUGREPORT ""
| #define PACKAGE_URL ""
| #define PACKAGE "axis2_util-src"
| #define VERSION "1.6.0"
| #define STDC_HEADERS 1
| #define HAVE_SYS_TYPES_H 1
| #define HAVE_SYS_STAT_H 1
| #define HAVE_STDLIB_H 1
| #define HAVE_STRING_H 1
| #define HAVE_MEMORY_H 1
| #define HAVE_STRINGS_H 1
| #define HAVE_INTTYPES_H 1
| #define HAVE_STDINT_H 1
| #define HAVE_UNISTD_H 1
| #define HAVE_DLFCN_H 1
| #define LT_OBJDIR ".libs/"
| #define HAVE_ISO_VARARGS 1
| #define HAVE_GNUC_VARARGS 1
| #define HAVE_LIBDL 1
| #define HAVE_LIBZ 1
| #define STDC_HEADERS 1
| #define HAVE_STDIO_H 1
| #define HAVE_STDLIB_H 1
| #define HAVE_STRING_H 1
| #define HAVE_SYS_SOCKET_H 1
| #define HAVE_NET_IF_H 1
| #define HAVE_LINUX_IF_H 1
| /* end confdefs.h.  */
| 
| #if HAVE_NET_IF_DL_H
| # include <net/if_dl.h>
| #endif
| 
| 
| int
| main ()
| {
| if (sizeof (struct sockaddr_dl))
| 	 return 0;
|   ;
|   return 0;
| }
configure:15531: result: no
configure:15628: checking whether to build guththila xml parser library
configure:15646: result: no
configure:15653: checking whether to build tests
configure:15671: result: no
configure:15678: checking whether to use archive
configure:15706: result: no
configure:15883: creating ./config.status

## ---------------------- ##
## Running config.status. ##
## ---------------------- ##

This file was extended by axis2_util-src config.status 1.6.0, which was
generated by GNU Autoconf 2.68.  Invocation command line was

  CONFIG_FILES    = 
  CONFIG_HEADERS  = 
  CONFIG_LINKS    = 
  CONFIG_COMMANDS = 
  $ ./config.status 

on denisnovikov

config.status:1200: creating Makefile
config.status:1200: creating src/Makefile
config.status:1200: creating src/platforms/unix/Makefile
config.status:1200: creating src/minizip/Makefile
config.status:1200: creating src/stomp/Makefile
config.status:1200: creating include/Makefile
config.status:1200: creating test/Makefile
config.status:1200: creating test/util/Makefile
config.status:1200: creating test/allocator/Makefile
config.status:1200: creating test/date_time/Makefile
config.status:1200: creating test/duration/Makefile
config.status:1200: creating test/link_list/Makefile
config.status:1200: creating test/properties/Makefile
config.status:1200: creating test/rand/Makefile
config.status:1200: creating test/stack/Makefile
config.status:1200: creating test/string_util/Makefile
config.status:1200: creating test/uri/Makefile
config.status:1200: creating test/url/Makefile
config.status:1200: creating test/utils/Makefile
config.status:1200: creating config.h
config.status:1381: config.h is unchanged
config.status:1429: executing depfiles commands
config.status:1429: executing libtool commands

## ---------------- ##
## Cache variables. ##
## ---------------- ##

ac_cv_build=x86_64-unknown-linux-gnu
ac_cv_c_compiler_gnu=yes
ac_cv_cxx_compiler_gnu=yes
ac_cv_env_CCC_set=
ac_cv_env_CCC_value=
ac_cv_env_CC_set=
ac_cv_env_CC_value=
ac_cv_env_CFLAGS_set=
ac_cv_env_CFLAGS_value=
ac_cv_env_CPPFLAGS_set=
ac_cv_env_CPPFLAGS_value=
ac_cv_env_CPP_set=
ac_cv_env_CPP_value=
ac_cv_env_CXXCPP_set=
ac_cv_env_CXXCPP_value=
ac_cv_env_CXXFLAGS_set=
ac_cv_env_CXXFLAGS_value=
ac_cv_env_CXX_set=
ac_cv_env_CXX_value=
ac_cv_env_LDFLAGS_set=
ac_cv_env_LDFLAGS_value=
ac_cv_env_LIBS_set=
ac_cv_env_LIBS_value=
ac_cv_env_build_alias_set=
ac_cv_env_build_alias_value=
ac_cv_env_host_alias_set=
ac_cv_env_host_alias_value=
ac_cv_env_target_alias_set=
ac_cv_env_target_alias_value=
ac_cv_header_dlfcn_h=yes
ac_cv_header_inttypes_h=yes
ac_cv_header_linux_if_h=yes
ac_cv_header_memory_h=yes
ac_cv_header_net_if_dl_h=no
ac_cv_header_net_if_h=yes
ac_cv_header_net_if_types_h=no
ac_cv_header_stdc=yes
ac_cv_header_stdint_h=yes
ac_cv_header_stdio_h=yes
ac_cv_header_stdlib_h=yes
ac_cv_header_string_h=yes
ac_cv_header_strings_h=yes
ac_cv_header_sys_appleapiopts_h=no
ac_cv_header_sys_socket_h=yes
ac_cv_header_sys_stat_h=yes
ac_cv_header_sys_types_h=yes
ac_cv_header_unistd_h=yes
ac_cv_host=x86_64-unknown-linux-gnu
ac_cv_lib_dl_dlopen=yes
ac_cv_lib_z_inflate=yes
ac_cv_objext=o
ac_cv_path_EGREP='/bin/grep -E'
ac_cv_path_FGREP='/bin/grep -F'
ac_cv_path_GREP=/bin/grep
ac_cv_path_SED=/bin/sed
ac_cv_path_install='/usr/bin/install -c'
ac_cv_path_mkdir=/bin/mkdir
ac_cv_prog_AWK=gawk
ac_cv_prog_CPP='gcc -E'
ac_cv_prog_CXXCPP='g++ -E'
ac_cv_prog_ac_ct_AR=ar
ac_cv_prog_ac_ct_CC=gcc
ac_cv_prog_ac_ct_CXX=g++
ac_cv_prog_ac_ct_MANIFEST_TOOL=mt
ac_cv_prog_ac_ct_OBJDUMP=objdump
ac_cv_prog_ac_ct_RANLIB=ranlib
ac_cv_prog_ac_ct_STRIP=strip
ac_cv_prog_cc_c89=
ac_cv_prog_cc_g=yes
ac_cv_prog_cxx_g=yes
ac_cv_prog_make_make_set=yes
ac_cv_target=x86_64-unknown-linux-gnu
ac_cv_type_struct_lifreq=no
ac_cv_type_struct_sockaddr_dl=no
am_cv_CC_dependencies_compiler_type=gcc3
am_cv_CXX_dependencies_compiler_type=gcc3
lt_cv_ar_at_file=@
lt_cv_archive_cmds_need_lc=no
lt_cv_deplibs_check_method=pass_all
lt_cv_file_magic_cmd='$MAGIC_CMD'
lt_cv_file_magic_test_file=
lt_cv_ld_reload_flag=-r
lt_cv_nm_interface='BSD nm'
lt_cv_objdir=.libs
lt_cv_path_LD=/usr/bin/ld
lt_cv_path_LDCXX='/usr/bin/ld -m elf_x86_64'
lt_cv_path_NM='/usr/bin/nm -B'
lt_cv_path_mainfest_tool=no
lt_cv_prog_compiler_c_o=yes
lt_cv_prog_compiler_c_o_CXX=yes
lt_cv_prog_compiler_pic='-fPIC -DPIC'
lt_cv_prog_compiler_pic_CXX='-fPIC -DPIC'
lt_cv_prog_compiler_pic_works=yes
lt_cv_prog_compiler_pic_works_CXX=yes
lt_cv_prog_compiler_rtti_exceptions=no
lt_cv_prog_compiler_static_works=yes
lt_cv_prog_compiler_static_works_CXX=yes
lt_cv_prog_gnu_ld=yes
lt_cv_prog_gnu_ldcxx=yes
lt_cv_sharedlib_from_linklib_cmd='printf %s\n'
lt_cv_shlibpath_overrides_runpath=no
lt_cv_sys_global_symbol_pipe='sed -n -e '\''s/^.*[	 ]\([ABCDGIRSTW][ABCDGIRSTW]*\)[	 ][	 ]*\([_A-Za-z][_A-Za-z0-9]*\)$/\1 \2 \2/p'\'' | sed '\''/ __gnu_lto/d'\'''
lt_cv_sys_global_symbol_to_c_name_address='sed -n -e '\''s/^: \([^ ]*\)[ ]*$/  {\"\1\", (void *) 0},/p'\'' -e '\''s/^[ABCDGIRSTW]* \([^ ]*\) \([^ ]*\)$/  {"\2", (void *) \&\2},/p'\'''
lt_cv_sys_global_symbol_to_c_name_address_lib_prefix='sed -n -e '\''s/^: \([^ ]*\)[ ]*$/  {\"\1\", (void *) 0},/p'\'' -e '\''s/^[ABCDGIRSTW]* \([^ ]*\) \(lib[^ ]*\)$/  {"\2", (void *) \&\2},/p'\'' -e '\''s/^[ABCDGIRSTW]* \([^ ]*\) \([^ ]*\)$/  {"lib\2", (void *) \&\2},/p'\'''
lt_cv_sys_global_symbol_to_cdecl='sed -n -e '\''s/^T .* \(.*\)$/extern int \1();/p'\'' -e '\''s/^[ABCDGIRSTW]* .* \(.*\)$/extern char \1;/p'\'''
lt_cv_sys_max_cmd_len=1572864
lt_cv_to_host_file_cmd=func_convert_file_noop
lt_cv_to_tool_file_cmd=func_convert_file_noop

## ----------------- ##
## Output variables. ##
## ----------------- ##

ACLOCAL='${SHELL} /home/denis/Downloads/wso2/src/cpp/wsf_c/axis2c/util/missing --run aclocal-1.11'
AMDEPBACKSLASH='\'
AMDEP_FALSE='#'
AMDEP_TRUE=''
AMTAR='$${TAR-tar}'
AR='ar'
AUTOCONF='${SHELL} /home/denis/Downloads/wso2/src/cpp/wsf_c/axis2c/util/missing --run autoconf'
AUTOHEADER='${SHELL} /home/denis/Downloads/wso2/src/cpp/wsf_c/axis2c/util/missing --run autoheader'
AUTOMAKE='${SHELL} /home/denis/Downloads/wso2/src/cpp/wsf_c/axis2c/util/missing --run automake-1.11'
AWK='gawk'
CC='gcc'
CCDEPMODE='depmode=gcc3'
CFLAGS='-g -O2 -D_LARGEFILE64_SOURCE -ansi -Wall -Wno-implicit-function-declaration -D_GNU_SOURCE '
CPP='gcc -E'
CPPFLAGS=''
CXX='g++'
CXXCPP='g++ -E'
CXXDEPMODE='depmode=gcc3'
CXXFLAGS='-g -O2'
CYGPATH_W='echo'
DEFS='-DHAVE_CONFIG_H'
DEPDIR='.deps'
DLLTOOL='false'
DSYMUTIL=''
DUMPBIN=''
ECHO_C=''
ECHO_N='-n'
ECHO_T=''
EGREP='/bin/grep -E'
EXEEXT=''
FGREP='/bin/grep -F'
GREP='/bin/grep'
GUTHTHILA_DIR=''
GUTHTHILA_LIBS=''
HOST_OS_CYGWIN_FALSE=''
HOST_OS_CYGWIN_TRUE='#'
HOST_OS_DARWIN_FALSE=''
HOST_OS_DARWIN_TRUE='#'
HOST_OS_SOLARIS_FALSE=''
HOST_OS_SOLARIS_TRUE='#'
INSTALL_DATA='${INSTALL} -m 644'
INSTALL_PROGRAM='${INSTALL}'
INSTALL_SCRIPT='${INSTALL}'
INSTALL_STRIP_PROGRAM='$(install_sh) -c -s'
LD='/usr/bin/ld -m elf_x86_64'
LDFLAGS=' -lpthread'
LIBOBJS=''
LIBS='-lz -ldl '
LIBTOOL='$(SHELL) $(top_builddir)/libtool'
LIPO=''
LN_S='ln -s'
LTLIBOBJS=''
MAKEINFO='${SHELL} /home/denis/Downloads/wso2/src/cpp/wsf_c/axis2c/util/missing --run makeinfo'
MANIFEST_TOOL=':'
MKDIR_P='/bin/mkdir -p'
NM='/usr/bin/nm -B'
NMEDIT=''
NO_UNDEFINED_FALSE=''
NO_UNDEFINED_TRUE='#'
OBJDUMP='objdump'
OBJEXT='o'
OTOOL64=''
OTOOL=''
PACKAGE='axis2_util-src'
PACKAGE_BUGREPORT=''
PACKAGE_NAME='axis2_util-src'
PACKAGE_STRING='axis2_util-src 1.6.0'
PACKAGE_TARNAME='axis2_util-src'
PACKAGE_URL=''
PACKAGE_VERSION='1.6.0'
PATH_SEPARATOR=':'
RANLIB='ranlib'
SED='/bin/sed'
SET_MAKE=''
SHELL='/bin/bash'
STRIP='strip'
TESTDIR=''
UTILINC=''
VERSION='1.6.0'
VERSION_NO='4:0:4'
ZLIBBUILD=''
ZLIBINC=''
ZLIBLIBS=''
ac_ct_AR='ar'
ac_ct_CC='gcc'
ac_ct_CXX='g++'
ac_ct_DUMPBIN=''
am__EXEEXT_FALSE=''
am__EXEEXT_TRUE='#'
am__fastdepCC_FALSE='#'
am__fastdepCC_TRUE=''
am__fastdepCXX_FALSE='#'
am__fastdepCXX_TRUE=''
am__include='include'
am__isrc=''
am__leading_dot='.'
am__nodep='_no'
am__quote=''
am__tar='$${TAR-tar} chof - "$$tardir"'
am__untar='$${TAR-tar} xf -'
bindir='${exec_prefix}/bin'
build='x86_64-unknown-linux-gnu'
build_alias=''
build_cpu='x86_64'
build_os='linux-gnu'
build_vendor='unknown'
datadir='${datarootdir}'
datarootdir='${prefix}/share'
docdir='${datarootdir}/doc/${PACKAGE_TARNAME}'
dvidir='${docdir}'
exec_prefix='${prefix}'
host='x86_64-unknown-linux-gnu'
host_alias=''
host_cpu='x86_64'
host_os='linux-gnu'
host_vendor='unknown'
htmldir='${docdir}'
includedir='${prefix}/include'
infodir='${datarootdir}/info'
install_sh='${SHELL} /home/denis/Downloads/wso2/src/cpp/wsf_c/axis2c/util/install-sh'
libdir='${exec_prefix}/lib'
libexecdir='${exec_prefix}/libexec'
localedir='${datarootdir}/locale'
localstatedir='${prefix}/var'
mandir='${datarootdir}/man'
mkdir_p='/bin/mkdir -p'
oldincludedir='/usr/include'
pdfdir='${docdir}'
prefix='/usr/local'
program_transform_name='s,x,x,'
psdir='${docdir}'
sbindir='${exec_prefix}/sbin'
sharedstatedir='${prefix}/com'
sysconfdir='${prefix}/etc'
target='x86_64-unknown-linux-gnu'
target_alias=''
target_cpu='x86_64'
target_os='linux-gnu'
target_vendor='unknown'

## ----------- ##
## confdefs.h. ##
## ----------- ##

/* confdefs.h */
#define PACKAGE_NAME "axis2_util-src"
#define PACKAGE_TARNAME "axis2_util-src"
#define PACKAGE_VERSION "1.6.0"
#define PACKAGE_STRING "axis2_util-src 1.6.0"
#define PACKAGE_BUGREPORT ""
#define PACKAGE_URL ""
#define PACKAGE "axis2_util-src"
#define VERSION "1.6.0"
#define STDC_HEADERS 1
#define HAVE_SYS_TYPES_H 1
#define HAVE_SYS_STAT_H 1
#define HAVE_STDLIB_H 1
#define HAVE_STRING_H 1
#define HAVE_MEMORY_H 1
#define HAVE_STRINGS_H 1
#define HAVE_INTTYPES_H 1
#define HAVE_STDINT_H 1
#define HAVE_UNISTD_H 1
#define HAVE_DLFCN_H 1
#define LT_OBJDIR ".libs/"
#define HAVE_ISO_VARARGS 1
#define HAVE_GNUC_VARARGS 1
#define HAVE_LIBDL 1
#define HAVE_LIBZ 1
#define STDC_HEADERS 1
#define HAVE_STDIO_H 1
#define HAVE_STDLIB_H 1
#define HAVE_STRING_H 1
#define HAVE_SYS_SOCKET_H 1
#define HAVE_NET_IF_H 1
#define HAVE_LINUX_IF_H 1

configure: exit 0

## ---------------------- ##
## Running config.status. ##
## ---------------------- ##

This file was extended by axis2_util-src config.status 1.6.0, which was
generated by GNU Autoconf 2.68.  Invocation command line was

  CONFIG_FILES    = 
  CONFIG_HEADERS  = 
  CONFIG_LINKS    = 
  CONFIG_COMMANDS = 
  $ ./config.status config.h

on denisnovikov

config.status:1200: creating config.h
config.status:1381: config.h is unchanged
