This file contains any messages produced by compilers while
running configure, to aid debugging if configure makes a mistake.

It was created by rampartc-src configure 1.3.0, which was
generated by GNU Autoconf 2.68.  Invocation command line was

  $ ./configure --disable-option-checking --prefix=/usr/local --with-axis2=/usr/include/axis2-1.6.0 --with-apache2=/usr/include/apache2 --with-apr=/usr/include/apr-1.0 --enable-libxml2 --disable-wsclient --cache-file=/dev/null --srcdir=.

## --------- ##
## Platform. ##
## --------- ##

hostname = denisnovikov
uname -m = x86_64
uname -r = 3.2.0-25-generic
uname -s = Linux
uname -v = #40-Ubuntu SMP Wed May 23 20:30:51 UTC 2012

/usr/bin/uname -p = unknown
/bin/uname -X     = unknown

/bin/arch              = unknown
/usr/bin/arch -k       = unknown
/usr/convex/getsysinfo = unknown
/usr/bin/hostinfo      = unknown
/bin/machine           = unknown
/usr/bin/oslevel       = unknown
/bin/universe          = unknown

PATH: /home/denis/bin
PATH: /usr/local/sbin
PATH: /usr/local/bin
PATH: /usr/sbin
PATH: /usr/bin
PATH: /sbin
PATH: /bin
PATH: /usr/games


## ----------- ##
## Core tests. ##
## ----------- ##

configure:2357: checking build system type
configure:2371: result: x86_64-unknown-linux-gnu
configure:2391: checking host system type
configure:2404: result: x86_64-unknown-linux-gnu
configure:2424: checking target system type
configure:2437: result: x86_64-unknown-linux-gnu
configure:2482: checking for a BSD-compatible install
configure:2550: result: /usr/bin/install -c
configure:2561: checking whether build environment is sane
configure:2611: result: yes
configure:2752: checking for a thread-safe mkdir -p
configure:2791: result: /bin/mkdir -p
configure:2804: checking for gawk
configure:2820: found /usr/bin/gawk
configure:2831: result: gawk
configure:2842: checking whether make sets $(MAKE)
configure:2864: result: yes
configure:2939: checking how to create a ustar tar archive
configure:2952: tar --version
tar (GNU tar) 1.26
Copyright (C) 2011 Free Software Foundation, Inc.
License GPLv3+: GNU GPL version 3 or later <http://gnu.org/licenses/gpl.html>.
This is free software: you are free to change and redistribute it.
There is NO WARRANTY, to the extent permitted by law.

Written by John Gilmore and Jay Fenlason.
configure:2955: $? = 0
configure:2995: tardir=conftest.dir && eval tar --format=ustar -chf - "$tardir" >conftest.tar
configure:2998: $? = 0
configure:3002: tar -xf - <conftest.tar
configure:3005: $? = 0
configure:3018: result: gnutar
configure:3075: checking for gcc
configure:3091: found /usr/bin/gcc
configure:3102: result: gcc
configure:3331: checking for C compiler version
configure:3340: gcc --version >&5
gcc (Ubuntu/Linaro 4.6.3-1ubuntu5) 4.6.3
Copyright (C) 2011 Free Software Foundation, Inc.
This is free software; see the source for copying conditions.  There is NO
warranty; not even for MERCHANTABILITY or FITNESS FOR A PARTICULAR PURPOSE.

configure:3351: $? = 0
configure:3340: gcc -v >&5
Using built-in specs.
COLLECT_GCC=gcc
COLLECT_LTO_WRAPPER=/usr/lib/gcc/x86_64-linux-gnu/4.6/lto-wrapper
Target: x86_64-linux-gnu
Configured with: ../src/configure -v --with-pkgversion='Ubuntu/Linaro 4.6.3-1ubuntu5' --with-bugurl=file:///usr/share/doc/gcc-4.6/README.Bugs --enable-languages=c,c++,fortran,objc,obj-c++ --prefix=/usr --program-suffix=-4.6 --enable-shared --enable-linker-build-id --with-system-zlib --libexecdir=/usr/lib --without-included-gettext --enable-threads=posix --with-gxx-include-dir=/usr/include/c++/4.6 --libdir=/usr/lib --enable-nls --with-sysroot=/ --enable-clocale=gnu --enable-libstdcxx-debug --enable-libstdcxx-time=yes --enable-gnu-unique-object --enable-plugin --enable-objc-gc --disable-werror --with-arch-32=i686 --with-tune=generic --enable-checking=release --build=x86_64-linux-gnu --host=x86_64-linux-gnu --target=x86_64-linux-gnu
Thread model: posix
gcc version 4.6.3 (Ubuntu/Linaro 4.6.3-1ubuntu5) 
configure:3351: $? = 0
configure:3340: gcc -V >&5
gcc: error: unrecognized option '-V'
gcc: fatal error: no input files
compilation terminated.
configure:3351: $? = 4
configure:3340: gcc -qversion >&5
gcc: error: unrecognized option '-qversion'
gcc: fatal error: no input files
compilation terminated.
configure:3351: $? = 4
configure:3371: checking whether the C compiler works
configure:3393: gcc    conftest.c  >&5
configure:3397: $? = 0
configure:3445: result: yes
configure:3448: checking for C compiler default output file name
configure:3450: result: a.out
configure:3456: checking for suffix of executables
configure:3463: gcc -o conftest    conftest.c  >&5
configure:3467: $? = 0
configure:3489: result: 
configure:3511: checking whether we are cross compiling
configure:3519: gcc -o conftest    conftest.c  >&5
configure:3523: $? = 0
configure:3530: ./conftest
configure:3534: $? = 0
configure:3549: result: no
configure:3554: checking for suffix of object files
configure:3576: gcc -c   conftest.c >&5
configure:3580: $? = 0
configure:3601: result: o
configure:3605: checking whether we are using the GNU C compiler
configure:3624: gcc -c   conftest.c >&5
configure:3624: $? = 0
configure:3633: result: yes
configure:3642: checking whether gcc accepts -g
configure:3662: gcc -c -g  conftest.c >&5
configure:3662: $? = 0
configure:3703: result: yes
configure:3720: checking for gcc option to accept ISO C89
configure:3784: gcc  -c -g -O2  conftest.c >&5
configure:3784: $? = 0
configure:3797: result: none needed
configure:3828: checking for style of include used by make
configure:3856: result: GNU
configure:3882: checking dependency style of gcc
configure:3993: result: gcc3
configure:4066: checking for g++
configure:4082: found /usr/bin/g++
configure:4093: result: g++
configure:4120: checking for C++ compiler version
configure:4129: g++ --version >&5
g++ (Ubuntu/Linaro 4.6.3-1ubuntu5) 4.6.3
Copyright (C) 2011 Free Software Foundation, Inc.
This is free software; see the source for copying conditions.  There is NO
warranty; not even for MERCHANTABILITY or FITNESS FOR A PARTICULAR PURPOSE.

configure:4140: $? = 0
configure:4129: g++ -v >&5
Using built-in specs.
COLLECT_GCC=g++
COLLECT_LTO_WRAPPER=/usr/lib/gcc/x86_64-linux-gnu/4.6/lto-wrapper
Target: x86_64-linux-gnu
Configured with: ../src/configure -v --with-pkgversion='Ubuntu/Linaro 4.6.3-1ubuntu5' --with-bugurl=file:///usr/share/doc/gcc-4.6/README.Bugs --enable-languages=c,c++,fortran,objc,obj-c++ --prefix=/usr --program-suffix=-4.6 --enable-shared --enable-linker-build-id --with-system-zlib --libexecdir=/usr/lib --without-included-gettext --enable-threads=posix --with-gxx-include-dir=/usr/include/c++/4.6 --libdir=/usr/lib --enable-nls --with-sysroot=/ --enable-clocale=gnu --enable-libstdcxx-debug --enable-libstdcxx-time=yes --enable-gnu-unique-object --enable-plugin --enable-objc-gc --disable-werror --with-arch-32=i686 --with-tune=generic --enable-checking=release --build=x86_64-linux-gnu --host=x86_64-linux-gnu --target=x86_64-linux-gnu
Thread model: posix
gcc version 4.6.3 (Ubuntu/Linaro 4.6.3-1ubuntu5) 
configure:4140: $? = 0
configure:4129: g++ -V >&5
g++: error: unrecognized option '-V'
g++: fatal error: no input files
compilation terminated.
configure:4140: $? = 4
configure:4129: g++ -qversion >&5
g++: error: unrecognized option '-qversion'
g++: fatal error: no input files
compilation terminated.
configure:4140: $? = 4
configure:4144: checking whether we are using the GNU C++ compiler
configure:4163: g++ -c   conftest.cpp >&5
configure:4163: $? = 0
configure:4172: result: yes
configure:4181: checking whether g++ accepts -g
configure:4201: g++ -c -g  conftest.cpp >&5
configure:4201: $? = 0
configure:4242: result: yes
configure:4267: checking dependency style of g++
configure:4378: result: gcc3
configure:4398: checking how to run the C preprocessor
configure:4429: gcc -E  conftest.c
configure:4429: $? = 0
configure:4443: gcc -E  conftest.c
conftest.c:11:28: fatal error: ac_nonexistent.h: No such file or directory
compilation terminated.
configure:4443: $? = 1
configure: failed program was:
| /* confdefs.h */
| #define PACKAGE_NAME "rampartc-src"
| #define PACKAGE_TARNAME "rampartc-src"
| #define PACKAGE_VERSION "1.3.0"
| #define PACKAGE_STRING "rampartc-src 1.3.0"
| #define PACKAGE_BUGREPORT ""
| #define PACKAGE_URL ""
| #define PACKAGE "rampartc-src"
| #define VERSION "1.3.0"
| /* end confdefs.h.  */
| #include <ac_nonexistent.h>
configure:4468: result: gcc -E
configure:4488: gcc -E  conftest.c
configure:4488: $? = 0
configure:4502: gcc -E  conftest.c
conftest.c:11:28: fatal error: ac_nonexistent.h: No such file or directory
compilation terminated.
configure:4502: $? = 1
configure: failed program was:
| /* confdefs.h */
| #define PACKAGE_NAME "rampartc-src"
| #define PACKAGE_TARNAME "rampartc-src"
| #define PACKAGE_VERSION "1.3.0"
| #define PACKAGE_STRING "rampartc-src 1.3.0"
| #define PACKAGE_BUGREPORT ""
| #define PACKAGE_URL ""
| #define PACKAGE "rampartc-src"
| #define VERSION "1.3.0"
| /* end confdefs.h.  */
| #include <ac_nonexistent.h>
configure:4576: checking how to print strings
configure:4603: result: printf
configure:4624: checking for a sed that does not truncate output
configure:4688: result: /bin/sed
configure:4706: checking for grep that handles long lines and -e
configure:4764: result: /bin/grep
configure:4769: checking for egrep
configure:4831: result: /bin/grep -E
configure:4836: checking for fgrep
configure:4898: result: /bin/grep -F
configure:4933: checking for ld used by gcc
configure:5000: result: /usr/bin/ld
configure:5007: checking if the linker (/usr/bin/ld) is GNU ld
configure:5022: result: yes
configure:5034: checking for BSD- or MS-compatible name lister (nm)
configure:5083: result: /usr/bin/nm -B
configure:5213: checking the name lister (/usr/bin/nm -B) interface
configure:5220: gcc -c -g -O2  conftest.c >&5
configure:5223: /usr/bin/nm -B "conftest.o"
configure:5226: output
0000000000000000 B some_variable
configure:5233: result: BSD nm
configure:5236: checking whether ln -s works
configure:5240: result: yes
configure:5248: checking the maximum length of command line arguments
configure:5378: result: 1572864
configure:5395: checking whether the shell understands some XSI constructs
configure:5405: result: yes
configure:5409: checking whether the shell understands "+="
configure:5415: result: yes
configure:5450: checking how to convert x86_64-unknown-linux-gnu file names to x86_64-unknown-linux-gnu format
configure:5490: result: func_convert_file_noop
configure:5497: checking how to convert x86_64-unknown-linux-gnu file names to toolchain format
configure:5517: result: func_convert_file_noop
configure:5524: checking for /usr/bin/ld option to reload object files
configure:5531: result: -r
configure:5605: checking for objdump
configure:5621: found /usr/bin/objdump
configure:5632: result: objdump
configure:5664: checking how to recognize dependent libraries
configure:5866: result: pass_all
configure:5951: checking for dlltool
configure:5981: result: no
configure:6011: checking how to associate runtime and link libraries
configure:6038: result: printf %s\n
configure:6099: checking for ar
configure:6115: found /usr/bin/ar
configure:6126: result: ar
configure:6163: checking for archiver @FILE support
configure:6180: gcc -c -g -O2  conftest.c >&5
configure:6180: $? = 0
configure:6183: ar cru libconftest.a @conftest.lst >&5
configure:6186: $? = 0
configure:6191: ar cru libconftest.a @conftest.lst >&5
ar: conftest.o: No such file or directory
configure:6194: $? = 1
configure:6206: result: @
configure:6264: checking for strip
configure:6280: found /usr/bin/strip
configure:6291: result: strip
configure:6363: checking for ranlib
configure:6379: found /usr/bin/ranlib
configure:6390: result: ranlib
configure:6492: checking command to parse /usr/bin/nm -B output from gcc object
configure:6612: gcc -c -g -O2  conftest.c >&5
configure:6615: $? = 0
configure:6619: /usr/bin/nm -B conftest.o \| sed -n -e 's/^.*[ ]\([ABCDGIRSTW][ABCDGIRSTW]*\)[ ][ ]*\([_A-Za-z][_A-Za-z0-9]*\)$/\1 \2 \2/p' | sed '/ __gnu_lto/d' \> conftest.nm
configure:6622: $? = 0
configure:6688: gcc -o conftest -g -O2   conftest.c conftstm.o >&5
configure:6691: $? = 0
configure:6729: result: ok
configure:6766: checking for sysroot
configure:6796: result: no
configure:6873: gcc -c -g -O2  conftest.c >&5
configure:6876: $? = 0
configure:7052: checking for mt
configure:7068: found /bin/mt
configure:7079: result: mt
configure:7102: checking if mt is a manifest tool
configure:7108: mt '-?'
configure:7116: result: no
configure:7754: checking for ANSI C header files
configure:7774: gcc -c -g -O2  conftest.c >&5
configure:7774: $? = 0
configure:7847: gcc -o conftest -g -O2   conftest.c  >&5
configure:7847: $? = 0
configure:7847: ./conftest
configure:7847: $? = 0
configure:7858: result: yes
configure:7871: checking for sys/types.h
configure:7871: gcc -c -g -O2  conftest.c >&5
configure:7871: $? = 0
configure:7871: result: yes
configure:7871: checking for sys/stat.h
configure:7871: gcc -c -g -O2  conftest.c >&5
configure:7871: $? = 0
configure:7871: result: yes
configure:7871: checking for stdlib.h
configure:7871: gcc -c -g -O2  conftest.c >&5
configure:7871: $? = 0
configure:7871: result: yes
configure:7871: checking for string.h
configure:7871: gcc -c -g -O2  conftest.c >&5
configure:7871: $? = 0
configure:7871: result: yes
configure:7871: checking for memory.h
configure:7871: gcc -c -g -O2  conftest.c >&5
configure:7871: $? = 0
configure:7871: result: yes
configure:7871: checking for strings.h
configure:7871: gcc -c -g -O2  conftest.c >&5
configure:7871: $? = 0
configure:7871: result: yes
configure:7871: checking for inttypes.h
configure:7871: gcc -c -g -O2  conftest.c >&5
configure:7871: $? = 0
configure:7871: result: yes
configure:7871: checking for stdint.h
configure:7871: gcc -c -g -O2  conftest.c >&5
configure:7871: $? = 0
configure:7871: result: yes
configure:7871: checking for unistd.h
configure:7871: gcc -c -g -O2  conftest.c >&5
configure:7871: $? = 0
configure:7871: result: yes
configure:7885: checking for dlfcn.h
configure:7885: gcc -c -g -O2  conftest.c >&5
configure:7885: $? = 0
configure:7885: result: yes
configure:8102: checking for objdir
configure:8117: result: .libs
configure:8384: checking if gcc supports -fno-rtti -fno-exceptions
configure:8402: gcc -c -g -O2  -fno-rtti -fno-exceptions conftest.c >&5
cc1: warning: command line option '-fno-rtti' is valid for C++/ObjC++ but not for C [enabled by default]
configure:8406: $? = 0
configure:8419: result: no
configure:8746: checking for gcc option to produce PIC
configure:8753: result: -fPIC -DPIC
configure:8761: checking if gcc PIC flag -fPIC -DPIC works
configure:8779: gcc -c -g -O2  -fPIC -DPIC -DPIC conftest.c >&5
configure:8783: $? = 0
configure:8796: result: yes
configure:8825: checking if gcc static flag -static works
configure:8853: result: yes
configure:8868: checking if gcc supports -c -o file.o
configure:8889: gcc -c -g -O2  -o out/conftest2.o conftest.c >&5
configure:8893: $? = 0
configure:8915: result: yes
configure:8923: checking if gcc supports -c -o file.o
configure:8970: result: yes
configure:9003: checking whether the gcc linker (/usr/bin/ld -m elf_x86_64) supports shared libraries
configure:10160: result: yes
configure:10197: checking whether -lc should be explicitly linked in
configure:10205: gcc -c -g -O2  conftest.c >&5
configure:10208: $? = 0
configure:10223: gcc -shared  -fPIC -DPIC conftest.o  -v -Wl,-soname -Wl,conftest -o conftest 2\>\&1 \| /bin/grep  -lc  \>/dev/null 2\>\&1
configure:10226: $? = 0
configure:10240: result: no
configure:10400: checking dynamic linker characteristics
configure:10911: gcc -o conftest -g -O2   -Wl,-rpath -Wl,/foo conftest.c  >&5
configure:10911: $? = 0
configure:11145: result: GNU/Linux ld.so
configure:11252: checking how to hardcode library paths into programs
configure:11277: result: immediate
configure:11817: checking whether stripping libraries is possible
configure:11822: result: yes
configure:11857: checking if libtool supports shared libraries
configure:11859: result: yes
configure:11862: checking whether to build shared libraries
configure:11883: result: yes
configure:11886: checking whether to build static libraries
configure:11890: result: yes
configure:11913: checking how to run the C++ preprocessor
configure:11940: g++ -E  conftest.cpp
configure:11940: $? = 0
configure:11954: g++ -E  conftest.cpp
conftest.cpp:23:28: fatal error: ac_nonexistent.h: No such file or directory
compilation terminated.
configure:11954: $? = 1
configure: failed program was:
| /* confdefs.h */
| #define PACKAGE_NAME "rampartc-src"
| #define PACKAGE_TARNAME "rampartc-src"
| #define PACKAGE_VERSION "1.3.0"
| #define PACKAGE_STRING "rampartc-src 1.3.0"
| #define PACKAGE_BUGREPORT ""
| #define PACKAGE_URL ""
| #define PACKAGE "rampartc-src"
| #define VERSION "1.3.0"
| #define STDC_HEADERS 1
| #define HAVE_SYS_TYPES_H 1
| #define HAVE_SYS_STAT_H 1
| #define HAVE_STDLIB_H 1
| #define HAVE_STRING_H 1
| #define HAVE_MEMORY_H 1
| #define HAVE_STRINGS_H 1
| #define HAVE_INTTYPES_H 1
| #define HAVE_STDINT_H 1
| #define HAVE_UNISTD_H 1
| #define HAVE_DLFCN_H 1
| #define LT_OBJDIR ".libs/"
| /* end confdefs.h.  */
| #include <ac_nonexistent.h>
configure:11979: result: g++ -E
configure:11999: g++ -E  conftest.cpp
configure:11999: $? = 0
configure:12013: g++ -E  conftest.cpp
conftest.cpp:23:28: fatal error: ac_nonexistent.h: No such file or directory
compilation terminated.
configure:12013: $? = 1
configure: failed program was:
| /* confdefs.h */
| #define PACKAGE_NAME "rampartc-src"
| #define PACKAGE_TARNAME "rampartc-src"
| #define PACKAGE_VERSION "1.3.0"
| #define PACKAGE_STRING "rampartc-src 1.3.0"
| #define PACKAGE_BUGREPORT ""
| #define PACKAGE_URL ""
| #define PACKAGE "rampartc-src"
| #define VERSION "1.3.0"
| #define STDC_HEADERS 1
| #define HAVE_SYS_TYPES_H 1
| #define HAVE_SYS_STAT_H 1
| #define HAVE_STDLIB_H 1
| #define HAVE_STRING_H 1
| #define HAVE_MEMORY_H 1
| #define HAVE_STRINGS_H 1
| #define HAVE_INTTYPES_H 1
| #define HAVE_STDINT_H 1
| #define HAVE_UNISTD_H 1
| #define HAVE_DLFCN_H 1
| #define LT_OBJDIR ".libs/"
| /* end confdefs.h.  */
| #include <ac_nonexistent.h>
configure:12182: checking for ld used by g++
configure:12249: result: /usr/bin/ld -m elf_x86_64
configure:12256: checking if the linker (/usr/bin/ld -m elf_x86_64) is GNU ld
configure:12271: result: yes
configure:12326: checking whether the g++ linker (/usr/bin/ld -m elf_x86_64) supports shared libraries
configure:13331: result: yes
configure:13367: g++ -c -g -O2  conftest.cpp >&5
configure:13370: $? = 0
configure:13890: checking for g++ option to produce PIC
configure:13897: result: -fPIC -DPIC
configure:13905: checking if g++ PIC flag -fPIC -DPIC works
configure:13923: g++ -c -g -O2  -fPIC -DPIC -DPIC conftest.cpp >&5
configure:13927: $? = 0
configure:13940: result: yes
configure:13963: checking if g++ static flag -static works
configure:13991: result: yes
configure:14003: checking if g++ supports -c -o file.o
configure:14024: g++ -c -g -O2  -o out/conftest2.o conftest.cpp >&5
configure:14028: $? = 0
configure:14050: result: yes
configure:14055: checking if g++ supports -c -o file.o
configure:14102: result: yes
configure:14132: checking whether the g++ linker (/usr/bin/ld -m elf_x86_64) supports shared libraries
configure:14171: result: yes
configure:14312: checking dynamic linker characteristics
configure:14991: result: GNU/Linux ld.so
configure:15044: checking how to hardcode library paths into programs
configure:15069: result: immediate
configure:15131: checking whether ln -s works
configure:15135: result: yes
configure:15142: checking whether make sets $(MAKE)
configure:15164: result: yes
configure:15174: checking for ISO C99 varargs macros in C
configure:15191: gcc -c -g -O2  conftest.c >&5
configure:15191: $? = 0
configure:15197: result: yes
configure:15200: checking for GNUC varargs macros
configure:15217: gcc -c -g -O2  conftest.c >&5
configure:15217: $? = 0
configure:15223: result: yes
configure:15237: checking for dlopen in -ldl
configure:15262: gcc -o conftest -g -O2   conftest.c -ldl   >&5
configure:15262: $? = 0
configure:15271: result: yes
configure:15291: checking for ANSI C header files
configure:15395: result: yes
configure:15406: checking stdio.h usability
configure:15406: gcc -c -g -O2 -D_LARGEFILE64_SOURCE -ansi -Wall  -Wno-implicit-function-declaration  conftest.c >&5
configure:15406: $? = 0
configure:15406: result: yes
configure:15406: checking stdio.h presence
configure:15406: gcc -E  conftest.c
configure:15406: $? = 0
configure:15406: result: yes
configure:15406: checking for stdio.h
configure:15406: result: yes
configure:15406: checking for stdlib.h
configure:15406: result: yes
configure:15406: checking for string.h
configure:15406: result: yes
configure:15423: checking path to use Axis2C . This is a compulsory to build Rampart-C
configure:15434: result: /usr/include/axis2-1.6.0
configure:15453: checking path to use openssl . This is a compulsory to build Rampart-C
configure:15481: result: no
configure:15639: creating ./config.status

## ---------------------- ##
## Running config.status. ##
## ---------------------- ##

This file was extended by rampartc-src config.status 1.3.0, which was
generated by GNU Autoconf 2.68.  Invocation command line was

  CONFIG_FILES    = 
  CONFIG_HEADERS  = 
  CONFIG_LINKS    = 
  CONFIG_COMMANDS = 
  $ ./config.status 

on denisnovikov

config.status:1183: creating Makefile
config.status:1183: creating src/Makefile
config.status:1183: creating src/omxmlsec/Makefile
config.status:1183: creating src/omxmlsec/tokens/Makefile
config.status:1183: creating src/omxmlsec/openssl/Makefile
config.status:1183: creating src/omxmlsec/c14n/Makefile
config.status:1183: creating src/data/Makefile
config.status:1183: creating src/handlers/Makefile
config.status:1183: creating src/core/Makefile
config.status:1183: creating src/trust/Makefile
config.status:1183: creating src/util/Makefile
config.status:1183: creating src/secconv/Makefile
config.status:1183: creating src/rahas/Makefile
config.status:1183: creating config.h
config.status:1364: config.h is unchanged
config.status:1412: executing depfiles commands
config.status:1412: executing libtool commands

## ---------------- ##
## Cache variables. ##
## ---------------- ##

ac_cv_build=x86_64-unknown-linux-gnu
ac_cv_c_compiler_gnu=yes
ac_cv_cxx_compiler_gnu=yes
ac_cv_env_CCC_set=
ac_cv_env_CCC_value=
ac_cv_env_CC_set=
ac_cv_env_CC_value=
ac_cv_env_CFLAGS_set=
ac_cv_env_CFLAGS_value=
ac_cv_env_CPPFLAGS_set=
ac_cv_env_CPPFLAGS_value=
ac_cv_env_CPP_set=
ac_cv_env_CPP_value=
ac_cv_env_CXXCPP_set=
ac_cv_env_CXXCPP_value=
ac_cv_env_CXXFLAGS_set=
ac_cv_env_CXXFLAGS_value=
ac_cv_env_CXX_set=
ac_cv_env_CXX_value=
ac_cv_env_LDFLAGS_set=
ac_cv_env_LDFLAGS_value=
ac_cv_env_LIBS_set=
ac_cv_env_LIBS_value=
ac_cv_env_build_alias_set=
ac_cv_env_build_alias_value=
ac_cv_env_host_alias_set=
ac_cv_env_host_alias_value=
ac_cv_env_target_alias_set=
ac_cv_env_target_alias_value=
ac_cv_header_dlfcn_h=yes
ac_cv_header_inttypes_h=yes
ac_cv_header_memory_h=yes
ac_cv_header_stdc=yes
ac_cv_header_stdint_h=yes
ac_cv_header_stdio_h=yes
ac_cv_header_stdlib_h=yes
ac_cv_header_string_h=yes
ac_cv_header_strings_h=yes
ac_cv_header_sys_stat_h=yes
ac_cv_header_sys_types_h=yes
ac_cv_header_unistd_h=yes
ac_cv_host=x86_64-unknown-linux-gnu
ac_cv_lib_dl_dlopen=yes
ac_cv_objext=o
ac_cv_path_EGREP='/bin/grep -E'
ac_cv_path_FGREP='/bin/grep -F'
ac_cv_path_GREP=/bin/grep
ac_cv_path_SED=/bin/sed
ac_cv_path_install='/usr/bin/install -c'
ac_cv_path_mkdir=/bin/mkdir
ac_cv_prog_AWK=gawk
ac_cv_prog_CPP='gcc -E'
ac_cv_prog_CXXCPP='g++ -E'
ac_cv_prog_ac_ct_AR=ar
ac_cv_prog_ac_ct_CC=gcc
ac_cv_prog_ac_ct_CXX=g++
ac_cv_prog_ac_ct_MANIFEST_TOOL=mt
ac_cv_prog_ac_ct_OBJDUMP=objdump
ac_cv_prog_ac_ct_RANLIB=ranlib
ac_cv_prog_ac_ct_STRIP=strip
ac_cv_prog_cc_c89=
ac_cv_prog_cc_g=yes
ac_cv_prog_cxx_g=yes
ac_cv_prog_make_make_set=yes
ac_cv_target=x86_64-unknown-linux-gnu
am_cv_CC_dependencies_compiler_type=gcc3
am_cv_CXX_dependencies_compiler_type=gcc3
am_cv_prog_tar_ustar=gnutar
lt_cv_ar_at_file=@
lt_cv_archive_cmds_need_lc=no
lt_cv_deplibs_check_method=pass_all
lt_cv_file_magic_cmd='$MAGIC_CMD'
lt_cv_file_magic_test_file=
lt_cv_ld_reload_flag=-r
lt_cv_nm_interface='BSD nm'
lt_cv_objdir=.libs
lt_cv_path_LD=/usr/bin/ld
lt_cv_path_LDCXX='/usr/bin/ld -m elf_x86_64'
lt_cv_path_NM='/usr/bin/nm -B'
lt_cv_path_mainfest_tool=no
lt_cv_prog_compiler_c_o=yes
lt_cv_prog_compiler_c_o_CXX=yes
lt_cv_prog_compiler_pic='-fPIC -DPIC'
lt_cv_prog_compiler_pic_CXX='-fPIC -DPIC'
lt_cv_prog_compiler_pic_works=yes
lt_cv_prog_compiler_pic_works_CXX=yes
lt_cv_prog_compiler_rtti_exceptions=no
lt_cv_prog_compiler_static_works=yes
lt_cv_prog_compiler_static_works_CXX=yes
lt_cv_prog_gnu_ld=yes
lt_cv_prog_gnu_ldcxx=yes
lt_cv_sharedlib_from_linklib_cmd='printf %s\n'
lt_cv_shlibpath_overrides_runpath=no
lt_cv_sys_global_symbol_pipe='sed -n -e '\''s/^.*[	 ]\([ABCDGIRSTW][ABCDGIRSTW]*\)[	 ][	 ]*\([_A-Za-z][_A-Za-z0-9]*\)$/\1 \2 \2/p'\'' | sed '\''/ __gnu_lto/d'\'''
lt_cv_sys_global_symbol_to_c_name_address='sed -n -e '\''s/^: \([^ ]*\)[ ]*$/  {\"\1\", (void *) 0},/p'\'' -e '\''s/^[ABCDGIRSTW]* \([^ ]*\) \([^ ]*\)$/  {"\2", (void *) \&\2},/p'\'''
lt_cv_sys_global_symbol_to_c_name_address_lib_prefix='sed -n -e '\''s/^: \([^ ]*\)[ ]*$/  {\"\1\", (void *) 0},/p'\'' -e '\''s/^[ABCDGIRSTW]* \([^ ]*\) \(lib[^ ]*\)$/  {"\2", (void *) \&\2},/p'\'' -e '\''s/^[ABCDGIRSTW]* \([^ ]*\) \([^ ]*\)$/  {"lib\2", (void *) \&\2},/p'\'''
lt_cv_sys_global_symbol_to_cdecl='sed -n -e '\''s/^T .* \(.*\)$/extern int \1();/p'\'' -e '\''s/^[ABCDGIRSTW]* .* \(.*\)$/extern char \1;/p'\'''
lt_cv_sys_max_cmd_len=1572864
lt_cv_to_host_file_cmd=func_convert_file_noop
lt_cv_to_tool_file_cmd=func_convert_file_noop

## ----------------- ##
## Output variables. ##
## ----------------- ##

ACLOCAL='${SHELL} /home/denis/Downloads/wso2/src/cpp/wsf_c/rampartc/missing --run aclocal-1.11'
AMDEPBACKSLASH='\'
AMDEP_FALSE='#'
AMDEP_TRUE=''
AMTAR='$${TAR-tar}'
AR='ar'
AUTOCONF='${SHELL} /home/denis/Downloads/wso2/src/cpp/wsf_c/rampartc/missing --run autoconf'
AUTOHEADER='${SHELL} /home/denis/Downloads/wso2/src/cpp/wsf_c/rampartc/missing --run autoheader'
AUTOMAKE='${SHELL} /home/denis/Downloads/wso2/src/cpp/wsf_c/rampartc/missing --run automake-1.11'
AWK='gawk'
AXIOMINC='-I/home/denis/Downloads/wso2/src/cpp/wsf_c/rampartc/../axis2c/axiom/include'
AXIS2INC='-I/usr/include/axis2-1.6.0'
CC='gcc'
CCDEPMODE='depmode=gcc3'
CFLAGS='-g -O2 -D_LARGEFILE64_SOURCE -ansi -Wall  -Wno-implicit-function-declaration'
CPP='gcc -E'
CPPFLAGS=''
CXX='g++'
CXXCPP='g++ -E'
CXXDEPMODE='depmode=gcc3'
CXXFLAGS='-g -O2'
CYGPATH_W='echo'
DEFS='-DHAVE_CONFIG_H'
DEPDIR='.deps'
DLLTOOL='false'
DSYMUTIL=''
DUMPBIN=''
ECHO_C=''
ECHO_N='-n'
ECHO_T=''
EGREP='/bin/grep -E'
EXEEXT=''
FGREP='/bin/grep -F'
GREP='/bin/grep'
INSTALL_DATA='${INSTALL} -m 644'
INSTALL_PROGRAM='${INSTALL}'
INSTALL_SCRIPT='${INSTALL}'
INSTALL_STRIP_PROGRAM='$(install_sh) -c -s'
LD='/usr/bin/ld -m elf_x86_64'
LDFLAGS=' -lpthread'
LIBOBJS=''
LIBS='-ldl '
LIBTOOL='$(SHELL) $(top_builddir)/libtool'
LIPO=''
LN_S='ln -s'
LTLIBOBJS=''
MAKEINFO='${SHELL} /home/denis/Downloads/wso2/src/cpp/wsf_c/rampartc/missing --run makeinfo'
MANIFEST_TOOL=':'
MKDIR_P='/bin/mkdir -p'
NEETHIINC='-I/home/denis/Downloads/wso2/src/cpp/wsf_c/rampartc/../axis2c/neethi/include'
NM='/usr/bin/nm -B'
NMEDIT=''
OBJDUMP='objdump'
OBJEXT='o'
OPENSSLINC=''
OPENSSLLIB=''
OTOOL64=''
OTOOL=''
PACKAGE='rampartc-src'
PACKAGE_BUGREPORT=''
PACKAGE_NAME='rampartc-src'
PACKAGE_STRING='rampartc-src 1.3.0'
PACKAGE_TARNAME='rampartc-src'
PACKAGE_URL=''
PACKAGE_VERSION='1.3.0'
PATH_SEPARATOR=':'
RANLIB='ranlib'
SED='/bin/sed'
SET_MAKE=''
SHELL='/bin/bash'
STRIP='strip'
UTILINC='-I/home/denis/Downloads/wso2/src/cpp/wsf_c/rampartc/../axis2c/util/include'
VERSION='1.3.0'
VERSION_NO='3:0:3'
XMLSCHEMAINC=''
abs_top_builddir='/home/denis/Downloads/wso2/src/cpp/wsf_c/rampartc'
ac_ct_AR='ar'
ac_ct_CC='gcc'
ac_ct_CXX='g++'
ac_ct_DUMPBIN=''
am__EXEEXT_FALSE=''
am__EXEEXT_TRUE='#'
am__fastdepCC_FALSE='#'
am__fastdepCC_TRUE=''
am__fastdepCXX_FALSE='#'
am__fastdepCXX_TRUE=''
am__include='include'
am__isrc=''
am__leading_dot='.'
am__nodep='_no'
am__quote=''
am__tar='tar --format=ustar -chf - "$$tardir"'
am__untar='tar -xf -'
bindir='${exec_prefix}/bin'
build='x86_64-unknown-linux-gnu'
build_alias=''
build_cpu='x86_64'
build_os='linux-gnu'
build_vendor='unknown'
datadir='${datarootdir}'
datarootdir='${prefix}/share'
docdir='${datarootdir}/doc/${PACKAGE_TARNAME}'
dvidir='${docdir}'
exec_prefix='${prefix}'
host='x86_64-unknown-linux-gnu'
host_alias=''
host_cpu='x86_64'
host_os='linux-gnu'
host_vendor='unknown'
htmldir='${docdir}'
includedir='${prefix}/include'
infodir='${datarootdir}/info'
install_sh='${SHELL} /home/denis/Downloads/wso2/src/cpp/wsf_c/rampartc/install-sh'
libdir='${exec_prefix}/lib'
libexecdir='${exec_prefix}/libexec'
localedir='${datarootdir}/locale'
localstatedir='${prefix}/var'
mandir='${datarootdir}/man'
mkdir_p='/bin/mkdir -p'
oldincludedir='/usr/include'
pdfdir='${docdir}'
prefix='/usr/local'
program_transform_name='s,x,x,'
psdir='${docdir}'
sbindir='${exec_prefix}/sbin'
sharedstatedir='${prefix}/com'
sysconfdir='${prefix}/etc'
target='x86_64-unknown-linux-gnu'
target_alias=''
target_cpu='x86_64'
target_os='linux-gnu'
target_vendor='unknown'

## ----------- ##
## confdefs.h. ##
## ----------- ##

/* confdefs.h */
#define PACKAGE_NAME "rampartc-src"
#define PACKAGE_TARNAME "rampartc-src"
#define PACKAGE_VERSION "1.3.0"
#define PACKAGE_STRING "rampartc-src 1.3.0"
#define PACKAGE_BUGREPORT ""
#define PACKAGE_URL ""
#define PACKAGE "rampartc-src"
#define VERSION "1.3.0"
#define STDC_HEADERS 1
#define HAVE_SYS_TYPES_H 1
#define HAVE_SYS_STAT_H 1
#define HAVE_STDLIB_H 1
#define HAVE_STRING_H 1
#define HAVE_MEMORY_H 1
#define HAVE_STRINGS_H 1
#define HAVE_INTTYPES_H 1
#define HAVE_STDINT_H 1
#define HAVE_UNISTD_H 1
#define HAVE_DLFCN_H 1
#define LT_OBJDIR ".libs/"
#define HAVE_ISO_VARARGS 1
#define HAVE_GNUC_VARARGS 1
#define HAVE_LIBDL 1
#define STDC_HEADERS 1
#define HAVE_STDIO_H 1
#define HAVE_STDLIB_H 1
#define HAVE_STRING_H 1

configure: exit 0

## ---------------------- ##
## Running config.status. ##
## ---------------------- ##

This file was extended by rampartc-src config.status 1.3.0, which was
generated by GNU Autoconf 2.68.  Invocation command line was

  CONFIG_FILES    = 
  CONFIG_HEADERS  = 
  CONFIG_LINKS    = 
  CONFIG_COMMANDS = 
  $ ./config.status config.h

on denisnovikov

config.status:1183: creating config.h
config.status:1364: config.h is unchanged
