This file contains any messages produced by compilers while
running configure, to aid debugging if configure makes a mistake.

It was created by wso2-wsf-c-src configure 2.0.0, which was
generated by GNU Autoconf 2.68.  Invocation command line was

  $ ./configure --disable-option-checking --prefix=/usr/local --with-axis2=/usr/include/axis2-1.6.0 --with-apache2=/usr/include/apache2 --with-apr=/usr/include/apr-1.0 --enable-libxml2 --disable-wsclient --cache-file=/dev/null --srcdir=.

## --------- ##
## Platform. ##
## --------- ##

hostname = denisnovikov
uname -m = x86_64
uname -r = 3.2.0-25-generic
uname -s = Linux
uname -v = #40-Ubuntu SMP Wed May 23 20:30:51 UTC 2012

/usr/bin/uname -p = unknown
/bin/uname -X     = unknown

/bin/arch              = unknown
/usr/bin/arch -k       = unknown
/usr/convex/getsysinfo = unknown
/usr/bin/hostinfo      = unknown
/bin/machine           = unknown
/usr/bin/oslevel       = unknown
/bin/universe          = unknown

PATH: /home/denis/bin
PATH: /usr/local/sbin
PATH: /usr/local/bin
PATH: /usr/sbin
PATH: /usr/bin
PATH: /sbin
PATH: /bin
PATH: /usr/games


## ----------- ##
## Core tests. ##
## ----------- ##

configure:2419: checking build system type
configure:2433: result: x86_64-unknown-linux-gnu
configure:2453: checking host system type
configure:2466: result: x86_64-unknown-linux-gnu
configure:2486: checking target system type
configure:2499: result: x86_64-unknown-linux-gnu
configure:2544: checking for a BSD-compatible install
configure:2612: result: /usr/bin/install -c
configure:2623: checking whether build environment is sane
configure:2673: result: yes
configure:2814: checking for a thread-safe mkdir -p
configure:2853: result: /bin/mkdir -p
configure:2866: checking for gawk
configure:2882: found /usr/bin/gawk
configure:2893: result: gawk
configure:2904: checking whether make sets $(MAKE)
configure:2926: result: yes
configure:3001: checking how to create a ustar tar archive
configure:3014: tar --version
tar (GNU tar) 1.26
Copyright (C) 2011 Free Software Foundation, Inc.
License GPLv3+: GNU GPL version 3 or later <http://gnu.org/licenses/gpl.html>.
This is free software: you are free to change and redistribute it.
There is NO WARRANTY, to the extent permitted by law.

Written by John Gilmore and Jay Fenlason.
configure:3017: $? = 0
configure:3057: tardir=conftest.dir && eval tar --format=ustar -chf - "$tardir" >conftest.tar
configure:3060: $? = 0
configure:3064: tar -xf - <conftest.tar
configure:3067: $? = 0
configure:3080: result: gnutar
configure:3137: checking for gcc
configure:3153: found /usr/bin/gcc
configure:3164: result: gcc
configure:3393: checking for C compiler version
configure:3402: gcc --version >&5
gcc (Ubuntu/Linaro 4.6.3-1ubuntu5) 4.6.3
Copyright (C) 2011 Free Software Foundation, Inc.
This is free software; see the source for copying conditions.  There is NO
warranty; not even for MERCHANTABILITY or FITNESS FOR A PARTICULAR PURPOSE.

configure:3413: $? = 0
configure:3402: gcc -v >&5
Using built-in specs.
COLLECT_GCC=gcc
COLLECT_LTO_WRAPPER=/usr/lib/gcc/x86_64-linux-gnu/4.6/lto-wrapper
Target: x86_64-linux-gnu
Configured with: ../src/configure -v --with-pkgversion='Ubuntu/Linaro 4.6.3-1ubuntu5' --with-bugurl=file:///usr/share/doc/gcc-4.6/README.Bugs --enable-languages=c,c++,fortran,objc,obj-c++ --prefix=/usr --program-suffix=-4.6 --enable-shared --enable-linker-build-id --with-system-zlib --libexecdir=/usr/lib --without-included-gettext --enable-threads=posix --with-gxx-include-dir=/usr/include/c++/4.6 --libdir=/usr/lib --enable-nls --with-sysroot=/ --enable-clocale=gnu --enable-libstdcxx-debug --enable-libstdcxx-time=yes --enable-gnu-unique-object --enable-plugin --enable-objc-gc --disable-werror --with-arch-32=i686 --with-tune=generic --enable-checking=release --build=x86_64-linux-gnu --host=x86_64-linux-gnu --target=x86_64-linux-gnu
Thread model: posix
gcc version 4.6.3 (Ubuntu/Linaro 4.6.3-1ubuntu5) 
configure:3413: $? = 0
configure:3402: gcc -V >&5
gcc: error: unrecognized option '-V'
gcc: fatal error: no input files
compilation terminated.
configure:3413: $? = 4
configure:3402: gcc -qversion >&5
gcc: error: unrecognized option '-qversion'
gcc: fatal error: no input files
compilation terminated.
configure:3413: $? = 4
configure:3433: checking whether the C compiler works
configure:3455: gcc    conftest.c  >&5
configure:3459: $? = 0
configure:3507: result: yes
configure:3510: checking for C compiler default output file name
configure:3512: result: a.out
configure:3518: checking for suffix of executables
configure:3525: gcc -o conftest    conftest.c  >&5
configure:3529: $? = 0
configure:3551: result: 
configure:3573: checking whether we are cross compiling
configure:3581: gcc -o conftest    conftest.c  >&5
configure:3585: $? = 0
configure:3592: ./conftest
configure:3596: $? = 0
configure:3611: result: no
configure:3616: checking for suffix of object files
configure:3638: gcc -c   conftest.c >&5
configure:3642: $? = 0
configure:3663: result: o
configure:3667: checking whether we are using the GNU C compiler
configure:3686: gcc -c   conftest.c >&5
configure:3686: $? = 0
configure:3695: result: yes
configure:3704: checking whether gcc accepts -g
configure:3724: gcc -c -g  conftest.c >&5
configure:3724: $? = 0
configure:3765: result: yes
configure:3782: checking for gcc option to accept ISO C89
configure:3846: gcc  -c -g -O2  conftest.c >&5
configure:3846: $? = 0
configure:3859: result: none needed
configure:3890: checking for style of include used by make
configure:3918: result: GNU
configure:3944: checking dependency style of gcc
configure:4055: result: gcc3
configure:4128: checking for g++
configure:4144: found /usr/bin/g++
configure:4155: result: g++
configure:4182: checking for C++ compiler version
configure:4191: g++ --version >&5
g++ (Ubuntu/Linaro 4.6.3-1ubuntu5) 4.6.3
Copyright (C) 2011 Free Software Foundation, Inc.
This is free software; see the source for copying conditions.  There is NO
warranty; not even for MERCHANTABILITY or FITNESS FOR A PARTICULAR PURPOSE.

configure:4202: $? = 0
configure:4191: g++ -v >&5
Using built-in specs.
COLLECT_GCC=g++
COLLECT_LTO_WRAPPER=/usr/lib/gcc/x86_64-linux-gnu/4.6/lto-wrapper
Target: x86_64-linux-gnu
Configured with: ../src/configure -v --with-pkgversion='Ubuntu/Linaro 4.6.3-1ubuntu5' --with-bugurl=file:///usr/share/doc/gcc-4.6/README.Bugs --enable-languages=c,c++,fortran,objc,obj-c++ --prefix=/usr --program-suffix=-4.6 --enable-shared --enable-linker-build-id --with-system-zlib --libexecdir=/usr/lib --without-included-gettext --enable-threads=posix --with-gxx-include-dir=/usr/include/c++/4.6 --libdir=/usr/lib --enable-nls --with-sysroot=/ --enable-clocale=gnu --enable-libstdcxx-debug --enable-libstdcxx-time=yes --enable-gnu-unique-object --enable-plugin --enable-objc-gc --disable-werror --with-arch-32=i686 --with-tune=generic --enable-checking=release --build=x86_64-linux-gnu --host=x86_64-linux-gnu --target=x86_64-linux-gnu
Thread model: posix
gcc version 4.6.3 (Ubuntu/Linaro 4.6.3-1ubuntu5) 
configure:4202: $? = 0
configure:4191: g++ -V >&5
g++: error: unrecognized option '-V'
g++: fatal error: no input files
compilation terminated.
configure:4202: $? = 4
configure:4191: g++ -qversion >&5
g++: error: unrecognized option '-qversion'
g++: fatal error: no input files
compilation terminated.
configure:4202: $? = 4
configure:4206: checking whether we are using the GNU C++ compiler
configure:4225: g++ -c   conftest.cpp >&5
configure:4225: $? = 0
configure:4234: result: yes
configure:4243: checking whether g++ accepts -g
configure:4263: g++ -c -g  conftest.cpp >&5
configure:4263: $? = 0
configure:4304: result: yes
configure:4329: checking dependency style of g++
configure:4440: result: gcc3
configure:4460: checking how to run the C preprocessor
configure:4491: gcc -E  conftest.c
configure:4491: $? = 0
configure:4505: gcc -E  conftest.c
conftest.c:11:28: fatal error: ac_nonexistent.h: No such file or directory
compilation terminated.
configure:4505: $? = 1
configure: failed program was:
| /* confdefs.h */
| #define PACKAGE_NAME "wso2-wsf-c-src"
| #define PACKAGE_TARNAME "wso2-wsf-c-src"
| #define PACKAGE_VERSION "2.0.0"
| #define PACKAGE_STRING "wso2-wsf-c-src 2.0.0"
| #define PACKAGE_BUGREPORT ""
| #define PACKAGE_URL ""
| #define PACKAGE "wso2-wsf-c-src"
| #define VERSION "2.0.0"
| /* end confdefs.h.  */
| #include <ac_nonexistent.h>
configure:4530: result: gcc -E
configure:4550: gcc -E  conftest.c
configure:4550: $? = 0
configure:4564: gcc -E  conftest.c
conftest.c:11:28: fatal error: ac_nonexistent.h: No such file or directory
compilation terminated.
configure:4564: $? = 1
configure: failed program was:
| /* confdefs.h */
| #define PACKAGE_NAME "wso2-wsf-c-src"
| #define PACKAGE_TARNAME "wso2-wsf-c-src"
| #define PACKAGE_VERSION "2.0.0"
| #define PACKAGE_STRING "wso2-wsf-c-src 2.0.0"
| #define PACKAGE_BUGREPORT ""
| #define PACKAGE_URL ""
| #define PACKAGE "wso2-wsf-c-src"
| #define VERSION "2.0.0"
| /* end confdefs.h.  */
| #include <ac_nonexistent.h>
configure:4638: checking how to print strings
configure:4665: result: printf
configure:4686: checking for a sed that does not truncate output
configure:4750: result: /bin/sed
configure:4768: checking for grep that handles long lines and -e
configure:4826: result: /bin/grep
configure:4831: checking for egrep
configure:4893: result: /bin/grep -E
configure:4898: checking for fgrep
configure:4960: result: /bin/grep -F
configure:4995: checking for ld used by gcc
configure:5062: result: /usr/bin/ld
configure:5069: checking if the linker (/usr/bin/ld) is GNU ld
configure:5084: result: yes
configure:5096: checking for BSD- or MS-compatible name lister (nm)
configure:5145: result: /usr/bin/nm -B
configure:5275: checking the name lister (/usr/bin/nm -B) interface
configure:5282: gcc -c -g -O2  conftest.c >&5
configure:5285: /usr/bin/nm -B "conftest.o"
configure:5288: output
0000000000000000 B some_variable
configure:5295: result: BSD nm
configure:5298: checking whether ln -s works
configure:5302: result: yes
configure:5310: checking the maximum length of command line arguments
configure:5440: result: 1572864
configure:5457: checking whether the shell understands some XSI constructs
configure:5467: result: yes
configure:5471: checking whether the shell understands "+="
configure:5477: result: yes
configure:5512: checking how to convert x86_64-unknown-linux-gnu file names to x86_64-unknown-linux-gnu format
configure:5552: result: func_convert_file_noop
configure:5559: checking how to convert x86_64-unknown-linux-gnu file names to toolchain format
configure:5579: result: func_convert_file_noop
configure:5586: checking for /usr/bin/ld option to reload object files
configure:5593: result: -r
configure:5667: checking for objdump
configure:5683: found /usr/bin/objdump
configure:5694: result: objdump
configure:5726: checking how to recognize dependent libraries
configure:5928: result: pass_all
configure:6013: checking for dlltool
configure:6043: result: no
configure:6073: checking how to associate runtime and link libraries
configure:6100: result: printf %s\n
configure:6161: checking for ar
configure:6177: found /usr/bin/ar
configure:6188: result: ar
configure:6225: checking for archiver @FILE support
configure:6242: gcc -c -g -O2  conftest.c >&5
configure:6242: $? = 0
configure:6245: ar cru libconftest.a @conftest.lst >&5
configure:6248: $? = 0
configure:6253: ar cru libconftest.a @conftest.lst >&5
ar: conftest.o: No such file or directory
configure:6256: $? = 1
configure:6268: result: @
configure:6326: checking for strip
configure:6342: found /usr/bin/strip
configure:6353: result: strip
configure:6425: checking for ranlib
configure:6441: found /usr/bin/ranlib
configure:6452: result: ranlib
configure:6554: checking command to parse /usr/bin/nm -B output from gcc object
configure:6674: gcc -c -g -O2  conftest.c >&5
configure:6677: $? = 0
configure:6681: /usr/bin/nm -B conftest.o \| sed -n -e 's/^.*[ ]\([ABCDGIRSTW][ABCDGIRSTW]*\)[ ][ ]*\([_A-Za-z][_A-Za-z0-9]*\)$/\1 \2 \2/p' | sed '/ __gnu_lto/d' \> conftest.nm
configure:6684: $? = 0
configure:6750: gcc -o conftest -g -O2   conftest.c conftstm.o >&5
configure:6753: $? = 0
configure:6791: result: ok
configure:6828: checking for sysroot
configure:6858: result: no
configure:6935: gcc -c -g -O2  conftest.c >&5
configure:6938: $? = 0
configure:7114: checking for mt
configure:7130: found /bin/mt
configure:7141: result: mt
configure:7164: checking if mt is a manifest tool
configure:7170: mt '-?'
configure:7178: result: no
configure:7816: checking for ANSI C header files
configure:7836: gcc -c -g -O2  conftest.c >&5
configure:7836: $? = 0
configure:7909: gcc -o conftest -g -O2   conftest.c  >&5
configure:7909: $? = 0
configure:7909: ./conftest
configure:7909: $? = 0
configure:7920: result: yes
configure:7933: checking for sys/types.h
configure:7933: gcc -c -g -O2  conftest.c >&5
configure:7933: $? = 0
configure:7933: result: yes
configure:7933: checking for sys/stat.h
configure:7933: gcc -c -g -O2  conftest.c >&5
configure:7933: $? = 0
configure:7933: result: yes
configure:7933: checking for stdlib.h
configure:7933: gcc -c -g -O2  conftest.c >&5
configure:7933: $? = 0
configure:7933: result: yes
configure:7933: checking for string.h
configure:7933: gcc -c -g -O2  conftest.c >&5
configure:7933: $? = 0
configure:7933: result: yes
configure:7933: checking for memory.h
configure:7933: gcc -c -g -O2  conftest.c >&5
configure:7933: $? = 0
configure:7933: result: yes
configure:7933: checking for strings.h
configure:7933: gcc -c -g -O2  conftest.c >&5
configure:7933: $? = 0
configure:7933: result: yes
configure:7933: checking for inttypes.h
configure:7933: gcc -c -g -O2  conftest.c >&5
configure:7933: $? = 0
configure:7933: result: yes
configure:7933: checking for stdint.h
configure:7933: gcc -c -g -O2  conftest.c >&5
configure:7933: $? = 0
configure:7933: result: yes
configure:7933: checking for unistd.h
configure:7933: gcc -c -g -O2  conftest.c >&5
configure:7933: $? = 0
configure:7933: result: yes
configure:7947: checking for dlfcn.h
configure:7947: gcc -c -g -O2  conftest.c >&5
configure:7947: $? = 0
configure:7947: result: yes
configure:8164: checking for objdir
configure:8179: result: .libs
configure:8446: checking if gcc supports -fno-rtti -fno-exceptions
configure:8464: gcc -c -g -O2  -fno-rtti -fno-exceptions conftest.c >&5
cc1: warning: command line option '-fno-rtti' is valid for C++/ObjC++ but not for C [enabled by default]
configure:8468: $? = 0
configure:8481: result: no
configure:8808: checking for gcc option to produce PIC
configure:8815: result: -fPIC -DPIC
configure:8823: checking if gcc PIC flag -fPIC -DPIC works
configure:8841: gcc -c -g -O2  -fPIC -DPIC -DPIC conftest.c >&5
configure:8845: $? = 0
configure:8858: result: yes
configure:8887: checking if gcc static flag -static works
configure:8915: result: yes
configure:8930: checking if gcc supports -c -o file.o
configure:8951: gcc -c -g -O2  -o out/conftest2.o conftest.c >&5
configure:8955: $? = 0
configure:8977: result: yes
configure:8985: checking if gcc supports -c -o file.o
configure:9032: result: yes
configure:9065: checking whether the gcc linker (/usr/bin/ld -m elf_x86_64) supports shared libraries
configure:10222: result: yes
configure:10259: checking whether -lc should be explicitly linked in
configure:10267: gcc -c -g -O2  conftest.c >&5
configure:10270: $? = 0
configure:10285: gcc -shared  -fPIC -DPIC conftest.o  -v -Wl,-soname -Wl,conftest -o conftest 2\>\&1 \| /bin/grep  -lc  \>/dev/null 2\>\&1
configure:10288: $? = 0
configure:10302: result: no
configure:10462: checking dynamic linker characteristics
configure:10973: gcc -o conftest -g -O2   -Wl,-rpath -Wl,/foo conftest.c  >&5
configure:10973: $? = 0
configure:11207: result: GNU/Linux ld.so
configure:11314: checking how to hardcode library paths into programs
configure:11339: result: immediate
configure:11879: checking whether stripping libraries is possible
configure:11884: result: yes
configure:11919: checking if libtool supports shared libraries
configure:11921: result: yes
configure:11924: checking whether to build shared libraries
configure:11945: result: yes
configure:11948: checking whether to build static libraries
configure:11952: result: yes
configure:11975: checking how to run the C++ preprocessor
configure:12002: g++ -E  conftest.cpp
configure:12002: $? = 0
configure:12016: g++ -E  conftest.cpp
conftest.cpp:23:28: fatal error: ac_nonexistent.h: No such file or directory
compilation terminated.
configure:12016: $? = 1
configure: failed program was:
| /* confdefs.h */
| #define PACKAGE_NAME "wso2-wsf-c-src"
| #define PACKAGE_TARNAME "wso2-wsf-c-src"
| #define PACKAGE_VERSION "2.0.0"
| #define PACKAGE_STRING "wso2-wsf-c-src 2.0.0"
| #define PACKAGE_BUGREPORT ""
| #define PACKAGE_URL ""
| #define PACKAGE "wso2-wsf-c-src"
| #define VERSION "2.0.0"
| #define STDC_HEADERS 1
| #define HAVE_SYS_TYPES_H 1
| #define HAVE_SYS_STAT_H 1
| #define HAVE_STDLIB_H 1
| #define HAVE_STRING_H 1
| #define HAVE_MEMORY_H 1
| #define HAVE_STRINGS_H 1
| #define HAVE_INTTYPES_H 1
| #define HAVE_STDINT_H 1
| #define HAVE_UNISTD_H 1
| #define HAVE_DLFCN_H 1
| #define LT_OBJDIR ".libs/"
| /* end confdefs.h.  */
| #include <ac_nonexistent.h>
configure:12041: result: g++ -E
configure:12061: g++ -E  conftest.cpp
configure:12061: $? = 0
configure:12075: g++ -E  conftest.cpp
conftest.cpp:23:28: fatal error: ac_nonexistent.h: No such file or directory
compilation terminated.
configure:12075: $? = 1
configure: failed program was:
| /* confdefs.h */
| #define PACKAGE_NAME "wso2-wsf-c-src"
| #define PACKAGE_TARNAME "wso2-wsf-c-src"
| #define PACKAGE_VERSION "2.0.0"
| #define PACKAGE_STRING "wso2-wsf-c-src 2.0.0"
| #define PACKAGE_BUGREPORT ""
| #define PACKAGE_URL ""
| #define PACKAGE "wso2-wsf-c-src"
| #define VERSION "2.0.0"
| #define STDC_HEADERS 1
| #define HAVE_SYS_TYPES_H 1
| #define HAVE_SYS_STAT_H 1
| #define HAVE_STDLIB_H 1
| #define HAVE_STRING_H 1
| #define HAVE_MEMORY_H 1
| #define HAVE_STRINGS_H 1
| #define HAVE_INTTYPES_H 1
| #define HAVE_STDINT_H 1
| #define HAVE_UNISTD_H 1
| #define HAVE_DLFCN_H 1
| #define LT_OBJDIR ".libs/"
| /* end confdefs.h.  */
| #include <ac_nonexistent.h>
configure:12244: checking for ld used by g++
configure:12311: result: /usr/bin/ld -m elf_x86_64
configure:12318: checking if the linker (/usr/bin/ld -m elf_x86_64) is GNU ld
configure:12333: result: yes
configure:12388: checking whether the g++ linker (/usr/bin/ld -m elf_x86_64) supports shared libraries
configure:13393: result: yes
configure:13429: g++ -c -g -O2  conftest.cpp >&5
configure:13432: $? = 0
configure:13952: checking for g++ option to produce PIC
configure:13959: result: -fPIC -DPIC
configure:13967: checking if g++ PIC flag -fPIC -DPIC works
configure:13985: g++ -c -g -O2  -fPIC -DPIC -DPIC conftest.cpp >&5
configure:13989: $? = 0
configure:14002: result: yes
configure:14025: checking if g++ static flag -static works
configure:14053: result: yes
configure:14065: checking if g++ supports -c -o file.o
configure:14086: g++ -c -g -O2  -o out/conftest2.o conftest.cpp >&5
configure:14090: $? = 0
configure:14112: result: yes
configure:14117: checking if g++ supports -c -o file.o
configure:14164: result: yes
configure:14194: checking whether the g++ linker (/usr/bin/ld -m elf_x86_64) supports shared libraries
configure:14233: result: yes
configure:14374: checking dynamic linker characteristics
configure:15053: result: GNU/Linux ld.so
configure:15106: checking how to hardcode library paths into programs
configure:15131: result: immediate
configure:15193: checking whether ln -s works
configure:15197: result: yes
configure:15204: checking whether make sets $(MAKE)
configure:15226: result: yes
configure:15236: checking for dlopen in -ldl
configure:15261: gcc -o conftest -g -O2   conftest.c -ldl   >&5
configure:15261: $? = 0
configure:15270: result: yes
configure:15281: checking for inflate in -lz
configure:15306: gcc -o conftest -g -O2   conftest.c -lz  -ldl  >&5
configure:15306: $? = 0
configure:15315: result: yes
configure:15347: checking whether to use apache2 as server transport
configure:15359: result: yes
configure:15378: checking path to use sqlite storage .
configure:15405: result: yes
configure:15415: checking whether to use openssl
configure:15434: result: no
configure:15441: checking whether to use xmpp as a transport
configure:15470: result: no
configure:15476: checking whether to build udp transport
configure:15493: result: no
configure:15499: checking whether to use libcurl
configure:15518: result: no
configure:15525: checking whether to build rampart
configure:15545: result: yes
configure:15558: checking whether to build wsclient
configure:15564: result: no
configure:15588: checking whether to build sandesha
configure:15606: result: yes
configure:15619: checking whether to build savan
configure:15637: result: yes
configure:15650: checking whether to build guththila xml parser library
configure:15674: result: yes
configure:15681: checking whether to build libxml2 xml parser library
configure:15737: checking for pkg-config
configure:15755: found /usr/bin/pkg-config
configure:15767: result: /usr/bin/pkg-config
configure:15792: checking pkg-config is at least version 0.9.0
configure:15795: result: yes
configure:15812: result: yes
configure:15817: checking for PARSER
configure:15824: $PKG_CONFIG --exists --print-errors "libxml-2.0"
configure:15827: $? = 0
configure:15841: $PKG_CONFIG --exists --print-errors "libxml-2.0"
configure:15844: $? = 0
configure:15902: result: yes
configure:15917: checking whether to build heimdal ntlm wrapper library
configure:15942: result: no
configure:15948: checking whether to build libntlm ntlm wrapper library
configure:15972: result: no
configure:15979: checking path to use openssl . This is a compulsory to build Rampart-C
configure:16008: result: no
configure:16025: checking for ANSI C header files
configure:16129: result: yes
configure:16140: checking stdio.h usability
configure:16140: gcc -c -g -O2 -D_LARGEFILE64_SOURCE -ansi -Wall -Wno-implicit-function-declaration -Wall -D_GNU_SOURCE -I/usr/include/libxml2    conftest.c >&5
configure:16140: $? = 0
configure:16140: result: yes
configure:16140: checking stdio.h presence
configure:16140: gcc -E  conftest.c
configure:16140: $? = 0
configure:16140: result: yes
configure:16140: checking for stdio.h
configure:16140: result: yes
configure:16140: checking for stdlib.h
configure:16140: result: yes
configure:16140: checking for string.h
configure:16140: result: yes
configure:16152: checking for linux/if.h
configure:16152: gcc -c -g -O2 -D_LARGEFILE64_SOURCE -ansi -Wall -Wno-implicit-function-declaration -Wall -D_GNU_SOURCE -I/usr/include/libxml2    conftest.c >&5
configure:16152: $? = 0
configure:16152: result: yes
configure:16307: creating ./config.status

## ---------------------- ##
## Running config.status. ##
## ---------------------- ##

This file was extended by wso2-wsf-c-src config.status 2.0.0, which was
generated by GNU Autoconf 2.68.  Invocation command line was

  CONFIG_FILES    = 
  CONFIG_HEADERS  = 
  CONFIG_LINKS    = 
  CONFIG_COMMANDS = 
  $ ./config.status 

on denisnovikov

config.status:1178: creating Makefile
config.status:1178: creating config.h
config.status:1359: config.h is unchanged
config.status:1407: executing depfiles commands
config.status:1407: executing libtool commands
configure:18876: === configuring in axis2c (/home/denis/Downloads/wso2/src/cpp/wsf_c/axis2c)
configure:18939: running /bin/bash ./configure --disable-option-checking '--prefix=/usr/local'  '--with-axis2=/usr/include/axis2-1.6.0' '--with-apache2=/usr/include/apache2' '--with-apr=/usr/include/apr-1.0' '--enable-libxml2' '--disable-wsclient' --cache-file=/dev/null --srcdir=.
configure:18876: === configuring in axis2c/tools/tcpmon (/home/denis/Downloads/wso2/src/cpp/wsf_c/axis2c/tools/tcpmon)
configure:18939: running /bin/bash ./configure --disable-option-checking '--prefix=/usr/local'  '--with-axis2=/usr/include/axis2-1.6.0' '--with-apache2=/usr/include/apache2' '--with-apr=/usr/include/apr-1.0' '--enable-libxml2' '--disable-wsclient' --cache-file=/dev/null --srcdir=.
configure:18876: === configuring in rampartc (/home/denis/Downloads/wso2/src/cpp/wsf_c/rampartc)
configure:18939: running /bin/bash ./configure --disable-option-checking '--prefix=/usr/local'  '--with-axis2=/usr/include/axis2-1.6.0' '--with-apache2=/usr/include/apache2' '--with-apr=/usr/include/apr-1.0' '--enable-libxml2' '--disable-wsclient' --cache-file=/dev/null --srcdir=.
configure:18876: === configuring in sandesha2c (/home/denis/Downloads/wso2/src/cpp/wsf_c/sandesha2c)
configure:18939: running /bin/bash ./configure --disable-option-checking '--prefix=/usr/local'  '--with-axis2=/usr/include/axis2-1.6.0' '--with-apache2=/usr/include/apache2' '--with-apr=/usr/include/apr-1.0' '--enable-libxml2' '--disable-wsclient' --cache-file=/dev/null --srcdir=.
configure:18876: === configuring in savanc (/home/denis/Downloads/wso2/src/cpp/wsf_c/savanc)
configure:18939: running /bin/bash ./configure --disable-option-checking '--prefix=/usr/local'  '--with-axis2=/usr/include/axis2-1.6.0' '--with-apache2=/usr/include/apache2' '--with-apr=/usr/include/apr-1.0' '--enable-libxml2' '--disable-wsclient' --cache-file=/dev/null --srcdir=.

## ---------------- ##
## Cache variables. ##
## ---------------- ##

ac_cv_build=x86_64-unknown-linux-gnu
ac_cv_c_compiler_gnu=yes
ac_cv_cxx_compiler_gnu=yes
ac_cv_env_CCC_set=
ac_cv_env_CCC_value=
ac_cv_env_CC_set=
ac_cv_env_CC_value=
ac_cv_env_CFLAGS_set=
ac_cv_env_CFLAGS_value=
ac_cv_env_CPPFLAGS_set=
ac_cv_env_CPPFLAGS_value=
ac_cv_env_CPP_set=
ac_cv_env_CPP_value=
ac_cv_env_CXXCPP_set=
ac_cv_env_CXXCPP_value=
ac_cv_env_CXXFLAGS_set=
ac_cv_env_CXXFLAGS_value=
ac_cv_env_CXX_set=
ac_cv_env_CXX_value=
ac_cv_env_LDFLAGS_set=
ac_cv_env_LDFLAGS_value=
ac_cv_env_LIBS_set=
ac_cv_env_LIBS_value=
ac_cv_env_PARSER_CFLAGS_set=
ac_cv_env_PARSER_CFLAGS_value=
ac_cv_env_PARSER_LIBS_set=
ac_cv_env_PARSER_LIBS_value=
ac_cv_env_PKG_CONFIG_LIBDIR_set=
ac_cv_env_PKG_CONFIG_LIBDIR_value=
ac_cv_env_PKG_CONFIG_PATH_set=
ac_cv_env_PKG_CONFIG_PATH_value=
ac_cv_env_PKG_CONFIG_set=
ac_cv_env_PKG_CONFIG_value=
ac_cv_env_build_alias_set=
ac_cv_env_build_alias_value=
ac_cv_env_host_alias_set=
ac_cv_env_host_alias_value=
ac_cv_env_target_alias_set=
ac_cv_env_target_alias_value=
ac_cv_header_dlfcn_h=yes
ac_cv_header_inttypes_h=yes
ac_cv_header_linux_if_h=yes
ac_cv_header_memory_h=yes
ac_cv_header_stdc=yes
ac_cv_header_stdint_h=yes
ac_cv_header_stdio_h=yes
ac_cv_header_stdlib_h=yes
ac_cv_header_string_h=yes
ac_cv_header_strings_h=yes
ac_cv_header_sys_stat_h=yes
ac_cv_header_sys_types_h=yes
ac_cv_header_unistd_h=yes
ac_cv_host=x86_64-unknown-linux-gnu
ac_cv_lib_dl_dlopen=yes
ac_cv_lib_z_inflate=yes
ac_cv_objext=o
ac_cv_path_EGREP='/bin/grep -E'
ac_cv_path_FGREP='/bin/grep -F'
ac_cv_path_GREP=/bin/grep
ac_cv_path_SED=/bin/sed
ac_cv_path_ac_pt_PKG_CONFIG=/usr/bin/pkg-config
ac_cv_path_install='/usr/bin/install -c'
ac_cv_path_mkdir=/bin/mkdir
ac_cv_prog_AWK=gawk
ac_cv_prog_CPP='gcc -E'
ac_cv_prog_CXXCPP='g++ -E'
ac_cv_prog_ac_ct_AR=ar
ac_cv_prog_ac_ct_CC=gcc
ac_cv_prog_ac_ct_CXX=g++
ac_cv_prog_ac_ct_MANIFEST_TOOL=mt
ac_cv_prog_ac_ct_OBJDUMP=objdump
ac_cv_prog_ac_ct_RANLIB=ranlib
ac_cv_prog_ac_ct_STRIP=strip
ac_cv_prog_cc_c89=
ac_cv_prog_cc_g=yes
ac_cv_prog_cxx_g=yes
ac_cv_prog_make_make_set=yes
ac_cv_target=x86_64-unknown-linux-gnu
am_cv_CC_dependencies_compiler_type=gcc3
am_cv_CXX_dependencies_compiler_type=gcc3
am_cv_prog_tar_ustar=gnutar
lt_cv_ar_at_file=@
lt_cv_archive_cmds_need_lc=no
lt_cv_deplibs_check_method=pass_all
lt_cv_file_magic_cmd='$MAGIC_CMD'
lt_cv_file_magic_test_file=
lt_cv_ld_reload_flag=-r
lt_cv_nm_interface='BSD nm'
lt_cv_objdir=.libs
lt_cv_path_LD=/usr/bin/ld
lt_cv_path_LDCXX='/usr/bin/ld -m elf_x86_64'
lt_cv_path_NM='/usr/bin/nm -B'
lt_cv_path_mainfest_tool=no
lt_cv_prog_compiler_c_o=yes
lt_cv_prog_compiler_c_o_CXX=yes
lt_cv_prog_compiler_pic='-fPIC -DPIC'
lt_cv_prog_compiler_pic_CXX='-fPIC -DPIC'
lt_cv_prog_compiler_pic_works=yes
lt_cv_prog_compiler_pic_works_CXX=yes
lt_cv_prog_compiler_rtti_exceptions=no
lt_cv_prog_compiler_static_works=yes
lt_cv_prog_compiler_static_works_CXX=yes
lt_cv_prog_gnu_ld=yes
lt_cv_prog_gnu_ldcxx=yes
lt_cv_sharedlib_from_linklib_cmd='printf %s\n'
lt_cv_shlibpath_overrides_runpath=no
lt_cv_sys_global_symbol_pipe='sed -n -e '\''s/^.*[	 ]\([ABCDGIRSTW][ABCDGIRSTW]*\)[	 ][	 ]*\([_A-Za-z][_A-Za-z0-9]*\)$/\1 \2 \2/p'\'' | sed '\''/ __gnu_lto/d'\'''
lt_cv_sys_global_symbol_to_c_name_address='sed -n -e '\''s/^: \([^ ]*\)[ ]*$/  {\"\1\", (void *) 0},/p'\'' -e '\''s/^[ABCDGIRSTW]* \([^ ]*\) \([^ ]*\)$/  {"\2", (void *) \&\2},/p'\'''
lt_cv_sys_global_symbol_to_c_name_address_lib_prefix='sed -n -e '\''s/^: \([^ ]*\)[ ]*$/  {\"\1\", (void *) 0},/p'\'' -e '\''s/^[ABCDGIRSTW]* \([^ ]*\) \(lib[^ ]*\)$/  {"\2", (void *) \&\2},/p'\'' -e '\''s/^[ABCDGIRSTW]* \([^ ]*\) \([^ ]*\)$/  {"lib\2", (void *) \&\2},/p'\'''
lt_cv_sys_global_symbol_to_cdecl='sed -n -e '\''s/^T .* \(.*\)$/extern int \1();/p'\'' -e '\''s/^[ABCDGIRSTW]* .* \(.*\)$/extern char \1;/p'\'''
lt_cv_sys_max_cmd_len=1572864
lt_cv_to_host_file_cmd=func_convert_file_noop
lt_cv_to_tool_file_cmd=func_convert_file_noop
pkg_cv_PARSER_CFLAGS='-I/usr/include/libxml2  '
pkg_cv_PARSER_LIBS='-lxml2  '

## ----------------- ##
## Output variables. ##
## ----------------- ##

ACLOCAL='${SHELL} /home/denis/Downloads/wso2/src/cpp/wsf_c/missing --run aclocal-1.11'
AMDEPBACKSLASH='\'
AMDEP_FALSE='#'
AMDEP_TRUE=''
AMTAR='$${TAR-tar}'
AR='ar'
AUTOCONF='${SHELL} /home/denis/Downloads/wso2/src/cpp/wsf_c/missing --run autoconf'
AUTOHEADER='${SHELL} /home/denis/Downloads/wso2/src/cpp/wsf_c/missing --run autoheader'
AUTOMAKE='${SHELL} /home/denis/Downloads/wso2/src/cpp/wsf_c/missing --run automake-1.11'
AWK='gawk'
CC='gcc'
CCDEPMODE='depmode=gcc3'
CFLAGS='-g -O2 -D_LARGEFILE64_SOURCE -ansi -Wall -Wno-implicit-function-declaration -Wall -D_GNU_SOURCE -I/usr/include/libxml2  '
CPP='gcc -E'
CPPFLAGS=''
CXX='g++'
CXXCPP='g++ -E'
CXXDEPMODE='depmode=gcc3'
CXXFLAGS='-g -O2'
CYGPATH_W='echo'
DEFS='-DHAVE_CONFIG_H'
DEPDIR='.deps'
DLLTOOL='false'
DSYMUTIL=''
DUMPBIN=''
ECHO_C=''
ECHO_N='-n'
ECHO_T=''
EGREP='/bin/grep -E'
EXEEXT=''
FGREP='/bin/grep -F'
GREP='/bin/grep'
IKSEMELINC=''
IKSEMELLIB=''
INSTALL_DATA='${INSTALL} -m 644'
INSTALL_PROGRAM='${INSTALL}'
INSTALL_SCRIPT='${INSTALL}'
INSTALL_STRIP_PROGRAM='$(install_sh) -c -s'
LD='/usr/bin/ld -m elf_x86_64'
LDFLAGS='-lpthread -lsqlite3 -lxml2  '
LIBOBJS=''
LIBS='-lz -ldl '
LIBTOOL='$(SHELL) $(top_builddir)/libtool'
LIPO=''
LN_S='ln -s'
LTLIBOBJS=''
MAKEINFO='${SHELL} /home/denis/Downloads/wso2/src/cpp/wsf_c/missing --run makeinfo'
MANIFEST_TOOL=':'
MKDIR_P='/bin/mkdir -p'
NM='/usr/bin/nm -B'
NMEDIT=''
OBJDUMP='objdump'
OBJEXT='o'
OMXMLSEC_LIBS=''
OPENSSLINC=''
OPENSSLLIB=''
OTOOL64=''
OTOOL=''
PACKAGE='wso2-wsf-c-src'
PACKAGE_BUGREPORT=''
PACKAGE_NAME='wso2-wsf-c-src'
PACKAGE_STRING='wso2-wsf-c-src 2.0.0'
PACKAGE_TARNAME='wso2-wsf-c-src'
PACKAGE_URL=''
PACKAGE_VERSION='2.0.0'
PARSER_CFLAGS='-I/usr/include/libxml2  '
PARSER_LIBS='-lxml2  '
PATH_SEPARATOR=':'
PKG_CONFIG='/usr/bin/pkg-config'
PKG_CONFIG_LIBDIR=''
PKG_CONFIG_PATH=''
RAMPART_DIR='rampartc'
RAMPART_LIBS=''
RANLIB='ranlib'
SANDESHA_DIR='sandesha2c'
SAVAN_DIR='savanc'
SED='/bin/sed'
SET_MAKE=''
SHELL='/bin/bash'
STRIP='strip'
VERSION='2.0.0'
WSCLIENT_DIR=''
ac_ct_AR='ar'
ac_ct_CC='gcc'
ac_ct_CXX='g++'
ac_ct_DUMPBIN=''
am__EXEEXT_FALSE=''
am__EXEEXT_TRUE='#'
am__fastdepCC_FALSE='#'
am__fastdepCC_TRUE=''
am__fastdepCXX_FALSE='#'
am__fastdepCXX_TRUE=''
am__include='include'
am__isrc=''
am__leading_dot='.'
am__nodep='_no'
am__quote=''
am__tar='tar --format=ustar -chf - "$$tardir"'
am__untar='tar -xf -'
bindir='${exec_prefix}/bin'
build='x86_64-unknown-linux-gnu'
build_alias=''
build_cpu='x86_64'
build_os='linux-gnu'
build_vendor='unknown'
datadir='${datarootdir}'
datarootdir='${prefix}/share'
docdir='${datarootdir}/doc/${PACKAGE_TARNAME}'
dvidir='${docdir}'
exec_prefix='${prefix}'
host='x86_64-unknown-linux-gnu'
host_alias=''
host_cpu='x86_64'
host_os='linux-gnu'
host_vendor='unknown'
htmldir='${docdir}'
includedir='${prefix}/include'
infodir='${datarootdir}/info'
install_sh='${SHELL} /home/denis/Downloads/wso2/src/cpp/wsf_c/install-sh'
libdir='${exec_prefix}/lib'
libexecdir='${exec_prefix}/libexec'
localedir='${datarootdir}/locale'
localstatedir='${prefix}/var'
mandir='${datarootdir}/man'
mkdir_p='/bin/mkdir -p'
oldincludedir='/usr/include'
pdfdir='${docdir}'
prefix='/usr/local'
program_transform_name='s,x,x,'
psdir='${docdir}'
sbindir='${exec_prefix}/sbin'
sharedstatedir='${prefix}/com'
subdirs=' axis2c axis2c/tools/tcpmon rampartc sandesha2c savanc'
sysconfdir='${prefix}/etc'
target='x86_64-unknown-linux-gnu'
target_alias=''
target_cpu='x86_64'
target_os='linux-gnu'
target_vendor='unknown'

## ----------- ##
## confdefs.h. ##
## ----------- ##

/* confdefs.h */
#define PACKAGE_NAME "wso2-wsf-c-src"
#define PACKAGE_TARNAME "wso2-wsf-c-src"
#define PACKAGE_VERSION "2.0.0"
#define PACKAGE_STRING "wso2-wsf-c-src 2.0.0"
#define PACKAGE_BUGREPORT ""
#define PACKAGE_URL ""
#define PACKAGE "wso2-wsf-c-src"
#define VERSION "2.0.0"
#define STDC_HEADERS 1
#define HAVE_SYS_TYPES_H 1
#define HAVE_SYS_STAT_H 1
#define HAVE_STDLIB_H 1
#define HAVE_STRING_H 1
#define HAVE_MEMORY_H 1
#define HAVE_STRINGS_H 1
#define HAVE_INTTYPES_H 1
#define HAVE_STDINT_H 1
#define HAVE_UNISTD_H 1
#define HAVE_DLFCN_H 1
#define LT_OBJDIR ".libs/"
#define HAVE_LIBDL 1
#define HAVE_LIBZ 1
#define STDC_HEADERS 1
#define HAVE_STDIO_H 1
#define HAVE_STDLIB_H 1
#define HAVE_STRING_H 1
#define HAVE_LINUX_IF_H 1

configure: exit 0
